a11ee7e4-afa7-433a-86ef-e23e1cc92d8b
[31mInitialization[0m
[94m--------------------------------------------------------------------------------------------------------------------------------------------------------------------------------------------------------------[0m
 Step |   Time |      Value |   four_hour_prob |   hour_prob |     kNN_k |        nx |        ny |   threshold |   w_accuracy |    w_hour |   w_month |   w_weekday |       w_x |    w_year |   weekday_prob | 
    1 | 16m06s | [35m   0.56951[0m | [32m          0.1000[0m | [32m     0.1000[0m | [32m  36.0000[0m | [32m  20.0000[0m | [32m  40.0000[0m | [32m     8.0000[0m | [32m     10.0000[0m | [32m   4.0000[0m | [32m   2.1000[0m | [32m     3.1000[0m | [32m 490.0000[0m | [32m  10.0000[0m | [32m        0.4000[0m | 
    2 | 27m24s |    0.55100 |           0.0200 |      0.1403 |   27.1709 |   41.2980 |   57.4651 |      8.8525 |       5.4880 |    6.3671 |    8.0178 |      5.6737 |  263.1414 |   11.7634 |         0.1036 | 
    3 | 18m08s |    0.55143 |           0.0582 |      0.1225 |   35.9082 |   22.3433 |   46.5340 |      5.9342 |      12.2867 |    8.5762 |    8.8324 |      3.7125 |  973.5822 |    4.2017 |         0.1984 | 
    4 | 16m25s |    0.55902 |           0.1773 |      0.1214 |   28.1539 |   19.6794 |   28.6298 |      6.8942 |      13.9534 |    5.6839 |    3.0414 |      1.7738 |  202.7180 |   11.4846 |         0.4562 | 
[31mBayesian Optimization[0m
[94m--------------------------------------------------------------------------------------------------------------------------------------------------------------------------------------------------------------[0m
 Step |   Time |      Value |   four_hour_prob |   hour_prob |     kNN_k |        nx |        ny |   threshold |   w_accuracy |    w_hour |   w_month |   w_weekday |       w_x |    w_year |   weekday_prob | 
    5 | 29m53s |    0.55581 |           0.2272 |      0.0562 |   24.6380 |   58.5507 |   44.8523 |      9.4909 |      25.8213 |    7.4605 |    7.6582 |      6.4983 |  401.3606 |   14.2535 |         0.5419 | 
[31mBayesian Optimization[0m
[94m--------------------------------------------------------------------------------------------------------------------------------------------------------------------------------------------------------------[0m
 Step |   Time |      Value |   four_hour_prob |   hour_prob |     kNN_k |        nx |        ny |   threshold |   w_accuracy |    w_hour |   w_month |   w_weekday |       w_x |    w_year |   weekday_prob | 
    6 | 20m48s |    0.56093 |           0.0958 |      0.1925 |   34.0253 |   10.1884 |   37.7780 |      8.4531 |      13.9966 |    1.8114 |    2.3474 |      4.4746 |  211.1113 |    7.4059 |         0.5319 | 
    7 | 19m40s |    0.53818 |           0.1957 |      0.0694 |   27.2505 |   13.8892 |   42.5883 |      5.0308 |      12.2252 |    7.6817 |    9.6194 |      9.1053 |  336.4167 |    4.6062 |         0.1835 | 
    8 | 21m16s |    0.56434 |           0.2538 |      0.0259 |   40.7668 |   28.0534 |   35.1361 |     10.1099 |      23.2571 |    5.1685 |    7.2190 |      5.3557 |  387.4075 |   15.2121 |         0.1711 | 
[31mBayesian Optimization[0m
[94m--------------------------------------------------------------------------------------------------------------------------------------------------------------------------------------------------------------[0m
 Step |   Time |      Value |   four_hour_prob |   hour_prob |     kNN_k |        nx |        ny |   threshold |   w_accuracy |    w_hour |   w_month |   w_weekday |       w_x |    w_year |   weekday_prob | 
    9 | 18m50s |    0.55066 |           0.1444 |      0.2101 |   21.5696 |   53.7138 |   23.8122 |      2.9060 |      18.1753 |    9.4724 |    2.8903 |      8.7445 |  994.4325 |   16.6110 |         0.2192 | 
   10 | 21m14s |    0.56056 |           0.1044 |      0.0724 |   27.4853 |   35.0224 |   15.5525 |      4.6483 |      15.5356 |    5.3319 |    4.8907 |      6.3429 |  955.0707 |    8.8369 |         0.3664 | 
   11 | 26m29s |    0.56158 |           0.2123 |      0.2356 |   22.4432 |   37.9378 |   14.0320 |      3.2529 |      15.6566 |    4.6488 |    8.9407 |      5.7218 |  766.8507 |   18.8577 |         0.1273 | 
[31mBayesian Optimization[0m
[94m--------------------------------------------------------------------------------------------------------------------------------------------------------------------------------------------------------------[0m
 Step |   Time |      Value |   four_hour_prob |   hour_prob |     kNN_k |        nx |        ny |   threshold |   w_accuracy |    w_hour |   w_month |   w_weekday |       w_x |    w_year |   weekday_prob | 
   12 | 22m34s |    0.54923 |           0.1015 |      0.0291 |   26.6323 |   56.8980 |   21.5612 |      9.1872 |      18.9299 |    6.2409 |    7.9776 |      8.9399 |  776.9596 |    2.3530 |         0.4288 | 
   13 | 25m19s |    0.55916 |           0.2998 |      0.2872 |   26.9954 |   26.3365 |   56.6731 |      5.9675 |      20.8186 |    4.6674 |    4.2690 |      7.5841 |  952.6784 |   15.4721 |         0.3317 | 
   14 | 32m58s |    0.55899 |           0.0858 |      0.1714 |   28.5650 |   36.1319 |   59.4575 |      5.2797 |      20.2786 |    9.0968 |    5.8154 |      3.6303 |  679.2294 |    6.6942 |         0.1460 | 
[31mBayesian Optimization[0m
[94m--------------------------------------------------------------------------------------------------------------------------------------------------------------------------------------------------------------[0m
 Step |   Time |      Value |   four_hour_prob |   hour_prob |     kNN_k |        nx |        ny |   threshold |   w_accuracy |    w_hour |   w_month |   w_weekday |       w_x |    w_year |   weekday_prob | 
   15 | 23m12s |    0.54368 |           0.1889 |      0.2756 |   27.2146 |   36.3587 |   24.5055 |      7.3225 |       3.5320 |    6.1524 |    3.7362 |      5.6661 |  250.5246 |   18.9383 |         0.3988 | 
   16 | 26m00s |    0.56202 |           0.2843 |      0.1288 |   25.4445 |   13.2759 |   12.6162 |      4.8651 |       9.5180 |    1.0362 |    7.0066 |      2.6348 |  852.7791 |    5.5099 |         0.1524 | 
   17 | 19m16s |    0.56517 |           0.1855 |      0.1892 |   23.5180 |   25.9160 |   29.6833 |      9.0786 |      29.5599 |    5.1662 |    1.4982 |      4.1514 |  554.3605 |   11.4923 |         0.4196 | 
[31mBayesian Optimization[0m
[94m--------------------------------------------------------------------------------------------------------------------------------------------------------------------------------------------------------------[0m
 Step |   Time |      Value |   four_hour_prob |   hour_prob |     kNN_k |        nx |        ny |   threshold |   w_accuracy |    w_hour |   w_month |   w_weekday |       w_x |    w_year |   weekday_prob | 
   18 | 23m50s |    0.55444 |           0.0410 |      0.0015 |   39.9080 |   47.8907 |   43.8452 |      7.9562 |      10.1901 |    5.7761 |    2.8433 |      9.1247 |  663.4643 |   13.6138 |         0.4672 | 
   19 | 24m03s |    0.55063 |           0.0200 |      0.2136 |   27.2608 |   37.7486 |   29.6693 |      2.7763 |      12.5107 |    9.0661 |    9.6710 |      6.1838 |  556.2057 |    7.3851 |         0.1184 | 
   20 | 25m40s |    0.55016 |           0.0982 |      0.1127 |   20.8747 |   33.9387 |   38.6002 |      3.7267 |      18.8242 |    5.4518 |    8.3601 |      4.4979 |  307.3133 |    2.9711 |         0.1240 | 
[31mBayesian Optimization[0m
[94m--------------------------------------------------------------------------------------------------------------------------------------------------------------------------------------------------------------[0m
 Step |   Time |      Value |   four_hour_prob |   hour_prob |     kNN_k |        nx |        ny |   threshold |   w_accuracy |    w_hour |   w_month |   w_weekday |       w_x |    w_year |   weekday_prob | 
   21 | 22m46s |    0.56424 |           0.2573 |      0.2572 |   24.4008 |   24.9548 |   47.9535 |      3.1532 |       9.2466 |    5.7002 |    4.5669 |      1.7864 |  507.1944 |   12.7183 |         0.4540 | 
   22 | 27m18s |    0.56283 |           0.1632 |      0.0906 |   37.5357 |   14.9351 |   16.1376 |      8.3865 |       6.4216 |    5.2271 |    4.6863 |      4.1528 |  603.6337 |   15.0878 |         0.5455 | 
   23 | 39m07s |    0.54729 |           0.2794 |      0.1885 |   32.7086 |   52.4619 |   57.1891 |      3.2927 |       7.5390 |    7.6302 |    3.5333 |      5.8015 |  311.8169 |   14.7655 |         0.4307 | 
[31mBayesian Optimization[0m
[94m--------------------------------------------------------------------------------------------------------------------------------------------------------------------------------------------------------------[0m
 Step |   Time |      Value |   four_hour_prob |   hour_prob |     kNN_k |        nx |        ny |   threshold |   w_accuracy |    w_hour |   w_month |   w_weekday |       w_x |    w_year |   weekday_prob | 
   24 | 23m01s |    0.55081 |           0.2606 |      0.2774 |   39.5864 |   25.2282 |   52.2323 |      5.5912 |      15.8628 |    3.4533 |    9.1516 |      8.9784 |  540.1737 |    6.2180 |         0.5066 | 
   25 | 26m33s |    0.56381 |           0.0151 |      0.1566 |   34.5451 |   33.0202 |   45.1646 |     10.6731 |      25.9157 |    2.2250 |    7.0244 |      6.1909 |  585.3087 |    5.7974 |         0.1499 | 
   26 | 24m08s |    0.56773 |           0.0486 |      0.0016 |   39.1284 |   22.0593 |   26.3075 |      9.8636 |      23.2860 |    3.8171 |    1.2083 |      2.9892 |  547.1828 |   10.6123 |         0.2328 | 
[31mBayesian Optimization[0m
[94m--------------------------------------------------------------------------------------------------------------------------------------------------------------------------------------------------------------[0m
 Step |   Time |      Value |   four_hour_prob |   hour_prob |     kNN_k |        nx |        ny |   threshold |   w_accuracy |    w_hour |   w_month |   w_weekday |       w_x |    w_year |   weekday_prob | 
   27 | 32m47s |    0.56749 |           0.0951 |      0.0570 |   20.7101 |   19.0976 |   30.9337 |      3.2091 |      13.2632 |    5.0187 |    7.4369 |      3.2265 |  837.9461 |   18.0088 |         0.4430 | 
   28 | 31m04s |    0.55602 |           0.2473 |      0.2783 |   35.7712 |   56.2194 |   41.7757 |      8.2705 |       9.2493 |    6.6447 |    3.8988 |      1.1282 |  345.9625 |    9.7092 |         0.1362 | 
   29 | 26m37s |    0.54509 |           0.2765 |      0.1944 |   31.1303 |   12.6083 |   27.2128 |      8.7921 |      26.8748 |    9.6022 |    3.7407 |      6.9471 |  968.0279 |    6.7895 |         0.1111 | 
[31mBayesian Optimization[0m
[94m--------------------------------------------------------------------------------------------------------------------------------------------------------------------------------------------------------------[0m
 Step |   Time |      Value |   four_hour_prob |   hour_prob |     kNN_k |        nx |        ny |   threshold |   w_accuracy |    w_hour |   w_month |   w_weekday |       w_x |    w_year |   weekday_prob | 
   30 | 33m14s |    0.56443 |           0.1295 |      0.1624 |   33.3682 |   14.5704 |   24.7805 |      4.4202 |       5.0913 |    4.8392 |    4.1659 |      4.6852 |  540.2409 |   12.5101 |         0.2220 | 
   31 | 41m09s |    0.55986 |           0.2474 |      0.2580 |   33.3941 |   43.2642 |   45.2900 |      5.8454 |      22.9860 |    2.3366 |    6.4691 |      8.0340 |  700.1749 |    3.6242 |         0.2510 | 
   32 | 27m45s |    0.56107 |           0.2919 |      0.0667 |   39.8091 |   10.6762 |   57.3660 |      3.2326 |      28.2618 |    2.3125 |    1.1439 |      8.0295 |  564.4188 |   19.3720 |         0.3922 | 
[31mBayesian Optimization[0m
[94m--------------------------------------------------------------------------------------------------------------------------------------------------------------------------------------------------------------[0m
 Step |   Time |      Value |   four_hour_prob |   hour_prob |     kNN_k |        nx |        ny |   threshold |   w_accuracy |    w_hour |   w_month |   w_weekday |       w_x |    w_year |   weekday_prob | 
   33 | 25m20s |    0.56312 |           0.0911 |      0.0610 |   25.6557 |   26.3366 |   19.2588 |      9.0435 |       8.8517 |    4.1874 |    1.4857 |      2.7749 |  811.0700 |   15.5316 |         0.2340 | 
   34 | 45m23s |    0.55677 |           0.0624 |      0.0509 |   39.0193 |   54.0946 |   47.7922 |      4.8263 |      24.4649 |    6.8324 |    2.2447 |      9.2767 |  601.9328 |    7.0566 |         0.1825 | 
   35 | 51m53s |    0.55357 |           0.1471 |      0.2541 |   31.3698 |   15.7715 |   12.5681 |      2.4100 |      28.6360 |    4.8812 |    5.7734 |      6.3260 |  472.0616 |    3.7545 |         0.2399 | 
[31mBayesian Optimization[0m
[94m--------------------------------------------------------------------------------------------------------------------------------------------------------------------------------------------------------------[0m
 Step |   Time |      Value |   four_hour_prob |   hour_prob |     kNN_k |        nx |        ny |   threshold |   w_accuracy |    w_hour |   w_month |   w_weekday |       w_x |    w_year |   weekday_prob | 
   36 | 33m29s |    0.54895 |           0.1672 |      0.0683 |   34.8981 |   26.9444 |   16.1517 |      2.0127 |       5.0334 |    6.0023 |    1.1972 |      8.1964 |  398.0097 |   16.9497 |         0.3161 | 
   37 | 28m28s |    0.55569 |           0.2686 |      0.0625 |   38.3250 |   28.1563 |   12.2741 |     10.8201 |       7.3092 |    8.3329 |    6.7726 |      1.6430 |  371.6023 |   17.1148 |         0.4216 | 
   38 | 33m43s |    0.56314 |           0.1002 |      0.0317 |   38.1693 |   39.0766 |   47.9347 |      5.5168 |       6.1356 |    1.4185 |    5.7798 |      2.3980 |  706.4264 |   10.8793 |         0.3358 | 
[31mBayesian Optimization[0m
[94m--------------------------------------------------------------------------------------------------------------------------------------------------------------------------------------------------------------[0m
 Step |   Time |      Value |   four_hour_prob |   hour_prob |     kNN_k |        nx |        ny |   threshold |   w_accuracy |    w_hour |   w_month |   w_weekday |       w_x |    w_year |   weekday_prob | 
   39 | 36m22s |    0.55930 |           0.1868 |      0.1953 |   27.4104 |   50.2073 |   57.7050 |      8.7596 |      14.6770 |    3.4086 |    1.3286 |      4.0487 |  245.0299 |   13.8264 |         0.2768 | 
   40 | 26m32s |    0.55705 |           0.0835 |      0.2846 |   40.1456 |   29.4440 |   15.1344 |     10.5285 |      22.8213 |    6.9491 |    1.9845 |      4.5580 |  570.6987 |    5.8263 |         0.3929 | 
   41 | 37m09s |    0.56537 |           0.1324 |      0.2461 |   39.5525 |   51.1291 |   23.2327 |      9.1478 |      10.6556 |    3.0405 |    5.3999 |      7.3261 |  782.0540 |   11.9768 |         0.2485 | 
[31mBayesian Optimization[0m
[94m--------------------------------------------------------------------------------------------------------------------------------------------------------------------------------------------------------------[0m
 Step |   Time |      Value |   four_hour_prob |   hour_prob |     kNN_k |        nx |        ny |   threshold |   w_accuracy |    w_hour |   w_month |   w_weekday |       w_x |    w_year |   weekday_prob | 
   42 | 26m26s |    0.55184 |           0.1912 |      0.1549 |   40.0700 |   59.4324 |   15.5624 |      8.3181 |      11.9016 |    8.8426 |    7.3697 |      5.7980 |  797.6363 |    7.0933 |         0.5641 | 
   43 | 28m29s |    0.54417 |           0.1323 |      0.1508 |   39.3032 |   42.7717 |   16.5075 |      7.7548 |      21.2410 |    9.2165 |    1.9014 |      6.7829 |  266.5732 |   17.4356 |         0.2514 | 
