8e07bd3a-3edb-4d80-8069-4375dc8e923b
[31mInitialization[0m
[94m--------------------------------------------------------------------------------------------------------------------------------------------------------------------------------------------------------------[0m
 Step |   Time |      Value |   four_hour_prob |   hour_prob |     kNN_k |        nx |        ny |   threshold |   w_accuracy |    w_hour |   w_month |   w_weekday |       w_x |    w_year |   weekday_prob | 
    1 | 14m15s | [35m   0.56951[0m | [32m          0.1000[0m | [32m     0.1000[0m | [32m  36.0000[0m | [32m  20.0000[0m | [32m  40.0000[0m | [32m     8.0000[0m | [32m     10.0000[0m | [32m   4.0000[0m | [32m   2.1000[0m | [32m     3.1000[0m | [32m 490.0000[0m | [32m  10.0000[0m | [32m        0.4000[0m | 
    2 | 18m38s |    0.56456 |           0.1438 |      0.0497 |   35.9234 |   46.1988 |   12.2248 |      5.4546 |      25.6643 |    4.5995 |    5.5532 |      5.1843 |  882.7693 |    9.4199 |         0.2093 | 
    3 | 29m54s |    0.56153 |           0.2744 |      0.2140 |   33.4028 |   59.2550 |   55.2007 |      5.2431 |      11.3082 |    1.8613 |    6.3504 |      2.2047 |  630.3510 |    3.3547 |         0.4980 | 
    4 | 19m39s |    0.54691 |           0.1310 |      0.1594 |   28.8658 |   59.8759 |   13.8079 |      9.7844 |      11.5913 |    2.8406 |    6.3992 |      9.9343 |  226.3708 |   14.6403 |         0.4069 | 
[31mBayesian Optimization[0m
[94m--------------------------------------------------------------------------------------------------------------------------------------------------------------------------------------------------------------[0m
 Step |   Time |      Value |   four_hour_prob |   hour_prob |     kNN_k |        nx |        ny |   threshold |   w_accuracy |    w_hour |   w_month |   w_weekday |       w_x |    w_year |   weekday_prob | 
    5 | 15m38s |    0.56625 |           0.1779 |      0.1945 |   30.5200 |   44.2217 |   10.5759 |      7.7138 |      21.9377 |    2.8955 |    1.4281 |      2.5748 |  743.4706 |    4.3542 |         0.4616 | 
[31mBayesian Optimization[0m
[94m--------------------------------------------------------------------------------------------------------------------------------------------------------------------------------------------------------------[0m
 Step |   Time |      Value |   four_hour_prob |   hour_prob |     kNN_k |        nx |        ny |   threshold |   w_accuracy |    w_hour |   w_month |   w_weekday |       w_x |    w_year |   weekday_prob | 
    6 | 21m39s |    0.54062 |           0.1812 |      0.1243 |   39.4697 |   25.8555 |   43.5605 |      7.5829 |      22.6951 |    5.2789 |    9.5880 |      7.3877 |  249.0521 |    8.6540 |         0.5486 | 
    7 | 19m25s |    0.55705 |           0.2361 |      0.1290 |   36.9708 |   43.0273 |   31.4094 |      4.3421 |       7.3679 |    2.9166 |    1.9486 |      9.1413 |  369.3464 |   10.1726 |         0.2450 | 
    8 | 16m12s |    0.56106 |           0.2263 |      0.1419 |   30.7537 |   36.8697 |   28.0939 |      8.1303 |       6.1736 |    3.5196 |    1.3454 |      3.3041 |  425.7771 |    3.7670 |         0.4642 | 
[31mBayesian Optimization[0m
[94m--------------------------------------------------------------------------------------------------------------------------------------------------------------------------------------------------------------[0m
 Step |   Time |      Value |   four_hour_prob |   hour_prob |     kNN_k |        nx |        ny |   threshold |   w_accuracy |    w_hour |   w_month |   w_weekday |       w_x |    w_year |   weekday_prob | 
