b9bbc9fa-4a16-405e-b9ec-1069582fc8e7
[31mInitialization[0m
[94m--------------------------------------------------------------------------------------------------------------------------------------------------------------------------------------------------------------[0m
 Step |   Time |      Value |   four_hour_prob |   hour_prob |     kNN_k |        nx |        ny |   threshold |   w_accuracy |    w_hour |   w_month |   w_weekday |       w_x |    w_year |   weekday_prob | 
    1 | 25m42s | [35m   0.56951[0m | [32m          0.1000[0m | [32m     0.1000[0m | [32m  36.0000[0m | [32m  20.0000[0m | [32m  40.0000[0m | [32m     8.0000[0m | [32m     10.0000[0m | [32m   4.0000[0m | [32m   2.1000[0m | [32m     3.1000[0m | [32m 490.0000[0m | [32m  10.0000[0m | [32m        0.4000[0m | 
    2 | 29m43s |    0.54900 |           0.0721 |      0.1490 |   38.2386 |   48.9664 |   26.3109 |      9.1897 |      14.7798 |    6.4506 |    7.3801 |      9.5443 |  474.7951 |    2.8629 |         0.2563 | 
    3 | 41m29s |    0.55500 |           0.2357 |      0.0948 |   23.1282 |   42.4111 |   43.8049 |      3.7340 |      14.6282 |    4.7734 |    7.7686 |      7.5389 |  664.9530 |    3.9188 |         0.2609 | 
    4 | 30m16s |    0.55668 |           0.0604 |      0.1496 |   34.4658 |   17.2213 |   36.9988 |      8.9824 |      28.3678 |    7.2805 |    8.4308 |      5.4834 |  896.6885 |    6.6998 |         0.4872 | 
[31mBayesian Optimization[0m
[94m--------------------------------------------------------------------------------------------------------------------------------------------------------------------------------------------------------------[0m
 Step |   Time |      Value |   four_hour_prob |   hour_prob |     kNN_k |        nx |        ny |   threshold |   w_accuracy |    w_hour |   w_month |   w_weekday |       w_x |    w_year |   weekday_prob | 
    5 | 44m09s |    0.53878 |           0.0888 |      0.1440 |   31.6249 |   51.3018 |   41.0640 |      5.9021 |       9.5854 |    9.4763 |    8.8936 |      6.1081 |  231.8306 |   17.6770 |         0.4413 | 
[31mBayesian Optimization[0m
[94m--------------------------------------------------------------------------------------------------------------------------------------------------------------------------------------------------------------[0m
 Step |   Time |      Value |   four_hour_prob |   hour_prob |     kNN_k |        nx |        ny |   threshold |   w_accuracy |    w_hour |   w_month |   w_weekday |       w_x |    w_year |   weekday_prob | 
    6 | 24m23s |    0.54976 |           0.2043 |      0.2077 |   22.1060 |   30.4516 |   41.4308 |     10.0561 |       9.0169 |    9.7359 |    9.1450 |      4.5016 |  666.2361 |    7.2839 |         0.3496 | 
    7 | 26m07s |    0.55935 |           0.0094 |      0.0040 |   22.0500 |   41.2942 |   38.0991 |      8.4929 |       6.4882 |    7.8270 |    8.9521 |      3.1484 |  398.7241 |   19.8150 |         0.4858 | 
    8 | 39m19s |    0.56473 |           0.0447 |      0.2591 |   37.1215 |   54.0665 |   32.8923 |      7.5156 |      21.9075 |    2.0672 |    3.4749 |      9.5376 |  578.8065 |    8.9790 |         0.3247 | 
[31mBayesian Optimization[0m
[94m--------------------------------------------------------------------------------------------------------------------------------------------------------------------------------------------------------------[0m
 Step |   Time |      Value |   four_hour_prob |   hour_prob |     kNN_k |        nx |        ny |   threshold |   w_accuracy |    w_hour |   w_month |   w_weekday |       w_x |    w_year |   weekday_prob | 
    9 | 31m26s |    0.53108 |           0.0758 |      0.0066 |   37.5209 |   23.5508 |   16.7991 |     10.7099 |       9.5510 |    5.9610 |    7.6042 |      8.7482 |  215.9569 |    5.0622 |         0.4530 | 
   10 | 23m08s |    0.55908 |           0.0588 |      0.0614 |   32.9519 |   21.3945 |   37.4408 |      9.5519 |      17.4148 |    3.8935 |    8.1328 |      5.0385 |  999.4959 |    7.5443 |         0.5176 | 
   11 | 34m14s |    0.55759 |           0.2771 |      0.2646 |   37.7442 |   34.3586 |   34.4771 |      4.1676 |      15.9011 |    6.0224 |    2.1721 |      4.9717 |  534.5488 |   14.7593 |         0.5331 | 
[31mBayesian Optimization[0m
[94m--------------------------------------------------------------------------------------------------------------------------------------------------------------------------------------------------------------[0m
 Step |   Time |      Value |   four_hour_prob |   hour_prob |     kNN_k |        nx |        ny |   threshold |   w_accuracy |    w_hour |   w_month |   w_weekday |       w_x |    w_year |   weekday_prob | 
   12 | 35m22s |    0.54794 |           0.0893 |      0.2760 |   25.3010 |   52.2303 |   23.6557 |      8.3657 |      21.9246 |    8.7314 |    1.7868 |      7.3627 |  355.7244 |   14.6787 |         0.4101 | 
   13 | 26m55s |    0.56365 |           0.1770 |      0.0896 |   38.9502 |   57.3243 |   23.0874 |      8.9240 |      10.0337 |    6.5432 |    3.0319 |      4.1685 |  590.2959 |    8.1314 |         0.3195 | 
   14 | 25m25s |    0.55354 |           0.0731 |      0.0259 |   39.6087 |   28.7189 |   28.2375 |     10.5130 |      10.1782 |    9.9461 |    6.2825 |      9.3324 |  576.8842 |   15.6342 |         0.2445 | 
[31mBayesian Optimization[0m
[94m--------------------------------------------------------------------------------------------------------------------------------------------------------------------------------------------------------------[0m
 Step |   Time |      Value |   four_hour_prob |   hour_prob |     kNN_k |        nx |        ny |   threshold |   w_accuracy |    w_hour |   w_month |   w_weekday |       w_x |    w_year |   weekday_prob | 
   15 | 31m46s |    0.56240 |           0.0195 |      0.2207 |   33.5211 |   56.2178 |   20.2117 |      3.6439 |      29.3911 |    4.9613 |    1.1234 |      6.3140 |  622.9907 |   17.4728 |         0.3420 | 
   16 | 24m55s |    0.54876 |           0.2717 |      0.2454 |   40.4010 |   12.3672 |   54.6968 |      9.9097 |      20.0344 |    3.1325 |    1.5542 |      9.9680 |  764.9475 |    3.0079 |         0.5464 | 
   17 | 32m19s |    0.56363 |           0.0865 |      0.0091 |   33.7326 |   50.9688 |   29.7980 |      8.6390 |      14.3883 |    6.1519 |    9.4217 |      4.7256 |  714.2600 |   13.9096 |         0.4219 | 
[31mBayesian Optimization[0m
[94m--------------------------------------------------------------------------------------------------------------------------------------------------------------------------------------------------------------[0m
 Step |   Time |      Value |   four_hour_prob |   hour_prob |     kNN_k |        nx |        ny |   threshold |   w_accuracy |    w_hour |   w_month |   w_weekday |       w_x |    w_year |   weekday_prob | 
   18 | 29m18s |    0.56137 |           0.1095 |      0.0328 |   30.1417 |   30.6122 |   35.5490 |      9.7520 |       3.8081 |    5.4370 |    3.3002 |      6.4286 |  677.0470 |   12.9545 |         0.1348 | 
   19 | 38m49s |    0.56688 |           0.2904 |      0.0911 |   33.3389 |   38.4929 |   50.4581 |     10.1150 |      10.6515 |    2.6421 |    2.1636 |      2.2174 |  232.6678 |   11.1766 |         0.3826 | 
   20 | 27m23s |    0.55459 |           0.1521 |      0.2906 |   36.0991 |   25.9067 |   27.2513 |      3.2197 |      16.8521 |    6.5302 |    6.0646 |      5.3773 |  996.8798 |    5.4213 |         0.3578 | 
[31mBayesian Optimization[0m
[94m--------------------------------------------------------------------------------------------------------------------------------------------------------------------------------------------------------------[0m
 Step |   Time |      Value |   four_hour_prob |   hour_prob |     kNN_k |        nx |        ny |   threshold |   w_accuracy |    w_hour |   w_month |   w_weekday |       w_x |    w_year |   weekday_prob | 
