fb82272c-3c6d-414d-8f0c-a36ece3e1551
[31mInitialization[0m
[94m--------------------------------------------------------------------------------------------------------------------------------------------------------------------------------------------------------------[0m
 Step |   Time |      Value |   four_hour_prob |   hour_prob |     kNN_k |        nx |        ny |   threshold |   w_accuracy |    w_hour |   w_month |   w_weekday |       w_x |    w_year |   weekday_prob | 
    1 | 16m24s | [35m   0.56951[0m | [32m          0.1000[0m | [32m     0.1000[0m | [32m  36.0000[0m | [32m  20.0000[0m | [32m  40.0000[0m | [32m     8.0000[0m | [32m     10.0000[0m | [32m   4.0000[0m | [32m   2.1000[0m | [32m     3.1000[0m | [32m 490.0000[0m | [32m  10.0000[0m | [32m        0.4000[0m | 
    2 | 25m29s | [35m   0.57587[0m | [32m          0.1121[0m | [32m     0.0744[0m | [32m  32.8466[0m | [32m  44.7984[0m | [32m  48.8060[0m | [32m     9.3763[0m | [32m     25.5739[0m | [32m   2.8684[0m | [32m   6.1156[0m | [32m     1.8874[0m | [32m 431.1943[0m | [32m  11.7399[0m | [32m        0.4225[0m | 
    3 | 20m08s |    0.56126 |           0.0483 |      0.0824 |   26.8461 |   38.3357 |   44.7751 |      4.5949 |      14.6756 |    6.6048 |    4.9316 |      3.3073 |  528.4469 |    2.8767 |         0.5314 | 
    4 | 18m42s | [35m   0.57601[0m | [32m          0.0026[0m | [32m     0.1815[0m | [32m  39.1795[0m | [32m  57.0146[0m | [32m  17.1245[0m | [32m    10.4295[0m | [32m     25.8868[0m | [32m   2.7366[0m | [32m   5.5004[0m | [32m     1.6587[0m | [32m 632.6811[0m | [32m  16.9264[0m | [32m        0.5824[0m | 
[31mBayesian Optimization[0m
[94m--------------------------------------------------------------------------------------------------------------------------------------------------------------------------------------------------------------[0m
 Step |   Time |      Value |   four_hour_prob |   hour_prob |     kNN_k |        nx |        ny |   threshold |   w_accuracy |    w_hour |   w_month |   w_weekday |       w_x |    w_year |   weekday_prob | 
    5 | 18m42s |    0.55352 |           0.1767 |      0.2244 |   37.6010 |   45.3839 |   19.4591 |      5.6051 |       3.7536 |    8.0837 |    5.8211 |      7.3009 |  668.6476 |   15.2894 |         0.1591 | 
[31mBayesian Optimization[0m
[94m--------------------------------------------------------------------------------------------------------------------------------------------------------------------------------------------------------------[0m
 Step |   Time |      Value |   four_hour_prob |   hour_prob |     kNN_k |        nx |        ny |   threshold |   w_accuracy |    w_hour |   w_month |   w_weekday |       w_x |    w_year |   weekday_prob | 
    6 | 27m41s |    0.56834 |           0.1103 |      0.2503 |   37.0820 |   50.8246 |   48.5462 |      7.6851 |      14.6543 |    3.9815 |    2.9894 |      3.4556 |  383.9979 |    7.0278 |         0.3026 | 
    7 | 19m30s |    0.56016 |           0.0646 |      0.2517 |   27.1376 |   49.3065 |   31.9676 |     10.5358 |       7.9978 |    3.5110 |    7.2947 |      5.6647 |  905.3144 |    7.2762 |         0.3623 | 
    8 | 18m33s |    0.54854 |           0.2931 |      0.0672 |   38.6441 |   13.3218 |   50.0921 |      8.8123 |      21.1472 |    8.6538 |    6.2225 |      9.8714 |  619.6460 |   17.7049 |         0.5569 | 
[31mBayesian Optimization[0m
[94m--------------------------------------------------------------------------------------------------------------------------------------------------------------------------------------------------------------[0m
 Step |   Time |      Value |   four_hour_prob |   hour_prob |     kNN_k |        nx |        ny |   threshold |   w_accuracy |    w_hour |   w_month |   w_weekday |       w_x |    w_year |   weekday_prob | 
    9 | 22m02s |    0.55147 |           0.2724 |      0.0346 |   26.8748 |   12.3072 |   13.4014 |      6.3566 |      25.9034 |    8.7514 |    1.3910 |      3.7192 |  604.9973 |   10.4451 |         0.2898 | 
   10 | 41m36s |    0.53319 |           0.0833 |      0.2481 |   30.1132 |   11.2629 |   14.9449 |      8.3359 |      26.5473 |    8.5695 |    8.3195 |      9.9071 |  347.7588 |   14.2506 |         0.3851 | 
   11 | 20m15s |    0.56339 |           0.2490 |      0.1420 |   28.6373 |   12.8464 |   16.4826 |      8.1827 |      13.2241 |    3.7482 |    3.6123 |      1.0789 |  765.8805 |    3.8209 |         0.4304 | 
[31mBayesian Optimization[0m
[94m--------------------------------------------------------------------------------------------------------------------------------------------------------------------------------------------------------------[0m
 Step |   Time |      Value |   four_hour_prob |   hour_prob |     kNN_k |        nx |        ny |   threshold |   w_accuracy |    w_hour |   w_month |   w_weekday |       w_x |    w_year |   weekday_prob | 
   12 | 18m37s |    0.55947 |           0.1265 |      0.1538 |   22.8689 |   18.1527 |   50.5593 |      8.5689 |      25.3535 |    7.5461 |    4.1041 |      3.3279 |  981.8993 |    7.0989 |         0.1667 | 
   13 | 18m48s |    0.54857 |           0.2864 |      0.2743 |   25.1447 |   15.7154 |   35.2049 |      8.0211 |       8.0105 |    5.8658 |    1.3310 |      8.5776 |  629.7089 |   15.0526 |         0.3170 | 
   14 | 21m59s |    0.55811 |           0.0186 |      0.1743 |   30.9004 |   13.7562 |   26.3526 |      8.1955 |       7.4744 |    4.7914 |    3.4056 |      7.7571 |  864.1856 |   10.1391 |         0.2089 | 
[31mBayesian Optimization[0m
[94m--------------------------------------------------------------------------------------------------------------------------------------------------------------------------------------------------------------[0m
 Step |   Time |      Value |   four_hour_prob |   hour_prob |     kNN_k |        nx |        ny |   threshold |   w_accuracy |    w_hour |   w_month |   w_weekday |       w_x |    w_year |   weekday_prob | 
   15 | 24m55s |    0.55835 |           0.2138 |      0.1005 |   20.7992 |   37.5901 |   42.4191 |      5.3263 |      21.4847 |    7.5271 |    4.7332 |      5.6474 |  789.8487 |    6.5910 |         0.5334 | 
   16 | 25m16s |    0.56123 |           0.0094 |      0.0570 |   28.5016 |   29.1604 |   27.8160 |      2.3123 |      16.5647 |    1.0075 |    4.2994 |      2.3440 |  409.3355 |    5.6500 |         0.1409 | 
   17 | 19m13s |    0.55634 |           0.1300 |      0.0013 |   37.9649 |   33.7725 |   18.3585 |      2.7458 |      28.8571 |    9.3253 |    4.3929 |      4.2819 |  956.0030 |    4.6722 |         0.4226 | 
[31mBayesian Optimization[0m
[94m--------------------------------------------------------------------------------------------------------------------------------------------------------------------------------------------------------------[0m
 Step |   Time |      Value |   four_hour_prob |   hour_prob |     kNN_k |        nx |        ny |   threshold |   w_accuracy |    w_hour |   w_month |   w_weekday |       w_x |    w_year |   weekday_prob | 
   18 | 22m03s |    0.54722 |           0.1298 |      0.2448 |   27.9924 |   18.9359 |   26.5572 |      3.5798 |      10.4303 |    5.7403 |    8.4392 |      8.2233 |  697.2642 |    3.3773 |         0.4706 | 
   19 | 23m33s |    0.55972 |           0.0979 |      0.0683 |   24.8695 |   21.0256 |   43.8960 |      3.0149 |      29.2981 |    6.7536 |    4.9554 |      8.3573 |  385.7447 |   14.9587 |         0.1570 | 
   20 | 24m43s |    0.54092 |           0.0622 |      0.0004 |   35.4449 |   27.9766 |   15.1267 |     10.6457 |      20.2661 |    9.1632 |    5.4538 |      7.6841 |  237.0083 |    6.6434 |         0.1285 | 
[31mBayesian Optimization[0m
[94m--------------------------------------------------------------------------------------------------------------------------------------------------------------------------------------------------------------[0m
 Step |   Time |      Value |   four_hour_prob |   hour_prob |     kNN_k |        nx |        ny |   threshold |   w_accuracy |    w_hour |   w_month |   w_weekday |       w_x |    w_year |   weekday_prob | 
   21 | 23m51s |    0.56565 |           0.1826 |      0.1821 |   22.0716 |   40.7843 |   18.6162 |      2.0749 |      10.1117 |    4.7078 |    4.3208 |      4.7677 |  454.3047 |   15.1652 |         0.2224 | 
   22 | 36m23s |    0.55091 |           0.2893 |      0.0235 |   32.1459 |   58.0468 |   47.9846 |      9.8135 |       8.1212 |    6.4048 |    8.5281 |      1.0067 |  226.8589 |   18.2044 |         0.4214 | 
   23 | 25m38s |    0.53282 |           0.2159 |      0.0225 |   22.3567 |   29.3955 |   12.7620 |      5.8465 |       3.4433 |    5.6926 |    3.6453 |      9.2081 |  238.6992 |    2.6127 |         0.5148 | 
[31mBayesian Optimization[0m
[94m--------------------------------------------------------------------------------------------------------------------------------------------------------------------------------------------------------------[0m
 Step |   Time |      Value |   four_hour_prob |   hour_prob |     kNN_k |        nx |        ny |   threshold |   w_accuracy |    w_hour |   w_month |   w_weekday |       w_x |    w_year |   weekday_prob | 
   24 | 37m20s |    0.55906 |           0.2996 |      0.0216 |   30.1618 |   44.5010 |   50.5196 |      5.9298 |      26.4961 |    2.2431 |    4.9734 |      4.9622 |  215.3374 |   11.8164 |         0.5631 | 
   25 | 28m07s |    0.56041 |           0.1965 |      0.1984 |   33.3725 |   33.6392 |   49.9714 |      5.2941 |      24.3532 |    1.3089 |    2.4966 |      8.5437 |  886.5519 |    5.6408 |         0.3323 | 
   26 | 31m14s |    0.55457 |           0.1308 |      0.1269 |   23.2712 |   45.6192 |   19.6088 |      3.2692 |      29.8048 |    9.0880 |    6.8315 |      7.1699 |  416.5284 |   12.1606 |         0.1290 | 
[31mBayesian Optimization[0m
[94m--------------------------------------------------------------------------------------------------------------------------------------------------------------------------------------------------------------[0m
 Step |   Time |      Value |   four_hour_prob |   hour_prob |     kNN_k |        nx |        ny |   threshold |   w_accuracy |    w_hour |   w_month |   w_weekday |       w_x |    w_year |   weekday_prob | 
   27 | 31m11s |    0.55695 |           0.0090 |      0.0995 |   34.8913 |   29.3800 |   33.5375 |      9.5498 |       3.2643 |    9.1318 |    9.2269 |      2.0684 |  743.4022 |   10.9268 |         0.3457 | 
   28 | 27m31s |    0.55094 |           0.1664 |      0.2079 |   27.5518 |   37.1127 |   28.0536 |      8.6741 |      14.5193 |    9.4139 |    6.8723 |      3.1502 |  519.6610 |    2.9069 |         0.2472 | 
   29 | 36m06s |    0.54631 |           0.1868 |      0.0957 |   32.1146 |   52.1633 |   51.0267 |      4.1565 |       8.2056 |    9.3920 |    9.3496 |      8.5159 |  598.7128 |   12.6068 |         0.5520 | 
[31mBayesian Optimization[0m
[94m--------------------------------------------------------------------------------------------------------------------------------------------------------------------------------------------------------------[0m
 Step |   Time |      Value |   four_hour_prob |   hour_prob |     kNN_k |        nx |        ny |   threshold |   w_accuracy |    w_hour |   w_month |   w_weekday |       w_x |    w_year |   weekday_prob | 
   30 | 35m20s |    0.56958 |           0.2221 |      0.1672 |   28.8180 |   21.2211 |   17.0234 |     10.9756 |      16.4586 |    1.5237 |    5.0563 |      5.8942 |  562.2143 |   15.1993 |         0.4898 | 
   31 | 42m23s |    0.55989 |           0.1468 |      0.0537 |   27.1719 |   54.3962 |   47.0395 |      4.6641 |      14.3732 |    9.8495 |    6.1452 |      4.1611 |  430.7707 |   11.7629 |         0.2495 | 
   32 | 44m07s |    0.56233 |           0.2695 |      0.0420 |   22.9369 |   14.2641 |   10.0300 |      5.6112 |      10.2674 |    1.6367 |    5.5195 |      7.4425 |  687.0934 |   12.9033 |         0.1840 | 
[31mBayesian Optimization[0m
[94m--------------------------------------------------------------------------------------------------------------------------------------------------------------------------------------------------------------[0m
 Step |   Time |      Value |   four_hour_prob |   hour_prob |     kNN_k |        nx |        ny |   threshold |   w_accuracy |    w_hour |   w_month |   w_weekday |       w_x |    w_year |   weekday_prob | 
   33 | 24m44s |    0.54478 |           0.2797 |      0.0229 |   32.1466 |   20.4276 |   28.1623 |      8.3546 |       8.3155 |    7.8988 |    8.7969 |      5.7989 |  306.7796 |   12.6455 |         0.5577 | 
   34 | 24m03s |    0.56118 |           0.0751 |      0.2841 |   37.5292 |   21.9379 |   30.9968 |      7.2583 |      25.5277 |    7.3146 |    8.1821 |      1.0861 |  943.2046 |   16.8750 |         0.2971 | 
   35 | 26m01s |    0.55080 |           0.0011 |      0.1056 |   27.7419 |   24.1791 |   40.5856 |      8.0060 |      23.1693 |    6.1794 |    3.1106 |      9.2014 |  419.1010 |    5.9103 |         0.5706 | 
[31mBayesian Optimization[0m
[94m--------------------------------------------------------------------------------------------------------------------------------------------------------------------------------------------------------------[0m
 Step |   Time |      Value |   four_hour_prob |   hour_prob |     kNN_k |        nx |        ny |   threshold |   w_accuracy |    w_hour |   w_month |   w_weekday |       w_x |    w_year |   weekday_prob | 
   36 | 26m46s |    0.55385 |           0.1476 |      0.2042 |   34.0673 |   58.7480 |   17.0058 |      6.5652 |       8.9180 |    3.2549 |    8.3443 |      8.2830 |  286.3273 |   16.1189 |         0.3161 | 
   37 | 27m07s |    0.56773 |           0.0913 |      0.1034 |   32.7575 |   45.2127 |   33.6011 |      5.9939 |      20.2434 |    5.7446 |    8.3159 |      2.7060 |  813.8999 |   14.8359 |         0.2536 | 
   38 | 23m58s |    0.56548 |           0.2243 |      0.2903 |   31.4759 |   33.8284 |   30.3519 |      6.7389 |      16.7735 |    3.5112 |    8.3803 |      3.5672 |  984.9443 |   12.0824 |         0.4483 | 
[31mBayesian Optimization[0m
[94m--------------------------------------------------------------------------------------------------------------------------------------------------------------------------------------------------------------[0m
 Step |   Time |      Value |   four_hour_prob |   hour_prob |     kNN_k |        nx |        ny |   threshold |   w_accuracy |    w_hour |   w_month |   w_weekday |       w_x |    w_year |   weekday_prob | 
   39 | 28m11s |    0.55773 |           0.0154 |      0.1274 |   34.4998 |   39.4253 |   25.9635 |      5.9986 |      17.0606 |    3.8566 |    7.6588 |      9.7964 |  952.9601 |   19.6723 |         0.4276 | 
   40 | 27m17s |    0.53785 |           0.1548 |      0.1430 |   40.6199 |   59.5612 |   26.4397 |      3.4527 |      14.9915 |    6.5343 |    9.6834 |      1.7164 |  213.5774 |    2.6096 |         0.5424 | 
   41 | 29m07s |    0.55594 |           0.1797 |      0.0641 |   37.7387 |   47.8563 |   34.4453 |      5.3949 |      28.7397 |    9.7265 |    8.7807 |      8.2858 |  675.1963 |   15.0496 |         0.1350 | 
[31mBayesian Optimization[0m
[94m--------------------------------------------------------------------------------------------------------------------------------------------------------------------------------------------------------------[0m
 Step |   Time |      Value |   four_hour_prob |   hour_prob |     kNN_k |        nx |        ny |   threshold |   w_accuracy |    w_hour |   w_month |   w_weekday |       w_x |    w_year |   weekday_prob | 
   42 | 60m06s |    0.55394 |           0.1284 |      0.1352 |   30.5861 |   50.8962 |   58.6619 |      7.9829 |       6.4042 |    7.1224 |    4.3880 |      6.7392 |  820.6009 |   17.2615 |         0.5892 | 
   43 | 27m20s |    0.55112 |           0.0461 |      0.0035 |   40.6625 |   54.2856 |   13.7801 |      2.6516 |      21.5859 |    4.4718 |    9.6734 |      3.2007 |  254.9044 |    5.6441 |         0.5347 | 
   44 | 30m12s |    0.56261 |           0.1367 |      0.0239 |   21.8570 |   28.4817 |   24.1837 |      5.8745 |      21.4473 |    6.8751 |    9.3875 |      5.7808 |  697.3332 |   18.1515 |         0.2578 | 
[31mBayesian Optimization[0m
[94m--------------------------------------------------------------------------------------------------------------------------------------------------------------------------------------------------------------[0m
 Step |   Time |      Value |   four_hour_prob |   hour_prob |     kNN_k |        nx |        ny |   threshold |   w_accuracy |    w_hour |   w_month |   w_weekday |       w_x |    w_year |   weekday_prob | 
