0e0d5231-aa13-4a5a-a481-6d5a7b59d78e
[31mInitialization[0m
[94m--------------------------------------------------------------------------------------------------------------------------------------------------------------------------------------------------------------[0m
 Step |   Time |      Value |   four_hour_prob |   hour_prob |     kNN_k |        nx |        ny |   threshold |   w_accuracy |    w_hour |   w_month |   w_weekday |       w_x |    w_year |   weekday_prob | 
    1 | 14m43s | [35m   0.56951[0m | [32m          0.1000[0m | [32m     0.1000[0m | [32m  36.0000[0m | [32m  20.0000[0m | [32m  40.0000[0m | [32m     8.0000[0m | [32m     10.0000[0m | [32m   4.0000[0m | [32m   2.1000[0m | [32m     3.1000[0m | [32m 490.0000[0m | [32m  10.0000[0m | [32m        0.4000[0m | 
    2 | 14m56s |    0.54408 |           0.1611 |      0.1069 |   27.9925 |   50.6032 |   13.8527 |     10.2225 |       5.4501 |    9.7850 |    3.4203 |      8.6195 |  802.6631 |    7.1250 |         0.5844 | 
    3 | 22m03s |    0.55565 |           0.2394 |      0.0821 |   22.7664 |   44.7190 |   44.5933 |      6.2113 |      21.0487 |    4.0114 |    8.6201 |      1.7239 |  736.3194 |    3.2390 |         0.1106 | 
    4 | 20m50s |    0.55591 |           0.1951 |      0.2732 |   40.3411 |   48.4527 |   36.8878 |      3.6112 |       9.9249 |    2.4177 |    1.7835 |      6.5216 |  490.7256 |    3.4117 |         0.5214 | 
[31mBayesian Optimization[0m
[94m--------------------------------------------------------------------------------------------------------------------------------------------------------------------------------------------------------------[0m
 Step |   Time |      Value |   four_hour_prob |   hour_prob |     kNN_k |        nx |        ny |   threshold |   w_accuracy |    w_hour |   w_month |   w_weekday |       w_x |    w_year |   weekday_prob | 
    5 | 21m04s | [35m   0.57218[0m | [32m          0.2900[0m | [32m     0.0735[0m | [32m  33.2764[0m | [32m  53.2130[0m | [32m  25.9472[0m | [32m     9.8847[0m | [32m     20.4094[0m | [32m   1.7004[0m | [32m   7.3905[0m | [32m     4.8127[0m | [32m 639.4127[0m | [32m  14.1577[0m | [32m        0.2641[0m | 
[31mBayesian Optimization[0m
[94m--------------------------------------------------------------------------------------------------------------------------------------------------------------------------------------------------------------[0m
 Step |   Time |      Value |   four_hour_prob |   hour_prob |     kNN_k |        nx |        ny |   threshold |   w_accuracy |    w_hour |   w_month |   w_weekday |       w_x |    w_year |   weekday_prob | 
    6 | 23m02s |    0.53293 |           0.1985 |      0.2583 |   23.2193 |   55.9355 |   33.5981 |      4.4273 |      22.5606 |    7.5568 |    9.8807 |      6.5140 |  229.0175 |    8.1449 |         0.5263 | 
    7 | 17m11s |    0.56074 |           0.1419 |      0.2755 |   35.9374 |   22.2064 |   45.7159 |     10.7954 |      26.4087 |    9.1000 |    3.0823 |      2.2088 |  541.5897 |   13.0660 |         0.3341 | 
    8 | 16m51s |    0.56262 |           0.0499 |      0.1998 |   23.6177 |   51.2695 |   20.6408 |      6.4293 |      20.5039 |    6.6764 |    2.0610 |      2.6065 |  898.7654 |   18.7542 |         0.2463 | 
[31mBayesian Optimization[0m
[94m--------------------------------------------------------------------------------------------------------------------------------------------------------------------------------------------------------------[0m
 Step |   Time |      Value |   four_hour_prob |   hour_prob |     kNN_k |        nx |        ny |   threshold |   w_accuracy |    w_hour |   w_month |   w_weekday |       w_x |    w_year |   weekday_prob | 
