358344b2-617b-4d0c-97ef-4daaa8b66727
[31mInitialization[0m
[94m--------------------------------------------------------------------------------------------------------------------------------------------------------------------------------------------------------------[0m
 Step |   Time |      Value |   four_hour_prob |   hour_prob |     kNN_k |        nx |        ny |   threshold |   w_accuracy |    w_hour |   w_month |   w_weekday |       w_x |    w_year |   weekday_prob | 
    1 | 20m25s | [35m   0.56951[0m | [32m          0.1000[0m | [32m     0.1000[0m | [32m  36.0000[0m | [32m  20.0000[0m | [32m  40.0000[0m | [32m     8.0000[0m | [32m     10.0000[0m | [32m   4.0000[0m | [32m   2.1000[0m | [32m     3.1000[0m | [32m 490.0000[0m | [32m  10.0000[0m | [32m        0.4000[0m | 
    2 | 19m43s |    0.56016 |           0.0441 |      0.1040 |   23.1307 |   21.4365 |   36.0135 |      5.8802 |       8.1911 |    8.7898 |    2.2218 |      1.4995 |  377.4567 |   17.1701 |         0.5305 | 
    3 | 22m40s |    0.56132 |           0.1582 |      0.2248 |   27.5618 |   12.0647 |   59.9514 |     10.7883 |      20.8476 |    3.8723 |    3.1433 |      6.4683 |  319.0726 |   12.0309 |         0.3753 | 
    4 | 29m05s |    0.55038 |           0.1058 |      0.2169 |   31.9696 |   45.5511 |   51.7814 |      5.0888 |      22.2036 |    7.3993 |    2.3062 |      9.4650 |  824.6425 |    4.3992 |         0.2384 | 
[31mBayesian Optimization[0m
[94m--------------------------------------------------------------------------------------------------------------------------------------------------------------------------------------------------------------[0m
 Step |   Time |      Value |   four_hour_prob |   hour_prob |     kNN_k |        nx |        ny |   threshold |   w_accuracy |    w_hour |   w_month |   w_weekday |       w_x |    w_year |   weekday_prob | 
    5 | 25m26s |    0.54884 |           0.2096 |      0.0779 |   29.9916 |   30.9650 |   12.6291 |      5.5736 |       9.1264 |    7.0370 |    5.0188 |      9.1440 |  624.2262 |    9.7188 |         0.5738 | 
[31mBayesian Optimization[0m
[94m--------------------------------------------------------------------------------------------------------------------------------------------------------------------------------------------------------------[0m
 Step |   Time |      Value |   four_hour_prob |   hour_prob |     kNN_k |        nx |        ny |   threshold |   w_accuracy |    w_hour |   w_month |   w_weekday |       w_x |    w_year |   weekday_prob | 
    6 | 38m46s |    0.56135 |           0.1464 |      0.1176 |   23.4675 |   54.8901 |   46.7008 |      3.1061 |      14.7523 |    3.8180 |    9.2422 |      6.3055 |  942.3068 |   15.8786 |         0.4679 | 
    7 | 26m33s |    0.55375 |           0.0865 |      0.0158 |   38.1567 |   56.2982 |   19.3575 |      4.1830 |      23.2067 |    3.3361 |    6.2317 |      8.4636 |  449.5075 |    3.8968 |         0.4720 | 
    8 | 20m11s |    0.55898 |           0.1076 |      0.0573 |   28.6811 |   17.7689 |   49.0877 |     10.8145 |      17.0041 |    2.1568 |    9.8500 |      5.7603 |  980.4458 |   19.7841 |         0.5542 | 
[31mBayesian Optimization[0m
[94m--------------------------------------------------------------------------------------------------------------------------------------------------------------------------------------------------------------[0m
 Step |   Time |      Value |   four_hour_prob |   hour_prob |     kNN_k |        nx |        ny |   threshold |   w_accuracy |    w_hour |   w_month |   w_weekday |       w_x |    w_year |   weekday_prob | 
    9 | 24m34s | [35m   0.57182[0m | [32m          0.2220[0m | [32m     0.1757[0m | [32m  25.1215[0m | [32m  43.0849[0m | [32m  32.4920[0m | [32m     6.8664[0m | [32m     18.4585[0m | [32m   1.3240[0m | [32m   5.9346[0m | [32m     4.4219[0m | [32m 798.6085[0m | [32m  16.8561[0m | [32m        0.4531[0m | 
   10 | 25m02s |    0.56428 |           0.1896 |      0.1208 |   21.8115 |   31.7385 |   36.7206 |      5.5051 |      28.4892 |    5.0670 |    3.6226 |      5.8785 |  989.9172 |   18.6286 |         0.4279 | 
   11 | 22m21s |    0.55659 |           0.1108 |      0.0271 |   38.2960 |   44.7808 |   15.2245 |      4.9872 |       9.5500 |    4.2748 |    5.3451 |      9.7775 |  712.0036 |   18.4662 |         0.4353 | 
[31mBayesian Optimization[0m
[94m--------------------------------------------------------------------------------------------------------------------------------------------------------------------------------------------------------------[0m
 Step |   Time |      Value |   four_hour_prob |   hour_prob |     kNN_k |        nx |        ny |   threshold |   w_accuracy |    w_hour |   w_month |   w_weekday |       w_x |    w_year |   weekday_prob | 
   12 | 28m09s |    0.56283 |           0.1220 |      0.2943 |   26.2133 |   48.3909 |   30.0094 |      2.8104 |       6.1160 |    3.7743 |    9.1887 |      4.9383 |  648.6965 |   15.0476 |         0.1341 | 
   13 | 33m29s | [35m   0.57259[0m | [32m          0.2110[0m | [32m     0.1114[0m | [32m  39.5319[0m | [32m  57.6501[0m | [32m  38.3469[0m | [32m     9.8665[0m | [32m     14.0911[0m | [32m   1.7411[0m | [32m   7.6855[0m | [32m     1.8639[0m | [32m 349.7041[0m | [32m  12.8036[0m | [32m        0.3380[0m | 
   14 | 27m26s |    0.55543 |           0.1922 |      0.1344 |   34.2851 |   32.1918 |   12.4578 |      4.4590 |      24.3766 |    7.5402 |    1.5430 |      5.6983 |  555.9380 |   19.9327 |         0.3711 | 
[31mBayesian Optimization[0m
[94m--------------------------------------------------------------------------------------------------------------------------------------------------------------------------------------------------------------[0m
 Step |   Time |      Value |   four_hour_prob |   hour_prob |     kNN_k |        nx |        ny |   threshold |   w_accuracy |    w_hour |   w_month |   w_weekday |       w_x |    w_year |   weekday_prob | 
   15 | 29m54s |    0.55831 |           0.2808 |      0.0124 |   39.9342 |   19.6482 |   14.5522 |      5.6058 |      18.4706 |    6.0124 |    7.1993 |      6.2895 |  519.9186 |   16.8033 |         0.4584 | 
   16 | 28m09s |    0.56092 |           0.2715 |      0.1133 |   24.4345 |   20.9796 |   27.3982 |      8.1914 |      21.9811 |    5.3418 |    2.8095 |      7.3468 |  610.7544 |   17.7163 |         0.2075 | 
   17 | 30m47s |    0.54084 |           0.1925 |      0.1472 |   28.0418 |   23.3092 |   44.3501 |     10.0939 |      26.6269 |    8.1826 |    1.6342 |      6.4952 |  224.1630 |   19.2397 |         0.1516 | 
[31mBayesian Optimization[0m
[94m--------------------------------------------------------------------------------------------------------------------------------------------------------------------------------------------------------------[0m
 Step |   Time |      Value |   four_hour_prob |   hour_prob |     kNN_k |        nx |        ny |   threshold |   w_accuracy |    w_hour |   w_month |   w_weekday |       w_x |    w_year |   weekday_prob | 
   18 | 35m15s |    0.55841 |           0.1192 |      0.2000 |   38.4532 |   59.1318 |   41.2951 |      3.6011 |       6.9826 |    4.1878 |    2.9702 |      8.1540 |  627.6931 |   19.2360 |         0.1134 | 
   19 | 37m10s |    0.54572 |           0.2795 |      0.1701 |   20.9143 |   59.2671 |   37.9183 |     10.4749 |      10.4040 |    8.6780 |    1.9486 |      7.7332 |  485.9160 |   19.3917 |         0.4950 | 
   20 | 30m46s |    0.55629 |           0.1580 |      0.0533 |   32.2013 |   13.1105 |   17.2736 |      3.9489 |      11.3620 |    8.7732 |    2.5305 |      1.2630 |  846.5451 |   11.3028 |         0.3092 | 
[31mBayesian Optimization[0m
[94m--------------------------------------------------------------------------------------------------------------------------------------------------------------------------------------------------------------[0m
 Step |   Time |      Value |   four_hour_prob |   hour_prob |     kNN_k |        nx |        ny |   threshold |   w_accuracy |    w_hour |   w_month |   w_weekday |       w_x |    w_year |   weekday_prob | 
   21 | 23m06s |    0.55802 |           0.2409 |      0.1919 |   31.6069 |   35.0680 |   35.2372 |      8.6312 |      22.8314 |    6.6817 |    2.5252 |      3.1253 |  811.7114 |    3.2398 |         0.3131 | 
   22 | 28m36s |    0.55614 |           0.0773 |      0.1537 |   39.6104 |   23.4612 |   49.5559 |      8.8786 |      23.3022 |    3.3088 |    4.7773 |      8.6826 |  237.1750 |   12.0661 |         0.2457 | 
   23 | 28m27s |    0.54999 |           0.2977 |      0.1426 |   23.2905 |   24.8885 |   43.7004 |      6.6163 |       3.7843 |    6.8263 |    3.8807 |      7.4422 |  746.4801 |    4.4326 |         0.1686 | 
[31mBayesian Optimization[0m
[94m--------------------------------------------------------------------------------------------------------------------------------------------------------------------------------------------------------------[0m
 Step |   Time |      Value |   four_hour_prob |   hour_prob |     kNN_k |        nx |        ny |   threshold |   w_accuracy |    w_hour |   w_month |   w_weekday |       w_x |    w_year |   weekday_prob | 
   24 | 23m44s |    0.54473 |           0.0672 |      0.0246 |   37.3390 |   12.1578 |   55.9318 |      8.4137 |      15.0849 |    3.8592 |    1.4986 |      8.7754 |  287.6084 |    3.0578 |         0.5249 | 
   25 | 29m41s |    0.56030 |           0.2890 |      0.0943 |   25.3769 |   28.0190 |   16.6927 |      9.2855 |      29.0783 |    5.1923 |    2.8890 |      7.3171 |  561.7141 |   10.1995 |         0.1466 | 
   26 | 44m52s |    0.54463 |           0.0750 |      0.2055 |   38.2755 |   59.9832 |   42.5483 |      6.2228 |       6.8353 |    9.8762 |    6.1533 |      6.6788 |  607.6806 |    3.1784 |         0.5652 | 
[31mBayesian Optimization[0m
[94m--------------------------------------------------------------------------------------------------------------------------------------------------------------------------------------------------------------[0m
 Step |   Time |      Value |   four_hour_prob |   hour_prob |     kNN_k |        nx |        ny |   threshold |   w_accuracy |    w_hour |   w_month |   w_weekday |       w_x |    w_year |   weekday_prob | 
   27 | 58m04s |    0.56144 |           0.2832 |      0.2721 |   26.0218 |   58.2782 |   53.5517 |      8.5628 |       7.6779 |    2.1258 |    3.2759 |      5.7424 |  350.3904 |    5.5908 |         0.2875 | 
   28 | 33m48s |    0.56290 |           0.0633 |      0.0781 |   35.7497 |   44.0144 |   32.7253 |      9.8033 |      17.8891 |    3.1365 |    6.1803 |      5.0986 |  342.0887 |    4.7785 |         0.2457 | 
   29 | 31m09s |    0.55351 |           0.0870 |      0.1248 |   26.2898 |   57.5002 |   12.4447 |      3.4654 |      14.9063 |    8.2001 |    1.8060 |      6.9486 |  537.1022 |   14.3468 |         0.5027 | 
[31mBayesian Optimization[0m
[94m--------------------------------------------------------------------------------------------------------------------------------------------------------------------------------------------------------------[0m
 Step |   Time |      Value |   four_hour_prob |   hour_prob |     kNN_k |        nx |        ny |   threshold |   w_accuracy |    w_hour |   w_month |   w_weekday |       w_x |    w_year |   weekday_prob | 
   30 | 30m28s |    0.55859 |           0.1594 |      0.1264 |   26.6459 |   22.8511 |   14.5207 |      6.4015 |      29.2890 |    3.6930 |    3.2008 |      6.0061 |  862.1773 |    3.7834 |         0.5172 | 
   31 | 35m04s |    0.54635 |           0.1674 |      0.2913 |   22.2243 |   56.8970 |   24.0053 |      3.8987 |       4.7714 |    6.5186 |    7.3000 |      9.0299 |  629.7612 |    7.1973 |         0.4698 | 
   32 | 40m37s |    0.56100 |           0.2602 |      0.1566 |   35.5805 |   55.3787 |   31.2133 |      3.7395 |      13.1401 |    3.1150 |    7.7273 |      4.7170 |  313.2183 |    7.9845 |         0.1112 | 
[31mBayesian Optimization[0m
[94m--------------------------------------------------------------------------------------------------------------------------------------------------------------------------------------------------------------[0m
 Step |   Time |      Value |   four_hour_prob |   hour_prob |     kNN_k |        nx |        ny |   threshold |   w_accuracy |    w_hour |   w_month |   w_weekday |       w_x |    w_year |   weekday_prob | 
   33 | 27m46s |    0.56268 |           0.1405 |      0.0796 |   25.5848 |   23.3272 |   31.4652 |      7.9459 |       4.0253 |    7.5790 |    5.2774 |      2.4776 |  662.2477 |   19.4520 |         0.3463 | 
