4b15c9aa-1457-4631-937f-c1d4e61c799d
[31mInitialization[0m
[94m--------------------------------------------------------------------------------------------------------------------------------------------------------------------------------------------------------------[0m
 Step |   Time |      Value |   four_hour_prob |   hour_prob |     kNN_k |        nx |        ny |   threshold |   w_accuracy |    w_hour |   w_month |   w_weekday |       w_x |    w_year |   weekday_prob | 
    1 | 14m41s | [35m   0.56951[0m | [32m          0.1000[0m | [32m     0.1000[0m | [32m  36.0000[0m | [32m  20.0000[0m | [32m  40.0000[0m | [32m     8.0000[0m | [32m     10.0000[0m | [32m   4.0000[0m | [32m   2.1000[0m | [32m     3.1000[0m | [32m 490.0000[0m | [32m  10.0000[0m | [32m        0.4000[0m | 
    2 | 24m25s |    0.55750 |           0.2800 |      0.0304 |   39.0460 |   48.7561 |   39.7086 |      5.3235 |      23.3135 |    1.4828 |    2.9521 |      8.0179 |  221.4771 |    5.2762 |         0.2063 | 
    3 | 21m24s |    0.55824 |           0.1333 |      0.0832 |   23.9767 |   26.0578 |   55.3212 |     10.1192 |      10.2200 |    1.0272 |    4.4212 |      5.7793 |  297.3261 |   13.9347 |         0.4643 | 
    4 | 20m45s |    0.56451 |           0.2003 |      0.0856 |   33.3285 |   31.6643 |   57.9745 |      6.2847 |      21.2483 |    7.4014 |    5.1585 |      3.2327 |  849.4222 |   10.0763 |         0.3039 | 
[31mBayesian Optimization[0m
[94m--------------------------------------------------------------------------------------------------------------------------------------------------------------------------------------------------------------[0m
 Step |   Time |      Value |   four_hour_prob |   hour_prob |     kNN_k |        nx |        ny |   threshold |   w_accuracy |    w_hour |   w_month |   w_weekday |       w_x |    w_year |   weekday_prob | 
    5 | 18m00s |    0.56016 |           0.1897 |      0.1128 |   29.1370 |   21.2217 |   47.0259 |      5.7408 |      25.2256 |    4.7232 |    5.2157 |      6.6890 |  867.5954 |    4.2273 |         0.2848 | 
[31mBayesian Optimization[0m
[94m--------------------------------------------------------------------------------------------------------------------------------------------------------------------------------------------------------------[0m
 Step |   Time |      Value |   four_hour_prob |   hour_prob |     kNN_k |        nx |        ny |   threshold |   w_accuracy |    w_hour |   w_month |   w_weekday |       w_x |    w_year |   weekday_prob | 
    6 | 21m37s |    0.56631 |           0.2790 |      0.2080 |   37.5573 |   50.1381 |   15.2425 |      6.3584 |      23.3901 |    1.6034 |    7.3062 |      4.9967 |  266.1873 |   15.1817 |         0.4317 | 
    7 | 22m05s |    0.53599 |           0.0374 |      0.2276 |   23.1212 |   31.6098 |   49.9108 |      3.5472 |      20.9989 |    8.4404 |    5.8335 |      8.3847 |  231.2295 |    3.1382 |         0.2142 | 
    8 | 19m50s |    0.56178 |           0.0255 |      0.2525 |   36.1336 |   42.9958 |   36.9655 |      9.3181 |      28.4609 |    9.3680 |    3.5802 |      2.5361 |  495.4725 |   12.3331 |         0.1716 | 
[31mBayesian Optimization[0m
[94m--------------------------------------------------------------------------------------------------------------------------------------------------------------------------------------------------------------[0m
 Step |   Time |      Value |   four_hour_prob |   hour_prob |     kNN_k |        nx |        ny |   threshold |   w_accuracy |    w_hour |   w_month |   w_weekday |       w_x |    w_year |   weekday_prob | 
