7b987358-62a5-4298-be1b-f08008ed9997
[31mInitialization[0m
[94m-------------------------------------------------------------------------------------------------------------------------------------------------------------[0m
 Step |   Time |      Value |     kNN_k |        nx |        ny |   threshold |     w_acc |   w_day_of_yr |     w_min |   w_weekday |       w_x |    w_year | 
    1 | 07m13s | [35m   0.55282[0m | [32m  31.0000[0m | [32m  20.0000[0m | [32m  20.0000[0m | [32m     5.0000[0m | [32m   0.6000[0m | [32m       0.3293[0m | [32m   0.5652[0m | [32m     0.2670[0m | [32m  22.0000[0m | [32m   0.5179[0m | 
    2 | 14m08s |    0.47337 |   28.3804 |   38.8040 |   41.4212 |      9.4316 |    1.1862 |        0.3382 |    0.6108 |      1.9169 |   14.9367 |    2.0104 | 
    3 | 07m57s |    0.52258 |   33.2589 |   11.0751 |   30.9070 |      2.9511 |    1.1798 |        0.0580 |    0.9236 |      1.0408 |   33.6686 |    0.7828 | 
    4 | 10m40s |    0.48861 |   39.7591 |   21.5354 |   15.7467 |      9.3234 |    1.9580 |        1.0850 |    1.3550 |      1.5034 |   19.4137 |    2.8589 | 
[31mBayesian Optimization[0m
[94m-------------------------------------------------------------------------------------------------------------------------------------------------------------[0m
 Step |   Time |      Value |     kNN_k |        nx |        ny |   threshold |     w_acc |   w_day_of_yr |     w_min |   w_weekday |       w_x |    w_year | 
    5 | 10m55s |    0.43436 |   26.0228 |   38.4865 |   29.7654 |      8.1200 |    0.4968 |        0.1462 |    2.6807 |      2.9042 |    6.2562 |    1.2936 | 
[31mBayesian Optimization[0m
[94m-------------------------------------------------------------------------------------------------------------------------------------------------------------[0m
 Step |   Time |      Value |     kNN_k |        nx |        ny |   threshold |     w_acc |   w_day_of_yr |     w_min |   w_weekday |       w_x |    w_year | 
    6 | 11m43s |    0.52096 |   39.0211 |   35.9153 |   18.3843 |      2.2678 |    1.9688 |        1.8624 |    2.7515 |      0.2370 |   35.0613 |    2.0736 | 
    7 | 14m33s |    0.48772 |   29.1535 |   43.8277 |   35.9763 |      2.2914 |    1.6532 |        1.4698 |    2.6480 |      2.6865 |   34.5924 |    1.6692 | 
    8 | 09m54s |    0.50574 |   23.7960 |   47.1536 |   22.0368 |      7.3414 |    0.3584 |        0.1153 |    0.7085 |      1.6753 |   48.6082 |    0.0895 | 
[31mBayesian Optimization[0m
[94m-------------------------------------------------------------------------------------------------------------------------------------------------------------[0m
 Step |   Time |      Value |     kNN_k |        nx |        ny |   threshold |     w_acc |   w_day_of_yr |     w_min |   w_weekday |       w_x |    w_year | 
    9 | 16m29s |    0.46810 |   31.0230 |   44.6047 |   41.6301 |      4.8697 |    1.4053 |        0.1316 |    1.5838 |      1.4382 |   13.8640 |    2.9095 | 
   10 | 13m46s |    0.49583 |   32.7080 |   10.0507 |   16.2876 |      9.8981 |    1.7192 |        1.7016 |    2.3695 |      0.2167 |   10.1134 |    1.3822 | 
   11 | 08m05s |    0.48736 |   27.1569 |   11.2089 |   30.1596 |      2.2298 |    0.6943 |        0.3379 |    2.6856 |      1.6365 |   45.7173 |    2.7056 | 
[31mBayesian Optimization[0m
[94m-------------------------------------------------------------------------------------------------------------------------------------------------------------[0m
 Step |   Time |      Value |     kNN_k |        nx |        ny |   threshold |     w_acc |   w_day_of_yr |     w_min |   w_weekday |       w_x |    w_year | 
   12 | 06m33s |    0.47744 |   22.9903 |   12.8692 |   30.3598 |      8.1950 |    1.6172 |        0.1729 |    1.0215 |      2.4690 |    7.0646 |    0.6722 | 
   13 | 08m49s |    0.52667 |   20.0414 |   35.0589 |   15.1378 |      2.2208 |    0.8068 |        1.5414 |    2.5923 |      0.7228 |   34.4840 |    1.3594 | 
   14 | 11m28s |    0.51284 |   27.5212 |   37.5128 |   31.5892 |      8.2647 |    1.3874 |        1.9367 |    3.0520 |      0.1131 |   33.8840 |    1.3808 | 
[31mBayesian Optimization[0m
[94m-------------------------------------------------------------------------------------------------------------------------------------------------------------[0m
 Step |   Time |      Value |     kNN_k |        nx |        ny |   threshold |     w_acc |   w_day_of_yr |     w_min |   w_weekday |       w_x |    w_year | 
   15 | 11m05s |    0.48319 |   33.5280 |   21.2981 |   29.5468 |      6.0274 |    0.5962 |        1.2376 |    3.2083 |      0.8971 |    8.9647 |    0.9852 | 
   16 | 07m04s |    0.41374 |   33.7193 |   19.3850 |   29.2019 |      8.7417 |    1.3320 |        0.1151 |    1.7095 |      2.8462 |    5.9283 |    2.4501 | 
   17 | 09m41s |    0.52558 |   32.1953 |   24.1011 |   38.7918 |      3.7765 |    1.6743 |        1.1101 |    2.4797 |      0.1280 |   23.5771 |    0.5587 | 
[31mBayesian Optimization[0m
[94m-------------------------------------------------------------------------------------------------------------------------------------------------------------[0m
 Step |   Time |      Value |     kNN_k |        nx |        ny |   threshold |     w_acc |   w_day_of_yr |     w_min |   w_weekday |       w_x |    w_year | 
   18 | 06m19s |    0.47925 |   30.1146 |   13.5504 |   34.8293 |      6.0086 |    0.8117 |        0.2779 |    0.4347 |      2.2846 |   33.7131 |    2.2928 | 
   19 | 08m07s |    0.51688 |   20.6420 |   34.2533 |   18.0002 |      4.1195 |    1.1887 |        0.8442 |    0.5413 |      0.2572 |    5.4470 |    0.9617 | 
   20 | 17m40s |    0.52378 |   21.1049 |   41.6452 |   48.0914 |      6.1478 |    1.1372 |        0.9729 |    0.7150 |      0.9869 |   18.7655 |    1.1270 | 
[31mBayesian Optimization[0m
[94m-------------------------------------------------------------------------------------------------------------------------------------------------------------[0m
 Step |   Time |      Value |     kNN_k |        nx |        ny |   threshold |     w_acc |   w_day_of_yr |     w_min |   w_weekday |       w_x |    w_year | 
   21 | 12m19s |    0.44635 |   25.4916 |   27.5991 |   31.0040 |      3.6839 |    1.6541 |        1.6989 |    2.3324 |      2.1753 |    9.2533 |    0.7600 | 
   22 | 09m47s |    0.46758 |   25.8639 |   27.5400 |   32.7471 |      2.2951 |    0.3490 |        0.4993 |    3.2113 |      1.4913 |    8.6043 |    0.5874 | 
   23 | 14m22s |    0.50313 |   21.5919 |   42.1682 |   38.5784 |      9.4342 |    1.4132 |        1.1235 |    3.1076 |      1.7050 |   45.6767 |    0.4774 | 
[31mBayesian Optimization[0m
[94m-------------------------------------------------------------------------------------------------------------------------------------------------------------[0m
 Step |   Time |      Value |     kNN_k |        nx |        ny |   threshold |     w_acc |   w_day_of_yr |     w_min |   w_weekday |       w_x |    w_year | 
   24 | 12m20s |    0.51536 |   37.2887 |   38.0841 |   34.0378 |      9.1531 |    1.9728 |        1.7447 |    1.5344 |      0.4198 |   20.4056 |    2.5857 | 
   25 | 07m57s |    0.52247 |   23.8475 |   39.4006 |   17.8545 |      3.8569 |    1.8966 |        0.0538 |    2.5736 |      0.4553 |   38.4621 |    1.2876 | 
   26 | 10m54s |    0.50355 |   29.3012 |   28.5887 |   36.9363 |      4.3097 |    0.4752 |        1.4172 |    2.1224 |      2.1109 |   47.2745 |    1.3718 | 
[31mBayesian Optimization[0m
[94m-------------------------------------------------------------------------------------------------------------------------------------------------------------[0m
 Step |   Time |      Value |     kNN_k |        nx |        ny |   threshold |     w_acc |   w_day_of_yr |     w_min |   w_weekday |       w_x |    w_year | 
   27 | 08m55s |    0.48186 |   31.2463 |   27.9921 |   11.8036 |      2.0575 |    0.4956 |        1.1330 |    1.7335 |      2.9190 |   31.1734 |    2.3196 | 
   28 | 07m28s |    0.48498 |   25.2004 |   14.1259 |   43.5329 |      8.9183 |    0.3566 |        0.2312 |    2.1071 |      2.3251 |   15.4199 |    0.8911 | 
   29 | 09m10s |    0.52546 |   23.5885 |   13.1176 |   32.6701 |      4.8832 |    0.7628 |        1.0357 |    3.1062 |      0.2479 |   33.6577 |    1.7296 | 
[31mBayesian Optimization[0m
[94m-------------------------------------------------------------------------------------------------------------------------------------------------------------[0m
 Step |   Time |      Value |     kNN_k |        nx |        ny |   threshold |     w_acc |   w_day_of_yr |     w_min |   w_weekday |       w_x |    w_year | 
   30 | 15m41s |    0.51778 |   21.1783 |   42.6303 |   41.8796 |      8.6210 |    1.8084 |        0.7115 |    1.4967 |      0.0314 |   14.4322 |    1.7103 | 
   31 | 15m22s |    0.50394 |   38.6144 |   36.1657 |   48.9615 |      5.7016 |    0.1456 |        1.8151 |    2.9602 |      0.1519 |   28.9711 |    0.8028 | 
   32 | 14m16s |    0.49365 |   20.8198 |   39.8750 |   39.6494 |      6.6323 |    1.1543 |        0.1471 |    0.4341 |      2.0681 |    6.2599 |    0.3191 | 
[31mBayesian Optimization[0m
[94m-------------------------------------------------------------------------------------------------------------------------------------------------------------[0m
 Step |   Time |      Value |     kNN_k |        nx |        ny |   threshold |     w_acc |   w_day_of_yr |     w_min |   w_weekday |       w_x |    w_year | 
   33 | 12m58s |    0.48006 |   23.2651 |   47.5591 |   28.8515 |      4.3328 |    1.9623 |        0.5268 |    2.4876 |      2.2029 |   25.7833 |    2.1279 | 
   34 | 08m28s |    0.50678 |   38.0259 |   32.8433 |   12.6471 |      6.9805 |    0.3930 |        0.4995 |    2.1027 |      1.7487 |   31.4312 |    0.7791 | 
   35 | 06m28s |    0.47038 |   21.3661 |   12.5532 |   23.0145 |      7.1849 |    0.9835 |        0.1441 |    1.9215 |      2.3960 |   41.4506 |    2.8923 | 
[31mBayesian Optimization[0m
[94m-------------------------------------------------------------------------------------------------------------------------------------------------------------[0m
 Step |   Time |      Value |     kNN_k |        nx |        ny |   threshold |     w_acc |   w_day_of_yr |     w_min |   w_weekday |       w_x |    w_year | 
   36 | 09m41s |    0.49136 |   25.9216 |   27.2612 |   10.2215 |      8.8000 |    0.3533 |        1.5269 |    2.6946 |      1.7480 |   22.9092 |    1.8438 | 
   37 | 08m52s |    0.49358 |   34.1364 |   31.2649 |   26.9024 |      2.4250 |    0.2850 |        0.2944 |    3.2181 |      1.9717 |   38.5195 |    1.0599 | 
   38 | 16m18s |    0.49418 |   21.0463 |   41.6328 |   44.9060 |      2.4466 |    0.8496 |        1.3884 |    2.3000 |      2.3351 |   39.6645 |    1.9346 | 
[31mBayesian Optimization[0m
[94m-------------------------------------------------------------------------------------------------------------------------------------------------------------[0m
 Step |   Time |      Value |     kNN_k |        nx |        ny |   threshold |     w_acc |   w_day_of_yr |     w_min |   w_weekday |       w_x |    w_year | 
   39 | 10m41s |    0.50607 |   35.2786 |   29.7457 |   34.7750 |      2.9765 |    0.5994 |        1.2678 |    1.1988 |      1.8617 |   27.9143 |    1.4327 | 
   40 | 09m45s |    0.52349 |   27.9221 |   28.8208 |   30.1651 |      8.7695 |    0.5022 |        1.7662 |    1.6096 |      0.7718 |   24.8827 |    1.5366 | 
   41 | 07m36s |    0.53696 |   26.6973 |   20.2725 |   14.4361 |      7.0972 |    1.9804 |        0.7575 |    1.9897 |      0.6271 |   42.0041 |    0.3872 | 
[31mBayesian Optimization[0m
[94m-------------------------------------------------------------------------------------------------------------------------------------------------------------[0m
 Step |   Time |      Value |     kNN_k |        nx |        ny |   threshold |     w_acc |   w_day_of_yr |     w_min |   w_weekday |       w_x |    w_year | 
   42 | 16m03s |    0.49697 |   33.6330 |   43.0736 |   42.9989 |      7.1452 |    1.5283 |        0.9967 |    3.4635 |      1.3049 |   37.8859 |    2.9916 | 
   43 | 07m45s |    0.52767 |   27.6136 |   17.3208 |   40.2115 |      4.1421 |    0.3379 |        0.8441 |    2.8280 |      0.1032 |   34.5745 |    1.2338 | 
   44 | 08m47s |    0.48760 |   21.9320 |   35.2274 |   10.2163 |      3.1350 |    1.1055 |        1.5623 |    3.0832 |      2.7706 |   46.2440 |    0.9713 | 
[31mBayesian Optimization[0m
[94m-------------------------------------------------------------------------------------------------------------------------------------------------------------[0m
 Step |   Time |      Value |     kNN_k |        nx |        ny |   threshold |     w_acc |   w_day_of_yr |     w_min |   w_weekday |       w_x |    w_year | 
   45 | 12m13s |    0.46306 |   26.0005 |   38.4153 |   34.8980 |      6.0748 |    0.2334 |        0.4509 |    1.0045 |      2.9757 |   16.6844 |    2.4904 | 
   46 | 07m07s |    0.52157 |   27.4614 |   38.4758 |   11.7136 |      8.9680 |    0.2171 |        1.8373 |    1.0518 |      0.6743 |   29.9962 |    1.0494 | 
   47 | 08m14s |    0.48270 |   34.6352 |   48.7415 |   14.6979 |      7.0563 |    0.4884 |        0.9325 |    3.0770 |      2.6249 |   27.2444 |    1.0386 | 
[31mBayesian Optimization[0m
[94m-------------------------------------------------------------------------------------------------------------------------------------------------------------[0m
 Step |   Time |      Value |     kNN_k |        nx |        ny |   threshold |     w_acc |   w_day_of_yr |     w_min |   w_weekday |       w_x |    w_year | 
   48 | 07m36s |    0.48681 |   33.4628 |   40.0679 |   10.1905 |      5.9211 |    0.3709 |        1.5695 |    0.5301 |      0.5831 |    9.2733 |    2.9393 | 
   49 | 08m51s |    0.51170 |   22.7443 |   46.2623 |   18.2560 |      5.9098 |    0.9664 |        1.2114 |    0.5616 |      1.6662 |   47.3445 |    1.1656 | 
   50 | 09m54s |    0.49794 |   30.8363 |   24.0971 |   10.2732 |      4.7232 |    1.9665 |        0.4271 |    1.9800 |      1.8800 |   18.2573 |    0.6559 | 
[31mBayesian Optimization[0m
[94m-------------------------------------------------------------------------------------------------------------------------------------------------------------[0m
 Step |   Time |      Value |     kNN_k |        nx |        ny |   threshold |     w_acc |   w_day_of_yr |     w_min |   w_weekday |       w_x |    w_year | 
   51 | 07m23s |    0.48187 |   32.0767 |   47.9442 |   10.1612 |      7.3236 |    0.6643 |        0.6432 |    0.8611 |      2.3946 |   26.4358 |    2.1691 | 
   52 | 10m15s |    0.49057 |   24.3257 |   19.7181 |   49.2690 |      6.7564 |    0.2504 |        1.7245 |    2.3146 |      2.1971 |   33.4121 |    0.9003 | 
   53 | 08m03s |    0.50072 |   21.4466 |   42.7355 |   12.4561 |      9.2801 |    0.9025 |        0.6823 |    0.8550 |      1.3274 |   15.5320 |    1.5387 | 
[31mBayesian Optimization[0m
[94m-------------------------------------------------------------------------------------------------------------------------------------------------------------[0m
 Step |   Time |      Value |     kNN_k |        nx |        ny |   threshold |     w_acc |   w_day_of_yr |     w_min |   w_weekday |       w_x |    w_year | 
   54 | 15m38s |    0.46302 |   27.8237 |   10.8293 |   43.7922 |      9.7735 |    1.8799 |        1.6675 |    2.9966 |      1.4432 |   10.0168 |    1.1875 | 
   55 | 10m46s |    0.47957 |   29.2787 |   47.7895 |   22.8012 |      8.2007 |    0.3143 |        1.2249 |    3.1359 |      2.5440 |   24.6792 |    1.2818 | 
   56 | 05m40s |    0.53296 |   35.5239 |   13.1847 |   19.4007 |      9.8885 |    0.2304 |        0.2209 |    0.2162 |      0.4189 |   45.4101 |    0.5430 | 
[31mBayesian Optimization[0m
[94m-------------------------------------------------------------------------------------------------------------------------------------------------------------[0m
 Step |   Time |      Value |     kNN_k |        nx |        ny |   threshold |     w_acc |   w_day_of_yr |     w_min |   w_weekday |       w_x |    w_year | 
   57 | 16m30s |    0.46748 |   39.0672 |   44.7287 |   41.8739 |      4.5083 |    1.6739 |        0.3603 |    1.3466 |      2.0613 |   17.5538 |    2.6364 | 
   58 | 08m35s |    0.47402 |   29.4876 |   14.9940 |   33.1344 |      4.0935 |    1.0984 |        0.1620 |    3.3830 |      2.1107 |   19.4848 |    1.3095 | 
   59 | 07m28s |    0.51441 |   34.5059 |   17.1325 |   10.9322 |      9.9774 |    1.1114 |        0.3460 |    1.6417 |      0.7083 |   41.7312 |    2.9553 | 
[31mBayesian Optimization[0m
[94m-------------------------------------------------------------------------------------------------------------------------------------------------------------[0m
 Step |   Time |      Value |     kNN_k |        nx |        ny |   threshold |     w_acc |   w_day_of_yr |     w_min |   w_weekday |       w_x |    w_year | 
   60 | 11m03s |    0.54179 |   29.9908 |   37.3170 |   31.8379 |      7.4701 |    0.6425 |        0.9683 |    0.6599 |      0.2357 |   45.3428 |    0.7600 | 
   61 | 17m07s |    0.49776 |   36.7914 |   43.6078 |   45.0848 |      7.7169 |    0.1411 |        0.8173 |    2.4496 |      0.8781 |   19.0404 |    2.4795 | 
   62 | 11m36s |    0.49615 |   23.9016 |   43.9128 |   22.5743 |      3.0716 |    1.7505 |        1.8920 |    3.1459 |      1.3447 |   26.6995 |    2.9541 | 
[31mBayesian Optimization[0m
[94m-------------------------------------------------------------------------------------------------------------------------------------------------------------[0m
 Step |   Time |      Value |     kNN_k |        nx |        ny |   threshold |     w_acc |   w_day_of_yr |     w_min |   w_weekday |       w_x |    w_year | 
   63 | 08m22s |    0.48789 |   28.2441 |   12.8912 |   39.3226 |      7.6885 |    1.9835 |        1.7863 |    0.1244 |      0.8415 |   21.1501 |    0.3835 | 
   64 | 11m20s |    0.47312 |   24.2802 |   28.6138 |   40.9398 |      3.4526 |    0.5010 |        0.4506 |    1.8014 |      2.8625 |   16.7613 |    1.7026 | 
   65 | 15m38s |    0.48164 |   37.1153 |   41.1468 |   42.3838 |      5.7286 |    0.5387 |        0.2270 |    1.0765 |      1.2481 |   15.8600 |    2.6966 | 
[31mBayesian Optimization[0m
[94m-------------------------------------------------------------------------------------------------------------------------------------------------------------[0m
 Step |   Time |      Value |     kNN_k |        nx |        ny |   threshold |     w_acc |   w_day_of_yr |     w_min |   w_weekday |       w_x |    w_year | 
   66 | 10m05s |    0.52058 |   21.6249 |   13.9509 |   31.6418 |      3.0667 |    1.1976 |        1.1808 |    1.3742 |      1.4382 |   38.7117 |    0.8067 | 
   67 | 10m42s |    0.50554 |   22.6865 |   20.9800 |   40.3937 |      5.1281 |    0.6357 |        1.8395 |    2.8721 |      1.4646 |   35.3794 |    2.1817 | 
   68 | 10m42s |    0.50523 |   31.2285 |   29.2747 |   16.0579 |      3.9892 |    0.6864 |        1.6335 |    1.0864 |      0.3940 |    9.3471 |    0.8748 | 
[31mBayesian Optimization[0m
[94m-------------------------------------------------------------------------------------------------------------------------------------------------------------[0m
 Step |   Time |      Value |     kNN_k |        nx |        ny |   threshold |     w_acc |   w_day_of_yr |     w_min |   w_weekday |       w_x |    w_year | 
   69 | 10m35s |    0.50696 |   36.4895 |   32.2329 |   24.8156 |      7.2066 |    0.7902 |        1.6464 |    0.7501 |      0.8824 |   14.5509 |    0.8784 | 
   70 | 09m36s |    0.48359 |   26.8944 |   38.2888 |   19.0234 |      3.4484 |    1.8031 |        0.2548 |    2.7053 |      2.3191 |   23.8666 |    1.3190 | 
   71 | 09m45s |    0.52733 |   34.8577 |   33.9706 |   26.0923 |      6.3368 |    0.7751 |        0.6253 |    0.4419 |      0.1217 |   20.2475 |    2.6439 | 
[31mBayesian Optimization[0m
[94m-------------------------------------------------------------------------------------------------------------------------------------------------------------[0m
 Step |   Time |      Value |     kNN_k |        nx |        ny |   threshold |     w_acc |   w_day_of_yr |     w_min |   w_weekday |       w_x |    w_year | 
   72 | 16m28s |    0.46452 |   35.2137 |   38.2108 |   47.3890 |      2.6858 |    0.9737 |        1.7757 |    3.1172 |      1.1378 |   12.3574 |    0.2158 | 
   73 | 10m04s |    0.48270 |   37.3978 |   18.0108 |   45.6513 |      5.9895 |    0.6208 |        0.3764 |    1.4858 |      1.9263 |   31.8387 |    2.7405 | 
   74 | 08m40s |    0.45071 |   26.1359 |   15.5689 |   45.2135 |      3.1249 |    0.4971 |        0.7501 |    1.4921 |      2.9818 |   14.4716 |    2.8650 | 
[31mBayesian Optimization[0m
[94m-------------------------------------------------------------------------------------------------------------------------------------------------------------[0m
 Step |   Time |      Value |     kNN_k |        nx |        ny |   threshold |     w_acc |   w_day_of_yr |     w_min |   w_weekday |       w_x |    w_year | 
   75 | 08m48s |    0.50734 |   37.3694 |   16.7989 |   10.2816 |      7.7457 |    0.4059 |        0.7784 |    0.9325 |      2.2765 |   26.2845 |    0.5534 | 
   76 | 11m54s |    0.52662 |   27.3191 |   29.7832 |   12.0005 |      6.1553 |    1.7464 |        1.0983 |    0.4998 |      0.9524 |   19.2668 |    1.0611 | 
   77 | 09m14s |    0.50827 |   28.5122 |   40.0131 |   15.1672 |      8.1712 |    1.2645 |        1.9599 |    0.6254 |      1.2789 |   48.5141 |    2.9778 | 
[31mBayesian Optimization[0m
[94m-------------------------------------------------------------------------------------------------------------------------------------------------------------[0m
 Step |   Time |      Value |     kNN_k |        nx |        ny |   threshold |     w_acc |   w_day_of_yr |     w_min |   w_weekday |       w_x |    w_year | 
   78 | 08m55s |    0.51965 |   25.4609 |   16.5769 |   12.6288 |      7.9894 |    1.1156 |        0.1723 |    1.0235 |      0.9352 |   22.7889 |    1.1485 | 
   79 | 09m45s |    0.51424 |   25.8942 |   36.9338 |   13.0214 |      6.7107 |    0.9663 |        1.9181 |    1.6228 |      0.6459 |   15.5512 |    1.6235 | 
   80 | 09m29s |    0.48685 |   34.5725 |   12.9042 |   23.0582 |      9.9899 |    0.4863 |        0.1843 |    2.9406 |      1.5924 |   18.5306 |    1.1035 | 
[31mBayesian Optimization[0m
[94m-------------------------------------------------------------------------------------------------------------------------------------------------------------[0m
 Step |   Time |      Value |     kNN_k |        nx |        ny |   threshold |     w_acc |   w_day_of_yr |     w_min |   w_weekday |       w_x |    w_year | 
   81 | 11m07s |    0.51001 |   22.3344 |   11.7461 |   11.2230 |      4.6114 |    0.9607 |        0.7992 |    0.8233 |      1.5062 |   26.1903 |    1.6376 | 
   82 | 10m04s |    0.47428 |   23.0071 |   42.6813 |   19.7873 |      4.7012 |    1.9874 |        1.9147 |    0.1576 |      2.0197 |   18.8400 |    1.5646 | 
   83 | 08m45s |    0.50124 |   35.7716 |   20.7394 |   12.9461 |      3.6622 |    0.1374 |        0.3354 |    2.3883 |      1.2065 |   27.1459 |    1.7816 | 
[31mBayesian Optimization[0m
[94m-------------------------------------------------------------------------------------------------------------------------------------------------------------[0m
 Step |   Time |      Value |     kNN_k |        nx |        ny |   threshold |     w_acc |   w_day_of_yr |     w_min |   w_weekday |       w_x |    w_year | 
   84 | 09m21s |    0.50736 |   28.9987 |   33.4980 |   16.3675 |      5.3924 |    0.9092 |        0.4361 |    2.9239 |      1.0891 |   31.1879 |    1.8658 | 
   85 | 11m18s |    0.46079 |   34.2043 |   39.3281 |   22.1528 |      2.1179 |    1.6039 |        1.3810 |    3.4206 |      2.5873 |   16.4525 |    0.3633 | 
   86 | 11m55s |    0.52128 |   30.1555 |   44.3298 |   26.9752 |      6.9848 |    1.5380 |        1.0313 |    0.2510 |      0.9850 |   33.9977 |    0.4923 | 
[31mBayesian Optimization[0m
[94m-------------------------------------------------------------------------------------------------------------------------------------------------------------[0m
 Step |   Time |      Value |     kNN_k |        nx |        ny |   threshold |     w_acc |   w_day_of_yr |     w_min |   w_weekday |       w_x |    w_year | 
   87 | 10m23s |    0.50694 |   35.0948 |   17.5030 |   49.7204 |      4.0622 |    1.5103 |        0.4777 |    3.4744 |      0.7562 |   43.1788 |    2.6677 | 
   88 | 16m07s |    0.49828 |   26.3639 |   42.8188 |   41.3732 |      3.5798 |    1.5064 |        1.9412 |    0.1079 |      0.2721 |   11.0628 |    1.9701 | 
   89 | 09m46s |    0.45064 |   22.7735 |   49.1120 |   17.8969 |      3.5302 |    1.1535 |        0.4960 |    2.6696 |      2.8066 |   20.6686 |    2.9318 | 
[31mBayesian Optimization[0m
[94m-------------------------------------------------------------------------------------------------------------------------------------------------------------[0m
 Step |   Time |      Value |     kNN_k |        nx |        ny |   threshold |     w_acc |   w_day_of_yr |     w_min |   w_weekday |       w_x |    w_year | 
   90 | 10m34s |    0.48620 |   29.4949 |   15.1776 |   41.3500 |      3.7917 |    1.8001 |        0.1401 |    3.3569 |      1.8526 |   28.0588 |    1.4969 | 
   91 | 09m07s |    0.49114 |   23.1019 |   40.8743 |   19.2296 |      9.1889 |    1.4246 |        0.3636 |    1.3207 |      2.4536 |   42.4495 |    1.8688 | 
   92 | 14m58s |    0.51025 |   33.4775 |   45.2228 |   36.1962 |      6.0997 |    0.5845 |        0.1689 |    2.9478 |      0.3949 |   25.1885 |    1.6331 | 
[31mBayesian Optimization[0m
[94m-------------------------------------------------------------------------------------------------------------------------------------------------------------[0m
 Step |   Time |      Value |     kNN_k |        nx |        ny |   threshold |     w_acc |   w_day_of_yr |     w_min |   w_weekday |       w_x |    w_year | 
   93 | 10m17s |    0.51635 |   33.3543 |   16.3749 |   25.1505 |      8.3865 |    0.2474 |        1.7229 |    1.6263 |      1.1136 |   25.1349 |    1.5542 | 
   94 | 07m26s |    0.52901 |   39.5339 |   17.6850 |   10.5831 |      4.0828 |    1.5003 |        0.4381 |    0.4142 |      0.4156 |   49.1553 |    1.8563 | 
   95 | 12m28s |    0.50963 |   37.7394 |   33.7045 |   36.4408 |      8.8886 |    0.2718 |        0.7568 |    2.2666 |      1.2924 |   23.8799 |    1.3243 | 
[31mBayesian Optimization[0m
[94m-------------------------------------------------------------------------------------------------------------------------------------------------------------[0m
 Step |   Time |      Value |     kNN_k |        nx |        ny |   threshold |     w_acc |   w_day_of_yr |     w_min |   w_weekday |       w_x |    w_year | 
   96 | 09m05s |    0.47854 |   26.8933 |   46.8006 |   15.7678 |      6.4543 |    0.4889 |        0.3440 |    0.6755 |      2.3284 |   33.5760 |    2.3773 | 
   97 | 10m46s |    0.49308 |   33.5644 |   22.2630 |   35.2895 |      8.2141 |    0.8819 |        0.6409 |    1.0572 |      1.2690 |    8.3133 |    0.4116 | 
   98 | 12m19s |    0.50700 |   26.9200 |   44.2142 |   28.0169 |      6.2729 |    0.8301 |        1.4819 |    1.4310 |      1.8736 |   43.9403 |    0.9415 | 
[31mBayesian Optimization[0m
[94m-------------------------------------------------------------------------------------------------------------------------------------------------------------[0m
 Step |   Time |      Value |     kNN_k |        nx |        ny |   threshold |     w_acc |   w_day_of_yr |     w_min |   w_weekday |       w_x |    w_year | 
   99 | 08m17s |    0.51756 |   23.6857 |   24.1606 |   16.0180 |      5.4757 |    1.0824 |        1.4554 |    0.5694 |      0.8759 |   39.9163 |    0.4106 | 
  100 | 09m34s |    0.47981 |   35.1050 |   40.7827 |   21.6670 |      7.8824 |    0.2044 |        1.9380 |    1.0494 |      2.9825 |   30.1321 |    1.5820 | 
  101 | 11m37s |    0.50955 |   36.1255 |   24.8275 |   11.9002 |      4.9888 |    0.3658 |        1.7318 |    3.2337 |      1.3519 |   36.1379 |    1.6313 | 
[31mBayesian Optimization[0m
[94m-------------------------------------------------------------------------------------------------------------------------------------------------------------[0m
 Step |   Time |      Value |     kNN_k |        nx |        ny |   threshold |     w_acc |   w_day_of_yr |     w_min |   w_weekday |       w_x |    w_year | 
  102 | 11m09s |    0.48596 |   35.1048 |   42.2533 |   18.9255 |      2.9178 |    0.3507 |        1.9365 |    2.3568 |      2.2313 |   36.7844 |    0.7522 | 
  103 | 06m57s |    0.51953 |   30.5308 |   20.2525 |   17.2739 |      4.8875 |    0.1149 |        0.2012 |    0.6197 |      1.1957 |   27.9215 |    0.5133 | 
  104 | 16m56s |    0.48776 |   20.8473 |   12.0422 |   15.6074 |      7.3246 |    1.4088 |        1.4873 |    2.6744 |      1.5850 |   16.4340 |    1.4086 | 
[31mBayesian Optimization[0m
[94m-------------------------------------------------------------------------------------------------------------------------------------------------------------[0m
 Step |   Time |      Value |     kNN_k |        nx |        ny |   threshold |     w_acc |   w_day_of_yr |     w_min |   w_weekday |       w_x |    w_year | 
  105 | 12m21s |    0.49233 |   31.9415 |   26.5170 |   44.4205 |      9.8587 |    1.0632 |        0.8714 |    1.4533 |      2.9645 |   38.2291 |    1.6801 | 
  106 | 09m13s |    0.48951 |   26.9577 |   14.4459 |   22.0859 |      2.9996 |    1.4414 |        0.1368 |    1.1918 |      1.4999 |   33.4020 |    2.7823 | 
  107 | 14m45s |    0.51718 |   28.4260 |   39.5076 |   38.7309 |      6.0930 |    0.8322 |        1.2905 |    3.2294 |      0.4407 |   43.8156 |    2.4255 | 
[31mBayesian Optimization[0m
[94m-------------------------------------------------------------------------------------------------------------------------------------------------------------[0m
 Step |   Time |      Value |     kNN_k |        nx |        ny |   threshold |     w_acc |   w_day_of_yr |     w_min |   w_weekday |       w_x |    w_year | 
  108 | 09m14s |    0.49620 |   22.8614 |   20.3440 |   19.0243 |      7.9234 |    0.4184 |        1.0265 |    1.4945 |      1.8816 |   43.5493 |    2.5242 | 
  109 | 13m45s |    0.48935 |   31.7456 |   19.1347 |   36.7281 |      4.2915 |    1.5409 |        1.1983 |    2.2681 |      1.3351 |   11.7370 |    0.9262 | 
  110 | 08m25s |    0.49011 |   25.3339 |   35.1259 |   18.4660 |      7.1917 |    1.0196 |        0.3788 |    3.0259 |      2.0295 |   21.1421 |    0.5040 | 
[31mBayesian Optimization[0m
[94m-------------------------------------------------------------------------------------------------------------------------------------------------------------[0m
 Step |   Time |      Value |     kNN_k |        nx |        ny |   threshold |     w_acc |   w_day_of_yr |     w_min |   w_weekday |       w_x |    w_year | 
  111 | 13m45s |    0.47652 |   36.8191 |   29.1647 |   47.8470 |      5.2081 |    1.6723 |        0.5105 |    0.1421 |      1.6834 |   25.7248 |    2.8751 | 
  112 | 20m39s |    0.52180 |   38.3738 |   47.6054 |   48.5740 |      4.2004 |    1.7233 |        0.6453 |    2.9137 |      0.1390 |   42.8216 |    0.1150 | 
  113 | 13m43s |    0.53391 |   27.0531 |   41.5200 |   33.5578 |      9.1600 |    1.9056 |        0.9326 |    1.7237 |      0.2948 |   23.1503 |    1.4825 | 
[31mBayesian Optimization[0m
[94m-------------------------------------------------------------------------------------------------------------------------------------------------------------[0m
 Step |   Time |      Value |     kNN_k |        nx |        ny |   threshold |     w_acc |   w_day_of_yr |     w_min |   w_weekday |       w_x |    w_year | 
  114 | 15m13s |    0.50029 |   22.1561 |   49.6742 |   32.4676 |      4.7221 |    1.4648 |        1.9374 |    0.0645 |      0.4253 |   29.9358 |    0.6401 | 
  115 | 12m28s |    0.46200 |   35.0663 |   12.6125 |   33.6506 |      8.6337 |    1.5512 |        0.9279 |    3.1589 |      2.1297 |   11.2383 |    0.6008 | 
  116 | 10m58s |    0.48380 |   33.5331 |   29.3852 |   21.6528 |      5.4943 |    1.0449 |        1.6338 |    1.8939 |      2.1677 |   28.2966 |    0.2225 | 
[31mBayesian Optimization[0m
[94m-------------------------------------------------------------------------------------------------------------------------------------------------------------[0m
 Step |   Time |      Value |     kNN_k |        nx |        ny |   threshold |     w_acc |   w_day_of_yr |     w_min |   w_weekday |       w_x |    w_year | 
  117 | 13m31s |    0.46678 |   20.6192 |   44.2038 |   31.5986 |      9.4105 |    1.5911 |        0.6287 |    0.9154 |      2.6800 |   11.6993 |    1.9470 | 
  118 | 08m39s |    0.49325 |   36.0127 |   42.5514 |   15.2338 |      9.6496 |    0.9313 |        0.3302 |    0.0525 |      1.3054 |   33.5472 |    1.7977 | 
  119 | 06m58s |    0.52083 |   20.6540 |   34.1309 |   12.8477 |      6.1717 |    0.5299 |        0.8444 |    0.0938 |      0.4471 |   32.0292 |    1.8882 | 
[31mBayesian Optimization[0m
[94m-------------------------------------------------------------------------------------------------------------------------------------------------------------[0m
 Step |   Time |      Value |     kNN_k |        nx |        ny |   threshold |     w_acc |   w_day_of_yr |     w_min |   w_weekday |       w_x |    w_year | 
  120 | 12m16s |    0.48493 |   24.8014 |   20.9218 |   48.6899 |      5.7511 |    1.4411 |        1.7687 |    3.0870 |      2.8406 |   46.8206 |    0.6797 | 
  121 | 13m49s |    0.49373 |   26.8630 |   26.5531 |   26.5171 |      9.5128 |    1.4680 |        1.8345 |    1.5469 |      2.1088 |   30.1729 |    2.3167 | 
  122 | 12m07s |    0.50699 |   31.9227 |   22.3880 |   46.2325 |      7.6060 |    1.8773 |        1.7657 |    1.6517 |      1.9367 |   46.9102 |    2.0949 | 
[31mBayesian Optimization[0m
[94m-------------------------------------------------------------------------------------------------------------------------------------------------------------[0m
 Step |   Time |      Value |     kNN_k |        nx |        ny |   threshold |     w_acc |   w_day_of_yr |     w_min |   w_weekday |       w_x |    w_year | 
  123 | 10m32s |    0.44656 |   34.4048 |   48.7161 |   17.6705 |      8.5164 |    0.8183 |        0.8760 |    2.5226 |      2.2805 |   13.1880 |    2.9973 | 
  124 | 09m09s |    0.50574 |   22.6105 |   16.5876 |   47.7957 |      3.0648 |    1.7446 |        0.5915 |    0.3850 |      2.6152 |   44.8728 |    0.5757 | 
  125 | 09m40s |    0.51236 |   27.0583 |   35.7578 |   23.9096 |      9.9848 |    0.8784 |        0.3421 |    2.5752 |      0.1040 |   19.1166 |    1.4937 | 
[31mBayesian Optimization[0m
[94m-------------------------------------------------------------------------------------------------------------------------------------------------------------[0m
 Step |   Time |      Value |     kNN_k |        nx |        ny |   threshold |     w_acc |   w_day_of_yr |     w_min |   w_weekday |       w_x |    w_year | 
  126 | 11m52s |    0.48439 |   22.5770 |   32.4933 |   31.7771 |      8.0579 |    0.6047 |        1.2359 |    1.4546 |      0.8280 |    7.9808 |    1.9788 | 
  127 | 07m29s |    0.48858 |   22.8422 |   25.8136 |   15.9634 |      9.9062 |    1.4108 |        0.8765 |    0.3494 |      2.6717 |   11.5545 |    0.3844 | 
  128 | 11m31s |    0.44228 |   23.8608 |   49.0494 |   23.4089 |      5.6406 |    0.4448 |        1.9222 |    2.4482 |      2.1935 |   10.0712 |    0.5485 | 
[31mBayesian Optimization[0m
[94m-------------------------------------------------------------------------------------------------------------------------------------------------------------[0m
 Step |   Time |      Value |     kNN_k |        nx |        ny |   threshold |     w_acc |   w_day_of_yr |     w_min |   w_weekday |       w_x |    w_year | 
  129 | 11m25s |    0.53299 |   35.8569 |   29.4567 |   27.6113 |      6.1804 |    1.8466 |        0.9128 |    2.7261 |      0.6148 |   42.5908 |    1.0493 | 
  130 | 12m49s |    0.47497 |   28.3495 |   31.0742 |   39.8567 |      9.9495 |    1.5058 |        1.4061 |    2.0683 |      0.2310 |    6.7244 |    2.3830 | 
  131 | 13m01s |    0.52152 |   32.7725 |   28.6328 |   40.8534 |      9.4800 |    1.2861 |        1.3727 |    1.6939 |      0.6308 |   15.1547 |    1.4262 | 
[31mBayesian Optimization[0m
[94m-------------------------------------------------------------------------------------------------------------------------------------------------------------[0m
 Step |   Time |      Value |     kNN_k |        nx |        ny |   threshold |     w_acc |   w_day_of_yr |     w_min |   w_weekday |       w_x |    w_year | 
  132 | 08m50s |    0.50513 |   32.8423 |   19.1966 |   29.6914 |      7.4204 |    1.2304 |        0.2477 |    0.9080 |      1.7805 |   43.8447 |    1.4859 | 
