7a1449b8-8987-496b-9eb3-92bf6fbb9bdc
[31mInitialization[0m
[94m-------------------------------------------------------------------------------------------------------------------------------------------------------------[0m
 Step |   Time |      Value |     kNN_k |        nx |        ny |   threshold |     w_acc |   w_day_of_yr |     w_min |   w_weekday |       w_x |    w_year | 
    1 | 07m12s | [35m   0.55282[0m | [32m  31.0000[0m | [32m  20.0000[0m | [32m  20.0000[0m | [32m     5.0000[0m | [32m   0.6000[0m | [32m       0.3293[0m | [32m   0.5652[0m | [32m     0.2670[0m | [32m  22.0000[0m | [32m   0.5179[0m | 
    2 | 12m22s |    0.51478 |   38.8644 |   14.8511 |   44.1864 |      3.5059 |    1.4024 |        1.9355 |    1.7026 |      1.4736 |   43.6717 |    2.4802 | 
    3 | 08m15s |    0.45949 |   35.3209 |   15.7360 |   38.5723 |      3.8882 |    0.7783 |        0.5296 |    0.1547 |      1.5380 |   11.3176 |    2.7194 | 
    4 | 11m32s |    0.46691 |   21.7286 |   48.5363 |   22.3088 |      3.6710 |    0.5850 |        1.3113 |    3.3680 |      2.4344 |   15.2861 |    1.2398 | 
[31mBayesian Optimization[0m
[94m-------------------------------------------------------------------------------------------------------------------------------------------------------------[0m
 Step |   Time |      Value |     kNN_k |        nx |        ny |   threshold |     w_acc |   w_day_of_yr |     w_min |   w_weekday |       w_x |    w_year | 
    5 | 10m16s |    0.47570 |   39.3098 |   11.2440 |   24.5673 |      2.4314 |    0.7580 |        0.1854 |    2.0931 |      2.2349 |   41.5775 |    2.9231 | 
[31mBayesian Optimization[0m
[94m-------------------------------------------------------------------------------------------------------------------------------------------------------------[0m
 Step |   Time |      Value |     kNN_k |        nx |        ny |   threshold |     w_acc |   w_day_of_yr |     w_min |   w_weekday |       w_x |    w_year | 
    6 | 10m04s |    0.51187 |   27.8990 |   20.1789 |   46.2252 |      7.6187 |    1.0809 |        0.8494 |    3.0454 |      0.3054 |   49.3448 |    2.7839 | 
    7 | 06m54s |    0.45836 |   21.2000 |   35.1211 |   14.7109 |      8.0160 |    1.3420 |        0.0729 |    3.4038 |      0.1114 |    5.4749 |    2.3797 | 
    8 | 09m54s |    0.46683 |   31.3287 |   26.2015 |   33.8047 |      8.1794 |    0.3730 |        0.5776 |    1.1435 |      1.2304 |    9.7747 |    2.7782 | 
[31mBayesian Optimization[0m
[94m-------------------------------------------------------------------------------------------------------------------------------------------------------------[0m
 Step |   Time |      Value |     kNN_k |        nx |        ny |   threshold |     w_acc |   w_day_of_yr |     w_min |   w_weekday |       w_x |    w_year | 
    9 | 18m28s |    0.51822 |   29.3329 |   48.0801 |   44.1739 |      6.5691 |    0.1321 |        1.4798 |    0.8543 |      0.9600 |   36.0081 |    2.3642 | 
   10 | 16m08s |    0.52400 |   39.2563 |   13.3843 |   14.8601 |      5.8120 |    1.9683 |        1.6749 |    1.9805 |      0.5045 |   37.9222 |    2.9187 | 
   11 | 09m05s |    0.49350 |   28.3781 |   35.5077 |   11.0267 |      7.4606 |    1.3328 |        1.1043 |    1.5920 |      2.9110 |   33.9916 |    0.2605 | 
[31mBayesian Optimization[0m
[94m-------------------------------------------------------------------------------------------------------------------------------------------------------------[0m
 Step |   Time |      Value |     kNN_k |        nx |        ny |   threshold |     w_acc |   w_day_of_yr |     w_min |   w_weekday |       w_x |    w_year | 
   12 | 11m33s |    0.52334 |   34.5223 |   31.2504 |   10.5642 |      9.7799 |    1.9146 |        1.1734 |    1.6481 |      1.2131 |   43.9628 |    1.8119 | 
   13 | 08m47s |    0.49853 |   28.1939 |   18.2155 |   42.0030 |      5.7148 |    1.6614 |        0.0506 |    0.7993 |      2.4529 |   36.4912 |    1.1309 | 
   14 | 10m23s |    0.50321 |   21.5589 |   25.9465 |   37.4304 |      9.9419 |    1.5889 |        0.2395 |    0.9995 |      2.0622 |   44.0182 |    1.2780 | 
[31mBayesian Optimization[0m
[94m-------------------------------------------------------------------------------------------------------------------------------------------------------------[0m
 Step |   Time |      Value |     kNN_k |        nx |        ny |   threshold |     w_acc |   w_day_of_yr |     w_min |   w_weekday |       w_x |    w_year | 
   15 | 08m54s |    0.50079 |   22.4439 |   21.0450 |   13.5745 |      4.9071 |    0.9926 |        1.1915 |    1.5289 |      2.8819 |   41.4974 |    0.7031 | 
   16 | 08m49s |    0.46220 |   38.5052 |   26.8484 |   18.3098 |      4.4907 |    0.5779 |        1.3694 |    1.6540 |      0.1886 |    5.5350 |    2.8477 | 
   17 | 09m20s |    0.52869 |   22.8823 |   22.3374 |   41.1828 |      3.8228 |    0.8494 |        1.2433 |    0.2475 |      0.1881 |   49.6883 |    0.7406 | 
[31mBayesian Optimization[0m
[94m-------------------------------------------------------------------------------------------------------------------------------------------------------------[0m
 Step |   Time |      Value |     kNN_k |        nx |        ny |   threshold |     w_acc |   w_day_of_yr |     w_min |   w_weekday |       w_x |    w_year | 
   18 | 08m44s |    0.48139 |   28.9419 |   20.1692 |   35.2921 |      7.8750 |    0.4926 |        0.9458 |    1.3968 |      1.7749 |   11.8891 |    0.1449 | 
   19 | 10m44s |    0.52143 |   22.1497 |   14.1302 |   29.5800 |      9.7709 |    1.8520 |        1.1296 |    1.0102 |      1.4674 |   45.5730 |    1.2603 | 
   20 | 10m08s |    0.50027 |   39.3667 |   30.0074 |   26.0945 |      9.7954 |    0.7120 |        0.7612 |    0.7484 |      2.9169 |   33.4886 |    0.3546 | 
[31mBayesian Optimization[0m
[94m-------------------------------------------------------------------------------------------------------------------------------------------------------------[0m
 Step |   Time |      Value |     kNN_k |        nx |        ny |   threshold |     w_acc |   w_day_of_yr |     w_min |   w_weekday |       w_x |    w_year | 
   21 | 12m16s |    0.49975 |   37.8507 |   28.5873 |   30.6523 |      4.3117 |    0.7184 |        1.8719 |    1.8091 |      2.1946 |   44.9637 |    1.7232 | 
   22 | 12m24s |    0.50408 |   34.2698 |   38.5354 |   31.0769 |      2.8381 |    0.3055 |        0.7965 |    0.8777 |      2.4166 |   26.0007 |    0.8733 | 
   23 | 14m29s |    0.51461 |   34.1031 |   38.5729 |   37.7282 |      3.9642 |    0.5793 |        1.2434 |    2.9280 |      1.1578 |   46.8380 |    2.2228 | 
[31mBayesian Optimization[0m
[94m-------------------------------------------------------------------------------------------------------------------------------------------------------------[0m
 Step |   Time |      Value |     kNN_k |        nx |        ny |   threshold |     w_acc |   w_day_of_yr |     w_min |   w_weekday |       w_x |    w_year | 
   24 | 08m18s |    0.51182 |   29.8464 |   31.1933 |   11.4581 |      7.5209 |    0.3123 |        0.0569 |    2.1798 |      1.0139 |   25.8287 |    0.6605 | 
   25 | 11m04s |    0.40901 |   20.1612 |   18.5960 |   48.6522 |      5.0449 |    0.1426 |        1.7406 |    1.3911 |      2.0766 |    5.4155 |    2.4140 | 
   26 | 11m29s |    0.49371 |   32.4620 |   18.9611 |   14.3021 |      6.5322 |    0.2851 |        0.7381 |    2.2987 |      2.6674 |   35.6650 |    1.3769 | 
[31mBayesian Optimization[0m
[94m-------------------------------------------------------------------------------------------------------------------------------------------------------------[0m
 Step |   Time |      Value |     kNN_k |        nx |        ny |   threshold |     w_acc |   w_day_of_yr |     w_min |   w_weekday |       w_x |    w_year | 
   27 | 16m18s |    0.47644 |   33.2697 |   18.1114 |   16.6595 |      8.1339 |    1.6851 |        0.7697 |    1.7649 |      2.1096 |   17.8371 |    2.1924 | 
   28 | 12m29s |    0.50194 |   28.9364 |   32.5436 |   25.3257 |      7.9114 |    1.0112 |        1.8545 |    1.8217 |      1.5136 |   25.8173 |    1.0656 | 
   29 | 12m29s |    0.47624 |   30.6688 |   15.9616 |   42.3315 |      9.7490 |    0.3621 |        1.8384 |    2.1476 |      2.7209 |   22.4790 |    1.6963 | 
[31mBayesian Optimization[0m
[94m-------------------------------------------------------------------------------------------------------------------------------------------------------------[0m
 Step |   Time |      Value |     kNN_k |        nx |        ny |   threshold |     w_acc |   w_day_of_yr |     w_min |   w_weekday |       w_x |    w_year | 
   30 | 13m52s |    0.52259 |   27.4741 |   28.8190 |   48.4048 |      9.6865 |    1.3270 |        1.2120 |    1.9272 |      0.0937 |   40.4944 |    0.3836 | 
   31 | 13m12s |    0.43919 |   36.0498 |   26.7139 |   42.3428 |      9.0896 |    1.7114 |        1.9922 |    0.4159 |      0.9015 |    6.6023 |    0.3967 | 
   32 | 16m10s |    0.47194 |   27.3306 |   48.7556 |   34.2239 |      9.7885 |    0.2541 |        0.9831 |    1.2421 |      2.8505 |   12.0279 |    1.6402 | 
[31mBayesian Optimization[0m
[94m-------------------------------------------------------------------------------------------------------------------------------------------------------------[0m
 Step |   Time |      Value |     kNN_k |        nx |        ny |   threshold |     w_acc |   w_day_of_yr |     w_min |   w_weekday |       w_x |    w_year | 
   33 | 09m49s |    0.49262 |   26.6646 |   19.0408 |   13.2138 |      5.3055 |    1.0136 |        0.1744 |    1.0274 |      1.6843 |   33.1343 |    2.0574 | 
   34 | 15m39s |    0.48850 |   26.2142 |   48.9300 |   34.9731 |      9.0367 |    0.1495 |        0.7765 |    3.3472 |      2.5170 |   42.1210 |    0.8152 | 
   35 | 12m28s |    0.50741 |   39.6563 |   26.9304 |   41.6679 |      2.8135 |    1.4389 |        1.3014 |    0.3956 |      1.7691 |   41.5257 |    1.1647 | 
[31mBayesian Optimization[0m
[94m-------------------------------------------------------------------------------------------------------------------------------------------------------------[0m
 Step |   Time |      Value |     kNN_k |        nx |        ny |   threshold |     w_acc |   w_day_of_yr |     w_min |   w_weekday |       w_x |    w_year | 
   36 | 13m14s |    0.50031 |   36.5473 |   28.5611 |   39.0380 |      8.0451 |    1.9025 |        1.6860 |    2.7100 |      0.3589 |   17.9922 |    2.9266 | 
   37 | 10m36s |    0.48018 |   26.1553 |   25.4017 |   37.5755 |      9.9201 |    0.3327 |        1.1946 |    0.5837 |      2.7039 |   20.8335 |    2.0976 | 
   38 | 11m59s |    0.48583 |   22.7655 |   31.2181 |   15.6138 |      4.6463 |    0.6029 |        1.1639 |    1.4989 |      1.0947 |   12.0654 |    2.4522 | 
[31mBayesian Optimization[0m
[94m-------------------------------------------------------------------------------------------------------------------------------------------------------------[0m
 Step |   Time |      Value |     kNN_k |        nx |        ny |   threshold |     w_acc |   w_day_of_yr |     w_min |   w_weekday |       w_x |    w_year | 
   39 | 16m57s |    0.50349 |   31.1607 |   13.5717 |   38.5838 |      7.2201 |    1.2954 |        1.2490 |    2.5847 |      1.2197 |   19.0278 |    1.8857 | 
   40 | 18m52s |    0.53941 |   28.2976 |   42.7384 |   47.9304 |      5.0537 |    1.9244 |        0.9772 |    0.5224 |      0.1082 |   20.8743 |    0.6683 | 
   41 | 14m14s |    0.47106 |   37.4995 |   31.9702 |   46.7775 |      9.4871 |    0.4723 |        0.5214 |    1.4649 |      1.7114 |   17.3588 |    2.7398 | 
[31mBayesian Optimization[0m
[94m-------------------------------------------------------------------------------------------------------------------------------------------------------------[0m
 Step |   Time |      Value |     kNN_k |        nx |        ny |   threshold |     w_acc |   w_day_of_yr |     w_min |   w_weekday |       w_x |    w_year | 
   42 | 18m50s |    0.50031 |   37.6014 |   49.8912 |   38.2060 |      3.4370 |    1.9168 |        1.8537 |    0.3612 |      0.6418 |   34.9574 |    0.2630 | 
   43 | 10m59s |    0.53266 |   20.3785 |   17.5017 |   13.4459 |      6.9515 |    0.8620 |        1.6650 |    1.2478 |      0.1615 |   32.3490 |    1.4619 | 
   44 | 14m01s |    0.51247 |   37.9774 |   23.2312 |   27.4627 |      7.9105 |    1.2842 |        1.0418 |    1.4455 |      1.2225 |   26.6337 |    2.2253 | 
[31mBayesian Optimization[0m
[94m-------------------------------------------------------------------------------------------------------------------------------------------------------------[0m
 Step |   Time |      Value |     kNN_k |        nx |        ny |   threshold |     w_acc |   w_day_of_yr |     w_min |   w_weekday |       w_x |    w_year | 
   45 | 13m27s |    0.50441 |   24.7570 |   28.2576 |   41.4992 |      5.8094 |    1.7682 |        1.0885 |    3.3761 |      1.2418 |   19.8685 |    0.9588 | 
   46 | 13m17s |    0.47413 |   33.8962 |   38.6496 |   32.4210 |      6.4542 |    0.3230 |        1.1683 |    0.1631 |      1.7259 |   24.7007 |    2.9719 | 
   47 | 18m55s |    0.51472 |   36.7912 |   44.3405 |   45.7062 |      2.3720 |    1.0480 |        1.5027 |    0.6508 |      1.4807 |   44.6618 |    1.6879 | 
[31mBayesian Optimization[0m
[94m-------------------------------------------------------------------------------------------------------------------------------------------------------------[0m
 Step |   Time |      Value |     kNN_k |        nx |        ny |   threshold |     w_acc |   w_day_of_yr |     w_min |   w_weekday |       w_x |    w_year | 
   48 | 14m37s |    0.48812 |   22.3288 |   30.1533 |   40.9988 |      7.4672 |    1.6798 |        1.1631 |    2.2003 |      2.9936 |   24.5255 |    0.7874 | 
   49 | 13m34s |    0.43142 |   20.3012 |   11.2351 |   30.9563 |      9.3193 |    0.6580 |        0.7956 |    2.6626 |      2.1060 |    5.1801 |    0.8855 | 
   50 | 10m15s |    0.48080 |   29.0604 |   34.9730 |   13.7576 |      6.2775 |    0.7624 |        0.2840 |    2.1316 |      2.7888 |   17.3413 |    1.2348 | 
[31mBayesian Optimization[0m
[94m-------------------------------------------------------------------------------------------------------------------------------------------------------------[0m
 Step |   Time |      Value |     kNN_k |        nx |        ny |   threshold |     w_acc |   w_day_of_yr |     w_min |   w_weekday |       w_x |    w_year | 
   51 | 15m32s |    0.51611 |   28.2286 |   27.1390 |   47.1879 |      2.8473 |    0.5049 |        1.3658 |    1.0127 |      1.5103 |   38.8391 |    1.6022 | 
   52 | 15m03s |    0.48502 |   35.3412 |   24.2205 |   42.1457 |      2.2610 |    1.9860 |        0.7897 |    3.0441 |      2.9171 |   38.0214 |    1.6312 | 
   53 | 12m13s |    0.47462 |   30.0465 |   39.0309 |   20.6024 |      4.1306 |    0.7671 |        0.9843 |    1.7366 |      2.7692 |   10.4654 |    0.7450 | 
[31mBayesian Optimization[0m
[94m-------------------------------------------------------------------------------------------------------------------------------------------------------------[0m
 Step |   Time |      Value |     kNN_k |        nx |        ny |   threshold |     w_acc |   w_day_of_yr |     w_min |   w_weekday |       w_x |    w_year | 
   54 | 15m05s |    0.45824 |   29.6488 |   33.7515 |   26.5816 |      6.5582 |    1.3578 |        1.9721 |    0.9222 |      1.5732 |   14.1487 |    0.1752 | 
   55 | 13m46s |    0.48358 |   33.7033 |   23.5863 |   33.1492 |      9.5484 |    1.9267 |        0.4753 |    1.0812 |      1.5899 |    8.0830 |    0.3630 | 
   56 | 15m14s |    0.49391 |   27.7436 |   23.9974 |   43.6738 |      9.3514 |    1.8764 |        0.8442 |    2.7127 |      1.8851 |   41.9905 |    2.5722 | 
[31mBayesian Optimization[0m
[94m-------------------------------------------------------------------------------------------------------------------------------------------------------------[0m
 Step |   Time |      Value |     kNN_k |        nx |        ny |   threshold |     w_acc |   w_day_of_yr |     w_min |   w_weekday |       w_x |    w_year | 
   57 | 18m37s |    0.49712 |   26.8627 |   10.2581 |   19.5233 |      6.2124 |    0.5363 |        1.3200 |    1.1268 |      1.5129 |   25.3196 |    2.7233 | 
   58 | 12m39s |    0.52083 |   29.0417 |   19.1268 |   40.5631 |      7.6245 |    1.7021 |        0.6415 |    0.4922 |      0.6933 |   24.3683 |    2.6213 | 
   59 | 20m31s |    0.50930 |   24.4436 |   46.1406 |   47.3708 |      4.6149 |    0.9177 |        0.3604 |    2.2663 |      1.6020 |   42.3083 |    0.4265 | 
[31mBayesian Optimization[0m
[94m-------------------------------------------------------------------------------------------------------------------------------------------------------------[0m
 Step |   Time |      Value |     kNN_k |        nx |        ny |   threshold |     w_acc |   w_day_of_yr |     w_min |   w_weekday |       w_x |    w_year | 
   60 | 14m28s |    0.52899 |   30.8355 |   19.0618 |   11.2458 |      2.8928 |    1.1068 |        1.0036 |    2.2488 |      0.0779 |   41.7195 |    1.7653 | 
   61 | 09m40s |    0.50338 |   30.9121 |   13.0563 |   37.6868 |      4.5909 |    0.6516 |        0.0636 |    0.7572 |      1.6045 |   11.2595 |    0.1457 | 
   62 | 15m17s |    0.50296 |   20.9186 |   42.0456 |   35.4808 |      6.7901 |    1.6354 |        0.2285 |    0.3887 |      1.8202 |   13.5436 |    0.6763 | 
[31mBayesian Optimization[0m
[94m-------------------------------------------------------------------------------------------------------------------------------------------------------------[0m
 Step |   Time |      Value |     kNN_k |        nx |        ny |   threshold |     w_acc |   w_day_of_yr |     w_min |   w_weekday |       w_x |    w_year | 
   63 | 17m12s |    0.48391 |   29.2564 |   37.0347 |   45.8872 |      3.7582 |    1.2380 |        0.6929 |    2.2257 |      2.5347 |   24.0420 |    1.7181 | 
   64 | 12m50s |    0.48314 |   34.5166 |   29.0295 |   32.0975 |      9.0132 |    0.5698 |        1.7296 |    3.4781 |      2.6511 |   47.7357 |    0.8082 | 
   65 | 11m30s |    0.52018 |   22.9439 |   16.3924 |   16.8750 |      8.4636 |    1.3259 |        0.2003 |    2.9875 |      0.7087 |   25.6046 |    0.1351 | 
[31mBayesian Optimization[0m
[94m-------------------------------------------------------------------------------------------------------------------------------------------------------------[0m
 Step |   Time |      Value |     kNN_k |        nx |        ny |   threshold |     w_acc |   w_day_of_yr |     w_min |   w_weekday |       w_x |    w_year | 
   66 | 10m34s |    0.48968 |   32.2515 |   41.8181 |   15.3479 |      7.3149 |    1.4409 |        1.1518 |    0.3316 |      2.6131 |   23.3964 |    0.5336 | 
   67 | 12m08s |    0.48797 |   20.6564 |   36.3280 |   24.2425 |      2.6028 |    1.0218 |        1.8780 |    1.9768 |      0.1987 |   11.2169 |    0.7214 | 
   68 | 14m57s |    0.51403 |   38.8988 |   25.8722 |   43.0199 |      6.5475 |    1.9443 |        1.4186 |    3.3539 |      0.5080 |   41.8011 |    0.2694 | 
[31mBayesian Optimization[0m
[94m-------------------------------------------------------------------------------------------------------------------------------------------------------------[0m
 Step |   Time |      Value |     kNN_k |        nx |        ny |   threshold |     w_acc |   w_day_of_yr |     w_min |   w_weekday |       w_x |    w_year | 
   69 | 15m47s |    0.49212 |   28.8398 |   30.1044 |   16.0994 |      6.9322 |    0.5501 |        1.9813 |    3.3923 |      1.5093 |   29.4069 |    0.8704 | 
   70 | 15m08s |    0.53973 |   26.4166 |   49.7057 |   27.5413 |      8.9964 |    1.1965 |        0.6847 |    0.7690 |      0.3983 |   39.1303 |    0.2213 | 
   71 | 16m59s |    0.48382 |   36.8837 |   24.1165 |   20.7556 |      6.4790 |    1.1165 |        1.4970 |    3.1757 |      2.1366 |   29.2284 |    0.3190 | 
[31mBayesian Optimization[0m
[94m-------------------------------------------------------------------------------------------------------------------------------------------------------------[0m
 Step |   Time |      Value |     kNN_k |        nx |        ny |   threshold |     w_acc |   w_day_of_yr |     w_min |   w_weekday |       w_x |    w_year | 
   72 | 13m25s |    0.50467 |   20.9276 |   31.8889 |   35.0910 |      3.5003 |    0.7268 |        1.0059 |    3.4497 |      1.6957 |   47.0405 |    1.3569 | 
   73 | 10m42s |    0.52157 |   27.7344 |   47.7844 |   14.4316 |      8.8456 |    0.4696 |        1.1478 |    0.2406 |      0.9043 |   40.9673 |    1.5479 | 
   74 | 24m00s |    0.51944 |   25.1790 |   49.6613 |   49.5559 |      9.6365 |    1.6016 |        0.2285 |    0.7607 |      0.4106 |   41.3443 |    2.9356 | 
[31mBayesian Optimization[0m
[94m-------------------------------------------------------------------------------------------------------------------------------------------------------------[0m
 Step |   Time |      Value |     kNN_k |        nx |        ny |   threshold |     w_acc |   w_day_of_yr |     w_min |   w_weekday |       w_x |    w_year | 
   75 | 13m50s |    0.52775 |   33.6560 |   35.1359 |   31.4075 |      4.3546 |    0.7379 |        1.7205 |    1.7062 |      0.4317 |   43.1405 |    2.3931 | 
   76 | 14m19s |    0.46936 |   23.2337 |   47.8504 |   28.3364 |      9.3392 |    0.3510 |        0.8522 |    1.9145 |      2.2721 |   26.0293 |    2.9751 | 
   77 | 14m22s |    0.49527 |   31.1527 |   22.0830 |   33.0168 |      9.7729 |    1.0112 |        0.5477 |    0.6522 |      1.2242 |   14.8722 |    1.8049 | 
[31mBayesian Optimization[0m
[94m-------------------------------------------------------------------------------------------------------------------------------------------------------------[0m
 Step |   Time |      Value |     kNN_k |        nx |        ny |   threshold |     w_acc |   w_day_of_yr |     w_min |   w_weekday |       w_x |    w_year | 
   78 | 13m12s |    0.47570 |   38.6912 |   29.3832 |   37.4115 |      3.2089 |    1.1097 |        0.0941 |    0.0586 |      2.2789 |   23.2529 |    1.5874 | 
   79 | 15m48s |    0.52529 |   33.8754 |   34.0330 |   13.6681 |      4.7187 |    0.8070 |        1.1637 |    3.3684 |      0.6526 |   28.1594 |    1.1328 | 
   80 | 14m47s |    0.47430 |   33.7831 |   20.5064 |   32.8060 |      6.4656 |    0.6816 |        1.9284 |    1.6295 |      2.2853 |   31.0011 |    0.1172 | 
[31mBayesian Optimization[0m
[94m-------------------------------------------------------------------------------------------------------------------------------------------------------------[0m
 Step |   Time |      Value |     kNN_k |        nx |        ny |   threshold |     w_acc |   w_day_of_yr |     w_min |   w_weekday |       w_x |    w_year | 
   81 | 10m25s |    0.50814 |   24.9965 |   40.5561 |   10.4327 |      2.9392 |    0.5229 |        0.6494 |    0.7585 |      2.2731 |   16.1716 |    0.4895 | 
   82 | 11m10s |    0.50510 |   32.5065 |   42.6594 |   11.1927 |      6.0714 |    0.3247 |        1.9700 |    1.4463 |      0.0959 |   14.6430 |    2.0093 | 
   83 | 15m03s |    0.48751 |   23.9539 |   30.1565 |   42.5208 |      4.6064 |    0.9421 |        1.0600 |    1.9947 |      2.9145 |   40.7238 |    2.1838 | 
[31mBayesian Optimization[0m
[94m-------------------------------------------------------------------------------------------------------------------------------------------------------------[0m
 Step |   Time |      Value |     kNN_k |        nx |        ny |   threshold |     w_acc |   w_day_of_yr |     w_min |   w_weekday |       w_x |    w_year | 
   84 | 18m36s |    0.50093 |   30.7574 |   36.9702 |   13.0247 |      9.9323 |    1.5425 |        1.7833 |    3.2856 |      1.4890 |   39.1323 |    2.7326 | 
   85 | 14m22s |    0.50296 |   38.1237 |   13.7366 |   45.4874 |      4.0950 |    1.0640 |        1.7937 |    1.1755 |      1.3890 |   45.6106 |    0.2591 | 
   86 | 15m48s |    0.52409 |   29.6852 |   18.4013 |   40.6472 |      7.2984 |    1.3077 |        1.9809 |    1.9773 |      0.9397 |   43.7504 |    2.2855 | 
[31mBayesian Optimization[0m
[94m-------------------------------------------------------------------------------------------------------------------------------------------------------------[0m
 Step |   Time |      Value |     kNN_k |        nx |        ny |   threshold |     w_acc |   w_day_of_yr |     w_min |   w_weekday |       w_x |    w_year | 
   87 | 20m43s |    0.52273 |   35.2178 |   49.7105 |   40.9713 |      2.0926 |    1.7101 |        0.0773 |    2.2645 |      0.3709 |   37.5629 |    1.4066 | 
   88 | 14m17s |    0.47292 |   30.5395 |   34.8745 |   29.7723 |      8.6527 |    1.2029 |        0.3907 |    1.6581 |      1.2336 |   12.3206 |    2.8845 | 
   89 | 14m53s |    0.52083 |   22.7210 |   33.7666 |   40.3303 |      3.5057 |    0.6950 |        0.7449 |    0.3959 |      1.2719 |   37.0265 |    0.6972 | 
[31mBayesian Optimization[0m
[94m-------------------------------------------------------------------------------------------------------------------------------------------------------------[0m
 Step |   Time |      Value |     kNN_k |        nx |        ny |   threshold |     w_acc |   w_day_of_yr |     w_min |   w_weekday |       w_x |    w_year | 
   90 | 14m18s |    0.52737 |   28.8495 |   23.6002 |   23.6767 |      5.5639 |    1.3111 |        1.4000 |    2.5981 |      0.9846 |   49.4288 |    1.5048 | 
