98d28355-86ba-4a4c-b8ee-989c08865671
[31mInitialization[0m
[94m-------------------------------------------------------------------------------------------------------------------------------------------------------------[0m
 Step |   Time |      Value |     kNN_k |        nx |        ny |   threshold |     w_acc |   w_day_of_yr |     w_min |   w_weekday |       w_x |    w_year | 
    1 | 07m10s | [35m   0.55282[0m | [32m  31.0000[0m | [32m  20.0000[0m | [32m  20.0000[0m | [32m     5.0000[0m | [32m   0.6000[0m | [32m       0.3293[0m | [32m   0.5652[0m | [32m     0.2670[0m | [32m  22.0000[0m | [32m   0.5179[0m | 
    2 | 09m26s |    0.54191 |   37.1674 |   12.4961 |   10.5895 |      8.1992 |    1.7335 |        0.5645 |    0.4640 |      0.3125 |   13.1585 |    0.2553 | 
    3 | 06m47s |    0.46558 |   21.1463 |   25.5500 |   17.9324 |      8.3557 |    0.2281 |        1.4380 |    0.5354 |      1.3356 |   12.3483 |    0.2151 | 
    4 | 11m30s |    0.49089 |   34.3000 |   48.3615 |   26.4524 |      8.6475 |    0.8264 |        0.2302 |    2.1893 |      2.2971 |   21.3419 |    0.3329 | 
[31mBayesian Optimization[0m
[94m-------------------------------------------------------------------------------------------------------------------------------------------------------------[0m
 Step |   Time |      Value |     kNN_k |        nx |        ny |   threshold |     w_acc |   w_day_of_yr |     w_min |   w_weekday |       w_x |    w_year | 
    5 | 11m52s |    0.49398 |   35.4004 |   12.7879 |   49.7355 |      6.5517 |    1.5679 |        1.0052 |    2.6991 |      2.1712 |   32.9587 |    1.9090 | 
[31mBayesian Optimization[0m
[94m-------------------------------------------------------------------------------------------------------------------------------------------------------------[0m
 Step |   Time |      Value |     kNN_k |        nx |        ny |   threshold |     w_acc |   w_day_of_yr |     w_min |   w_weekday |       w_x |    w_year | 
    6 | 09m47s |    0.51788 |   22.2265 |   34.1396 |   24.9491 |      6.1964 |    1.0566 |        1.0354 |    2.5807 |      1.2654 |   38.9236 |    1.4750 | 
    7 | 08m47s |    0.50446 |   31.9021 |   25.8515 |   31.7435 |      2.6763 |    0.4198 |        0.0599 |    0.8452 |      2.5895 |   28.0563 |    0.6561 | 
    8 | 08m45s |    0.51311 |   24.3915 |   10.9905 |   32.5894 |      4.1976 |    1.6387 |        0.8800 |    0.4570 |      1.3495 |   20.0137 |    0.4253 | 
[31mBayesian Optimization[0m
[94m-------------------------------------------------------------------------------------------------------------------------------------------------------------[0m
 Step |   Time |      Value |     kNN_k |        nx |        ny |   threshold |     w_acc |   w_day_of_yr |     w_min |   w_weekday |       w_x |    w_year | 
    9 | 07m09s |    0.47287 |   22.6037 |   27.2733 |   21.3084 |      2.1650 |    0.4140 |        0.2600 |    3.3457 |      2.2797 |   24.7171 |    1.5934 | 
   10 | 09m03s |    0.46681 |   20.1547 |   48.5623 |   17.1875 |      4.8304 |    1.1242 |        1.7047 |    2.8962 |      2.6707 |   17.4608 |    1.6603 | 
   11 | 11m29s |    0.51341 |   20.8375 |   24.8956 |   49.1957 |      3.1703 |    1.6064 |        0.6364 |    3.1889 |      0.9580 |   49.3207 |    2.1728 | 
[31mBayesian Optimization[0m
[94m-------------------------------------------------------------------------------------------------------------------------------------------------------------[0m
 Step |   Time |      Value |     kNN_k |        nx |        ny |   threshold |     w_acc |   w_day_of_yr |     w_min |   w_weekday |       w_x |    w_year | 
   12 | 08m08s |    0.48290 |   23.7468 |   41.6976 |   14.0084 |      5.6608 |    1.2600 |        1.2999 |    0.4544 |      2.1882 |   43.2118 |    2.9810 | 
   13 | 11m24s |    0.49056 |   25.6606 |   30.0576 |   35.6591 |      5.6179 |    1.3744 |        1.7795 |    1.3221 |      1.3759 |   16.8528 |    2.7838 | 
   14 | 10m37s |    0.42943 |   27.3340 |   37.0538 |   27.7669 |      6.5319 |    1.9664 |        0.5580 |    2.9585 |      2.1082 |    8.8146 |    2.7427 | 
[31mBayesian Optimization[0m
[94m-------------------------------------------------------------------------------------------------------------------------------------------------------------[0m
 Step |   Time |      Value |     kNN_k |        nx |        ny |   threshold |     w_acc |   w_day_of_yr |     w_min |   w_weekday |       w_x |    w_year | 
   15 | 12m14s |    0.50314 |   21.4619 |   40.0098 |   32.6731 |      6.0678 |    0.5971 |        0.9116 |    0.8614 |      1.4698 |   28.0284 |    2.0600 | 
   16 | 16m13s |    0.50820 |   28.6740 |   43.8649 |   41.6704 |      6.3347 |    0.9108 |        1.0388 |    2.0612 |      1.9081 |   48.5280 |    0.8611 | 
   17 | 15m55s |    0.49481 |   29.5330 |   39.0933 |   47.0018 |      7.3048 |    0.2163 |        0.9929 |    0.2644 |      2.9680 |   36.8439 |    0.7298 | 
[31mBayesian Optimization[0m
[94m-------------------------------------------------------------------------------------------------------------------------------------------------------------[0m
 Step |   Time |      Value |     kNN_k |        nx |        ny |   threshold |     w_acc |   w_day_of_yr |     w_min |   w_weekday |       w_x |    w_year | 
   18 | 16m55s |    0.53917 |   21.8606 |   47.0211 |   41.9753 |      4.2496 |    1.8166 |        0.9461 |    0.9084 |      0.7974 |   43.3981 |    1.1893 | 
   19 | 08m24s |    0.45248 |   32.8025 |   19.7244 |   36.6072 |      2.5596 |    1.6916 |        0.8179 |    0.2704 |      2.2584 |    6.2691 |    0.0630 | 
   20 | 10m08s |    0.51407 |   33.1390 |   39.3042 |   12.1492 |      2.8110 |    0.9441 |        1.4066 |    1.1099 |      0.8489 |   15.6582 |    2.1968 | 
[31mBayesian Optimization[0m
[94m-------------------------------------------------------------------------------------------------------------------------------------------------------------[0m
 Step |   Time |      Value |     kNN_k |        nx |        ny |   threshold |     w_acc |   w_day_of_yr |     w_min |   w_weekday |       w_x |    w_year | 
   21 | 08m32s |    0.51053 |   21.8430 |   44.6607 |   16.6308 |      7.7746 |    0.2756 |        0.1214 |    0.4459 |      1.9035 |   25.9971 |    0.0901 | 
   22 | 10m54s |    0.50889 |   30.3197 |   26.9047 |   42.1698 |      5.7390 |    0.8019 |        0.4028 |    3.3711 |      1.2460 |   48.3851 |    1.6260 | 
   23 | 09m19s |    0.46223 |   38.3609 |   22.0898 |   39.7906 |      8.0301 |    0.4084 |        0.9839 |    1.9227 |      2.7984 |   22.7721 |    2.8845 | 
[31mBayesian Optimization[0m
[94m-------------------------------------------------------------------------------------------------------------------------------------------------------------[0m
 Step |   Time |      Value |     kNN_k |        nx |        ny |   threshold |     w_acc |   w_day_of_yr |     w_min |   w_weekday |       w_x |    w_year | 
   24 | 12m27s |    0.49355 |   25.3248 |   34.4750 |   39.3082 |      2.2342 |    1.1813 |        0.9646 |    2.4534 |      1.5530 |   18.4363 |    1.7280 | 
   25 | 17m45s |    0.48618 |   31.2371 |   42.9403 |   47.5421 |      5.7516 |    1.2891 |        1.9801 |    2.7165 |      2.4086 |   43.1223 |    0.7305 | 
   26 | 06m39s |    0.50987 |   24.5439 |   26.1717 |   11.5980 |      9.3007 |    1.5034 |        0.3609 |    0.6680 |      1.9439 |   43.9029 |    0.1486 | 
[31mBayesian Optimization[0m
[94m-------------------------------------------------------------------------------------------------------------------------------------------------------------[0m
 Step |   Time |      Value |     kNN_k |        nx |        ny |   threshold |     w_acc |   w_day_of_yr |     w_min |   w_weekday |       w_x |    w_year | 
   27 | 10m52s |    0.49831 |   30.9934 |   21.5797 |   45.4382 |      9.5555 |    1.0547 |        1.9980 |    1.0584 |      0.8039 |   11.3282 |    1.5288 | 
   28 | 07m06s |    0.52809 |   31.3313 |   36.2419 |   13.9104 |      4.6644 |    0.2640 |        0.7868 |    1.6714 |      0.1443 |   39.7205 |    1.7782 | 
   29 | 10m33s |    0.48556 |   26.5819 |   13.8227 |   43.9316 |      8.6774 |    1.5491 |        0.8911 |    1.3090 |      0.7602 |    8.9489 |    2.9986 | 
[31mBayesian Optimization[0m
[94m-------------------------------------------------------------------------------------------------------------------------------------------------------------[0m
 Step |   Time |      Value |     kNN_k |        nx |        ny |   threshold |     w_acc |   w_day_of_yr |     w_min |   w_weekday |       w_x |    w_year | 
   30 | 12m07s |    0.51594 |   23.5019 |   43.8885 |   30.1606 |      7.1756 |    1.5208 |        0.9325 |    2.6006 |      1.3552 |   44.0951 |    0.5694 | 
   31 | 16m59s |    0.51929 |   38.4529 |   44.7756 |   44.0529 |      4.7041 |    1.2349 |        1.0332 |    3.4881 |      0.3214 |   43.3776 |    0.2948 | 
   32 | 10m28s |    0.50435 |   38.9217 |   49.3233 |   21.5276 |      6.4115 |    1.6753 |        0.9214 |    0.9348 |      1.9842 |   38.1443 |    0.3924 | 
[31mBayesian Optimization[0m
[94m-------------------------------------------------------------------------------------------------------------------------------------------------------------[0m
 Step |   Time |      Value |     kNN_k |        nx |        ny |   threshold |     w_acc |   w_day_of_yr |     w_min |   w_weekday |       w_x |    w_year | 
   33 | 10m24s |    0.52191 |   29.3742 |   28.3248 |   18.6899 |      4.7473 |    1.1318 |        1.3705 |    2.7821 |      0.8752 |   27.2060 |    0.8512 | 
   34 | 07m04s |    0.49397 |   26.4785 |   29.3269 |   17.5403 |      7.9210 |    1.2308 |        0.9996 |    1.5575 |      2.8930 |   20.9245 |    0.4921 | 
   35 | 08m05s |    0.53096 |   28.2443 |   21.3692 |   18.4772 |      4.8563 |    0.3570 |        1.3948 |    2.5779 |      0.3318 |   42.9216 |    1.3072 | 
[31mBayesian Optimization[0m
[94m-------------------------------------------------------------------------------------------------------------------------------------------------------------[0m
 Step |   Time |      Value |     kNN_k |        nx |        ny |   threshold |     w_acc |   w_day_of_yr |     w_min |   w_weekday |       w_x |    w_year | 
   36 | 08m08s |    0.47202 |   24.3050 |   34.9079 |   20.2938 |      3.1101 |    1.2795 |        0.1901 |    3.2701 |      1.4324 |   12.8455 |    1.3502 | 
   37 | 15m52s |    0.47449 |   30.2960 |   39.8997 |   45.9100 |      9.7388 |    0.6499 |        1.8282 |    0.6966 |      0.7526 |    8.3464 |    0.6082 | 
   38 | 07m24s |    0.52317 |   35.9581 |   46.4589 |   13.4357 |      9.7802 |    0.5203 |        0.9773 |    1.1301 |      0.3624 |   17.8755 |    2.0344 | 
[31mBayesian Optimization[0m
[94m-------------------------------------------------------------------------------------------------------------------------------------------------------------[0m
 Step |   Time |      Value |     kNN_k |        nx |        ny |   threshold |     w_acc |   w_day_of_yr |     w_min |   w_weekday |       w_x |    w_year | 
   39 | 09m21s |    0.47865 |   22.0244 |   33.3354 |   18.0472 |      2.6101 |    1.9192 |        0.5868 |    3.1615 |      2.0211 |   40.6988 |    2.9967 | 
   40 | 18m36s |    0.51580 |   20.6203 |   46.0854 |   48.0287 |      9.2851 |    1.0880 |        1.1478 |    1.9589 |      1.3321 |   43.5996 |    0.6082 | 
   41 | 08m49s |    0.49361 |   25.3469 |   29.2332 |   23.8239 |      6.6001 |    0.9653 |        0.7765 |    1.0253 |      1.7875 |   10.3071 |    0.5992 | 
[31mBayesian Optimization[0m
[94m-------------------------------------------------------------------------------------------------------------------------------------------------------------[0m
 Step |   Time |      Value |     kNN_k |        nx |        ny |   threshold |     w_acc |   w_day_of_yr |     w_min |   w_weekday |       w_x |    w_year | 
   42 | 14m20s |    0.51007 |   31.4267 |   36.0778 |   44.9460 |      7.8372 |    0.7285 |        0.5800 |    2.4310 |      1.6139 |   38.0004 |    0.7583 | 
   43 | 11m16s |    0.50158 |   38.9403 |   23.5753 |   42.9055 |      8.7684 |    1.3457 |        1.2561 |    1.0452 |      0.5686 |    6.8024 |    1.2339 | 
   44 | 11m04s |    0.53080 |   32.8706 |   47.6556 |   22.5378 |      2.5636 |    1.9158 |        0.7477 |    2.6455 |      0.5099 |   33.1175 |    1.4816 | 
[31mBayesian Optimization[0m
[94m-------------------------------------------------------------------------------------------------------------------------------------------------------------[0m
 Step |   Time |      Value |     kNN_k |        nx |        ny |   threshold |     w_acc |   w_day_of_yr |     w_min |   w_weekday |       w_x |    w_year | 
   45 | 12m02s |    0.52740 |   38.7008 |   35.6000 |   35.8361 |      8.8588 |    0.8874 |        1.0723 |    1.9209 |      0.1308 |   20.3708 |    1.3980 | 
   46 | 11m23s |    0.47149 |   36.3236 |   28.3677 |   28.6034 |      4.1593 |    0.9176 |        1.3915 |    3.2165 |      2.4337 |   28.7073 |    2.9969 | 
   47 | 17m32s |    0.49382 |   32.1112 |   46.1517 |   44.2443 |      7.2490 |    1.8753 |        1.5951 |    0.4785 |      2.0325 |   31.2070 |    1.8560 | 
[31mBayesian Optimization[0m
[94m-------------------------------------------------------------------------------------------------------------------------------------------------------------[0m
 Step |   Time |      Value |     kNN_k |        nx |        ny |   threshold |     w_acc |   w_day_of_yr |     w_min |   w_weekday |       w_x |    w_year | 
   48 | 15m17s |    0.48179 |   23.3288 |   44.0220 |   39.3101 |      2.8674 |    0.9399 |        1.4860 |    0.6001 |      2.4436 |   31.6457 |    0.1903 | 
   49 | 08m07s |    0.53838 |   23.8291 |   10.7345 |   19.0342 |      4.5480 |    0.6521 |        0.3618 |    1.1839 |      0.5453 |   28.0527 |    1.0536 | 
   50 | 09m37s |    0.53555 |   30.3945 |   22.2774 |   15.6043 |      8.5847 |    1.4081 |        0.8484 |    0.7924 |      0.4847 |   14.3376 |    1.4226 | 
[31mBayesian Optimization[0m
[94m-------------------------------------------------------------------------------------------------------------------------------------------------------------[0m
 Step |   Time |      Value |     kNN_k |        nx |        ny |   threshold |     w_acc |   w_day_of_yr |     w_min |   w_weekday |       w_x |    w_year | 
   51 | 07m55s |    0.49946 |   27.5318 |   45.5838 |   13.7483 |      9.7032 |    0.6264 |        0.6136 |    1.4821 |      0.8032 |   10.5655 |    1.6914 | 
   52 | 11m52s |    0.47479 |   21.0921 |   31.6603 |   39.3039 |      3.7331 |    1.5236 |        0.3422 |    2.8691 |      2.4489 |   48.1689 |    2.7265 | 
   53 | 08m24s |    0.53366 |   23.5275 |   26.9722 |   29.7581 |      5.5119 |    0.9583 |        0.5603 |    0.8391 |      0.6851 |   42.8090 |    0.0818 | 
[31mBayesian Optimization[0m
[94m-------------------------------------------------------------------------------------------------------------------------------------------------------------[0m
 Step |   Time |      Value |     kNN_k |        nx |        ny |   threshold |     w_acc |   w_day_of_yr |     w_min |   w_weekday |       w_x |    w_year | 
   54 | 19m17s |    0.47805 |   37.8495 |   48.4983 |   46.9717 |      6.7138 |    0.5740 |        0.8905 |    2.7840 |      0.8056 |    7.1402 |    1.8147 | 
   55 | 09m09s |    0.53398 |   24.4504 |   24.3865 |   23.0333 |      2.5192 |    1.7211 |        1.4801 |    2.0903 |      0.5602 |   42.3119 |    0.9661 | 
   56 | 07m36s |    0.46464 |   36.0713 |   31.7674 |   17.1514 |      8.8352 |    0.8745 |        1.5183 |    1.1148 |      2.9236 |   15.6329 |    0.2006 | 
[31mBayesian Optimization[0m
[94m-------------------------------------------------------------------------------------------------------------------------------------------------------------[0m
 Step |   Time |      Value |     kNN_k |        nx |        ny |   threshold |     w_acc |   w_day_of_yr |     w_min |   w_weekday |       w_x |    w_year | 
   57 | 07m37s |    0.50912 |   34.3493 |   16.3142 |   38.0165 |      7.8551 |    0.2370 |        0.4031 |    2.3282 |      1.5105 |   30.9517 |    0.7912 | 
   58 | 06m56s |    0.51509 |   20.1863 |   15.7923 |   28.6426 |      7.4195 |    0.1817 |        1.5684 |    2.2649 |      0.4113 |   40.6352 |    2.8460 | 
   59 | 08m40s |    0.46561 |   26.0014 |   21.0490 |   37.6282 |      6.0326 |    1.3960 |        0.5821 |    3.4039 |      0.2459 |    6.2961 |    2.3036 | 
[31mBayesian Optimization[0m
[94m-------------------------------------------------------------------------------------------------------------------------------------------------------------[0m
 Step |   Time |      Value |     kNN_k |        nx |        ny |   threshold |     w_acc |   w_day_of_yr |     w_min |   w_weekday |       w_x |    w_year | 
   60 | 17m48s |    0.50141 |   33.8937 |   47.6799 |   42.8480 |      6.7965 |    0.9938 |        0.5521 |    1.3120 |      2.3220 |   40.8088 |    1.2433 | 
   61 | 11m20s |    0.51570 |   33.2245 |   38.6114 |   30.5833 |      4.4735 |    1.1254 |        0.4905 |    1.0708 |      0.8962 |   48.9750 |    2.5684 | 
   62 | 14m16s |    0.44578 |   38.7193 |   39.1925 |   39.7561 |      3.7336 |    1.9520 |        0.2520 |    0.6454 |      2.0418 |    8.3284 |    2.4165 | 
[31mBayesian Optimization[0m
[94m-------------------------------------------------------------------------------------------------------------------------------------------------------------[0m
 Step |   Time |      Value |     kNN_k |        nx |        ny |   threshold |     w_acc |   w_day_of_yr |     w_min |   w_weekday |       w_x |    w_year | 
   63 | 15m08s |    0.52533 |   20.6010 |   39.2387 |   43.3083 |      2.8654 |    1.3510 |        0.4504 |    0.4335 |      0.4847 |   18.7372 |    2.3509 | 
   64 | 09m21s |    0.44406 |   21.7769 |   10.5162 |   36.1754 |      6.5905 |    0.6751 |        0.6673 |    2.8972 |      2.2373 |    6.2416 |    0.3578 | 
   65 | 14m42s |    0.50724 |   21.9718 |   32.5477 |   48.0180 |      7.6608 |    0.2532 |        1.5976 |    1.4495 |      1.2228 |   39.0767 |    2.9604 | 
[31mBayesian Optimization[0m
[94m-------------------------------------------------------------------------------------------------------------------------------------------------------------[0m
 Step |   Time |      Value |     kNN_k |        nx |        ny |   threshold |     w_acc |   w_day_of_yr |     w_min |   w_weekday |       w_x |    w_year | 
   66 | 09m33s |    0.55066 |   28.8597 |   18.8255 |   20.2300 |      5.0722 |    0.6866 |        0.4059 |    0.7976 |      0.3705 |   25.5614 |    0.6923 | 
   67 | 08m55s |    0.49722 |   26.4628 |   33.3852 |   10.1031 |      3.3449 |    0.9021 |        0.7816 |    1.8867 |      2.0712 |   32.0444 |    1.8185 | 
   68 | 07m32s |    0.49409 |   26.8428 |   22.9017 |   18.8893 |      5.9030 |    0.7222 |        0.3970 |    0.4099 |      1.7238 |   43.3277 |    1.9398 | 
[31mBayesian Optimization[0m
[94m-------------------------------------------------------------------------------------------------------------------------------------------------------------[0m
 Step |   Time |      Value |     kNN_k |        nx |        ny |   threshold |     w_acc |   w_day_of_yr |     w_min |   w_weekday |       w_x |    w_year | 
   69 | 10m34s |    0.50372 |   37.9557 |   49.2694 |   19.9207 |      6.2069 |    0.5458 |        0.4370 |    0.4962 |      2.7283 |   34.5270 |    0.3930 | 
   70 | 19m44s |    0.45085 |   29.5401 |   46.3106 |   48.9907 |      5.6397 |    1.4150 |        0.1849 |    2.0462 |      2.3437 |    6.5567 |    1.1814 | 
   71 | 11m54s |    0.43951 |   32.8802 |   28.0928 |   37.9559 |      3.6759 |    1.0302 |        1.7027 |    0.1901 |      1.3089 |    8.4838 |    0.2665 | 
[31mBayesian Optimization[0m
[94m-------------------------------------------------------------------------------------------------------------------------------------------------------------[0m
 Step |   Time |      Value |     kNN_k |        nx |        ny |   threshold |     w_acc |   w_day_of_yr |     w_min |   w_weekday |       w_x |    w_year | 
   72 | 10m42s |    0.53408 |   38.7357 |   27.9725 |   31.8646 |      5.8131 |    1.6179 |        1.2002 |    1.7858 |      0.1778 |   44.7341 |    0.7692 | 
   73 | 12m18s |    0.43014 |   29.4956 |   12.9073 |   47.3669 |      4.8260 |    1.6104 |        1.6991 |    2.8667 |      0.1192 |    5.2296 |    0.4451 | 
   74 | 12m48s |    0.52002 |   26.8718 |   49.3387 |   26.0658 |      4.5329 |    0.6933 |        1.1727 |    2.2405 |      1.1176 |   29.7353 |    0.7997 | 
[31mBayesian Optimization[0m
[94m-------------------------------------------------------------------------------------------------------------------------------------------------------------[0m
 Step |   Time |      Value |     kNN_k |        nx |        ny |   threshold |     w_acc |   w_day_of_yr |     w_min |   w_weekday |       w_x |    w_year | 
   75 | 12m52s |    0.49015 |   39.7369 |   29.0381 |   45.4358 |      8.7142 |    1.8369 |        0.1114 |    1.3597 |      2.8716 |   37.3385 |    1.3298 | 
   76 | 10m39s |    0.48073 |   20.8213 |   35.0531 |   11.4049 |      7.7723 |    0.2434 |        1.6940 |    3.0732 |      2.7471 |   35.9521 |    1.9073 | 
   77 | 14m37s |    0.49971 |   36.5781 |   31.9381 |   48.5613 |      8.5729 |    1.9590 |        0.7997 |    1.2689 |      2.4931 |   34.7611 |    0.7718 | 
[31mBayesian Optimization[0m
[94m-------------------------------------------------------------------------------------------------------------------------------------------------------------[0m
 Step |   Time |      Value |     kNN_k |        nx |        ny |   threshold |     w_acc |   w_day_of_yr |     w_min |   w_weekday |       w_x |    w_year | 
   78 | 16m19s |    0.48878 |   21.8533 |   44.2041 |   41.1018 |      8.3755 |    0.8427 |        1.2249 |    0.9737 |      1.7076 |   23.7868 |    2.6489 | 
   79 | 13m08s |    0.45921 |   33.6649 |   22.8291 |   18.8680 |      8.3295 |    1.6152 |        1.7408 |    2.7441 |      2.7487 |   15.4699 |    1.8320 | 
   80 | 07m44s |    0.50868 |   29.6661 |   10.5048 |   24.2399 |      9.9406 |    0.5650 |        0.6872 |    2.9652 |      0.1586 |   36.4660 |    2.7406 | 
[31mBayesian Optimization[0m
[94m-------------------------------------------------------------------------------------------------------------------------------------------------------------[0m
 Step |   Time |      Value |     kNN_k |        nx |        ny |   threshold |     w_acc |   w_day_of_yr |     w_min |   w_weekday |       w_x |    w_year | 
   81 | 10m31s |    0.50287 |   35.2565 |   17.7088 |   31.3253 |      5.9230 |    0.4364 |        1.8237 |    0.5554 |      1.6349 |   35.7554 |    2.3370 | 
   82 | 11m51s |    0.49663 |   36.1558 |   41.7156 |   16.4466 |      4.9163 |    1.6353 |        1.6584 |    1.3585 |      1.4307 |   14.8804 |    1.6504 | 
   83 | 11m18s |    0.50177 |   31.5728 |   30.5973 |   36.0916 |      5.0597 |    0.4915 |        1.9295 |    1.2321 |      1.8500 |   44.9290 |    1.0499 | 
[31mBayesian Optimization[0m
[94m-------------------------------------------------------------------------------------------------------------------------------------------------------------[0m
 Step |   Time |      Value |     kNN_k |        nx |        ny |   threshold |     w_acc |   w_day_of_yr |     w_min |   w_weekday |       w_x |    w_year | 
   84 | 07m44s |    0.48041 |   28.0807 |   25.8089 |   15.5782 |      8.7849 |    0.7498 |        0.2654 |    0.1926 |      0.5490 |    5.3101 |    1.4817 | 
   85 | 08m55s |    0.48325 |   31.5385 |   22.2714 |   24.0855 |      4.9190 |    0.1835 |        1.4590 |    1.6125 |      2.7051 |   33.9001 |    0.1875 | 
   86 | 08m53s |    0.49534 |   35.2315 |   28.7077 |   20.0610 |      6.6200 |    0.9054 |        0.7693 |    2.1072 |      2.7634 |   40.3035 |    1.1985 | 
[31mBayesian Optimization[0m
[94m-------------------------------------------------------------------------------------------------------------------------------------------------------------[0m
 Step |   Time |      Value |     kNN_k |        nx |        ny |   threshold |     w_acc |   w_day_of_yr |     w_min |   w_weekday |       w_x |    w_year | 
   87 | 07m31s |    0.55039 |   28.6994 |   18.1238 |   10.9669 |      5.6806 |    1.1174 |        0.4655 |    0.4838 |      0.1024 |   29.7562 |    0.4242 | 
   88 | 12m30s |    0.49561 |   32.8381 |   31.9892 |   34.8989 |      8.8659 |    1.7590 |        1.3322 |    1.4504 |      0.7062 |   10.1623 |    2.5202 | 
   89 | 10m49s |    0.52445 |   35.8301 |   30.9847 |   33.7608 |      8.0186 |    1.9447 |        0.3682 |    0.5819 |      0.4173 |   26.7670 |    2.8189 | 
[31mBayesian Optimization[0m
[94m-------------------------------------------------------------------------------------------------------------------------------------------------------------[0m
 Step |   Time |      Value |     kNN_k |        nx |        ny |   threshold |     w_acc |   w_day_of_yr |     w_min |   w_weekday |       w_x |    w_year | 
   90 | 11m07s |    0.48451 |   27.9916 |   39.5115 |   12.3830 |      4.8874 |    1.2426 |        1.9683 |    3.1495 |      1.0061 |   11.6596 |    1.6924 | 
   91 | 18m19s |    0.46649 |   28.9059 |   42.2919 |   48.6489 |      6.6936 |    1.2242 |        1.8548 |    3.3392 |      2.5919 |   23.1184 |    0.5904 | 
   92 | 11m58s |    0.48984 |   37.3969 |   25.1997 |   45.6285 |      2.7792 |    1.0434 |        0.2547 |    2.9384 |      1.3816 |   28.2475 |    2.3172 | 
[31mBayesian Optimization[0m
[94m-------------------------------------------------------------------------------------------------------------------------------------------------------------[0m
 Step |   Time |      Value |     kNN_k |        nx |        ny |   threshold |     w_acc |   w_day_of_yr |     w_min |   w_weekday |       w_x |    w_year | 
   93 | 13m34s |    0.49088 |   31.2957 |   15.4783 |   39.6961 |      3.2869 |    1.6660 |        0.8500 |    0.6430 |      0.4929 |    5.7648 |    2.0053 | 
   94 | 19m05s |    0.49868 |   23.1191 |   45.3058 |   48.7421 |      3.6376 |    1.3623 |        1.1803 |    1.3992 |      2.6812 |   45.1891 |    1.5349 | 
   95 | 18m20s |    0.52159 |   39.9313 |   44.4980 |   46.8928 |      6.0031 |    1.1677 |        0.3013 |    1.1393 |      0.2806 |   36.8714 |    2.2260 | 
[31mBayesian Optimization[0m
[94m-------------------------------------------------------------------------------------------------------------------------------------------------------------[0m
 Step |   Time |      Value |     kNN_k |        nx |        ny |   threshold |     w_acc |   w_day_of_yr |     w_min |   w_weekday |       w_x |    w_year | 
   96 | 08m48s |    0.53234 |   28.1276 |   13.5704 |   24.3441 |      9.5664 |    0.5671 |        1.2732 |    0.6601 |      0.7651 |   39.4023 |    1.7900 | 
   97 | 11m01s |    0.47973 |   29.2069 |   37.4885 |   15.3396 |      5.4235 |    1.6774 |        1.9486 |    0.8263 |      1.1317 |    9.0831 |    2.2176 | 
   98 | 09m12s |    0.43885 |   23.1044 |   13.3714 |   10.3575 |      9.7251 |    0.1949 |        0.9758 |    0.5977 |      2.6712 |    7.7076 |    2.9636 | 
[31mBayesian Optimization[0m
[94m-------------------------------------------------------------------------------------------------------------------------------------------------------------[0m
 Step |   Time |      Value |     kNN_k |        nx |        ny |   threshold |     w_acc |   w_day_of_yr |     w_min |   w_weekday |       w_x |    w_year | 
   99 | 14m34s |    0.51226 |   21.1639 |   37.7579 |   40.1519 |      8.2512 |    0.4195 |        1.4428 |    1.4095 |      1.5443 |   43.7191 |    1.6325 | 
  100 | 08m28s |    0.51945 |   28.0273 |   21.8201 |   21.9988 |      5.8852 |    1.2785 |        0.2433 |    0.9195 |      0.6057 |   19.1932 |    2.1170 | 
  101 | 09m29s |    0.48059 |   31.0332 |   19.2792 |   45.4712 |      8.7474 |    0.8285 |        1.0486 |    0.9327 |      2.8962 |   45.5475 |    2.7386 | 
[31mBayesian Optimization[0m
[94m-------------------------------------------------------------------------------------------------------------------------------------------------------------[0m
 Step |   Time |      Value |     kNN_k |        nx |        ny |   threshold |     w_acc |   w_day_of_yr |     w_min |   w_weekday |       w_x |    w_year | 
  102 | 14m15s |    0.51907 |   28.8933 |   39.7839 |   34.4241 |      6.5727 |    1.7299 |        1.8413 |    1.4828 |      0.7405 |   19.5471 |    2.1108 | 
  103 | 11m37s |    0.46130 |   39.9988 |   41.0503 |   28.5248 |      3.3208 |    0.8345 |        0.4550 |    0.6242 |      2.7137 |   15.0645 |    2.2697 | 
  104 | 13m34s |    0.51621 |   26.7248 |   39.2090 |   36.1372 |      3.5498 |    1.8106 |        1.1082 |    3.2542 |      1.0517 |   40.2385 |    0.3309 | 
[31mBayesian Optimization[0m
[94m-------------------------------------------------------------------------------------------------------------------------------------------------------------[0m
 Step |   Time |      Value |     kNN_k |        nx |        ny |   threshold |     w_acc |   w_day_of_yr |     w_min |   w_weekday |       w_x |    w_year | 
  105 | 10m14s |    0.48033 |   23.1851 |   38.8128 |   23.0301 |      6.5849 |    1.1474 |        0.4964 |    1.8428 |      2.0919 |   28.9190 |    2.5031 | 
  106 | 09m47s |    0.52933 |   23.4824 |   25.2195 |   37.4654 |      2.9768 |    0.9634 |        0.3026 |    2.0677 |      0.5774 |   49.8845 |    0.1010 | 
  107 | 13m16s |    0.47769 |   27.4375 |   46.1976 |   27.9453 |      2.3987 |    1.5327 |        1.4809 |    0.5656 |      2.6193 |   34.0809 |    2.8673 | 
[31mBayesian Optimization[0m
[94m-------------------------------------------------------------------------------------------------------------------------------------------------------------[0m
 Step |   Time |      Value |     kNN_k |        nx |        ny |   threshold |     w_acc |   w_day_of_yr |     w_min |   w_weekday |       w_x |    w_year | 
  108 | 08m19s |    0.53171 |   28.6668 |   19.6230 |   30.1803 |      2.3266 |    0.8765 |        0.9132 |    2.9122 |      0.5546 |   49.7091 |    1.3973 | 
  109 | 11m21s |    0.50439 |   29.5531 |   21.4095 |   22.0476 |      7.5364 |    1.3310 |        0.9492 |    2.3522 |      1.8909 |   36.2791 |    1.6389 | 
  110 | 13m36s |    0.48722 |   28.4994 |   45.9410 |   29.6723 |      7.9158 |    0.3317 |        0.2757 |    0.2950 |      0.7753 |    9.6367 |    2.0764 | 
[31mBayesian Optimization[0m
[94m-------------------------------------------------------------------------------------------------------------------------------------------------------------[0m
 Step |   Time |      Value |     kNN_k |        nx |        ny |   threshold |     w_acc |   w_day_of_yr |     w_min |   w_weekday |       w_x |    w_year | 
  111 | 12m37s |    0.51186 |   21.5210 |   15.9344 |   20.1138 |      9.0833 |    1.5591 |        1.9213 |    1.2847 |      0.9105 |   18.6317 |    1.2474 | 
  112 | 18m46s |    0.48913 |   30.9857 |   46.4406 |   45.5797 |      2.8591 |    1.9040 |        0.9997 |    0.2423 |      1.4840 |   28.8809 |    2.9452 | 
  113 | 16m35s |    0.48132 |   35.7035 |   38.8906 |   45.9642 |      9.1854 |    1.7395 |        0.1263 |    2.8876 |      1.2439 |   11.4797 |    0.9435 | 
[31mBayesian Optimization[0m
[94m-------------------------------------------------------------------------------------------------------------------------------------------------------------[0m
 Step |   Time |      Value |     kNN_k |        nx |        ny |   threshold |     w_acc |   w_day_of_yr |     w_min |   w_weekday |       w_x |    w_year | 
  114 | 11m03s |    0.47075 |   26.4457 |   28.3910 |   36.2695 |      4.3930 |    1.2721 |        1.8633 |    0.6025 |      2.9819 |   35.5049 |    0.2066 | 
  115 | 15m19s |    0.48940 |   25.8715 |   40.1001 |   40.8694 |      2.8746 |    1.5934 |        1.4196 |    2.5370 |      2.6254 |   31.5185 |    1.2281 | 
  116 | 11m57s |    0.51461 |   22.2752 |   28.4859 |   43.1619 |      8.7993 |    1.8949 |        1.0977 |    3.1377 |      0.5790 |   24.7429 |    0.1857 | 
[31mBayesian Optimization[0m
[94m-------------------------------------------------------------------------------------------------------------------------------------------------------------[0m
 Step |   Time |      Value |     kNN_k |        nx |        ny |   threshold |     w_acc |   w_day_of_yr |     w_min |   w_weekday |       w_x |    w_year | 
  117 | 18m43s |    0.49770 |   20.1259 |   43.4691 |   48.3193 |      3.1721 |    0.6843 |        0.7576 |    1.5422 |      2.5021 |   31.1405 |    1.4216 | 
  118 | 08m43s |    0.53964 |   36.6825 |   33.3085 |   19.8777 |      5.5701 |    1.3918 |        0.2415 |    1.3646 |      0.3209 |   48.2556 |    0.8315 | 
  119 | 10m39s |    0.48981 |   38.4001 |   15.2602 |   48.1257 |      5.5742 |    1.7982 |        0.9275 |    3.0764 |      2.7090 |   40.5405 |    0.5781 | 
[31mBayesian Optimization[0m
[94m-------------------------------------------------------------------------------------------------------------------------------------------------------------[0m
 Step |   Time |      Value |     kNN_k |        nx |        ny |   threshold |     w_acc |   w_day_of_yr |     w_min |   w_weekday |       w_x |    w_year | 
  120 | 10m03s |    0.52049 |   38.3920 |   39.7660 |   21.5261 |      3.2089 |    1.1281 |        0.4365 |    0.3583 |      0.5288 |   47.2318 |    2.3211 | 
  121 | 11m21s |    0.54662 |   24.6702 |   24.8799 |   44.1427 |      6.8659 |    0.9167 |        0.6600 |    0.4869 |      0.3391 |   40.2783 |    0.9499 | 
  122 | 09m28s |    0.49591 |   32.9267 |   11.4111 |   41.6708 |      5.4765 |    1.7519 |        0.0658 |    1.3399 |      1.8672 |   45.0890 |    1.9007 | 
[31mBayesian Optimization[0m
[94m-------------------------------------------------------------------------------------------------------------------------------------------------------------[0m
 Step |   Time |      Value |     kNN_k |        nx |        ny |   threshold |     w_acc |   w_day_of_yr |     w_min |   w_weekday |       w_x |    w_year | 
  123 | 11m04s |    0.49277 |   23.4859 |   30.6203 |   33.8845 |      8.2516 |    1.0174 |        0.4292 |    1.2008 |      2.9182 |   21.1640 |    1.3614 | 
  124 | 15m33s |    0.50939 |   20.5527 |   37.5034 |   45.1951 |      5.2289 |    0.1371 |        0.9949 |    1.5983 |      1.0429 |   21.7515 |    0.2799 | 
