04938adf-5951-4e91-93c0-100a322a2195
[31mInitialization[0m
[94m-------------------------------------------------------------------------------------------------------------------------------------------------------------[0m
 Step |   Time |      Value |     kNN_k |        nx |        ny |   threshold |     w_acc |   w_day_of_yr |     w_min |   w_weekday |       w_x |    w_year | 
    1 | 07m15s | [35m   0.55282[0m | [32m  31.0000[0m | [32m  20.0000[0m | [32m  20.0000[0m | [32m     5.0000[0m | [32m   0.6000[0m | [32m       0.3293[0m | [32m   0.5652[0m | [32m     0.2670[0m | [32m  22.0000[0m | [32m   0.5179[0m | 
    2 | 08m51s |    0.52078 |   30.3049 |   21.3105 |   40.1968 |      4.0695 |    0.7991 |        0.4324 |    2.3179 |      0.9519 |   47.9256 |    1.6085 | 
    3 | 13m42s |    0.45860 |   34.5271 |   31.1421 |   48.8984 |      2.7222 |    1.7134 |        0.1467 |    2.2146 |      2.3850 |    9.6336 |    1.1165 | 
    4 | 12m13s |    0.52707 |   36.5868 |   28.1717 |   47.3666 |      4.5606 |    1.8252 |        1.0177 |    0.2065 |      0.5640 |   36.1871 |    2.1411 | 
[31mBayesian Optimization[0m
[94m-------------------------------------------------------------------------------------------------------------------------------------------------------------[0m
 Step |   Time |      Value |     kNN_k |        nx |        ny |   threshold |     w_acc |   w_day_of_yr |     w_min |   w_weekday |       w_x |    w_year | 
    5 | 09m06s |    0.48902 |   39.5713 |   35.4843 |   10.1177 |      3.6925 |    1.9351 |        0.1254 |    3.3811 |      1.2931 |   33.2123 |    2.6293 | 
[31mBayesian Optimization[0m
[94m-------------------------------------------------------------------------------------------------------------------------------------------------------------[0m
 Step |   Time |      Value |     kNN_k |        nx |        ny |   threshold |     w_acc |   w_day_of_yr |     w_min |   w_weekday |       w_x |    w_year | 
    6 | 09m16s |    0.52585 |   26.4221 |   20.8498 |   14.8586 |      9.8302 |    1.4533 |        1.2550 |    1.0298 |      1.1489 |   45.9215 |    1.8516 | 
    7 | 11m10s |    0.47895 |   33.8966 |   25.9381 |   37.6878 |      5.3295 |    1.1704 |        0.6009 |    2.2113 |      0.9585 |    6.4103 |    0.9484 | 
    8 | 09m45s |    0.49576 |   27.7406 |   22.2193 |   46.4999 |      7.0463 |    1.5937 |        0.9424 |    0.3674 |      2.3439 |   34.5582 |    0.1029 | 
[31mBayesian Optimization[0m
[94m-------------------------------------------------------------------------------------------------------------------------------------------------------------[0m
 Step |   Time |      Value |     kNN_k |        nx |        ny |   threshold |     w_acc |   w_day_of_yr |     w_min |   w_weekday |       w_x |    w_year | 
    9 | 08m40s |    0.53018 |   24.6488 |   23.2906 |   36.0557 |      6.2876 |    1.0594 |        0.3886 |    2.2610 |      0.4832 |   17.5329 |    0.1813 | 
   10 | 06m49s |    0.54208 |   25.8649 |   39.4769 |   11.2086 |      2.3888 |    1.2823 |        0.5059 |    1.8948 |      0.1933 |   28.4282 |    0.4147 | 
   11 | 09m08s |    0.52575 |   39.6395 |   29.8725 |   23.9942 |      3.0496 |    0.6277 |        1.0063 |    0.8123 |      1.1602 |   29.6029 |    1.3145 | 
[31mBayesian Optimization[0m
[94m-------------------------------------------------------------------------------------------------------------------------------------------------------------[0m
 Step |   Time |      Value |     kNN_k |        nx |        ny |   threshold |     w_acc |   w_day_of_yr |     w_min |   w_weekday |       w_x |    w_year | 
   12 | 18m15s |    0.45716 |   31.0609 |   49.6471 |   42.0365 |      2.2228 |    1.6598 |        1.1632 |    0.1126 |      1.6719 |   10.2183 |    2.4765 | 
   13 | 09m36s |    0.45116 |   38.2002 |   36.9767 |   15.8316 |      8.3050 |    1.6101 |        0.0904 |    2.0308 |      1.6016 |    9.8799 |    2.3698 | 
   14 | 17m25s |    0.44148 |   34.1125 |   18.1096 |   16.4643 |      3.8068 |    1.3499 |        1.8909 |    3.1591 |      2.2240 |   11.6555 |    2.8128 | 
[31mBayesian Optimization[0m
[94m-------------------------------------------------------------------------------------------------------------------------------------------------------------[0m
 Step |   Time |      Value |     kNN_k |        nx |        ny |   threshold |     w_acc |   w_day_of_yr |     w_min |   w_weekday |       w_x |    w_year | 
   15 | 09m12s |    0.47727 |   33.1938 |   31.9334 |   12.2925 |      7.7597 |    0.7910 |        0.9378 |    1.8692 |      1.6622 |   17.2087 |    2.6533 | 
   16 | 16m25s |    0.51296 |   22.3618 |   38.6817 |   49.4291 |      9.4263 |    1.4989 |        1.4444 |    1.0799 |      0.9697 |   31.1936 |    2.9871 | 
   17 | 05m44s |    0.50128 |   22.6801 |   12.1752 |   26.1286 |      5.7474 |    0.1223 |        0.2815 |    0.8308 |      0.9521 |   26.8745 |    2.4445 | 
[31mBayesian Optimization[0m
[94m-------------------------------------------------------------------------------------------------------------------------------------------------------------[0m
 Step |   Time |      Value |     kNN_k |        nx |        ny |   threshold |     w_acc |   w_day_of_yr |     w_min |   w_weekday |       w_x |    w_year | 
   18 | 08m14s |    0.47329 |   25.0234 |   29.6717 |   24.9956 |      2.7128 |    0.3664 |        0.7717 |    1.8395 |      2.4124 |   30.8381 |    2.8542 | 
   19 | 08m43s |    0.54248 |   36.2032 |   20.2722 |   39.5484 |      5.9941 |    0.9430 |        1.0949 |    1.4714 |      0.5284 |   39.6361 |    1.1320 | 
   20 | 09m54s |    0.50953 |   21.8476 |   15.8595 |   41.7007 |      7.7847 |    1.5255 |        1.4334 |    1.7286 |      0.5247 |   17.3249 |    2.9825 | 
[31mBayesian Optimization[0m
[94m-------------------------------------------------------------------------------------------------------------------------------------------------------------[0m
 Step |   Time |      Value |     kNN_k |        nx |        ny |   threshold |     w_acc |   w_day_of_yr |     w_min |   w_weekday |       w_x |    w_year | 
   21 | 09m47s |    0.44296 |   29.7160 |   20.5825 |   43.2488 |      7.3619 |    1.6733 |        0.2868 |    0.7937 |      1.8412 |    6.4985 |    1.9622 | 
   22 | 11m49s |    0.52577 |   36.3496 |   16.6349 |   24.2341 |      4.6561 |    1.0823 |        1.2427 |    1.0202 |      0.9057 |   16.8162 |    1.1435 | 
   23 | 08m20s |    0.48238 |   22.9436 |   30.8796 |   19.3259 |      9.7650 |    1.4919 |        0.5374 |    2.9035 |      2.4504 |   47.1645 |    2.3532 | 
[31mBayesian Optimization[0m
[94m-------------------------------------------------------------------------------------------------------------------------------------------------------------[0m
 Step |   Time |      Value |     kNN_k |        nx |        ny |   threshold |     w_acc |   w_day_of_yr |     w_min |   w_weekday |       w_x |    w_year | 
   24 | 13m27s |    0.47639 |   26.6618 |   43.6827 |   33.7355 |      6.2104 |    0.2954 |        1.5837 |    0.5701 |      1.8519 |   12.1162 |    1.3304 | 
   25 | 10m07s |    0.43455 |   31.8176 |   37.1798 |   25.6753 |      8.0246 |    0.4854 |        1.2218 |    2.6378 |      2.4550 |   10.5120 |    2.9049 | 
   26 | 06m54s |    0.44764 |   26.4284 |   25.8719 |   18.7732 |      7.3852 |    1.4629 |        0.3283 |    0.3739 |      1.7893 |    6.5771 |    2.3625 | 
[31mBayesian Optimization[0m
[94m-------------------------------------------------------------------------------------------------------------------------------------------------------------[0m
 Step |   Time |      Value |     kNN_k |        nx |        ny |   threshold |     w_acc |   w_day_of_yr |     w_min |   w_weekday |       w_x |    w_year | 
   27 | 07m05s |    0.50311 |   32.7648 |   29.0693 |   21.4711 |      6.8413 |    0.9234 |        0.3383 |    0.6987 |      2.9845 |   41.7295 |    0.9318 | 
   28 | 09m50s |    0.51091 |   39.9026 |   28.6448 |   22.6518 |      4.0541 |    1.0321 |        1.4242 |    1.4394 |      0.2243 |   14.1960 |    2.4630 | 
   29 | 07m03s |    0.49395 |   24.3454 |   40.1698 |   13.4024 |      6.0792 |    0.7844 |        0.9818 |    1.2137 |      2.7190 |   16.7044 |    1.0999 | 
[31mBayesian Optimization[0m
[94m-------------------------------------------------------------------------------------------------------------------------------------------------------------[0m
 Step |   Time |      Value |     kNN_k |        nx |        ny |   threshold |     w_acc |   w_day_of_yr |     w_min |   w_weekday |       w_x |    w_year | 
   30 | 11m39s |    0.49084 |   21.1655 |   18.4597 |   17.5304 |      9.8386 |    0.4335 |        1.8200 |    2.7011 |      1.5138 |   27.0368 |    2.7855 | 
   31 | 07m39s |    0.54627 |   22.7482 |   35.3698 |   19.1941 |      5.1375 |    1.9424 |        0.4749 |    1.2782 |      0.1444 |   30.3566 |    0.7671 | 
   32 | 14m06s |    0.51215 |   29.7691 |   31.8253 |   49.8154 |      6.7937 |    1.9712 |        1.8162 |    2.1351 |      0.1402 |   33.6367 |    0.6412 | 
[31mBayesian Optimization[0m
[94m-------------------------------------------------------------------------------------------------------------------------------------------------------------[0m
 Step |   Time |      Value |     kNN_k |        nx |        ny |   threshold |     w_acc |   w_day_of_yr |     w_min |   w_weekday |       w_x |    w_year | 
   33 | 17m28s |    0.46188 |   38.0854 |   47.2521 |   42.8528 |      2.8658 |    0.3937 |        1.2386 |    3.0973 |      1.9439 |    9.9494 |    0.9974 | 
   34 | 07m52s |    0.52186 |   31.6355 |   16.3036 |   31.9990 |      4.6449 |    0.8912 |        0.5931 |    2.5077 |      0.9053 |   33.3700 |    0.0565 | 
   35 | 09m57s |    0.49241 |   32.2053 |   34.2719 |   27.8652 |      9.9209 |    0.3236 |        1.1147 |    1.0757 |      1.2801 |   16.7486 |    2.4532 | 
[31mBayesian Optimization[0m
[94m-------------------------------------------------------------------------------------------------------------------------------------------------------------[0m
 Step |   Time |      Value |     kNN_k |        nx |        ny |   threshold |     w_acc |   w_day_of_yr |     w_min |   w_weekday |       w_x |    w_year | 
   36 | 09m53s |    0.47854 |   24.7754 |   24.5830 |   36.5862 |      5.1454 |    0.7139 |        1.2014 |    2.1815 |      1.6495 |   13.9283 |    0.2540 | 
   37 | 15m43s |    0.48243 |   23.6475 |   36.8070 |   48.7067 |      4.9996 |    0.7801 |        1.4056 |    3.3362 |      2.3115 |   41.2286 |    2.8625 | 
   38 | 14m07s |    0.49209 |   26.6965 |   39.3034 |   41.0729 |      4.0577 |    0.8557 |        0.3450 |    2.4930 |      2.7826 |   39.6698 |    0.0810 | 
[31mBayesian Optimization[0m
[94m-------------------------------------------------------------------------------------------------------------------------------------------------------------[0m
 Step |   Time |      Value |     kNN_k |        nx |        ny |   threshold |     w_acc |   w_day_of_yr |     w_min |   w_weekday |       w_x |    w_year | 
   39 | 16m51s |    0.44485 |   22.4486 |   38.9334 |   49.7845 |      4.9618 |    0.6951 |        1.2269 |    0.7262 |      2.2597 |    7.9647 |    2.4863 | 
   40 | 13m24s |    0.49857 |   29.4319 |   12.8561 |   11.3474 |      2.1241 |    0.7198 |        1.2101 |    2.3651 |      1.6867 |   22.9190 |    1.7475 | 
   41 | 12m53s |    0.46067 |   33.2659 |   20.6127 |   22.6023 |      4.9430 |    1.5034 |        1.6946 |    2.8063 |      2.2840 |   13.8261 |    0.7951 | 
[31mBayesian Optimization[0m
[94m-------------------------------------------------------------------------------------------------------------------------------------------------------------[0m
 Step |   Time |      Value |     kNN_k |        nx |        ny |   threshold |     w_acc |   w_day_of_yr |     w_min |   w_weekday |       w_x |    w_year | 
   42 | 10m16s |    0.46545 |   35.9966 |   33.9857 |   30.5290 |      4.9571 |    0.3248 |        1.9463 |    0.1291 |      2.2407 |   19.1912 |    1.1639 | 
   43 | 07m27s |    0.53709 |   28.1159 |   23.7523 |   11.9384 |      3.2159 |    1.6610 |        0.8926 |    2.2000 |      0.1274 |   45.7684 |    0.7929 | 
   44 | 10m46s |    0.48483 |   38.4514 |   26.1505 |   19.1477 |      9.4773 |    0.6707 |        1.6528 |    1.3996 |      2.3006 |   32.6682 |    2.8743 | 
[31mBayesian Optimization[0m
[94m-------------------------------------------------------------------------------------------------------------------------------------------------------------[0m
 Step |   Time |      Value |     kNN_k |        nx |        ny |   threshold |     w_acc |   w_day_of_yr |     w_min |   w_weekday |       w_x |    w_year | 
   45 | 12m43s |    0.47147 |   24.3179 |   47.6041 |   28.6854 |      3.8160 |    1.7632 |        0.2165 |    1.8409 |      2.7315 |   17.7535 |    1.7362 | 
   46 | 17m09s |    0.51488 |   27.7090 |   39.5491 |   49.5797 |      9.7672 |    0.4312 |        1.6194 |    2.0801 |      0.2206 |   29.4078 |    0.7033 | 
   47 | 10m36s |    0.52054 |   27.1432 |   48.8157 |   21.4919 |      9.6076 |    1.3283 |        1.6328 |    2.7784 |      0.6406 |   34.7552 |    2.1114 | 
[31mBayesian Optimization[0m
[94m-------------------------------------------------------------------------------------------------------------------------------------------------------------[0m
 Step |   Time |      Value |     kNN_k |        nx |        ny |   threshold |     w_acc |   w_day_of_yr |     w_min |   w_weekday |       w_x |    w_year | 
   48 | 14m13s |    0.49834 |   34.8225 |   49.0386 |   32.1634 |      2.2009 |    1.8712 |        1.5240 |    0.3745 |      1.9675 |   35.8067 |    1.1249 | 
   49 | 09m37s |    0.50261 |   26.2249 |   27.9979 |   15.4217 |      5.0180 |    0.3145 |        1.8273 |    1.2864 |      1.6270 |   43.7933 |    2.9009 | 
   50 | 14m03s |    0.48642 |   33.7277 |   49.4922 |   31.5043 |      8.7541 |    1.3371 |        0.3428 |    2.5007 |      2.7864 |   39.0333 |    1.3780 | 
[31mBayesian Optimization[0m
[94m-------------------------------------------------------------------------------------------------------------------------------------------------------------[0m
 Step |   Time |      Value |     kNN_k |        nx |        ny |   threshold |     w_acc |   w_day_of_yr |     w_min |   w_weekday |       w_x |    w_year | 
   51 | 10m24s |    0.50220 |   38.6736 |   39.2563 |   25.1580 |      9.8162 |    1.7483 |        1.0923 |    3.0508 |      1.2459 |   25.3630 |    0.2092 | 
   52 | 10m21s |    0.46631 |   24.6047 |   43.7447 |   19.5387 |      2.0368 |    1.4659 |        1.6840 |    1.5384 |      2.7420 |   18.6086 |    2.7892 | 
   53 | 07m53s |    0.50380 |   24.8586 |   15.2443 |   48.6836 |      5.6670 |    0.2974 |        0.1303 |    2.5401 |      0.1317 |   23.9253 |    2.0976 | 
[31mBayesian Optimization[0m
[94m-------------------------------------------------------------------------------------------------------------------------------------------------------------[0m
 Step |   Time |      Value |     kNN_k |        nx |        ny |   threshold |     w_acc |   w_day_of_yr |     w_min |   w_weekday |       w_x |    w_year | 
   54 | 06m50s |    0.47388 |   26.2164 |   39.8884 |   11.1726 |      4.5136 |    0.4111 |        1.2326 |    1.3553 |      0.4730 |    5.3711 |    0.3082 | 
   55 | 09m30s |    0.50535 |   23.6726 |   14.4065 |   29.8862 |      7.8366 |    1.7613 |        1.1428 |    1.7765 |      0.1187 |    8.0986 |    1.1508 | 
   56 | 10m50s |    0.51212 |   32.1928 |   44.9111 |   23.5761 |      2.7830 |    1.1354 |        0.9440 |    0.7807 |      0.8746 |   20.8018 |    2.7599 | 
[31mBayesian Optimization[0m
[94m-------------------------------------------------------------------------------------------------------------------------------------------------------------[0m
 Step |   Time |      Value |     kNN_k |        nx |        ny |   threshold |     w_acc |   w_day_of_yr |     w_min |   w_weekday |       w_x |    w_year | 
   57 | 09m49s |    0.49219 |   22.4169 |   32.3268 |   25.5435 |      4.8671 |    0.3175 |        1.8116 |    3.1671 |      1.9648 |   42.5081 |    0.9383 | 
   58 | 10m02s |    0.50194 |   29.0061 |   34.3403 |   30.2816 |      3.6914 |    1.2512 |        0.5494 |    1.6435 |      2.7213 |   29.9646 |    0.6443 | 
   59 | 08m52s |    0.53439 |   20.3378 |   34.8664 |   21.8400 |      2.2510 |    0.9287 |        1.1310 |    1.7151 |      0.5853 |   47.0989 |    1.7682 | 
[31mBayesian Optimization[0m
[94m-------------------------------------------------------------------------------------------------------------------------------------------------------------[0m
 Step |   Time |      Value |     kNN_k |        nx |        ny |   threshold |     w_acc |   w_day_of_yr |     w_min |   w_weekday |       w_x |    w_year | 
   60 | 07m00s |    0.49242 |   20.7739 |   20.9262 |   23.9138 |      2.4796 |    1.0026 |        0.5695 |    2.8508 |      2.4314 |   47.5680 |    1.5156 | 
   61 | 09m00s |    0.45200 |   37.0796 |   32.3017 |   15.2656 |      3.9228 |    1.0441 |        0.5320 |    3.1507 |      2.8732 |   23.2745 |    2.9607 | 
   62 | 10m09s |    0.49874 |   27.6011 |   19.1185 |   46.2074 |      7.0415 |    1.6259 |        1.4878 |    1.1520 |      2.3577 |   29.9846 |    1.1652 | 
[31mBayesian Optimization[0m
[94m-------------------------------------------------------------------------------------------------------------------------------------------------------------[0m
 Step |   Time |      Value |     kNN_k |        nx |        ny |   threshold |     w_acc |   w_day_of_yr |     w_min |   w_weekday |       w_x |    w_year | 
   63 | 07m40s |    0.52163 |   26.9253 |   15.0327 |   40.4000 |      7.0094 |    0.1070 |        1.3377 |    2.5863 |      0.3051 |   35.3687 |    2.1549 | 
   64 | 10m28s |    0.51300 |   30.9058 |   20.9291 |   15.7708 |      8.2608 |    1.9729 |        1.4015 |    2.7624 |      1.4516 |   37.0796 |    1.7988 | 
   65 | 08m54s |    0.50677 |   30.0521 |   38.3207 |   21.3511 |      6.2531 |    0.5363 |        1.8587 |    3.1986 |      0.1642 |   39.1674 |    2.9666 | 
[31mBayesian Optimization[0m
[94m-------------------------------------------------------------------------------------------------------------------------------------------------------------[0m
 Step |   Time |      Value |     kNN_k |        nx |        ny |   threshold |     w_acc |   w_day_of_yr |     w_min |   w_weekday |       w_x |    w_year | 
   66 | 08m45s |    0.51813 |   26.9617 |   17.4904 |   35.2223 |      2.6339 |    1.4219 |        1.3348 |    2.6515 |      0.0752 |   39.5841 |    0.4138 | 
   67 | 09m12s |    0.48311 |   38.3122 |   23.5170 |   26.9212 |      7.8587 |    1.1876 |        1.6410 |    0.3503 |      2.8554 |   31.3915 |    0.9820 | 
   68 | 11m34s |    0.49174 |   24.0563 |   16.7611 |   47.6429 |      8.5924 |    0.2444 |        1.3343 |    3.1046 |      1.6880 |   28.4534 |    2.2340 | 
[31mBayesian Optimization[0m
[94m-------------------------------------------------------------------------------------------------------------------------------------------------------------[0m
 Step |   Time |      Value |     kNN_k |        nx |        ny |   threshold |     w_acc |   w_day_of_yr |     w_min |   w_weekday |       w_x |    w_year | 
   69 | 07m57s |    0.49584 |   36.9580 |   31.4812 |   12.2614 |      9.6703 |    0.3852 |        0.1255 |    3.4386 |      0.5942 |   16.0083 |    1.5409 | 
   70 | 10m37s |    0.52490 |   36.1798 |   34.3598 |   29.4313 |      2.2559 |    0.7691 |        0.4837 |    2.6560 |      0.8093 |   32.8880 |    0.1984 | 
   71 | 07m12s |    0.49185 |   21.7787 |   30.5656 |   11.4352 |      9.1668 |    0.2989 |        0.8846 |    2.2927 |      2.9851 |   24.1730 |    0.6619 | 
[31mBayesian Optimization[0m
[94m-------------------------------------------------------------------------------------------------------------------------------------------------------------[0m
 Step |   Time |      Value |     kNN_k |        nx |        ny |   threshold |     w_acc |   w_day_of_yr |     w_min |   w_weekday |       w_x |    w_year | 
   72 | 08m15s |    0.52359 |   22.5926 |   14.4442 |   21.4571 |      2.4692 |    1.7569 |        0.4593 |    0.7552 |      0.6968 |   30.0576 |    2.7100 | 
   73 | 15m41s |    0.53711 |   22.6137 |   45.6018 |   38.2008 |      2.8362 |    0.3666 |        0.8887 |    2.0348 |      0.3680 |   40.7974 |    1.1176 | 
   74 | 08m51s |    0.50351 |   24.8964 |   10.2804 |   19.9234 |      9.2924 |    0.7632 |        0.3232 |    2.9559 |      0.5955 |   13.8797 |    1.3776 | 
[31mBayesian Optimization[0m
[94m-------------------------------------------------------------------------------------------------------------------------------------------------------------[0m
 Step |   Time |      Value |     kNN_k |        nx |        ny |   threshold |     w_acc |   w_day_of_yr |     w_min |   w_weekday |       w_x |    w_year | 
   75 | 11m55s |    0.47907 |   33.4161 |   28.7398 |   27.3623 |      3.3082 |    1.0217 |        1.5923 |    0.2375 |      1.3816 |   11.0322 |    1.2741 | 
   76 | 08m57s |    0.50338 |   20.8084 |   31.6330 |   23.6968 |      2.8111 |    0.2346 |        0.4810 |    0.8911 |      2.4826 |   11.9671 |    0.6295 | 
   77 | 07m32s |    0.50622 |   35.2119 |   20.5224 |   17.6938 |      5.2104 |    0.1032 |        0.2958 |    1.2426 |      1.9217 |   23.7357 |    0.1294 | 
[31mBayesian Optimization[0m
[94m-------------------------------------------------------------------------------------------------------------------------------------------------------------[0m
 Step |   Time |      Value |     kNN_k |        nx |        ny |   threshold |     w_acc |   w_day_of_yr |     w_min |   w_weekday |       w_x |    w_year | 
   78 | 15m01s |    0.51387 |   39.6058 |   11.7400 |   10.6308 |      5.1923 |    1.7342 |        1.9305 |    2.2197 |      1.4086 |   47.3081 |    1.0569 | 
   79 | 11m25s |    0.48602 |   20.1448 |   37.3958 |   31.3019 |      8.2066 |    0.9754 |        0.4497 |    2.9127 |      0.4436 |    7.5806 |    1.5082 | 
   80 | 09m38s |    0.48180 |   21.1832 |   17.2437 |   28.3635 |      3.2836 |    1.1630 |        0.4425 |    3.0941 |      2.0986 |   15.3561 |    0.4128 | 
[31mBayesian Optimization[0m
[94m-------------------------------------------------------------------------------------------------------------------------------------------------------------[0m
 Step |   Time |      Value |     kNN_k |        nx |        ny |   threshold |     w_acc |   w_day_of_yr |     w_min |   w_weekday |       w_x |    w_year | 
   81 | 15m26s |    0.51759 |   30.1510 |   43.6732 |   36.6981 |      8.3844 |    0.7200 |        1.2762 |    0.5908 |      0.1773 |   13.9655 |    1.9793 | 
   82 | 09m40s |    0.48925 |   26.1582 |   24.0572 |   18.9161 |      7.6190 |    1.4327 |        1.2115 |    0.2437 |      1.9733 |   17.9996 |    1.5393 | 
   83 | 14m09s |    0.47980 |   37.2958 |   33.2915 |   45.3712 |      8.7267 |    1.5944 |        0.4556 |    2.8892 |      0.9312 |   11.9384 |    2.2546 | 
[31mBayesian Optimization[0m
[94m-------------------------------------------------------------------------------------------------------------------------------------------------------------[0m
 Step |   Time |      Value |     kNN_k |        nx |        ny |   threshold |     w_acc |   w_day_of_yr |     w_min |   w_weekday |       w_x |    w_year | 
   84 | 14m26s |    0.48983 |   38.5475 |   39.4345 |   38.0280 |      2.0602 |    0.3727 |        0.8497 |    1.7918 |      2.5326 |   21.3197 |    0.3537 | 
   85 | 11m27s |    0.51146 |   23.0765 |   26.7664 |   42.8419 |      8.1990 |    0.8801 |        0.3364 |    0.3939 |      0.8125 |   42.6676 |    2.1495 | 
   86 | 08m43s |    0.44553 |   29.4185 |   17.4386 |   42.3165 |      7.4667 |    0.1215 |        0.5833 |    0.6909 |      2.7501 |    8.0071 |    2.4026 | 
[31mBayesian Optimization[0m
[94m-------------------------------------------------------------------------------------------------------------------------------------------------------------[0m
 Step |   Time |      Value |     kNN_k |        nx |        ny |   threshold |     w_acc |   w_day_of_yr |     w_min |   w_weekday |       w_x |    w_year | 
   87 | 11m33s |    0.49732 |   20.0305 |   28.9772 |   38.8189 |      4.3676 |    0.8970 |        1.3357 |    1.1683 |      1.7654 |   39.3222 |    2.7761 | 
   88 | 07m19s |    0.50175 |   22.1565 |   32.4568 |   18.3964 |      6.8801 |    0.5305 |        0.4039 |    0.0762 |      1.0183 |   44.3491 |    1.5652 | 
   89 | 12m14s |    0.51353 |   26.5809 |   43.9581 |   28.0772 |      3.5041 |    1.8097 |        0.5078 |    1.8378 |      1.6840 |   49.0159 |    0.9433 | 
[31mBayesian Optimization[0m
[94m-------------------------------------------------------------------------------------------------------------------------------------------------------------[0m
 Step |   Time |      Value |     kNN_k |        nx |        ny |   threshold |     w_acc |   w_day_of_yr |     w_min |   w_weekday |       w_x |    w_year | 
   90 | 09m19s |    0.45643 |   34.0576 |   28.9056 |   12.1617 |      8.1247 |    0.4596 |        0.4637 |    2.2714 |      2.6775 |   16.9432 |    2.3531 | 
   91 | 11m16s |    0.45548 |   27.8532 |   20.0844 |   16.6379 |      2.0582 |    0.4932 |        1.5725 |    2.8927 |      1.1228 |   10.2463 |    0.1832 | 
   92 | 09m22s |    0.49545 |   25.3337 |   15.2770 |   17.3585 |      8.7393 |    1.2581 |        0.4416 |    1.5752 |      1.7330 |   37.4809 |    2.3023 | 
[31mBayesian Optimization[0m
[94m-------------------------------------------------------------------------------------------------------------------------------------------------------------[0m
 Step |   Time |      Value |     kNN_k |        nx |        ny |   threshold |     w_acc |   w_day_of_yr |     w_min |   w_weekday |       w_x |    w_year | 
   93 | 08m53s |    0.49138 |   27.1318 |   38.9536 |   16.1082 |      4.4697 |    1.4370 |        0.6189 |    0.8496 |      2.5016 |   14.2659 |    1.2420 | 
   94 | 09m37s |    0.46374 |   36.4286 |   39.7931 |   17.3441 |      4.2278 |    1.1899 |        1.7489 |    0.7335 |      2.7085 |   12.2843 |    1.3804 | 
   95 | 09m48s |    0.52673 |   35.3944 |   38.2958 |   23.1492 |      4.2708 |    0.1935 |        0.9507 |    2.5825 |      0.4070 |   46.0351 |    1.7413 | 
[31mBayesian Optimization[0m
[94m-------------------------------------------------------------------------------------------------------------------------------------------------------------[0m
 Step |   Time |      Value |     kNN_k |        nx |        ny |   threshold |     w_acc |   w_day_of_yr |     w_min |   w_weekday |       w_x |    w_year | 
   96 | 09m35s |    0.49018 |   31.1572 |   35.2796 |   16.2839 |      9.3038 |    1.2076 |        1.4372 |    3.3462 |      1.7480 |   34.8948 |    0.1301 | 
   97 | 15m50s |    0.52724 |   30.6597 |   43.2712 |   40.1519 |      5.5416 |    0.8021 |        0.7845 |    0.9770 |      0.6836 |   24.1931 |    1.9053 | 
   98 | 11m40s |    0.50719 |   36.0352 |   14.2884 |   12.1337 |      2.6104 |    0.1401 |        1.8499 |    0.8336 |      1.7478 |   48.1386 |    1.7574 | 
[31mBayesian Optimization[0m
[94m-------------------------------------------------------------------------------------------------------------------------------------------------------------[0m
 Step |   Time |      Value |     kNN_k |        nx |        ny |   threshold |     w_acc |   w_day_of_yr |     w_min |   w_weekday |       w_x |    w_year | 
   99 | 17m29s |    0.50541 |   28.2008 |   46.8617 |   40.6075 |      3.7553 |    1.5897 |        1.0834 |    2.2524 |      0.7817 |   15.4707 |    0.1372 | 
  100 | 07m05s |    0.52463 |   21.7503 |   26.1105 |   16.7042 |      3.1310 |    0.7378 |        1.6299 |    1.4445 |      0.1029 |   44.3848 |    2.3360 | 
  101 | 11m52s |    0.51819 |   21.9126 |   27.9063 |   29.1161 |      6.9166 |    1.6080 |        1.8791 |    2.7180 |      0.8854 |   38.7669 |    2.5426 | 
[31mBayesian Optimization[0m
[94m-------------------------------------------------------------------------------------------------------------------------------------------------------------[0m
 Step |   Time |      Value |     kNN_k |        nx |        ny |   threshold |     w_acc |   w_day_of_yr |     w_min |   w_weekday |       w_x |    w_year | 
  102 | 13m27s |    0.51063 |   36.5802 |   40.6465 |   31.6901 |      7.3739 |    0.6955 |        0.8499 |    0.8502 |      1.4471 |   21.2657 |    1.2713 | 
  103 | 10m10s |    0.50058 |   30.2635 |   12.0167 |   37.3703 |      6.5861 |    1.3882 |        0.3473 |    2.8460 |      1.8822 |   35.8413 |    1.1737 | 
  104 | 10m49s |    0.43924 |   21.4656 |   12.0535 |   12.2303 |      8.5181 |    0.4093 |        1.6075 |    2.2929 |      2.7177 |   10.9642 |    0.3427 | 
[31mBayesian Optimization[0m
[94m-------------------------------------------------------------------------------------------------------------------------------------------------------------[0m
 Step |   Time |      Value |     kNN_k |        nx |        ny |   threshold |     w_acc |   w_day_of_yr |     w_min |   w_weekday |       w_x |    w_year | 
  105 | 07m55s |    0.54992 |   33.5684 |   26.9888 |   14.7320 |      4.0754 |    0.9284 |        0.5402 |    0.2219 |      0.2140 |   19.4143 |    0.5541 | 
  106 | 09m46s |    0.50970 |   28.8707 |   24.1770 |   24.8250 |      6.1282 |    0.5606 |        1.2715 |    0.7913 |      1.4697 |   28.1041 |    1.9247 | 
  107 | 08m26s |    0.45852 |   30.6867 |   40.9602 |   15.9911 |      6.8867 |    0.3257 |        0.4759 |    2.7014 |      1.0932 |    9.4043 |    2.8726 | 
[31mBayesian Optimization[0m
[94m-------------------------------------------------------------------------------------------------------------------------------------------------------------[0m
 Step |   Time |      Value |     kNN_k |        nx |        ny |   threshold |     w_acc |   w_day_of_yr |     w_min |   w_weekday |       w_x |    w_year | 
  108 | 11m24s |    0.49219 |   35.9978 |   23.6764 |   38.8909 |      9.5428 |    0.1112 |        1.9748 |    0.9529 |      1.6108 |   21.0349 |    1.4739 | 
  109 | 11m28s |    0.51603 |   24.1058 |   17.9092 |   43.1867 |      3.7067 |    1.3646 |        0.9059 |    2.4380 |      0.8909 |   16.0787 |    1.2179 | 
  110 | 08m43s |    0.53087 |   38.3960 |   11.4867 |   22.8030 |      5.9949 |    1.0586 |        0.5992 |    1.3207 |      1.0519 |   37.2465 |    1.2276 | 
[31mBayesian Optimization[0m
[94m-------------------------------------------------------------------------------------------------------------------------------------------------------------[0m
 Step |   Time |      Value |     kNN_k |        nx |        ny |   threshold |     w_acc |   w_day_of_yr |     w_min |   w_weekday |       w_x |    w_year | 
  111 | 11m53s |    0.47957 |   28.7855 |   44.7986 |   25.3084 |      3.9253 |    0.9391 |        0.5971 |    3.0749 |      1.1058 |   14.4836 |    2.4335 | 
  112 | 12m44s |    0.44501 |   25.9976 |   48.7397 |   26.2082 |      2.6207 |    1.3704 |        1.0252 |    2.8193 |      2.7120 |   13.3996 |    2.7053 | 
  113 | 09m00s |    0.49974 |   20.2974 |   17.0309 |   44.3091 |      8.3678 |    1.1631 |        0.6221 |    2.0472 |      1.5285 |   44.1564 |    2.3938 | 
[31mBayesian Optimization[0m
[94m-------------------------------------------------------------------------------------------------------------------------------------------------------------[0m
 Step |   Time |      Value |     kNN_k |        nx |        ny |   threshold |     w_acc |   w_day_of_yr |     w_min |   w_weekday |       w_x |    w_year | 
  114 | 11m23s |    0.48092 |   39.0874 |   38.7262 |   22.3967 |      2.8165 |    0.9023 |        1.3718 |    0.3763 |      1.8657 |   23.1218 |    2.7052 | 
  115 | 10m10s |    0.52481 |   31.2432 |   19.9668 |   26.9950 |      7.1346 |    1.7662 |        0.9831 |    2.1934 |      0.8874 |   35.2471 |    2.0698 | 
  116 | 10m22s |    0.50171 |   21.7775 |   40.6325 |   24.3107 |      3.6706 |    0.5080 |        1.0868 |    0.6318 |      2.2576 |   21.8934 |    1.0231 | 
[31mBayesian Optimization[0m
[94m-------------------------------------------------------------------------------------------------------------------------------------------------------------[0m
 Step |   Time |      Value |     kNN_k |        nx |        ny |   threshold |     w_acc |   w_day_of_yr |     w_min |   w_weekday |       w_x |    w_year | 
  117 | 12m52s |    0.51336 |   34.3880 |   14.4082 |   42.8285 |      7.1120 |    1.4595 |        1.7842 |    0.4179 |      0.9849 |   20.8706 |    1.2412 | 
  118 | 08m05s |    0.50200 |   20.7637 |   20.1006 |   28.8707 |      9.5859 |    1.7472 |        0.0954 |    1.4672 |      2.1362 |   21.1788 |    0.3927 | 
  119 | 13m12s |    0.47133 |   28.3778 |   35.9620 |   38.4255 |      7.1174 |    0.1348 |        0.9380 |    1.7588 |      1.6159 |   15.7361 |    2.7669 | 
[31mBayesian Optimization[0m
[94m-------------------------------------------------------------------------------------------------------------------------------------------------------------[0m
 Step |   Time |      Value |     kNN_k |        nx |        ny |   threshold |     w_acc |   w_day_of_yr |     w_min |   w_weekday |       w_x |    w_year | 
  120 | 07m09s |    0.47631 |   22.8477 |   44.0526 |   10.2507 |      9.1490 |    0.1823 |        1.8721 |    0.2382 |      1.2060 |   38.0166 |    0.2154 | 
  121 | 08m19s |    0.48514 |   20.8053 |   11.2938 |   15.6253 |      8.4585 |    0.4771 |        0.6029 |    3.4603 |      2.8742 |   26.5229 |    0.8779 | 
  122 | 09m45s |    0.47931 |   28.4864 |   38.1338 |   20.9814 |      5.5628 |    0.8357 |        1.8131 |    1.5381 |      2.4779 |   44.5841 |    0.0598 | 
[31mBayesian Optimization[0m
[94m-------------------------------------------------------------------------------------------------------------------------------------------------------------[0m
 Step |   Time |      Value |     kNN_k |        nx |        ny |   threshold |     w_acc |   w_day_of_yr |     w_min |   w_weekday |       w_x |    w_year | 
  123 | 10m27s |    0.49198 |   29.9292 |   14.5817 |   37.3955 |      2.4568 |    0.1533 |        0.4898 |    2.5652 |      0.6156 |    6.6924 |    0.5968 | 
  124 | 09m18s |    0.50823 |   28.9757 |   14.6191 |   47.7610 |      3.9423 |    1.8517 |        1.4758 |    3.1545 |      0.1184 |   42.0962 |    0.2033 | 
  125 | 14m26s |    0.51474 |   34.1594 |   39.2311 |   38.5331 |      3.9542 |    1.3596 |        1.7214 |    1.5695 |      0.1062 |   17.0041 |    2.1209 | 
[31mBayesian Optimization[0m
[94m-------------------------------------------------------------------------------------------------------------------------------------------------------------[0m
 Step |   Time |      Value |     kNN_k |        nx |        ny |   threshold |     w_acc |   w_day_of_yr |     w_min |   w_weekday |       w_x |    w_year | 
  126 | 07m54s |    0.51834 |   28.9248 |   46.7848 |   12.0515 |      9.3846 |    1.9694 |        0.1921 |    3.3820 |      0.8676 |   43.1777 |    0.6377 | 
  127 | 09m59s |    0.51129 |   36.1627 |   30.4951 |   27.5309 |      7.8451 |    1.0711 |        1.4752 |    3.4198 |      0.9668 |   39.9813 |    0.4086 | 
  128 | 09m02s |    0.49718 |   30.0313 |   21.6650 |   26.3084 |      4.1687 |    0.1096 |        1.8112 |    1.9440 |      1.2277 |   44.3790 |    0.2254 | 
[31mBayesian Optimization[0m
[94m-------------------------------------------------------------------------------------------------------------------------------------------------------------[0m
 Step |   Time |      Value |     kNN_k |        nx |        ny |   threshold |     w_acc |   w_day_of_yr |     w_min |   w_weekday |       w_x |    w_year | 
  129 | 11m26s |    0.45211 |   37.0802 |   29.4066 |   26.3090 |      5.7961 |    1.3826 |        1.5876 |    0.0994 |      1.9389 |    8.8221 |    1.3164 | 
  130 | 20m36s |    0.46884 |   24.5091 |   47.0976 |   49.7247 |      7.4516 |    1.0582 |        0.5015 |    3.1963 |      1.8805 |   10.5815 |    0.8709 | 
  131 | 09m28s |    0.50187 |   36.3602 |   11.8291 |   36.2741 |      4.5780 |    0.6732 |        0.5017 |    2.0549 |      2.3477 |   48.7183 |    1.0683 | 
[31mBayesian Optimization[0m
[94m-------------------------------------------------------------------------------------------------------------------------------------------------------------[0m
 Step |   Time |      Value |     kNN_k |        nx |        ny |   threshold |     w_acc |   w_day_of_yr |     w_min |   w_weekday |       w_x |    w_year | 
  132 | 09m39s |    0.54008 |   36.9791 |   34.7873 |   17.6772 |      3.5170 |    0.9412 |        0.2606 |    1.5646 |      0.3291 |   17.4209 |    0.6408 | 
  133 | 16m16s |    0.49628 |   20.7272 |   40.2542 |   44.9006 |      5.2655 |    1.1627 |        1.4160 |    0.8582 |      1.8758 |   45.0382 |    2.7740 | 
  134 | 08m33s |    0.51565 |   32.7688 |   42.3253 |   16.1681 |      7.4655 |    0.7514 |        1.4735 |    0.6876 |      0.0395 |   42.7511 |    2.8785 | 
[31mBayesian Optimization[0m
[94m-------------------------------------------------------------------------------------------------------------------------------------------------------------[0m
 Step |   Time |      Value |     kNN_k |        nx |        ny |   threshold |     w_acc |   w_day_of_yr |     w_min |   w_weekday |       w_x |    w_year | 
