5fa691cc-7ccd-40fa-836c-bea94c62530a
[31mInitialization[0m
[94m-------------------------------------------------------------------------------------------------------------------------------------------------------------[0m
 Step |   Time |      Value |     kNN_k |        nx |        ny |   threshold |     w_acc |   w_day_of_yr |     w_min |   w_weekday |       w_x |    w_year | 
    1 | 07m09s | [35m   0.55282[0m | [32m  31.0000[0m | [32m  20.0000[0m | [32m  20.0000[0m | [32m     5.0000[0m | [32m   0.6000[0m | [32m       0.3293[0m | [32m   0.5652[0m | [32m     0.2670[0m | [32m  22.0000[0m | [32m   0.5179[0m | 
    2 | 09m50s |    0.51592 |   35.4942 |   27.7725 |   27.3124 |      2.7230 |    1.8478 |        1.4945 |    0.1635 |      1.1330 |   30.4423 |    1.2219 | 
    3 | 09m15s |    0.48415 |   31.9608 |   26.8553 |   28.2629 |      9.0140 |    0.4966 |        0.9343 |    2.0381 |      1.9820 |   26.5626 |    2.4949 | 
    4 | 08m39s |    0.47742 |   30.8627 |   33.7542 |   22.6121 |      2.8377 |    0.9413 |        0.5624 |    0.9274 |      2.2636 |   10.2075 |    1.3805 | 
[31mBayesian Optimization[0m
[94m-------------------------------------------------------------------------------------------------------------------------------------------------------------[0m
 Step |   Time |      Value |     kNN_k |        nx |        ny |   threshold |     w_acc |   w_day_of_yr |     w_min |   w_weekday |       w_x |    w_year | 
    5 | 12m22s |    0.48565 |   29.9757 |   41.8304 |   31.0626 |      6.9351 |    0.2260 |        1.6289 |    3.0591 |      1.8844 |   24.7971 |    0.8487 | 
[31mBayesian Optimization[0m
[94m-------------------------------------------------------------------------------------------------------------------------------------------------------------[0m
 Step |   Time |      Value |     kNN_k |        nx |        ny |   threshold |     w_acc |   w_day_of_yr |     w_min |   w_weekday |       w_x |    w_year | 
    6 | 13m14s |    0.49483 |   21.8828 |   32.9032 |   43.8225 |      7.8128 |    1.1130 |        1.5851 |    2.2458 |      2.0441 |   47.4955 |    2.8060 | 
    7 | 09m52s |    0.49428 |   34.1338 |   12.5708 |   41.0358 |      9.5779 |    1.9710 |        1.7816 |    1.2423 |      2.6708 |   43.3802 |    1.2750 | 
    8 | 09m36s |    0.51253 |   36.1457 |   29.5889 |   32.2779 |      3.7165 |    1.6355 |        0.4119 |    0.1927 |      1.4165 |   33.9094 |    0.3719 | 
[31mBayesian Optimization[0m
[94m-------------------------------------------------------------------------------------------------------------------------------------------------------------[0m
 Step |   Time |      Value |     kNN_k |        nx |        ny |   threshold |     w_acc |   w_day_of_yr |     w_min |   w_weekday |       w_x |    w_year | 
    9 | 12m03s |    0.49686 |   33.0013 |   35.8425 |   35.4517 |      6.0246 |    0.4619 |        0.8579 |    1.3935 |      0.8808 |    7.6283 |    1.1051 | 
   10 | 06m46s |    0.49740 |   22.5082 |   34.7199 |   15.9904 |      4.9543 |    0.6442 |        1.1510 |    0.9083 |      2.4414 |   44.9972 |    0.2266 | 
   11 | 11m36s |    0.46031 |   35.7950 |   39.7846 |   27.5993 |      9.1174 |    1.5635 |        1.7157 |    3.3581 |      1.3152 |    9.2975 |    2.6097 | 
[31mBayesian Optimization[0m
[94m-------------------------------------------------------------------------------------------------------------------------------------------------------------[0m
 Step |   Time |      Value |     kNN_k |        nx |        ny |   threshold |     w_acc |   w_day_of_yr |     w_min |   w_weekday |       w_x |    w_year | 
   12 | 09m52s |    0.49959 |   33.8615 |   20.7864 |   40.5395 |      8.6643 |    0.9587 |        1.6069 |    1.1373 |      0.6164 |   11.9511 |    2.6678 | 
   13 | 09m31s |    0.48882 |   25.5042 |   22.0999 |   11.3473 |      9.7194 |    0.8947 |        0.4643 |    2.0550 |      1.2243 |   10.4746 |    1.0937 | 
   14 | 09m21s |    0.53551 |   32.2946 |   14.2112 |   43.0605 |      6.7266 |    1.7250 |        1.5278 |    0.4527 |      0.6873 |   36.8275 |    1.4135 | 
[31mBayesian Optimization[0m
[94m-------------------------------------------------------------------------------------------------------------------------------------------------------------[0m
 Step |   Time |      Value |     kNN_k |        nx |        ny |   threshold |     w_acc |   w_day_of_yr |     w_min |   w_weekday |       w_x |    w_year | 
   15 | 09m13s |    0.48976 |   24.7205 |   20.8967 |   17.1773 |      5.4249 |    1.9625 |        1.1884 |    0.3981 |      1.9302 |   36.0876 |    2.7551 | 
   16 | 09m57s |    0.47890 |   22.2846 |   42.4433 |   16.2457 |      6.4162 |    1.8049 |        1.5367 |    3.0434 |      2.8019 |   26.4298 |    1.1372 | 
   17 | 09m09s |    0.51633 |   21.8507 |   13.5537 |   45.4346 |      2.5603 |    1.3611 |        0.9043 |    2.7902 |      0.7228 |   30.1228 |    2.4164 | 
[31mBayesian Optimization[0m
[94m-------------------------------------------------------------------------------------------------------------------------------------------------------------[0m
 Step |   Time |      Value |     kNN_k |        nx |        ny |   threshold |     w_acc |   w_day_of_yr |     w_min |   w_weekday |       w_x |    w_year | 
   18 | 07m09s |    0.45454 |   20.5464 |   34.4175 |   15.8123 |      2.6081 |    0.5002 |        0.0885 |    3.3271 |      2.4881 |   24.3718 |    2.1467 | 
   19 | 10m29s |    0.48557 |   23.3313 |   47.8489 |   22.7643 |      5.6688 |    0.9500 |        0.9885 |    3.2194 |      2.5715 |   27.2582 |    0.7400 | 
   20 | 16m06s |    0.44136 |   24.8423 |   49.9186 |   35.5307 |      5.6453 |    1.5224 |        1.3162 |    0.0995 |      1.4995 |    7.0123 |    0.1918 | 
[31mBayesian Optimization[0m
[94m-------------------------------------------------------------------------------------------------------------------------------------------------------------[0m
 Step |   Time |      Value |     kNN_k |        nx |        ny |   threshold |     w_acc |   w_day_of_yr |     w_min |   w_weekday |       w_x |    w_year | 
   21 | 11m37s |    0.46685 |   38.7184 |   41.7341 |   28.0034 |      8.3329 |    0.2605 |        1.8064 |    2.6206 |      1.4088 |   15.9306 |    0.1772 | 
   22 | 10m37s |    0.45578 |   33.2509 |   25.6277 |   11.8746 |      8.1716 |    0.3433 |        1.4808 |    2.2251 |      2.8027 |   15.1102 |    2.4853 | 
   23 | 09m09s |    0.49261 |   37.2013 |   32.9042 |   20.3202 |      2.8916 |    1.4142 |        0.9269 |    1.7677 |      2.3122 |   26.7347 |    0.0671 | 
[31mBayesian Optimization[0m
[94m-------------------------------------------------------------------------------------------------------------------------------------------------------------[0m
 Step |   Time |      Value |     kNN_k |        nx |        ny |   threshold |     w_acc |   w_day_of_yr |     w_min |   w_weekday |       w_x |    w_year | 
   24 | 08m40s |    0.51563 |   37.0813 |   38.7385 |   10.5550 |      6.9939 |    1.9502 |        0.4600 |    1.4276 |      1.6011 |   41.6820 |    0.8480 | 
   25 | 09m36s |    0.46917 |   28.8312 |   34.4675 |   16.3357 |      6.2888 |    1.6886 |        0.6979 |    2.6322 |      2.0992 |   13.0529 |    1.5933 | 
   26 | 08m10s |    0.54594 |   37.4264 |   22.9845 |   28.4498 |      3.5738 |    1.7361 |        0.4098 |    1.3583 |      0.3064 |   21.5416 |    0.3798 | 
[31mBayesian Optimization[0m
[94m-------------------------------------------------------------------------------------------------------------------------------------------------------------[0m
 Step |   Time |      Value |     kNN_k |        nx |        ny |   threshold |     w_acc |   w_day_of_yr |     w_min |   w_weekday |       w_x |    w_year | 
   27 | 11m46s |    0.46163 |   37.7627 |   27.8893 |   31.8255 |      7.6206 |    1.7665 |        1.4236 |    2.1529 |      1.0240 |    8.6624 |    0.0561 | 
   28 | 09m50s |    0.52940 |   38.0021 |   21.0584 |   13.7628 |      4.5796 |    1.0408 |        1.1098 |    2.7777 |      0.3567 |   24.5633 |    0.6974 | 
   29 | 06m48s |    0.52909 |   25.9611 |   10.7213 |   37.0297 |      9.3959 |    0.5093 |        0.6418 |    0.1536 |      0.5355 |   28.4900 |    1.2890 | 
[31mBayesian Optimization[0m
[94m-------------------------------------------------------------------------------------------------------------------------------------------------------------[0m
 Step |   Time |      Value |     kNN_k |        nx |        ny |   threshold |     w_acc |   w_day_of_yr |     w_min |   w_weekday |       w_x |    w_year | 
   30 | 07m03s |    0.49438 |   31.5532 |   28.7327 |   17.9095 |      7.1257 |    1.8923 |        0.1631 |    1.9511 |      2.7244 |   27.4207 |    0.3966 | 
   31 | 12m13s |    0.47363 |   27.8717 |   44.1587 |   28.4368 |      2.0860 |    1.5053 |        0.8408 |    0.9888 |      0.9369 |    5.4647 |    1.9780 | 
   32 | 08m49s |    0.48244 |   20.6001 |   10.4598 |   25.7679 |      2.4791 |    1.5264 |        0.7553 |    2.2388 |      2.3999 |   14.0287 |    0.9682 | 
[31mBayesian Optimization[0m
[94m-------------------------------------------------------------------------------------------------------------------------------------------------------------[0m
 Step |   Time |      Value |     kNN_k |        nx |        ny |   threshold |     w_acc |   w_day_of_yr |     w_min |   w_weekday |       w_x |    w_year | 
   33 | 11m04s |    0.48425 |   23.0429 |   24.1030 |   48.6281 |      6.0893 |    1.6768 |        0.7069 |    2.6169 |      2.8451 |   34.5202 |    1.9103 | 
   34 | 15m51s |    0.48348 |   24.8020 |   39.7713 |   45.6032 |      7.7189 |    0.7614 |        1.4592 |    2.9198 |      0.4815 |   11.4604 |    0.2731 | 
   35 | 09m52s |    0.48800 |   39.2845 |   10.7692 |   26.5838 |      5.2598 |    0.5841 |        0.7197 |    3.4015 |      1.6851 |   35.8346 |    2.7489 | 
[31mBayesian Optimization[0m
[94m-------------------------------------------------------------------------------------------------------------------------------------------------------------[0m
 Step |   Time |      Value |     kNN_k |        nx |        ny |   threshold |     w_acc |   w_day_of_yr |     w_min |   w_weekday |       w_x |    w_year | 
   36 | 10m04s |    0.48787 |   27.4890 |   22.8151 |   42.8926 |      5.6734 |    1.7750 |        1.2077 |    0.7302 |      2.4690 |   48.8877 |    2.7203 | 
   37 | 13m30s |    0.53086 |   29.9601 |   43.8641 |   33.8798 |      9.2799 |    1.6519 |        0.2527 |    0.6583 |      0.8590 |   28.4260 |    0.6991 | 
   38 | 16m58s |    0.44142 |   31.0088 |   39.9410 |   49.4367 |      2.1170 |    1.8147 |        0.1044 |    0.9497 |      2.3953 |    6.2768 |    1.8057 | 
[31mBayesian Optimization[0m
[94m-------------------------------------------------------------------------------------------------------------------------------------------------------------[0m
 Step |   Time |      Value |     kNN_k |        nx |        ny |   threshold |     w_acc |   w_day_of_yr |     w_min |   w_weekday |       w_x |    w_year | 
   39 | 10m42s |    0.51005 |   34.0485 |   35.6381 |   30.5777 |      5.8012 |    1.8052 |        0.3795 |    1.5620 |      0.0871 |   13.3323 |    2.6040 | 
   40 | 11m45s |    0.50493 |   23.9764 |   32.2913 |   40.3928 |      8.9053 |    1.4409 |        1.4573 |    0.7906 |      1.9847 |   46.2868 |    1.7483 | 
   41 | 06m36s |    0.49761 |   39.7449 |   18.2249 |   26.7916 |      8.3767 |    0.4368 |        0.0721 |    2.2310 |      1.8684 |   40.2580 |    1.0743 | 
[31mBayesian Optimization[0m
[94m-------------------------------------------------------------------------------------------------------------------------------------------------------------[0m
 Step |   Time |      Value |     kNN_k |        nx |        ny |   threshold |     w_acc |   w_day_of_yr |     w_min |   w_weekday |       w_x |    w_year | 
   42 | 09m24s |    0.47399 |   21.2925 |   19.7532 |   47.4683 |      8.8626 |    1.2339 |        0.4472 |    1.6411 |      2.7292 |   20.0069 |    2.0006 | 
   43 | 10m58s |    0.44513 |   24.8277 |   37.7253 |   25.5824 |      9.3446 |    1.9641 |        1.2076 |    1.5763 |      1.5645 |    7.0182 |    2.9671 | 
   44 | 09m27s |    0.48467 |   24.7764 |   24.4923 |   39.5772 |      3.6789 |    0.3236 |        0.7100 |    0.5921 |      1.5624 |   24.8143 |    2.8487 | 
[31mBayesian Optimization[0m
[94m-------------------------------------------------------------------------------------------------------------------------------------------------------------[0m
 Step |   Time |      Value |     kNN_k |        nx |        ny |   threshold |     w_acc |   w_day_of_yr |     w_min |   w_weekday |       w_x |    w_year | 
   45 | 08m25s |    0.50939 |   29.4878 |   19.1330 |   42.0860 |      2.4202 |    0.3464 |        0.4000 |    2.4894 |      0.1162 |   34.0416 |    2.5494 | 
   46 | 15m46s |    0.52099 |   36.1007 |   40.9284 |   43.7151 |      8.0041 |    0.8525 |        0.4041 |    2.8436 |      0.6061 |   16.8920 |    0.6672 | 
   47 | 08m04s |    0.47389 |   22.2042 |   49.0502 |   14.7530 |      6.0000 |    1.9327 |        0.2341 |    2.8500 |      2.9772 |   43.6097 |    2.1830 | 
[31mBayesian Optimization[0m
[94m-------------------------------------------------------------------------------------------------------------------------------------------------------------[0m
 Step |   Time |      Value |     kNN_k |        nx |        ny |   threshold |     w_acc |   w_day_of_yr |     w_min |   w_weekday |       w_x |    w_year | 
   48 | 09m38s |    0.44863 |   27.7751 |   10.0943 |   42.7023 |      7.2719 |    0.8471 |        0.9652 |    2.6211 |      2.6658 |   14.2808 |    2.4531 | 
   49 | 09m40s |    0.49465 |   23.0339 |   27.2128 |   23.7804 |      9.3691 |    1.7128 |        1.5921 |    1.0031 |      2.4734 |   29.2429 |    1.1601 | 
   50 | 13m37s |    0.50377 |   34.8825 |   46.7352 |   30.7515 |      2.5187 |    0.1027 |        1.6170 |    1.3317 |      1.6105 |   25.4414 |    1.6107 | 
[31mBayesian Optimization[0m
[94m-------------------------------------------------------------------------------------------------------------------------------------------------------------[0m
 Step |   Time |      Value |     kNN_k |        nx |        ny |   threshold |     w_acc |   w_day_of_yr |     w_min |   w_weekday |       w_x |    w_year | 
   51 | 07m36s |    0.46979 |   29.2675 |   14.1873 |   47.7380 |      5.3724 |    0.7467 |        0.2175 |    0.5901 |      2.8779 |   14.8587 |    1.9846 | 
   52 | 10m46s |    0.50660 |   20.5437 |   19.9169 |   34.5549 |      9.3892 |    1.6849 |        1.9160 |    2.8430 |      1.6665 |   47.4350 |    1.6759 | 
   53 | 07m23s |    0.50858 |   20.7250 |   49.8450 |   12.4382 |      5.1848 |    0.1480 |        0.9612 |    0.5356 |      1.0649 |   39.5194 |    2.3400 | 
[31mBayesian Optimization[0m
[94m-------------------------------------------------------------------------------------------------------------------------------------------------------------[0m
 Step |   Time |      Value |     kNN_k |        nx |        ny |   threshold |     w_acc |   w_day_of_yr |     w_min |   w_weekday |       w_x |    w_year | 
   54 | 06m57s |    0.47047 |   22.5045 |   26.8944 |   20.1014 |      4.4676 |    0.9923 |        0.5924 |    0.2803 |      2.1826 |   20.2154 |    2.7646 | 
   55 | 12m03s |    0.48564 |   22.9695 |   47.1344 |   27.7632 |      8.6081 |    1.9371 |        0.3337 |    1.1931 |      2.8297 |   42.8637 |    2.0110 | 
   56 | 08m08s |    0.48158 |   23.9938 |   10.1673 |   29.9928 |      3.4252 |    0.6628 |        0.6988 |    2.5261 |      2.7304 |   14.6371 |    0.8576 | 
[31mBayesian Optimization[0m
[94m-------------------------------------------------------------------------------------------------------------------------------------------------------------[0m
 Step |   Time |      Value |     kNN_k |        nx |        ny |   threshold |     w_acc |   w_day_of_yr |     w_min |   w_weekday |       w_x |    w_year | 
   57 | 07m46s |    0.49463 |   38.6161 |   11.5882 |   48.7209 |      7.1819 |    0.1060 |        0.7112 |    1.5823 |      2.5528 |   33.7891 |    1.6022 | 
   58 | 06m24s |    0.49967 |   29.8315 |   10.2643 |   28.4888 |      3.7300 |    0.1615 |        0.4079 |    0.1090 |      1.8447 |   41.5402 |    0.9360 | 
   59 | 10m46s |    0.47326 |   20.8032 |   24.1923 |   47.1661 |      5.7319 |    0.7477 |        1.0233 |    2.8887 |      2.0395 |   12.9889 |    0.9575 | 
[31mBayesian Optimization[0m
[94m-------------------------------------------------------------------------------------------------------------------------------------------------------------[0m
 Step |   Time |      Value |     kNN_k |        nx |        ny |   threshold |     w_acc |   w_day_of_yr |     w_min |   w_weekday |       w_x |    w_year | 
   60 | 08m10s |    0.52444 |   29.5881 |   11.4396 |   45.5825 |      6.8510 |    1.2820 |        1.2537 |    3.2231 |      0.0800 |   46.1710 |    1.5091 | 
   61 | 16m00s |    0.49348 |   37.3457 |   36.3245 |   49.8019 |      3.6480 |    1.0598 |        1.5149 |    1.3686 |      2.3422 |   27.2112 |    1.3080 | 
   62 | 18m15s |    0.48527 |   26.2810 |   48.6422 |   43.6284 |      6.4869 |    1.7206 |        1.1472 |    3.4714 |      2.3636 |   42.5453 |    2.4321 | 
[31mBayesian Optimization[0m
[94m-------------------------------------------------------------------------------------------------------------------------------------------------------------[0m
 Step |   Time |      Value |     kNN_k |        nx |        ny |   threshold |     w_acc |   w_day_of_yr |     w_min |   w_weekday |       w_x |    w_year | 
   63 | 12m05s |    0.48753 |   22.4184 |   42.3040 |   31.1885 |      7.4712 |    1.4266 |        0.9434 |    2.7065 |      2.5052 |   27.4317 |    0.2180 | 
   64 | 10m30s |    0.51208 |   23.7170 |   35.7158 |   30.2419 |      2.0479 |    0.7161 |        0.6476 |    3.1038 |      1.3380 |   44.1454 |    1.2947 | 
   65 | 17m25s |    0.48257 |   28.7824 |   41.3688 |   48.8563 |      8.1787 |    0.7634 |        0.9566 |    2.6145 |      1.9646 |   33.7289 |    2.9614 | 
[31mBayesian Optimization[0m
[94m-------------------------------------------------------------------------------------------------------------------------------------------------------------[0m
 Step |   Time |      Value |     kNN_k |        nx |        ny |   threshold |     w_acc |   w_day_of_yr |     w_min |   w_weekday |       w_x |    w_year | 
   66 | 09m31s |    0.49832 |   20.7135 |   15.7911 |   34.7197 |      8.9094 |    0.4228 |        0.9109 |    1.3807 |      1.0568 |   15.5520 |    2.0250 | 
   67 | 09m36s |    0.50647 |   34.4458 |   22.2365 |   36.0698 |      7.8702 |    0.1802 |        1.2659 |    1.8036 |      1.0380 |   21.4597 |    2.4512 | 
   68 | 08m51s |    0.49627 |   38.0344 |   15.1620 |   22.6207 |      9.5956 |    0.3096 |        1.1569 |    1.3314 |      2.9336 |   33.5129 |    0.7797 | 
[31mBayesian Optimization[0m
[94m-------------------------------------------------------------------------------------------------------------------------------------------------------------[0m
 Step |   Time |      Value |     kNN_k |        nx |        ny |   threshold |     w_acc |   w_day_of_yr |     w_min |   w_weekday |       w_x |    w_year | 
   69 | 12m19s |    0.48744 |   27.3080 |   24.2846 |   10.3659 |      3.3410 |    1.4922 |        1.2424 |    1.9573 |      2.3511 |   21.4626 |    1.7732 | 
   70 | 14m04s |    0.50448 |   31.0376 |   23.6089 |   49.9262 |      3.0158 |    1.7052 |        1.3080 |    2.7359 |      1.5490 |   24.3242 |    1.1968 | 
   71 | 06m54s |    0.52746 |   24.2867 |   14.0484 |   31.0418 |      5.0818 |    1.9443 |        0.2347 |    3.3247 |      0.1657 |   39.2952 |    0.5747 | 
[31mBayesian Optimization[0m
[94m-------------------------------------------------------------------------------------------------------------------------------------------------------------[0m
 Step |   Time |      Value |     kNN_k |        nx |        ny |   threshold |     w_acc |   w_day_of_yr |     w_min |   w_weekday |       w_x |    w_year | 
   72 | 11m48s |    0.48135 |   34.6183 |   40.7008 |   10.2059 |      2.1764 |    1.4104 |        1.4726 |    1.6120 |      2.3588 |   29.5880 |    2.9212 | 
   73 | 09m34s |    0.48880 |   28.7699 |   12.3010 |   41.2125 |      2.9562 |    1.4778 |        0.7406 |    1.6529 |      2.7527 |   43.9352 |    2.2682 | 
   74 | 10m14s |    0.48617 |   37.2557 |   32.0033 |   27.4114 |      5.4923 |    0.5671 |        1.1280 |    3.4569 |      2.0905 |   31.1395 |    2.1445 | 
[31mBayesian Optimization[0m
[94m-------------------------------------------------------------------------------------------------------------------------------------------------------------[0m
 Step |   Time |      Value |     kNN_k |        nx |        ny |   threshold |     w_acc |   w_day_of_yr |     w_min |   w_weekday |       w_x |    w_year | 
   75 | 10m41s |    0.52537 |   34.8857 |   37.3760 |   17.2295 |      3.0138 |    1.9521 |        1.3685 |    2.2192 |      0.7112 |   43.0982 |    0.4698 | 
   76 | 12m28s |    0.50011 |   23.2334 |   25.8663 |   37.1375 |      5.1540 |    1.6538 |        1.8783 |    1.1706 |      1.2078 |   15.3045 |    1.6022 | 
   77 | 11m12s |    0.52450 |   25.2786 |   21.0559 |   49.5189 |      5.0630 |    1.8210 |        1.1023 |    1.9792 |      0.1293 |   25.6332 |    0.3463 | 
[31mBayesian Optimization[0m
[94m-------------------------------------------------------------------------------------------------------------------------------------------------------------[0m
 Step |   Time |      Value |     kNN_k |        nx |        ny |   threshold |     w_acc |   w_day_of_yr |     w_min |   w_weekday |       w_x |    w_year | 
   78 | 13m01s |    0.47624 |   22.0927 |   45.4540 |   24.4427 |      3.6091 |    1.5609 |        1.2184 |    2.6614 |      2.1873 |   17.6344 |    1.8859 | 
   79 | 10m28s |    0.50352 |   25.5711 |   16.1069 |   17.4911 |      9.7077 |    0.5421 |        1.9871 |    1.2475 |      1.9025 |   45.8334 |    1.5747 | 
   80 | 10m14s |    0.49832 |   27.5647 |   26.6896 |   33.9579 |      8.1938 |    1.8363 |        0.9170 |    1.5528 |      2.8381 |   31.9214 |    0.5273 | 
[31mBayesian Optimization[0m
[94m-------------------------------------------------------------------------------------------------------------------------------------------------------------[0m
 Step |   Time |      Value |     kNN_k |        nx |        ny |   threshold |     w_acc |   w_day_of_yr |     w_min |   w_weekday |       w_x |    w_year | 
   81 | 11m01s |    0.48055 |   37.6326 |   10.9097 |   20.6089 |      2.0672 |    1.2258 |        0.4046 |    1.1050 |      2.7892 |   34.1444 |    2.3376 | 
   82 | 08m45s |    0.52723 |   25.0096 |   41.1442 |   17.0653 |      8.1754 |    1.4844 |        1.4620 |    2.0100 |      0.8351 |   49.8487 |    2.0477 | 
   83 | 18m29s |    0.51078 |   22.7268 |   44.3638 |   48.0965 |      7.0560 |    0.4522 |        1.0852 |    2.0741 |      1.0716 |   43.9653 |    0.0558 | 
[31mBayesian Optimization[0m
[94m-------------------------------------------------------------------------------------------------------------------------------------------------------------[0m
 Step |   Time |      Value |     kNN_k |        nx |        ny |   threshold |     w_acc |   w_day_of_yr |     w_min |   w_weekday |       w_x |    w_year | 
   84 | 11m48s |    0.50007 |   22.3739 |   30.7551 |   38.2214 |      7.4490 |    1.3372 |        0.3422 |    2.4008 |      2.1793 |   35.6712 |    0.7516 | 
   85 | 10m10s |    0.52296 |   30.5027 |   27.2275 |   34.6150 |      5.0491 |    0.7680 |        0.4996 |    2.7844 |      0.8629 |   23.8550 |    0.5089 | 
   86 | 10m27s |    0.49420 |   28.7373 |   11.3513 |   44.3632 |      7.9589 |    1.4935 |        0.5613 |    0.5789 |      0.4831 |    5.8194 |    1.7804 | 
[31mBayesian Optimization[0m
[94m-------------------------------------------------------------------------------------------------------------------------------------------------------------[0m
 Step |   Time |      Value |     kNN_k |        nx |        ny |   threshold |     w_acc |   w_day_of_yr |     w_min |   w_weekday |       w_x |    w_year | 
   87 | 15m48s |    0.48398 |   36.3870 |   40.8404 |   40.7290 |      5.7757 |    0.1852 |        0.9827 |    1.2014 |      2.8455 |   37.9996 |    2.2723 | 
   88 | 16m50s |    0.49686 |   37.9290 |   47.9040 |   39.3169 |      9.4356 |    1.3138 |        1.8631 |    0.3157 |      1.6171 |   31.3369 |    1.8242 | 
   89 | 09m16s |    0.50111 |   32.6472 |   17.3431 |   22.6625 |      6.9141 |    0.3393 |        0.4156 |    2.2265 |      1.2844 |   45.5895 |    2.4892 | 
[31mBayesian Optimization[0m
[94m-------------------------------------------------------------------------------------------------------------------------------------------------------------[0m
 Step |   Time |      Value |     kNN_k |        nx |        ny |   threshold |     w_acc |   w_day_of_yr |     w_min |   w_weekday |       w_x |    w_year | 
   90 | 10m28s |    0.47723 |   33.3202 |   18.6788 |   27.2998 |      9.0431 |    1.1489 |        1.3223 |    0.5953 |      2.8814 |   37.4639 |    2.7621 | 
   91 | 11m57s |    0.46030 |   29.6397 |   30.5843 |   32.6846 |      8.6598 |    1.1163 |        1.7100 |    3.1503 |      2.6762 |   16.9296 |    1.9857 | 
   92 | 11m31s |    0.48372 |   22.3097 |   30.1086 |   38.7411 |      7.6740 |    0.7870 |        1.1927 |    0.2962 |      2.8288 |   16.3900 |    1.5225 | 
[31mBayesian Optimization[0m
[94m-------------------------------------------------------------------------------------------------------------------------------------------------------------[0m
 Step |   Time |      Value |     kNN_k |        nx |        ny |   threshold |     w_acc |   w_day_of_yr |     w_min |   w_weekday |       w_x |    w_year | 
   93 | 09m20s |    0.47819 |   39.5735 |   10.8781 |   48.3499 |      5.6689 |    0.2310 |        0.1169 |    2.4074 |      1.9672 |   39.3976 |    2.5778 | 
   94 | 12m28s |    0.50797 |   21.9264 |   43.4808 |   30.1216 |      9.0781 |    1.0165 |        1.4584 |    0.5983 |      0.4260 |   15.0035 |    2.8083 | 
   95 | 09m02s |    0.51527 |   25.5168 |   14.8283 |   10.0403 |      2.4214 |    1.4108 |        1.9523 |    0.1419 |      0.0377 |   24.6410 |    1.9671 | 
[31mBayesian Optimization[0m
[94m-------------------------------------------------------------------------------------------------------------------------------------------------------------[0m
 Step |   Time |      Value |     kNN_k |        nx |        ny |   threshold |     w_acc |   w_day_of_yr |     w_min |   w_weekday |       w_x |    w_year | 
   96 | 09m54s |    0.51876 |   29.1806 |   22.2876 |   33.4154 |      9.4611 |    1.4388 |        0.5455 |    2.3798 |      0.9488 |   30.1127 |    1.6746 | 
   97 | 11m04s |    0.47020 |   21.6131 |   30.5731 |   30.3898 |      7.4898 |    0.6362 |        1.7822 |    1.9356 |      1.2332 |   10.8210 |    2.6705 | 
   98 | 12m05s |    0.49905 |   30.4951 |   39.6955 |   28.4245 |      7.0012 |    1.8214 |        1.3197 |    1.5974 |      2.2772 |   38.9205 |    0.5943 | 
[31mBayesian Optimization[0m
[94m-------------------------------------------------------------------------------------------------------------------------------------------------------------[0m
 Step |   Time |      Value |     kNN_k |        nx |        ny |   threshold |     w_acc |   w_day_of_yr |     w_min |   w_weekday |       w_x |    w_year | 
   99 | 18m18s |    0.47041 |   23.3611 |   43.7000 |   46.9329 |      7.3482 |    0.5923 |        0.2243 |    0.2597 |      2.7521 |   28.3106 |    2.4613 | 
  100 | 09m43s |    0.49940 |   31.4060 |   17.0487 |   25.8103 |      4.5996 |    1.0679 |        0.8924 |    2.7789 |      2.2840 |   48.1581 |    1.4801 | 
  101 | 08m44s |    0.52048 |   34.4807 |   21.0400 |   36.3986 |      9.3572 |    0.1871 |        0.4783 |    1.0327 |      1.2870 |   49.8302 |    0.5375 | 
[31mBayesian Optimization[0m
[94m-------------------------------------------------------------------------------------------------------------------------------------------------------------[0m
 Step |   Time |      Value |     kNN_k |        nx |        ny |   threshold |     w_acc |   w_day_of_yr |     w_min |   w_weekday |       w_x |    w_year | 
  102 | 11m21s |    0.49595 |   24.8389 |   21.9830 |   35.9813 |      3.1731 |    0.8098 |        1.3613 |    2.2084 |      1.3500 |   26.2176 |    0.0866 | 
  103 | 18m49s |    0.44984 |   20.6822 |   42.6751 |   48.3034 |      6.1156 |    1.1661 |        1.2816 |    3.1788 |      2.6218 |   17.0152 |    2.9055 | 
  104 | 06m31s |    0.47926 |   34.9636 |   18.5986 |   17.1437 |      5.3137 |    0.8584 |        0.5366 |    0.1246 |      2.7247 |    6.6937 |    0.1919 | 
[31mBayesian Optimization[0m
[94m-------------------------------------------------------------------------------------------------------------------------------------------------------------[0m
 Step |   Time |      Value |     kNN_k |        nx |        ny |   threshold |     w_acc |   w_day_of_yr |     w_min |   w_weekday |       w_x |    w_year | 
  105 | 10m24s |    0.50840 |   20.2067 |   35.9878 |   12.6325 |      2.0826 |    1.7748 |        0.4687 |    1.8084 |      1.0098 |   32.2897 |    2.5388 | 
  106 | 08m20s |    0.53609 |   37.2514 |   28.1508 |   26.0687 |      6.1916 |    0.3832 |        0.1091 |    1.2636 |      0.4386 |   27.2860 |    0.1922 | 
  107 | 12m39s |    0.49939 |   39.1276 |   32.3992 |   35.7670 |      2.3439 |    1.9540 |        0.2320 |    2.3002 |      1.1238 |   26.8189 |    2.4072 | 
[31mBayesian Optimization[0m
[94m-------------------------------------------------------------------------------------------------------------------------------------------------------------[0m
 Step |   Time |      Value |     kNN_k |        nx |        ny |   threshold |     w_acc |   w_day_of_yr |     w_min |   w_weekday |       w_x |    w_year | 
  108 | 18m00s |    0.46517 |   25.8615 |   47.1993 |   42.8449 |      7.7118 |    0.2109 |        1.5974 |    2.5745 |      1.7982 |   10.7609 |    1.0932 | 
  109 | 14m07s |    0.51596 |   29.7052 |   30.2491 |   48.8323 |      4.7039 |    1.7950 |        0.3690 |    3.4876 |      0.6342 |   24.6273 |    1.4958 | 
  110 | 09m28s |    0.52568 |   24.3444 |   38.7764 |   20.1234 |      2.7980 |    0.8953 |        0.8115 |    0.7650 |      0.6074 |   14.1032 |    1.6246 | 
[31mBayesian Optimization[0m
[94m-------------------------------------------------------------------------------------------------------------------------------------------------------------[0m
 Step |   Time |      Value |     kNN_k |        nx |        ny |   threshold |     w_acc |   w_day_of_yr |     w_min |   w_weekday |       w_x |    w_year | 
  111 | 08m38s |    0.50901 |   39.9653 |   22.8366 |   14.4282 |      5.3138 |    0.9093 |        0.3578 |    0.9120 |      1.1976 |   43.9729 |    2.2057 | 
  112 | 10m40s |    0.50236 |   35.5655 |   20.3033 |   32.5160 |      8.0900 |    1.2519 |        1.3367 |    2.0998 |      1.7939 |   45.0301 |    0.2219 | 
  113 | 14m58s |    0.53227 |   39.0588 |   45.2441 |   35.6010 |      6.9566 |    1.4067 |        0.3610 |    0.3482 |      0.7322 |   48.2121 |    0.5355 | 
[31mBayesian Optimization[0m
[94m-------------------------------------------------------------------------------------------------------------------------------------------------------------[0m
 Step |   Time |      Value |     kNN_k |        nx |        ny |   threshold |     w_acc |   w_day_of_yr |     w_min |   w_weekday |       w_x |    w_year | 
  114 | 11m08s |    0.53361 |   25.7383 |   12.8577 |   41.1598 |      7.0295 |    1.3700 |        1.4783 |    1.7325 |      0.7941 |   34.1336 |    1.2149 | 
  115 | 10m18s |    0.51347 |   24.6956 |   30.5523 |   12.7413 |      4.5054 |    0.1573 |        1.9694 |    1.9875 |      0.5252 |   20.3180 |    2.2314 | 
  116 | 10m17s |    0.47443 |   27.5460 |   18.3645 |   43.3663 |      9.7535 |    0.7601 |        1.8037 |    1.0806 |      2.8530 |   19.2549 |    0.9168 | 
[31mBayesian Optimization[0m
[94m-------------------------------------------------------------------------------------------------------------------------------------------------------------[0m
 Step |   Time |      Value |     kNN_k |        nx |        ny |   threshold |     w_acc |   w_day_of_yr |     w_min |   w_weekday |       w_x |    w_year | 
  117 | 10m47s |    0.52369 |   21.4703 |   49.9517 |   20.2142 |      4.2305 |    1.6857 |        1.1492 |    1.2874 |      0.3175 |   41.2693 |    0.1230 | 
  118 | 10m02s |    0.52700 |   23.0576 |   29.8931 |   13.5104 |      6.7246 |    1.1699 |        1.2536 |    2.6279 |      0.8683 |   32.5095 |    1.4786 | 
  119 | 11m16s |    0.51083 |   28.9004 |   32.4821 |   15.7778 |      5.2462 |    1.4722 |        1.5057 |    1.1228 |      1.4663 |   49.2553 |    2.7644 | 
[31mBayesian Optimization[0m
[94m-------------------------------------------------------------------------------------------------------------------------------------------------------------[0m
 Step |   Time |      Value |     kNN_k |        nx |        ny |   threshold |     w_acc |   w_day_of_yr |     w_min |   w_weekday |       w_x |    w_year | 
  120 | 08m10s |    0.47538 |   28.5769 |   23.5958 |   22.3827 |      5.3769 |    0.3466 |        0.2757 |    1.0780 |      2.9151 |   44.6078 |    2.5026 | 
  121 | 09m33s |    0.46267 |   36.8268 |   31.7058 |   14.9558 |      2.0090 |    0.2345 |        1.0488 |    0.6971 |      1.8309 |   13.9074 |    2.9715 | 
  122 | 09m32s |    0.46390 |   20.9821 |   43.1259 |   15.5292 |      9.9393 |    0.5737 |        1.7184 |    2.0549 |      1.6227 |   12.4185 |    2.8727 | 
[31mBayesian Optimization[0m
[94m-------------------------------------------------------------------------------------------------------------------------------------------------------------[0m
 Step |   Time |      Value |     kNN_k |        nx |        ny |   threshold |     w_acc |   w_day_of_yr |     w_min |   w_weekday |       w_x |    w_year | 
  123 | 10m09s |    0.50870 |   37.2092 |   20.7731 |   42.2108 |      7.4725 |    1.1560 |        1.3220 |    3.4273 |      0.0530 |   39.1435 |    2.5954 | 
  124 | 09m16s |    0.49026 |   27.8603 |   32.2408 |   14.0164 |      7.9905 |    0.5035 |        1.8251 |    0.5435 |      2.2990 |   33.7014 |    1.2675 | 
  125 | 09m15s |    0.49305 |   22.1098 |   28.0613 |   15.2878 |      5.4301 |    0.2780 |        1.4981 |    2.1630 |      0.4527 |    9.1935 |    0.7979 | 
[31mBayesian Optimization[0m
[94m-------------------------------------------------------------------------------------------------------------------------------------------------------------[0m
 Step |   Time |      Value |     kNN_k |        nx |        ny |   threshold |     w_acc |   w_day_of_yr |     w_min |   w_weekday |       w_x |    w_year | 
  126 | 15m14s |    0.47284 |   38.9924 |   31.7151 |   43.4015 |      7.6276 |    1.8196 |        1.7831 |    2.6686 |      2.9196 |   25.0298 |    1.5942 | 
  127 | 09m52s |    0.53755 |   27.4414 |   37.6105 |   23.1166 |      9.6475 |    1.2344 |        0.8408 |    1.0095 |      0.7938 |   35.1924 |    0.6049 | 
  128 | 10m07s |    0.54278 |   23.8466 |   18.6819 |   48.2994 |      3.1279 |    1.4837 |        1.1342 |    1.4639 |      0.1961 |   36.4735 |    1.1682 | 
[31mBayesian Optimization[0m
[94m-------------------------------------------------------------------------------------------------------------------------------------------------------------[0m
 Step |   Time |      Value |     kNN_k |        nx |        ny |   threshold |     w_acc |   w_day_of_yr |     w_min |   w_weekday |       w_x |    w_year | 
  129 | 10m55s |    0.49220 |   32.1003 |   43.6217 |   19.2321 |      8.3804 |    0.8524 |        1.2728 |    2.9461 |      2.1781 |   49.1776 |    2.3573 | 
  130 | 09m55s |    0.43588 |   21.5648 |   24.5782 |   28.0588 |      5.9804 |    0.2191 |        1.6064 |    1.7086 |      1.8576 |    9.9343 |    0.0669 | 
  131 | 09m32s |    0.49390 |   26.3719 |   17.4876 |   48.7355 |      6.2371 |    1.6486 |        0.9478 |    2.3047 |      2.8887 |   37.8657 |    0.3208 | 
[31mBayesian Optimization[0m
[94m-------------------------------------------------------------------------------------------------------------------------------------------------------------[0m
 Step |   Time |      Value |     kNN_k |        nx |        ny |   threshold |     w_acc |   w_day_of_yr |     w_min |   w_weekday |       w_x |    w_year | 
  132 | 11m59s |    0.49370 |   38.4334 |   10.6559 |   38.3737 |      2.9928 |    1.0297 |        1.2080 |    2.4182 |      0.6361 |   13.0577 |    2.9655 | 
  133 | 08m05s |    0.50090 |   31.2442 |   22.5101 |   24.1852 |      8.4345 |    0.1689 |        0.6513 |    0.2195 |      1.7730 |   29.0246 |    1.2524 | 
