596d2c94-95fa-42c3-9c77-b4ac07f7f9ab
[31mInitialization[0m
[94m-------------------------------------------------------------------------------------------------------------------------------------------------------------[0m
 Step |   Time |      Value |     kNN_k |        nx |        ny |   threshold |     w_acc |   w_day_of_yr |     w_min |   w_weekday |       w_x |    w_year | 
    1 | 08m04s | [35m   0.55282[0m | [32m  31.0000[0m | [32m  20.0000[0m | [32m  20.0000[0m | [32m     5.0000[0m | [32m   0.6000[0m | [32m       0.3293[0m | [32m   0.5652[0m | [32m     0.2670[0m | [32m  22.0000[0m | [32m   0.5179[0m | 
    2 | 11m20s |    0.48067 |   28.0364 |   13.5232 |   34.5611 |      5.2257 |    1.3525 |        1.0328 |    2.0632 |      0.5433 |    7.9703 |    2.9389 | 
    3 | 13m35s |    0.51555 |   24.3118 |   44.8320 |   31.0036 |      7.7867 |    0.8237 |        1.7920 |    0.4925 |      1.1298 |   39.7059 |    2.0673 | 
    4 | 15m02s |    0.50040 |   28.0574 |   10.8604 |   32.1909 |      2.3725 |    1.7204 |        1.8490 |    3.3395 |      1.4105 |   28.9057 |    0.8805 | 
[31mBayesian Optimization[0m
[94m-------------------------------------------------------------------------------------------------------------------------------------------------------------[0m
 Step |   Time |      Value |     kNN_k |        nx |        ny |   threshold |     w_acc |   w_day_of_yr |     w_min |   w_weekday |       w_x |    w_year | 
    5 | 10m21s |    0.52739 |   34.2483 |   22.1462 |   42.1220 |      2.0130 |    0.2986 |        0.5833 |    3.2671 |      0.6982 |   39.1681 |    0.6905 | 
[31mBayesian Optimization[0m
[94m-------------------------------------------------------------------------------------------------------------------------------------------------------------[0m
 Step |   Time |      Value |     kNN_k |        nx |        ny |   threshold |     w_acc |   w_day_of_yr |     w_min |   w_weekday |       w_x |    w_year | 
    6 | 10m10s |    0.53522 |   21.6988 |   29.1612 |   33.1293 |      2.1557 |    1.8184 |        0.8395 |    1.5814 |      0.9161 |   48.9836 |    0.7445 | 
    7 | 14m43s |    0.50565 |   21.3893 |   34.3859 |   47.2687 |      5.9310 |    0.4216 |        0.3748 |    2.0319 |      1.8290 |   45.0918 |    0.9474 | 
    8 | 12m40s |    0.51375 |   29.2265 |   20.4272 |   15.1688 |      7.5392 |    0.5820 |        1.8134 |    2.2448 |      1.0843 |   27.0895 |    2.1640 | 
[31mBayesian Optimization[0m
[94m-------------------------------------------------------------------------------------------------------------------------------------------------------------[0m
 Step |   Time |      Value |     kNN_k |        nx |        ny |   threshold |     w_acc |   w_day_of_yr |     w_min |   w_weekday |       w_x |    w_year | 
    9 | 11m55s |    0.50269 |   20.2165 |   12.1582 |   14.4347 |      7.6383 |    1.1633 |        0.7223 |    1.1811 |      1.9984 |   14.3133 |    0.5652 | 
   10 | 09m18s |    0.52290 |   20.1403 |   23.2383 |   18.4077 |      9.2769 |    0.9605 |        1.0695 |    2.8582 |      0.6554 |   25.3946 |    0.5023 | 
   11 | 13m42s |    0.51584 |   29.8584 |   31.9965 |   44.8051 |      5.8336 |    0.7656 |        0.2722 |    1.6509 |      0.6414 |   29.6196 |    2.2155 | 
[31mBayesian Optimization[0m
[94m-------------------------------------------------------------------------------------------------------------------------------------------------------------[0m
 Step |   Time |      Value |     kNN_k |        nx |        ny |   threshold |     w_acc |   w_day_of_yr |     w_min |   w_weekday |       w_x |    w_year | 
   12 | 11m09s |    0.50949 |   24.3202 |   17.6502 |   49.1207 |      3.0024 |    1.1735 |        1.4041 |    3.4386 |      1.4533 |   36.5302 |    1.6436 | 
   13 | 14m26s |    0.50790 |   31.3280 |   13.6822 |   19.4327 |      2.8532 |    0.6600 |        1.4508 |    1.9454 |      1.6074 |   39.7863 |    2.4084 | 
   14 | 11m59s |    0.51904 |   35.1399 |   30.7435 |   37.7905 |      2.7935 |    1.3841 |        1.4826 |    0.0664 |      0.1317 |   18.5770 |    1.6256 | 
[31mBayesian Optimization[0m
[94m-------------------------------------------------------------------------------------------------------------------------------------------------------------[0m
 Step |   Time |      Value |     kNN_k |        nx |        ny |   threshold |     w_acc |   w_day_of_yr |     w_min |   w_weekday |       w_x |    w_year | 
   15 | 08m59s |    0.47833 |   35.8600 |   27.0560 |   30.1016 |      9.8181 |    0.6849 |        1.9071 |    0.3985 |      2.0661 |   21.4775 |    1.1028 | 
   16 | 10m04s |    0.49071 |   33.0530 |   22.7115 |   17.5109 |      6.4081 |    1.9026 |        1.8107 |    0.3021 |      0.2085 |    9.0567 |    2.3556 | 
   17 | 06m45s |    0.49037 |   22.2909 |   11.8039 |   34.0299 |      9.8465 |    0.1175 |        0.3863 |    2.3951 |      2.0163 |   17.6395 |    0.1601 | 
[31mBayesian Optimization[0m
[94m-------------------------------------------------------------------------------------------------------------------------------------------------------------[0m
 Step |   Time |      Value |     kNN_k |        nx |        ny |   threshold |     w_acc |   w_day_of_yr |     w_min |   w_weekday |       w_x |    w_year | 
   18 | 24m17s |    0.42918 |   30.4399 |   11.2619 |   14.2787 |      9.8397 |    1.8386 |        1.9860 |    2.5740 |      2.8491 |    9.0241 |    1.4173 | 
   19 | 09m55s |    0.53175 |   23.4415 |   38.5393 |   11.1291 |      2.7769 |    0.5866 |        0.6206 |    0.7091 |      0.8305 |   25.1245 |    1.1465 | 
   20 | 09m53s |    0.51484 |   22.2746 |   28.1546 |   24.0890 |      8.7907 |    1.7424 |        1.1686 |    0.3929 |      1.4304 |   36.4613 |    1.4113 | 
[31mBayesian Optimization[0m
[94m-------------------------------------------------------------------------------------------------------------------------------------------------------------[0m
 Step |   Time |      Value |     kNN_k |        nx |        ny |   threshold |     w_acc |   w_day_of_yr |     w_min |   w_weekday |       w_x |    w_year | 
   21 | 12m13s |    0.48331 |   23.6932 |   25.1045 |   42.4955 |      9.0391 |    0.2271 |        1.3200 |    1.4381 |      2.7336 |   42.5223 |    2.7021 | 
   22 | 15m12s |    0.53060 |   23.1593 |   34.1642 |   45.5723 |      9.2956 |    1.9501 |        0.3414 |    0.9518 |      0.4750 |   49.1657 |    1.6266 | 
   23 | 15m58s |    0.48942 |   25.4584 |   20.7558 |   14.3417 |      2.9300 |    1.6203 |        1.0326 |    1.1128 |      1.7199 |   10.9141 |    0.7252 | 
[31mBayesian Optimization[0m
[94m-------------------------------------------------------------------------------------------------------------------------------------------------------------[0m
 Step |   Time |      Value |     kNN_k |        nx |        ny |   threshold |     w_acc |   w_day_of_yr |     w_min |   w_weekday |       w_x |    w_year | 
   24 | 12m45s |    0.50561 |   35.0241 |   13.3819 |   29.8644 |      2.7209 |    1.7665 |        1.8550 |    1.8775 |      0.7466 |   31.7574 |    0.2105 | 
   25 | 09m48s |    0.49707 |   30.4704 |   16.1525 |   20.1269 |      6.6974 |    0.7152 |        1.1416 |    0.0999 |      1.5750 |   23.5730 |    1.5998 | 
   26 | 07m49s |    0.50544 |   20.4083 |   30.6874 |   16.2801 |      9.4425 |    1.3049 |        0.6542 |    0.5747 |      2.2616 |   26.1907 |    1.1583 | 
[31mBayesian Optimization[0m
[94m-------------------------------------------------------------------------------------------------------------------------------------------------------------[0m
 Step |   Time |      Value |     kNN_k |        nx |        ny |   threshold |     w_acc |   w_day_of_yr |     w_min |   w_weekday |       w_x |    w_year | 
   27 | 19m19s |    0.50396 |   25.8070 |   43.8307 |   46.1704 |      3.8933 |    0.9598 |        0.1614 |    2.6231 |      0.3825 |   20.9695 |    2.5456 | 
   28 | 11m12s |    0.49592 |   21.2489 |   41.4018 |   11.2492 |      4.4779 |    0.5406 |        1.1462 |    3.1354 |      1.7999 |   44.9788 |    2.2277 | 
   29 | 16m11s |    0.48580 |   32.5905 |   45.0075 |   37.0383 |      9.3127 |    0.7868 |        0.7413 |    0.2195 |      2.6200 |   49.3702 |    1.7637 | 
[31mBayesian Optimization[0m
[94m-------------------------------------------------------------------------------------------------------------------------------------------------------------[0m
 Step |   Time |      Value |     kNN_k |        nx |        ny |   threshold |     w_acc |   w_day_of_yr |     w_min |   w_weekday |       w_x |    w_year | 
   30 | 07m54s |    0.51808 |   36.4967 |   18.1757 |   29.4190 |      8.0051 |    0.4989 |        0.6682 |    0.0505 |      0.9744 |   49.1343 |    0.7202 | 
   31 | 13m49s |    0.51148 |   30.7127 |   48.6987 |   28.3608 |      2.6808 |    1.1280 |        1.7846 |    3.0808 |      1.3095 |   40.8961 |    1.2617 | 
   32 | 10m25s |    0.52501 |   25.5054 |   34.4513 |   16.2528 |      4.4735 |    1.5370 |        1.7160 |    1.9918 |      0.2822 |   47.1770 |    2.5993 | 
[31mBayesian Optimization[0m
[94m-------------------------------------------------------------------------------------------------------------------------------------------------------------[0m
 Step |   Time |      Value |     kNN_k |        nx |        ny |   threshold |     w_acc |   w_day_of_yr |     w_min |   w_weekday |       w_x |    w_year | 
   33 | 18m18s |    0.53091 |   22.0838 |   47.7735 |   40.6172 |      5.5668 |    1.5131 |        1.2165 |    1.5143 |      0.1503 |   45.3824 |    1.9886 | 
   34 | 09m02s |    0.51856 |   33.2943 |   49.0883 |   14.8515 |      5.8032 |    0.6268 |        0.1797 |    1.5088 |      0.3019 |   25.8650 |    2.0848 | 
   35 | 10m24s |    0.49507 |   30.6909 |   23.7137 |   22.6906 |      9.3575 |    0.7915 |        1.7625 |    0.7264 |      2.2574 |   36.4514 |    1.8850 | 
[31mBayesian Optimization[0m
[94m-------------------------------------------------------------------------------------------------------------------------------------------------------------[0m
 Step |   Time |      Value |     kNN_k |        nx |        ny |   threshold |     w_acc |   w_day_of_yr |     w_min |   w_weekday |       w_x |    w_year | 
   36 | 09m46s |    0.51414 |   39.1627 |   46.5739 |   14.1693 |      6.0314 |    1.1476 |        1.2174 |    0.1857 |      0.8321 |   37.4046 |    2.5132 | 
   37 | 10m33s |    0.53119 |   23.6283 |   17.1260 |   30.5282 |      4.2338 |    1.6648 |        1.4860 |    0.6982 |      0.4288 |   33.1092 |    0.6160 | 
   38 | 18m40s |    0.50370 |   30.2841 |   49.5003 |   40.8554 |      5.1279 |    0.3130 |        1.5459 |    2.7538 |      1.1658 |   21.6007 |    1.9484 | 
[31mBayesian Optimization[0m
[94m-------------------------------------------------------------------------------------------------------------------------------------------------------------[0m
 Step |   Time |      Value |     kNN_k |        nx |        ny |   threshold |     w_acc |   w_day_of_yr |     w_min |   w_weekday |       w_x |    w_year | 
   39 | 16m29s |    0.49526 |   39.2462 |   46.2015 |   36.6574 |      4.5677 |    1.5420 |        0.3324 |    2.6397 |      1.5640 |   41.9153 |    2.4477 | 
   40 | 11m01s |    0.52356 |   36.4928 |   25.2352 |   12.2382 |      5.0871 |    0.4731 |        1.8232 |    0.1723 |      0.4787 |   30.2093 |    1.6649 | 
   41 | 12m34s |    0.51529 |   22.1107 |   11.4712 |   33.4651 |      7.9229 |    0.9435 |        1.5707 |    1.5442 |      0.1401 |   14.6002 |    0.9357 | 
[31mBayesian Optimization[0m
[94m-------------------------------------------------------------------------------------------------------------------------------------------------------------[0m
 Step |   Time |      Value |     kNN_k |        nx |        ny |   threshold |     w_acc |   w_day_of_yr |     w_min |   w_weekday |       w_x |    w_year | 
   42 | 11m37s |    0.49752 |   34.6007 |   18.0980 |   47.9583 |      2.4998 |    0.8698 |        0.9664 |    2.8909 |      2.0312 |   40.2267 |    1.9742 | 
   43 | 11m28s |    0.53434 |   33.2591 |   27.5465 |   31.9816 |      7.9558 |    1.3537 |        0.4727 |    1.9196 |      0.5632 |   41.8455 |    0.1453 | 
   44 | 12m53s |    0.47802 |   36.4208 |   23.6073 |   49.4277 |      7.8197 |    1.7061 |        0.2150 |    3.3587 |      2.5732 |   23.4624 |    0.7603 | 
[31mBayesian Optimization[0m
[94m-------------------------------------------------------------------------------------------------------------------------------------------------------------[0m
 Step |   Time |      Value |     kNN_k |        nx |        ny |   threshold |     w_acc |   w_day_of_yr |     w_min |   w_weekday |       w_x |    w_year | 
   45 | 16m52s |    0.50018 |   32.6816 |   43.7089 |   39.3239 |      2.6386 |    1.9976 |        1.3282 |    1.0441 |      2.1599 |   41.3234 |    2.0354 | 
   46 | 13m50s |    0.48299 |   38.3487 |   20.9120 |   36.7449 |      7.4137 |    1.4599 |        1.0213 |    2.1448 |      2.2164 |   16.8048 |    1.2747 | 
   47 | 10m59s |    0.43310 |   21.7325 |   13.1625 |   23.2861 |      6.0211 |    0.3156 |        0.8244 |    0.9847 |      2.3348 |    6.0745 |    2.2087 | 
[31mBayesian Optimization[0m
[94m-------------------------------------------------------------------------------------------------------------------------------------------------------------[0m
 Step |   Time |      Value |     kNN_k |        nx |        ny |   threshold |     w_acc |   w_day_of_yr |     w_min |   w_weekday |       w_x |    w_year | 
   48 | 12m09s |    0.52475 |   33.4844 |   33.7323 |   18.9848 |      2.8639 |    0.7422 |        1.1367 |    0.1861 |      0.9561 |   36.4175 |    1.2431 | 
   49 | 12m38s |    0.51412 |   34.0276 |   17.4093 |   24.9679 |      5.9485 |    0.7807 |        1.7244 |    0.4111 |      1.1257 |   42.5899 |    0.8654 | 
   50 | 14m35s |    0.46675 |   29.4360 |   10.7392 |   31.5434 |      3.3535 |    0.8083 |        0.1535 |    2.0106 |      1.3222 |   12.1845 |    1.9185 | 
[31mBayesian Optimization[0m
[94m-------------------------------------------------------------------------------------------------------------------------------------------------------------[0m
 Step |   Time |      Value |     kNN_k |        nx |        ny |   threshold |     w_acc |   w_day_of_yr |     w_min |   w_weekday |       w_x |    w_year | 
   51 | 18m53s |    0.47462 |   26.3687 |   16.4216 |   49.3378 |      3.0578 |    1.6240 |        0.9718 |    2.6550 |      1.3739 |   14.1427 |    2.5549 | 
   52 | 18m45s |    0.46966 |   24.4114 |   39.7520 |   46.3587 |      8.9203 |    1.1984 |        1.2108 |    1.0198 |      2.4345 |   10.7708 |    0.3031 | 
   53 | 11m48s |    0.49094 |   39.0273 |   10.8553 |   27.0259 |      5.8518 |    0.6858 |        0.0661 |    2.0447 |      1.1458 |   29.5109 |    2.8326 | 
[31mBayesian Optimization[0m
[94m-------------------------------------------------------------------------------------------------------------------------------------------------------------[0m
 Step |   Time |      Value |     kNN_k |        nx |        ny |   threshold |     w_acc |   w_day_of_yr |     w_min |   w_weekday |       w_x |    w_year | 
   54 | 11m54s |    0.50268 |   33.0805 |   24.9194 |   27.3843 |      2.3586 |    0.3536 |        0.6131 |    3.3013 |      0.9455 |   39.3690 |    2.7057 | 
   55 | 18m19s |    0.48240 |   32.1761 |   10.6692 |   12.7992 |      2.0347 |    0.6099 |        1.1532 |    3.4029 |      2.8882 |   34.9119 |    0.3532 | 
   56 | 16m10s |    0.47973 |   23.9533 |   38.0489 |   32.9954 |      2.0841 |    1.9374 |        0.3062 |    1.6898 |      1.9961 |   21.8566 |    2.1149 | 
[31mBayesian Optimization[0m
[94m-------------------------------------------------------------------------------------------------------------------------------------------------------------[0m
 Step |   Time |      Value |     kNN_k |        nx |        ny |   threshold |     w_acc |   w_day_of_yr |     w_min |   w_weekday |       w_x |    w_year | 
   57 | 12m36s |    0.50495 |   32.3244 |   36.5161 |   14.3226 |      7.3984 |    0.4537 |        1.4367 |    1.3748 |      1.9485 |   36.9020 |    1.0893 | 
   58 | 10m58s |    0.50544 |   26.3313 |   19.2029 |   13.6644 |      7.4480 |    1.2745 |        0.3943 |    0.2812 |      0.9566 |   26.5569 |    2.3434 | 
   59 | 12m30s |    0.50931 |   36.9811 |   27.9659 |   40.3313 |      4.0973 |    0.5274 |        0.0709 |    2.2369 |      0.8319 |   23.4937 |    1.3463 | 
[31mBayesian Optimization[0m
[94m-------------------------------------------------------------------------------------------------------------------------------------------------------------[0m
 Step |   Time |      Value |     kNN_k |        nx |        ny |   threshold |     w_acc |   w_day_of_yr |     w_min |   w_weekday |       w_x |    w_year | 
   60 | 12m54s |    0.53422 |   25.0463 |   36.9700 |   25.1690 |      5.7989 |    0.5555 |        1.0405 |    2.4898 |      0.5571 |   40.9110 |    0.9761 | 
   61 | 13m46s |    0.48065 |   20.8607 |   47.4082 |   27.7736 |      7.4921 |    0.9601 |        0.0726 |    1.8079 |      2.1295 |   22.8162 |    1.5889 | 
   62 | 21m45s |    0.50176 |   32.8326 |   48.3026 |   49.4952 |      8.7527 |    0.2705 |        0.7684 |    0.9855 |      2.1896 |   47.8121 |    0.3292 | 
[31mBayesian Optimization[0m
[94m-------------------------------------------------------------------------------------------------------------------------------------------------------------[0m
 Step |   Time |      Value |     kNN_k |        nx |        ny |   threshold |     w_acc |   w_day_of_yr |     w_min |   w_weekday |       w_x |    w_year | 
   63 | 18m10s |    0.51139 |   31.2926 |   41.7619 |   42.5681 |      5.7064 |    1.3691 |        0.8467 |    3.2046 |      0.1289 |   28.2450 |    2.1701 | 
   64 | 15m22s |    0.43325 |   22.6106 |   16.6183 |   27.6719 |      2.7282 |    1.6014 |        1.5891 |    0.9794 |      2.3634 |    5.8627 |    0.9533 | 
   65 | 11m02s |    0.51175 |   36.6946 |   44.1448 |   18.4330 |      5.6726 |    1.9145 |        0.3401 |    3.2623 |      0.2137 |   47.3112 |    2.0225 | 
[31mBayesian Optimization[0m
[94m-------------------------------------------------------------------------------------------------------------------------------------------------------------[0m
 Step |   Time |      Value |     kNN_k |        nx |        ny |   threshold |     w_acc |   w_day_of_yr |     w_min |   w_weekday |       w_x |    w_year | 
   66 | 13m15s |    0.49943 |   34.3310 |   33.4041 |   25.5966 |      6.0535 |    1.5035 |        1.6997 |    1.6416 |      0.5973 |   20.2109 |    0.1709 | 
   67 | 14m59s |    0.50202 |   30.4149 |   26.9992 |   26.2363 |      9.4518 |    0.6821 |        1.3443 |    1.1927 |      1.7602 |   27.5148 |    1.9949 | 
   68 | 13m44s |    0.53256 |   20.4161 |   46.5539 |   26.1884 |      5.1849 |    0.5583 |        1.0822 |    1.2108 |      0.4798 |   21.0600 |    1.6364 | 
[31mBayesian Optimization[0m
[94m-------------------------------------------------------------------------------------------------------------------------------------------------------------[0m
 Step |   Time |      Value |     kNN_k |        nx |        ny |   threshold |     w_acc |   w_day_of_yr |     w_min |   w_weekday |       w_x |    w_year | 
   69 | 09m41s |    0.51962 |   35.9435 |   19.2463 |   36.3612 |      7.4621 |    0.1364 |        0.8465 |    1.5975 |      0.2178 |   35.6822 |    2.6113 | 
   70 | 17m32s |    0.49699 |   34.1040 |   29.8801 |   15.1911 |      7.5965 |    0.8361 |        1.7918 |    2.8472 |      2.1863 |   48.6878 |    1.7437 | 
   71 | 21m12s |    0.51286 |   32.6107 |   45.2333 |   48.2732 |      7.2790 |    1.9181 |        0.8291 |    1.2819 |      1.4156 |   28.6687 |    1.6837 | 
[31mBayesian Optimization[0m
[94m-------------------------------------------------------------------------------------------------------------------------------------------------------------[0m
 Step |   Time |      Value |     kNN_k |        nx |        ny |   threshold |     w_acc |   w_day_of_yr |     w_min |   w_weekday |       w_x |    w_year | 
   72 | 13m56s |    0.49861 |   38.5868 |   23.7884 |   21.4369 |      4.3048 |    0.5579 |        1.4094 |    0.3115 |      1.7663 |   32.5700 |    0.6618 | 
   73 | 13m01s |    0.48514 |   24.0348 |   30.1257 |   31.5370 |      8.1121 |    0.3269 |        1.7759 |    1.8156 |      2.4035 |   24.9798 |    1.2719 | 
   74 | 13m41s |    0.52934 |   39.4506 |   46.6126 |   24.3453 |      7.4615 |    1.7188 |        1.3581 |    1.6153 |      0.5846 |   36.2690 |    0.6409 | 
[31mBayesian Optimization[0m
[94m-------------------------------------------------------------------------------------------------------------------------------------------------------------[0m
 Step |   Time |      Value |     kNN_k |        nx |        ny |   threshold |     w_acc |   w_day_of_yr |     w_min |   w_weekday |       w_x |    w_year | 
   75 | 13m53s |    0.48507 |   38.2989 |   31.1131 |   33.4546 |      7.2652 |    0.8100 |        1.8447 |    2.9953 |      2.1392 |   38.2354 |    0.4633 | 
   76 | 12m17s |    0.47438 |   33.3308 |   25.9806 |   21.4209 |      5.4513 |    0.2677 |        0.3088 |    2.9359 |      2.7093 |   44.5105 |    2.3892 | 
   77 | 13m36s |    0.43588 |   31.0391 |   24.5629 |   43.8516 |      9.4112 |    1.5478 |        1.9743 |    0.3332 |      2.8072 |   11.0211 |    0.6546 | 
[31mBayesian Optimization[0m
[94m-------------------------------------------------------------------------------------------------------------------------------------------------------------[0m
 Step |   Time |      Value |     kNN_k |        nx |        ny |   threshold |     w_acc |   w_day_of_yr |     w_min |   w_weekday |       w_x |    w_year | 
   78 | 12m52s |    0.52333 |   39.6179 |   30.0795 |   11.3919 |      8.6124 |    0.6002 |        1.6399 |    0.3906 |      0.2551 |   22.7976 |    0.9409 | 
   79 | 12m33s |    0.46238 |   30.9481 |   23.3705 |   32.9573 |      7.8834 |    1.3455 |        0.2002 |    3.4993 |      2.9112 |   40.5880 |    2.9388 | 
   80 | 13m42s |    0.49631 |   38.0991 |   18.6576 |   30.5652 |      5.5018 |    0.6684 |        1.4099 |    0.1618 |      1.4751 |   33.9381 |    2.5463 | 
[31mBayesian Optimization[0m
[94m-------------------------------------------------------------------------------------------------------------------------------------------------------------[0m
 Step |   Time |      Value |     kNN_k |        nx |        ny |   threshold |     w_acc |   w_day_of_yr |     w_min |   w_weekday |       w_x |    w_year | 
   81 | 18m48s |    0.48439 |   39.5701 |   47.7517 |   37.7548 |      3.7827 |    1.6423 |        0.3196 |    0.2987 |      1.6479 |   17.5740 |    1.7441 | 
   82 | 13m40s |    0.50410 |   32.1025 |   15.7478 |   28.4718 |      5.4689 |    1.6157 |        0.4544 |    2.3628 |      2.0269 |   42.3721 |    1.1217 | 
   83 | 12m45s |    0.54300 |   27.9970 |   25.2557 |   41.2798 |      9.1479 |    0.4125 |        0.5200 |    0.4591 |      0.3270 |   44.2193 |    0.7252 | 
[31mBayesian Optimization[0m
[94m-------------------------------------------------------------------------------------------------------------------------------------------------------------[0m
 Step |   Time |      Value |     kNN_k |        nx |        ny |   threshold |     w_acc |   w_day_of_yr |     w_min |   w_weekday |       w_x |    w_year | 
   84 | 12m21s |    0.44603 |   28.3210 |   35.2390 |   17.8873 |      3.6580 |    0.4279 |        0.4594 |    2.9738 |      2.6939 |   12.8749 |    2.0574 | 
   85 | 15m31s |    0.51102 |   23.8494 |   16.6154 |   14.7833 |      6.8361 |    0.3651 |        1.4238 |    3.0743 |      0.6974 |   20.8334 |    0.6805 | 
   86 | 13m25s |    0.48592 |   30.3227 |   16.5878 |   27.4798 |      2.1796 |    1.4837 |        0.3806 |    2.2657 |      2.7016 |   37.1568 |    1.8839 | 
[31mBayesian Optimization[0m
[94m-------------------------------------------------------------------------------------------------------------------------------------------------------------[0m
 Step |   Time |      Value |     kNN_k |        nx |        ny |   threshold |     w_acc |   w_day_of_yr |     w_min |   w_weekday |       w_x |    w_year | 
   87 | 21m43s |    0.48501 |   30.3203 |   34.9975 |   10.5294 |      8.5196 |    1.9185 |        1.6080 |    2.9067 |      1.6784 |   20.1683 |    2.4735 | 
   88 | 09m58s |    0.45283 |   20.9579 |   49.9674 |   13.8494 |      6.2663 |    0.4854 |        1.8178 |    0.1122 |      2.1432 |   15.4157 |    2.7904 | 
   89 | 14m44s |    0.46042 |   20.2367 |   33.4211 |   17.2681 |      2.8199 |    1.5298 |        1.9902 |    1.6891 |      0.9917 |    9.4096 |    0.5075 | 
[31mBayesian Optimization[0m
[94m-------------------------------------------------------------------------------------------------------------------------------------------------------------[0m
 Step |   Time |      Value |     kNN_k |        nx |        ny |   threshold |     w_acc |   w_day_of_yr |     w_min |   w_weekday |       w_x |    w_year | 
