4cad2ecf-f90f-4883-92a6-bafa25c710a3
[31mInitialization[0m
[94m-------------------------------------------------------------------------------------------------------------------------------------------------------------[0m
 Step |   Time |      Value |     kNN_k |        nx |        ny |   threshold |     w_acc |   w_day_of_yr |     w_min |   w_weekday |       w_x |    w_year | 
    1 | 07m25s | [35m   0.55282[0m | [32m  31.0000[0m | [32m  20.0000[0m | [32m  20.0000[0m | [32m     5.0000[0m | [32m   0.6000[0m | [32m       0.3293[0m | [32m   0.5652[0m | [32m     0.2670[0m | [32m  22.0000[0m | [32m   0.5179[0m | 
    2 | 15m01s |    0.53007 |   26.5252 |   49.3376 |   34.8852 |      4.7133 |    1.8679 |        0.4144 |    2.2276 |      0.5903 |   29.2018 |    1.3259 | 
    3 | 09m37s |    0.49114 |   22.0230 |   19.4361 |   48.3864 |      8.9838 |    1.2549 |        1.5909 |    3.1410 |      1.6486 |   39.4582 |    0.1098 | 
    4 | 08m08s |    0.49707 |   28.4723 |   28.3868 |   20.6359 |      3.5698 |    1.9216 |        0.1219 |    1.8992 |      0.7877 |    8.2303 |    0.4556 | 
[31mBayesian Optimization[0m
[94m-------------------------------------------------------------------------------------------------------------------------------------------------------------[0m
 Step |   Time |      Value |     kNN_k |        nx |        ny |   threshold |     w_acc |   w_day_of_yr |     w_min |   w_weekday |       w_x |    w_year | 
    5 | 11m32s |    0.47200 |   29.9855 |   25.0041 |   49.1717 |      7.7906 |    1.5654 |        0.1884 |    0.7249 |      1.2753 |    9.3841 |    1.8142 | 
[31mBayesian Optimization[0m
[94m-------------------------------------------------------------------------------------------------------------------------------------------------------------[0m
 Step |   Time |      Value |     kNN_k |        nx |        ny |   threshold |     w_acc |   w_day_of_yr |     w_min |   w_weekday |       w_x |    w_year | 
    6 | 08m10s |    0.45151 |   24.0914 |   37.9543 |   19.6272 |      8.2663 |    0.8578 |        1.4065 |    0.1982 |      0.1799 |    6.4812 |    0.0566 | 
    7 | 09m44s |    0.48418 |   26.6913 |   39.3082 |   12.3268 |      8.3369 |    1.4307 |        1.8707 |    3.1985 |      1.8047 |   42.7723 |    0.0832 | 
    8 | 06m51s |    0.53596 |   29.1932 |   43.0718 |   11.8710 |      7.3025 |    0.5451 |        1.2702 |    1.4552 |      0.5597 |   45.2703 |    0.9271 | 
[31mBayesian Optimization[0m
[94m-------------------------------------------------------------------------------------------------------------------------------------------------------------[0m
 Step |   Time |      Value |     kNN_k |        nx |        ny |   threshold |     w_acc |   w_day_of_yr |     w_min |   w_weekday |       w_x |    w_year | 
    9 | 09m19s |    0.51356 |   33.9285 |   41.5242 |   21.5799 |      7.9159 |    0.6033 |        1.1154 |    3.3582 |      0.7159 |   47.9289 |    0.1004 | 
   10 | 07m06s |    0.50827 |   30.5454 |   26.2853 |   16.2782 |      9.8701 |    0.3506 |        0.4541 |    2.4572 |      0.8739 |   41.3007 |    2.4259 | 
   11 | 10m36s |    0.51072 |   36.5722 |   36.3287 |   29.1540 |      4.4962 |    1.7485 |        0.3428 |    2.8126 |      0.9458 |   18.8162 |    1.1863 | 
[31mBayesian Optimization[0m
[94m-------------------------------------------------------------------------------------------------------------------------------------------------------------[0m
 Step |   Time |      Value |     kNN_k |        nx |        ny |   threshold |     w_acc |   w_day_of_yr |     w_min |   w_weekday |       w_x |    w_year | 
   12 | 08m59s |    0.50678 |   37.0889 |   40.1052 |   14.5099 |      8.6800 |    0.3066 |        1.9504 |    2.5108 |      0.5190 |   19.7276 |    2.3799 | 
   13 | 15m10s |    0.54477 |   25.3482 |   42.9411 |   40.2434 |      3.5264 |    1.7607 |        0.7286 |    1.2069 |      0.5726 |   35.7767 |    0.5722 | 
   14 | 09m58s |    0.52171 |   35.0893 |   36.4741 |   28.0953 |      9.1779 |    0.8124 |        0.3346 |    1.4860 |      1.0300 |   38.2163 |    0.0769 | 
[31mBayesian Optimization[0m
[94m-------------------------------------------------------------------------------------------------------------------------------------------------------------[0m
 Step |   Time |      Value |     kNN_k |        nx |        ny |   threshold |     w_acc |   w_day_of_yr |     w_min |   w_weekday |       w_x |    w_year | 
   15 | 11m12s |    0.53146 |   24.2685 |   46.0741 |   25.3279 |      3.9846 |    0.8140 |        1.5121 |    1.4402 |      0.4495 |   20.0518 |    1.3221 | 
   16 | 09m59s |    0.49054 |   27.9847 |   13.3485 |   23.7488 |      7.8428 |    1.6550 |        1.4847 |    0.7851 |      2.3294 |   28.5561 |    0.3874 | 
   17 | 11m16s |    0.49919 |   26.5272 |   12.0210 |   48.5324 |      5.6024 |    1.5945 |        1.6283 |    2.2959 |      2.2402 |   35.8002 |    1.4910 | 
[31mBayesian Optimization[0m
[94m-------------------------------------------------------------------------------------------------------------------------------------------------------------[0m
 Step |   Time |      Value |     kNN_k |        nx |        ny |   threshold |     w_acc |   w_day_of_yr |     w_min |   w_weekday |       w_x |    w_year | 
   18 | 09m28s |    0.49607 |   30.8919 |   38.7618 |   14.2351 |      8.7726 |    0.4070 |        1.1574 |    2.3651 |      1.2886 |   23.4328 |    2.5993 | 
   19 | 13m54s |    0.52783 |   20.4977 |   32.8438 |   47.5243 |      8.3189 |    1.2921 |        0.5688 |    0.9833 |      0.0442 |   34.8632 |    1.8151 | 
   20 | 09m32s |    0.51569 |   22.9308 |   20.6875 |   21.8774 |      7.7795 |    1.2862 |        1.7815 |    2.3430 |      0.1226 |   36.3214 |    2.7093 | 
[31mBayesian Optimization[0m
[94m-------------------------------------------------------------------------------------------------------------------------------------------------------------[0m
 Step |   Time |      Value |     kNN_k |        nx |        ny |   threshold |     w_acc |   w_day_of_yr |     w_min |   w_weekday |       w_x |    w_year | 
   21 | 10m20s |    0.47483 |   24.0710 |   24.2368 |   42.9216 |      9.8104 |    0.3407 |        0.0867 |    3.0396 |      0.6411 |   11.1046 |    1.8777 | 
   22 | 11m36s |    0.51796 |   37.8084 |   40.5686 |   28.1252 |      4.8060 |    1.6122 |        0.8203 |    1.1885 |      1.4184 |   26.2702 |    1.0922 | 
   23 | 08m12s |    0.51747 |   20.6616 |   36.1801 |   18.1820 |      8.0191 |    0.6927 |        1.1304 |    1.7324 |      0.6130 |   14.7242 |    0.5049 | 
[31mBayesian Optimization[0m
[94m-------------------------------------------------------------------------------------------------------------------------------------------------------------[0m
 Step |   Time |      Value |     kNN_k |        nx |        ny |   threshold |     w_acc |   w_day_of_yr |     w_min |   w_weekday |       w_x |    w_year | 
   24 | 12m16s |    0.47942 |   23.8539 |   38.4211 |   35.2817 |      9.8211 |    0.9933 |        0.9804 |    3.0980 |      2.0885 |   16.4933 |    0.9624 | 
   25 | 07m32s |    0.48761 |   21.3767 |   42.4534 |   16.2285 |      2.0381 |    0.5821 |        0.0563 |    0.3005 |      2.8579 |   46.1326 |    1.1149 | 
   26 | 13m05s |    0.49841 |   26.9646 |   30.8434 |   44.9152 |      6.9245 |    1.5025 |        1.5455 |    0.9221 |      1.7236 |   19.1347 |    1.3476 | 
[31mBayesian Optimization[0m
[94m-------------------------------------------------------------------------------------------------------------------------------------------------------------[0m
 Step |   Time |      Value |     kNN_k |        nx |        ny |   threshold |     w_acc |   w_day_of_yr |     w_min |   w_weekday |       w_x |    w_year | 
   27 | 05m46s |    0.46879 |   29.3303 |   17.4945 |   18.6536 |      8.8643 |    1.1497 |        0.1987 |    0.4014 |      2.8884 |   22.9006 |    2.8061 | 
   28 | 10m34s |    0.49183 |   26.5412 |   39.4859 |   26.9876 |      4.7642 |    0.3358 |        1.9497 |    1.8925 |      0.8334 |   27.3054 |    0.2172 | 
   29 | 09m30s |    0.52597 |   23.7932 |   20.7657 |   43.9031 |      3.3392 |    1.8359 |        0.5591 |    0.1553 |      0.7986 |   40.4001 |    0.2901 | 
[31mBayesian Optimization[0m
[94m-------------------------------------------------------------------------------------------------------------------------------------------------------------[0m
 Step |   Time |      Value |     kNN_k |        nx |        ny |   threshold |     w_acc |   w_day_of_yr |     w_min |   w_weekday |       w_x |    w_year | 
   30 | 08m13s |    0.50903 |   35.5709 |   28.9207 |   22.8694 |      8.8195 |    1.1343 |        0.5979 |    0.6396 |      2.0398 |   32.0967 |    0.6422 | 
   31 | 07m05s |    0.48438 |   24.4122 |   13.5296 |   18.0634 |      8.3140 |    0.8762 |        0.1187 |    3.4661 |      2.2197 |   32.5272 |    1.1341 | 
   32 | 13m25s |    0.52013 |   38.8895 |   28.9968 |   49.6104 |      6.5834 |    1.9531 |        1.8277 |    2.7449 |      0.9162 |   37.7358 |    1.4598 | 
[31mBayesian Optimization[0m
[94m-------------------------------------------------------------------------------------------------------------------------------------------------------------[0m
 Step |   Time |      Value |     kNN_k |        nx |        ny |   threshold |     w_acc |   w_day_of_yr |     w_min |   w_weekday |       w_x |    w_year | 
   33 | 09m03s |    0.50562 |   37.5143 |   12.6239 |   29.4465 |      9.4330 |    1.1676 |        1.0515 |    3.3422 |      1.7543 |   42.1231 |    1.2667 | 
   34 | 06m20s |    0.50641 |   31.8339 |   40.5754 |   12.2237 |      4.6760 |    1.4706 |        0.3227 |    0.2112 |      1.7543 |   42.2868 |    0.3426 | 
   35 | 08m55s |    0.51001 |   31.0582 |   40.9920 |   12.3481 |      6.1188 |    1.2916 |        1.2012 |    2.9012 |      1.3049 |   47.9679 |    2.4581 | 
[31mBayesian Optimization[0m
[94m-------------------------------------------------------------------------------------------------------------------------------------------------------------[0m
 Step |   Time |      Value |     kNN_k |        nx |        ny |   threshold |     w_acc |   w_day_of_yr |     w_min |   w_weekday |       w_x |    w_year | 
   36 | 10m40s |    0.53819 |   26.7246 |   29.4779 |   35.6678 |      4.4945 |    1.2551 |        0.8904 |    1.0525 |      0.6332 |   27.5346 |    1.6423 | 
   37 | 07m28s |    0.52002 |   20.6615 |   31.3723 |   19.1960 |      7.3694 |    0.8061 |        1.8324 |    0.4999 |      0.9979 |   44.1011 |    1.4865 | 
   38 | 07m47s |    0.46202 |   22.7238 |   12.7239 |   18.7275 |      3.8733 |    1.1810 |        0.1175 |    2.0012 |      2.4896 |   21.7619 |    2.3755 | 
[31mBayesian Optimization[0m
[94m-------------------------------------------------------------------------------------------------------------------------------------------------------------[0m
 Step |   Time |      Value |     kNN_k |        nx |        ny |   threshold |     w_acc |   w_day_of_yr |     w_min |   w_weekday |       w_x |    w_year | 
   39 | 11m19s |    0.46734 |   35.2774 |   40.8129 |   29.3650 |      6.1789 |    1.2852 |        0.7088 |    2.4018 |      2.8551 |   11.5678 |    0.9261 | 
   40 | 08m52s |    0.48018 |   25.0151 |   24.3902 |   35.4640 |      5.4941 |    0.3258 |        1.2707 |    1.5961 |      2.6470 |   16.9815 |    1.7033 | 
   41 | 08m21s |    0.51867 |   39.7237 |   22.2136 |   11.5560 |      7.2439 |    1.6261 |        0.6807 |    2.0080 |      0.6593 |   47.4494 |    2.6571 | 
[31mBayesian Optimization[0m
[94m-------------------------------------------------------------------------------------------------------------------------------------------------------------[0m
 Step |   Time |      Value |     kNN_k |        nx |        ny |   threshold |     w_acc |   w_day_of_yr |     w_min |   w_weekday |       w_x |    w_year | 
   42 | 16m54s |    0.49773 |   34.5119 |   40.0202 |   49.1058 |      4.1740 |    0.3893 |        0.9052 |    2.9834 |      0.3872 |    9.0514 |    0.3008 | 
   43 | 09m45s |    0.50244 |   23.9038 |   26.3490 |   39.1472 |      9.3372 |    1.1242 |        0.1995 |    3.0370 |      0.4025 |   23.7174 |    2.7989 | 
   44 | 08m30s |    0.46004 |   25.9340 |   28.9397 |   11.5812 |      2.9803 |    0.8285 |        0.3205 |    2.1258 |      2.9816 |   20.7503 |    2.3740 | 
[31mBayesian Optimization[0m
[94m-------------------------------------------------------------------------------------------------------------------------------------------------------------[0m
 Step |   Time |      Value |     kNN_k |        nx |        ny |   threshold |     w_acc |   w_day_of_yr |     w_min |   w_weekday |       w_x |    w_year | 
   45 | 08m32s |    0.49546 |   23.4710 |   28.2556 |   27.2407 |      2.8605 |    0.6601 |        0.1704 |    2.2223 |      2.0060 |   35.5564 |    1.1610 | 
   46 | 15m43s |    0.48607 |   36.5485 |   44.6528 |   39.6407 |      4.4786 |    0.7467 |        0.7193 |    0.9425 |      2.8592 |   16.0886 |    1.3221 | 
   47 | 13m56s |    0.51206 |   31.0155 |   31.4192 |   49.0157 |      3.2647 |    0.3821 |        0.7485 |    1.3734 |      0.9234 |   15.7220 |    1.6195 | 
[31mBayesian Optimization[0m
[94m-------------------------------------------------------------------------------------------------------------------------------------------------------------[0m
 Step |   Time |      Value |     kNN_k |        nx |        ny |   threshold |     w_acc |   w_day_of_yr |     w_min |   w_weekday |       w_x |    w_year | 
   48 | 07m58s |    0.50137 |   31.4047 |   17.7546 |   10.5388 |      8.6181 |    1.8755 |        0.1174 |    0.9749 |      1.5849 |   16.1523 |    0.9322 | 
   49 | 14m11s |    0.47139 |   35.7844 |   43.2432 |   37.1038 |      7.7121 |    0.2135 |        1.0408 |    0.8142 |      1.7650 |   13.0992 |    2.3434 | 
   50 | 08m07s |    0.49659 |   36.0189 |   13.3032 |   17.4917 |      7.0587 |    0.5647 |        0.8511 |    1.5606 |      2.2548 |   38.8721 |    2.0257 | 
[31mBayesian Optimization[0m
[94m-------------------------------------------------------------------------------------------------------------------------------------------------------------[0m
 Step |   Time |      Value |     kNN_k |        nx |        ny |   threshold |     w_acc |   w_day_of_yr |     w_min |   w_weekday |       w_x |    w_year | 
   51 | 10m13s |    0.46864 |   21.0475 |   12.8558 |   34.7481 |      7.0480 |    1.0462 |        1.4753 |    3.0309 |      2.9467 |   21.4948 |    2.0242 | 
   52 | 08m02s |    0.46657 |   38.8395 |   36.8832 |   18.2261 |      6.2049 |    1.7442 |        0.4203 |    1.5508 |      2.2640 |    7.9079 |    0.9532 | 
   53 | 11m12s |    0.51573 |   26.9634 |   17.4233 |   13.8436 |      7.2145 |    1.4173 |        1.5855 |    1.9675 |      1.4905 |   36.0258 |    1.5359 | 
[31mBayesian Optimization[0m
[94m-------------------------------------------------------------------------------------------------------------------------------------------------------------[0m
 Step |   Time |      Value |     kNN_k |        nx |        ny |   threshold |     w_acc |   w_day_of_yr |     w_min |   w_weekday |       w_x |    w_year | 
   54 | 10m24s |    0.49146 |   32.9714 |   24.6462 |   10.5949 |      6.1310 |    0.9246 |        1.4462 |    1.1144 |      2.2498 |   19.3061 |    1.0893 | 
   55 | 12m34s |    0.53161 |   25.5322 |   42.8064 |   31.9873 |      4.6126 |    0.9386 |        0.8173 |    0.9082 |      0.5611 |   37.8674 |    2.0737 | 
   56 | 08m39s |    0.45205 |   20.8041 |   43.6861 |   10.0194 |      2.7900 |    1.4731 |        0.3236 |    3.0691 |      2.8086 |   26.0012 |    2.8994 | 
[31mBayesian Optimization[0m
[94m-------------------------------------------------------------------------------------------------------------------------------------------------------------[0m
 Step |   Time |      Value |     kNN_k |        nx |        ny |   threshold |     w_acc |   w_day_of_yr |     w_min |   w_weekday |       w_x |    w_year | 
   57 | 08m51s |    0.51715 |   25.0299 |   47.7996 |   15.5697 |      6.1108 |    0.5915 |        0.8103 |    2.8332 |      1.0298 |   36.7820 |    1.6530 | 
   58 | 10m40s |    0.50097 |   29.6670 |   13.3777 |   11.0640 |      9.9915 |    1.6022 |        1.3074 |    2.0172 |      2.1992 |   47.6267 |    0.4592 | 
   59 | 07m51s |    0.47348 |   22.0820 |   37.9503 |   18.4604 |      7.2317 |    0.8370 |        1.8686 |    1.8620 |      2.9835 |   41.5463 |    0.1621 | 
[31mBayesian Optimization[0m
[94m-------------------------------------------------------------------------------------------------------------------------------------------------------------[0m
 Step |   Time |      Value |     kNN_k |        nx |        ny |   threshold |     w_acc |   w_day_of_yr |     w_min |   w_weekday |       w_x |    w_year | 
   60 | 08m37s |    0.50336 |   30.2432 |   17.4485 |   48.5663 |      8.2920 |    1.4346 |        0.6995 |    0.5702 |      2.7477 |   45.2421 |    0.8060 | 
   61 | 08m23s |    0.48846 |   27.0995 |   27.7159 |   28.2861 |      7.5091 |    0.7874 |        1.8220 |    0.5875 |      2.7938 |   47.9313 |    1.9441 | 
   62 | 09m31s |    0.49931 |   21.9204 |   19.3572 |   32.1557 |      4.0368 |    1.4457 |        1.8367 |    1.2312 |      1.7927 |   42.0493 |    0.6146 | 
[31mBayesian Optimization[0m
[94m-------------------------------------------------------------------------------------------------------------------------------------------------------------[0m
 Step |   Time |      Value |     kNN_k |        nx |        ny |   threshold |     w_acc |   w_day_of_yr |     w_min |   w_weekday |       w_x |    w_year | 
   63 | 08m30s |    0.49587 |   33.6948 |   18.8536 |   41.9450 |      7.4295 |    0.9554 |        0.4794 |    2.4481 |      2.6652 |   48.7206 |    0.8537 | 
   64 | 08m18s |    0.47279 |   23.9846 |   25.0122 |   12.6424 |      7.5735 |    1.6906 |        0.4576 |    2.2029 |      2.0218 |   22.4475 |    2.5871 | 
   65 | 10m51s |    0.46597 |   35.3011 |   24.2859 |   42.6866 |      2.9654 |    0.3499 |        1.6150 |    2.2117 |      2.9332 |   19.8566 |    2.3839 | 
[31mBayesian Optimization[0m
[94m-------------------------------------------------------------------------------------------------------------------------------------------------------------[0m
 Step |   Time |      Value |     kNN_k |        nx |        ny |   threshold |     w_acc |   w_day_of_yr |     w_min |   w_weekday |       w_x |    w_year | 
   66 | 10m52s |    0.49381 |   39.2915 |   23.5188 |   19.6912 |      5.3918 |    0.7648 |        1.5434 |    1.3581 |      1.4870 |   18.0855 |    0.5405 | 
   67 | 14m06s |    0.52025 |   32.3018 |   45.0864 |   35.2154 |      6.1249 |    0.7754 |        0.2066 |    2.7177 |      0.3801 |   19.0335 |    1.0533 | 
   68 | 10m43s |    0.50954 |   20.0062 |   10.0479 |   30.1170 |      4.3088 |    1.6967 |        1.0510 |    2.9788 |      0.0942 |   14.3786 |    1.6397 | 
[31mBayesian Optimization[0m
[94m-------------------------------------------------------------------------------------------------------------------------------------------------------------[0m
 Step |   Time |      Value |     kNN_k |        nx |        ny |   threshold |     w_acc |   w_day_of_yr |     w_min |   w_weekday |       w_x |    w_year | 
   69 | 18m36s |    0.46721 |   23.1797 |   44.9825 |   46.7316 |      4.4970 |    1.3840 |        1.8498 |    0.6529 |      1.6509 |    9.9023 |    2.1147 | 
   70 | 11m44s |    0.51001 |   28.7546 |   26.0859 |   27.2740 |      7.2480 |    1.5963 |        1.7490 |    0.6811 |      1.2528 |   21.5472 |    1.3548 | 
   71 | 12m18s |    0.47576 |   30.3553 |   18.9772 |   16.5788 |      5.0347 |    1.4928 |        1.5547 |    0.4391 |      2.2321 |   13.7755 |    1.0917 | 
[31mBayesian Optimization[0m
[94m-------------------------------------------------------------------------------------------------------------------------------------------------------------[0m
 Step |   Time |      Value |     kNN_k |        nx |        ny |   threshold |     w_acc |   w_day_of_yr |     w_min |   w_weekday |       w_x |    w_year | 
   72 | 09m13s |    0.50895 |   24.4738 |   45.6257 |   13.5765 |      8.9765 |    0.9596 |        1.3245 |    2.2269 |      0.4565 |   19.2569 |    2.7474 | 
   73 | 10m14s |    0.52404 |   36.3097 |   26.6679 |   32.8756 |      7.1839 |    0.1559 |        1.7450 |    2.4249 |      0.3532 |   41.6835 |    1.6491 | 
   74 | 09m06s |    0.49146 |   25.0450 |   14.7823 |   12.5889 |      6.1897 |    1.3488 |        0.2567 |    3.3937 |      2.1274 |   29.5560 |    0.5693 | 
[31mBayesian Optimization[0m
[94m-------------------------------------------------------------------------------------------------------------------------------------------------------------[0m
 Step |   Time |      Value |     kNN_k |        nx |        ny |   threshold |     w_acc |   w_day_of_yr |     w_min |   w_weekday |       w_x |    w_year | 
   75 | 07m34s |    0.49286 |   21.4623 |   16.9974 |   21.6250 |      8.0010 |    0.4659 |        1.9943 |    0.2080 |      0.2487 |    9.6925 |    2.0388 | 
   76 | 09m34s |    0.49486 |   38.9314 |   26.5176 |   31.8127 |      6.6503 |    0.3656 |        0.9698 |    3.2318 |      1.7839 |   28.0069 |    0.4646 | 
   77 | 11m20s |    0.48614 |   32.1818 |   12.9258 |   13.2167 |      6.1623 |    0.4141 |        1.7444 |    3.4649 |      0.0450 |   14.1654 |    2.3229 | 
[31mBayesian Optimization[0m
[94m-------------------------------------------------------------------------------------------------------------------------------------------------------------[0m
 Step |   Time |      Value |     kNN_k |        nx |        ny |   threshold |     w_acc |   w_day_of_yr |     w_min |   w_weekday |       w_x |    w_year | 
   78 | 09m55s |    0.50243 |   33.9015 |   23.4912 |   28.1621 |      5.0581 |    1.8732 |        0.1917 |    3.2133 |      1.3403 |   40.8992 |    1.8575 | 
   79 | 11m54s |    0.49086 |   32.0250 |   14.0564 |   20.7626 |      3.6568 |    0.8525 |        0.9795 |    2.9877 |      1.7578 |   30.0868 |    2.4553 | 
   80 | 09m58s |    0.51779 |   30.2749 |   20.5159 |   11.0761 |      7.9084 |    1.5033 |        1.0141 |    3.4218 |      0.6293 |   27.5975 |    0.1646 | 
[31mBayesian Optimization[0m
[94m-------------------------------------------------------------------------------------------------------------------------------------------------------------[0m
 Step |   Time |      Value |     kNN_k |        nx |        ny |   threshold |     w_acc |   w_day_of_yr |     w_min |   w_weekday |       w_x |    w_year | 
   81 | 17m27s |    0.49618 |   26.0074 |   45.0078 |   41.9837 |      6.0893 |    1.5552 |        1.7632 |    0.4881 |      1.9373 |   33.6201 |    2.0699 | 
   82 | 18m40s |    0.48619 |   34.5344 |   11.1742 |   11.3038 |      6.7126 |    1.5597 |        1.8624 |    2.5419 |      2.5734 |   33.6616 |    2.2768 | 
   83 | 15m11s |    0.51216 |   20.4331 |   38.6887 |   42.6224 |      6.9272 |    1.5466 |        0.5974 |    2.7737 |      0.5324 |   35.6557 |    2.8542 | 
[31mBayesian Optimization[0m
[94m-------------------------------------------------------------------------------------------------------------------------------------------------------------[0m
 Step |   Time |      Value |     kNN_k |        nx |        ny |   threshold |     w_acc |   w_day_of_yr |     w_min |   w_weekday |       w_x |    w_year | 
   84 | 12m18s |    0.48087 |   35.7964 |   46.1531 |   26.6177 |      7.9910 |    0.7793 |        1.6950 |    1.3521 |      1.9488 |   15.5267 |    1.0648 | 
   85 | 10m13s |    0.48937 |   27.7839 |   41.7273 |   22.3473 |      2.6016 |    0.7706 |        0.7857 |    1.1803 |      2.7211 |   10.9922 |    0.6711 | 
   86 | 10m43s |    0.51129 |   26.3048 |   20.1565 |   38.9163 |      7.6888 |    1.0076 |        1.2638 |    1.4730 |      1.5382 |   28.4353 |    0.6408 | 
[31mBayesian Optimization[0m
[94m-------------------------------------------------------------------------------------------------------------------------------------------------------------[0m
 Step |   Time |      Value |     kNN_k |        nx |        ny |   threshold |     w_acc |   w_day_of_yr |     w_min |   w_weekday |       w_x |    w_year | 
   87 | 13m27s |    0.48113 |   27.1306 |   14.1814 |   47.8723 |      2.2574 |    1.7318 |        1.5310 |    1.3123 |      2.1964 |   15.0250 |    1.0166 | 
   88 | 10m25s |    0.53658 |   36.7056 |   30.1461 |   33.3023 |      5.4756 |    0.7434 |        0.9470 |    2.1400 |      0.3053 |   40.5587 |    1.2142 | 
   89 | 10m34s |    0.49593 |   37.6553 |   29.0021 |   25.5428 |      5.6295 |    0.4750 |        1.2383 |    2.5443 |      2.0902 |   30.7419 |    1.4953 | 
[31mBayesian Optimization[0m
[94m-------------------------------------------------------------------------------------------------------------------------------------------------------------[0m
 Step |   Time |      Value |     kNN_k |        nx |        ny |   threshold |     w_acc |   w_day_of_yr |     w_min |   w_weekday |       w_x |    w_year | 
   90 | 13m08s |    0.46672 |   32.9299 |   14.6903 |   11.8745 |      2.0637 |    1.9473 |        0.4735 |    2.8803 |      2.8263 |   33.8121 |    2.8869 | 
   91 | 11m56s |    0.48815 |   25.3904 |   44.7217 |   24.5114 |      6.7615 |    1.5589 |        1.8330 |    0.3919 |      2.5278 |   40.4080 |    1.5988 | 
   92 | 11m51s |    0.50537 |   36.3435 |   29.2438 |   38.0761 |      8.5392 |    1.0508 |        0.7560 |    1.9478 |      0.3021 |   11.5733 |    2.1209 | 
[31mBayesian Optimization[0m
[94m-------------------------------------------------------------------------------------------------------------------------------------------------------------[0m
 Step |   Time |      Value |     kNN_k |        nx |        ny |   threshold |     w_acc |   w_day_of_yr |     w_min |   w_weekday |       w_x |    w_year | 
   93 | 12m03s |    0.45868 |   37.8482 |   17.5588 |   48.2907 |      6.5418 |    0.5002 |        1.6059 |    2.9927 |      0.8183 |    7.6604 |    0.5241 | 
   94 | 09m55s |    0.51980 |   30.0392 |   34.9178 |   18.5840 |      2.1423 |    0.7540 |        1.7099 |    2.6101 |      0.1972 |   34.8267 |    2.3311 | 
   95 | 13m19s |    0.52037 |   31.2691 |   39.8656 |   35.2370 |      8.2650 |    1.2963 |        1.9048 |    0.6728 |      0.0763 |   24.9741 |    1.9642 | 
[31mBayesian Optimization[0m
[94m-------------------------------------------------------------------------------------------------------------------------------------------------------------[0m
 Step |   Time |      Value |     kNN_k |        nx |        ny |   threshold |     w_acc |   w_day_of_yr |     w_min |   w_weekday |       w_x |    w_year | 
   96 | 09m00s |    0.49785 |   23.9760 |   15.1125 |   20.8588 |      9.7471 |    0.7245 |        1.1269 |    1.5400 |      2.7098 |   24.0067 |    0.7854 | 
   97 | 08m17s |    0.52828 |   33.2719 |   11.7016 |   14.3001 |      4.3724 |    0.6088 |        0.0559 |    0.7761 |      0.5902 |   18.7168 |    0.7784 | 
   98 | 10m16s |    0.51627 |   39.9147 |   36.7334 |   16.6620 |      7.2706 |    1.9822 |        0.7355 |    0.7442 |      1.2612 |   45.3571 |    1.9764 | 
[31mBayesian Optimization[0m
[94m-------------------------------------------------------------------------------------------------------------------------------------------------------------[0m
 Step |   Time |      Value |     kNN_k |        nx |        ny |   threshold |     w_acc |   w_day_of_yr |     w_min |   w_weekday |       w_x |    w_year | 
   99 | 11m28s |    0.49495 |   20.1214 |   39.8935 |   18.6278 |      9.1626 |    1.4727 |        1.8245 |    3.0219 |      1.8969 |   35.3945 |    1.9387 | 
  100 | 08m50s |    0.53075 |   23.5238 |   24.1879 |   31.2726 |      3.9672 |    0.4247 |        1.1517 |    0.4664 |      0.8783 |   38.2597 |    1.0463 | 
  101 | 09m30s |    0.50780 |   23.7227 |   34.3661 |   10.3684 |      4.4397 |    1.6280 |        1.2092 |    2.9281 |      1.4144 |   40.8197 |    0.3027 | 
[31mBayesian Optimization[0m
[94m-------------------------------------------------------------------------------------------------------------------------------------------------------------[0m
 Step |   Time |      Value |     kNN_k |        nx |        ny |   threshold |     w_acc |   w_day_of_yr |     w_min |   w_weekday |       w_x |    w_year | 
  102 | 11m31s |    0.49325 |   35.3800 |   34.3393 |   32.7573 |      4.4442 |    0.2886 |        1.9942 |    2.8654 |      0.0607 |   36.3085 |    0.4526 | 
  103 | 12m41s |    0.49217 |   31.9672 |   34.0611 |   36.9609 |      2.3997 |    0.7960 |        0.2717 |    0.6300 |      1.1532 |   16.2039 |    1.9841 | 
  104 | 11m35s |    0.48946 |   33.8685 |   17.9313 |   41.8355 |      8.0984 |    1.7077 |        1.9130 |    0.1858 |      1.9822 |   30.8096 |    1.5770 | 
[31mBayesian Optimization[0m
[94m-------------------------------------------------------------------------------------------------------------------------------------------------------------[0m
 Step |   Time |      Value |     kNN_k |        nx |        ny |   threshold |     w_acc |   w_day_of_yr |     w_min |   w_weekday |       w_x |    w_year | 
  105 | 09m49s |    0.52240 |   37.5947 |   17.1719 |   33.3548 |      8.4902 |    0.5774 |        1.5466 |    1.4861 |      0.3939 |   40.4676 |    2.8465 | 
  106 | 12m32s |    0.51748 |   24.5310 |   18.4004 |   25.1752 |      5.3562 |    1.7475 |        1.7268 |    2.5212 |      0.6632 |   30.9923 |    2.8877 | 
  107 | 11m51s |    0.52614 |   31.6314 |   49.4993 |   24.2740 |      6.4775 |    0.5096 |        0.4486 |    1.4189 |      0.5852 |   40.5260 |    1.7573 | 
[31mBayesian Optimization[0m
[94m-------------------------------------------------------------------------------------------------------------------------------------------------------------[0m
 Step |   Time |      Value |     kNN_k |        nx |        ny |   threshold |     w_acc |   w_day_of_yr |     w_min |   w_weekday |       w_x |    w_year | 
  108 | 13m08s |    0.41628 |   22.2925 |   10.7812 |   48.8050 |      2.5896 |    0.4080 |        1.4065 |    2.6480 |      1.9304 |    5.5209 |    1.5821 | 
  109 | 08m17s |    0.52208 |   30.6560 |   19.8361 |   34.2787 |      3.3851 |    1.9872 |        0.2647 |    1.2374 |      0.1513 |   44.3486 |    2.6698 | 
  110 | 20m51s |    0.52541 |   36.3256 |   48.9386 |   48.7590 |      9.6112 |    1.7645 |        0.4706 |    2.4599 |      0.7622 |   49.8898 |    1.1883 | 
[31mBayesian Optimization[0m
[94m-------------------------------------------------------------------------------------------------------------------------------------------------------------[0m
 Step |   Time |      Value |     kNN_k |        nx |        ny |   threshold |     w_acc |   w_day_of_yr |     w_min |   w_weekday |       w_x |    w_year | 
  111 | 10m37s |    0.51748 |   33.9141 |   15.9537 |   26.3916 |      7.3173 |    1.9068 |        0.5847 |    3.2848 |      0.7642 |   25.7851 |    1.6677 | 
  112 | 10m21s |    0.48486 |   31.5560 |   31.1369 |   31.0927 |      4.7597 |    1.7541 |        0.6370 |    3.3596 |      2.9377 |   37.9019 |    0.4212 | 
  113 | 08m40s |    0.50288 |   38.1518 |   23.7468 |   22.9586 |      2.5822 |    0.6154 |        1.9093 |    0.1145 |      0.6488 |   17.9717 |    2.4732 | 
[31mBayesian Optimization[0m
[94m-------------------------------------------------------------------------------------------------------------------------------------------------------------[0m
 Step |   Time |      Value |     kNN_k |        nx |        ny |   threshold |     w_acc |   w_day_of_yr |     w_min |   w_weekday |       w_x |    w_year | 
  114 | 09m49s |    0.48205 |   21.2327 |   17.7106 |   12.6144 |      8.3081 |    0.1162 |        1.3361 |    2.3370 |      2.0856 |   21.3347 |    0.4807 | 
  115 | 10m34s |    0.49480 |   31.4553 |   42.8207 |   12.2536 |      5.4068 |    1.5391 |        1.2319 |    1.3907 |      1.8269 |   21.9870 |    0.2481 | 
  116 | 14m22s |    0.52061 |   35.5626 |   11.2124 |   17.8519 |      9.4122 |    1.8195 |        1.5828 |    3.2095 |      0.6715 |   38.1322 |    2.3751 | 
[31mBayesian Optimization[0m
[94m-------------------------------------------------------------------------------------------------------------------------------------------------------------[0m
 Step |   Time |      Value |     kNN_k |        nx |        ny |   threshold |     w_acc |   w_day_of_yr |     w_min |   w_weekday |       w_x |    w_year | 
  117 | 10m35s |    0.49215 |   36.7456 |   17.3518 |   19.1258 |      8.0892 |    1.9561 |        0.4877 |    1.4851 |      1.8850 |   38.3296 |    2.6562 | 
  118 | 10m04s |    0.55186 |   30.6046 |   19.5342 |   19.8023 |      2.2578 |    0.9376 |        0.8102 |    0.9129 |      0.2542 |   24.5937 |    0.8156 | 
  119 | 13m01s |    0.49530 |   23.5268 |   37.8338 |   34.8697 |      5.1254 |    1.2483 |        1.8011 |    1.3510 |      0.8156 |   16.7758 |    0.4164 | 
[31mBayesian Optimization[0m
[94m-------------------------------------------------------------------------------------------------------------------------------------------------------------[0m
 Step |   Time |      Value |     kNN_k |        nx |        ny |   threshold |     w_acc |   w_day_of_yr |     w_min |   w_weekday |       w_x |    w_year | 
  120 | 08m03s |    0.50436 |   30.4277 |   14.1916 |   42.6998 |      5.7173 |    1.7323 |        0.3539 |    1.3412 |      2.7231 |   29.7190 |    0.6856 | 
  121 | 09m29s |    0.51088 |   31.3574 |   13.8061 |   33.0603 |      7.8336 |    0.9952 |        1.7487 |    1.9976 |      0.4589 |   41.6452 |    0.2586 | 
  122 | 10m19s |    0.47632 |   32.5897 |   13.9430 |   39.8925 |      9.5510 |    0.3989 |        1.9026 |    1.1546 |      2.5670 |   19.3010 |    1.3793 | 
[31mBayesian Optimization[0m
[94m-------------------------------------------------------------------------------------------------------------------------------------------------------------[0m
 Step |   Time |      Value |     kNN_k |        nx |        ny |   threshold |     w_acc |   w_day_of_yr |     w_min |   w_weekday |       w_x |    w_year | 
  123 | 12m45s |    0.51915 |   31.1511 |   17.7460 |   37.4238 |      8.2155 |    1.9605 |        1.1086 |    2.3233 |      0.9653 |   35.7452 |    2.4387 | 
  124 | 14m56s |    0.46295 |   22.1015 |   43.8219 |   36.5273 |      9.5372 |    1.6179 |        0.2991 |    0.6231 |      2.6454 |   13.1941 |    2.3352 | 
  125 | 14m39s |    0.46135 |   34.6143 |   40.7430 |   37.5331 |      9.1438 |    0.1694 |        0.7380 |    1.3882 |      2.5388 |   19.8678 |    2.8197 | 
[31mBayesian Optimization[0m
[94m-------------------------------------------------------------------------------------------------------------------------------------------------------------[0m
 Step |   Time |      Value |     kNN_k |        nx |        ny |   threshold |     w_acc |   w_day_of_yr |     w_min |   w_weekday |       w_x |    w_year | 
  126 | 12m31s |    0.53045 |   33.7681 |   43.4196 |   29.3990 |      6.7487 |    0.9873 |        0.5103 |    3.1346 |      0.4403 |   34.3723 |    0.5421 | 
  127 | 09m53s |    0.52401 |   21.5305 |   18.0904 |   19.4088 |      2.9376 |    0.5110 |        0.7531 |    2.3807 |      0.6324 |   15.1641 |    0.6765 | 
  128 | 11m38s |    0.50994 |   32.2719 |   36.3177 |   32.2094 |      7.8605 |    0.7770 |        1.4459 |    1.2279 |      0.0624 |   19.6571 |    2.7978 | 
[31mBayesian Optimization[0m
[94m-------------------------------------------------------------------------------------------------------------------------------------------------------------[0m
 Step |   Time |      Value |     kNN_k |        nx |        ny |   threshold |     w_acc |   w_day_of_yr |     w_min |   w_weekday |       w_x |    w_year | 
  129 | 08m34s |    0.48418 |   23.4077 |   22.3319 |   26.5756 |      4.0039 |    0.5010 |        1.9831 |    0.9149 |      1.0688 |   29.1564 |    0.1391 | 
  130 | 11m40s |    0.47048 |   30.4470 |   15.1072 |   33.2589 |      3.0682 |    0.5225 |        1.1434 |    3.4971 |      0.8333 |   10.1405 |    2.5434 | 
  131 | 11m51s |    0.51943 |   31.7649 |   35.0950 |   16.7429 |      2.5300 |    1.8180 |        0.7505 |    2.4171 |      1.1075 |   26.8395 |    0.3837 | 
[31mBayesian Optimization[0m
[94m-------------------------------------------------------------------------------------------------------------------------------------------------------------[0m
 Step |   Time |      Value |     kNN_k |        nx |        ny |   threshold |     w_acc |   w_day_of_yr |     w_min |   w_weekday |       w_x |    w_year | 
  132 | 08m50s |    0.48910 |   31.7877 |   12.0947 |   46.7004 |      6.8014 |    0.7967 |        0.1261 |    3.0925 |      0.3487 |   10.6019 |    1.5246 | 
  133 | 11m01s |    0.46867 |   25.6856 |   25.3694 |   41.1661 |      2.6623 |    0.8074 |        1.2092 |    1.8668 |      2.7317 |   25.2460 |    2.9617 | 
  134 | 10m06s |    0.46363 |   30.9439 |   14.1762 |   48.1585 |      3.7851 |    0.6808 |        0.5365 |    1.5653 |      1.4439 |    5.8978 |    0.0866 | 
