Loading data ...
Bayesian Optimization mode. Taking last 10% of training as test set.
[31mInitialization[0m
[94m--------------------------------------------------------------------------------------------------------------------------------------[0m
 Step |   Time |      Value |   n_neighbors |        th |    w_hour |   w_log10acc |   w_month |   w_weekday |       w_x |    w_year | 
    1 | 20m00s | [35m   0.53268[0m | [32m      22.7873[0m | [32m   2.3513[0m | [32m   5.0425[0m | [32m     16.4560[0m | [32m   5.1430[0m | [32m     7.0126[0m | [32m 195.9163[0m | [32m  11.0158[0m | 
    2 | 12m21s |    0.50488 |        5.6827 |    3.6958 |    5.6793 |      14.0020 |    6.1618 |      4.9994 |  662.9681 |    2.1191 | 
[31mBayesian Optimization[0m
[94m--------------------------------------------------------------------------------------------------------------------------------------[0m
 Step |   Time |      Value |   n_neighbors |        th |    w_hour |   w_log10acc |   w_month |   w_weekday |       w_x |    w_year | 
    3 | 14m24s |    0.52169 |       13.4430 |    3.7373 |    2.1457 |      18.8488 |    2.6304 |      8.5098 |  775.9864 |   18.9228 | 
[31mBayesian Optimization[0m
[94m--------------------------------------------------------------------------------------------------------------------------------------[0m
 Step |   Time |      Value |   n_neighbors |        th |    w_hour |   w_log10acc |   w_month |   w_weekday |       w_x |    w_year | 
    4 | 12m28s |    0.50015 |        4.9398 |    1.1664 |    4.7563 |      14.6061 |    6.4628 |      4.1436 |  928.5973 |    7.3301 | 
[31mBayesian Optimization[0m
[94m--------------------------------------------------------------------------------------------------------------------------------------[0m
 Step |   Time |      Value |   n_neighbors |        th |    w_hour |   w_log10acc |   w_month |   w_weekday |       w_x |    w_year | 
    5 | 15m44s | [35m   0.54505[0m | [32m      24.0031[0m | [32m   4.0169[0m | [32m   4.6634[0m | [32m     23.0484[0m | [32m   7.9703[0m | [32m     4.1178[0m | [32m 427.1356[0m | [32m   8.2471[0m | 
[31mBayesian Optimization[0m
[94m--------------------------------------------------------------------------------------------------------------------------------------[0m
 Step |   Time |      Value |   n_neighbors |        th |    w_hour |   w_log10acc |   w_month |   w_weekday |       w_x |    w_year | 
    6 | 13m30s |    0.50620 |       14.1441 |    3.2696 |    1.3092 |       6.5490 |    5.0422 |      9.4773 |  258.3279 |   17.6495 | 
[31mBayesian Optimization[0m
[94m--------------------------------------------------------------------------------------------------------------------------------------[0m
 Step |   Time |      Value |   n_neighbors |        th |    w_hour |   w_log10acc |   w_month |   w_weekday |       w_x |    w_year | 
    7 | 12m46s |    0.53756 |       17.8153 |    3.8758 |    9.9616 |      14.8399 |    7.5471 |      7.0323 |  848.9443 |   12.4483 | 
[31mBayesian Optimization[0m
[94m--------------------------------------------------------------------------------------------------------------------------------------[0m
 Step |   Time |      Value |   n_neighbors |        th |    w_hour |   w_log10acc |   w_month |   w_weekday |       w_x |    w_year | 
    8 | 11m46s |    0.46755 |        3.1132 |    1.7178 |    3.7273 |      26.0906 |    4.2813 |      5.7123 |  915.1608 |    2.1033 | 
[31mBayesian Optimization[0m
[94m--------------------------------------------------------------------------------------------------------------------------------------[0m
 Step |   Time |      Value |   n_neighbors |        th |    w_hour |   w_log10acc |   w_month |   w_weekday |       w_x |    w_year | 
    9 | 12m51s |    0.53513 |       18.8001 |    2.7249 |    9.2416 |       5.2167 |    4.8608 |      9.1244 |  512.1161 |   14.1937 | 
[31mBayesian Optimization[0m
[94m--------------------------------------------------------------------------------------------------------------------------------------[0m
 Step |   Time |      Value |   n_neighbors |        th |    w_hour |   w_log10acc |   w_month |   w_weekday |       w_x |    w_year | 
   10 | 15m11s |    0.51969 |       14.1875 |    1.5942 |    2.8638 |       6.2612 |    7.2834 |      9.0682 |  234.5375 |   14.2700 | 
[31mBayesian Optimization[0m
[94m--------------------------------------------------------------------------------------------------------------------------------------[0m
 Step |   Time |      Value |   n_neighbors |        th |    w_hour |   w_log10acc |   w_month |   w_weekday |       w_x |    w_year | 
   11 | 16m16s |    0.53599 |       21.3173 |    2.7727 |    5.5069 |      20.0047 |    3.1438 |      5.9547 |  332.0305 |   19.6611 | 
[31mBayesian Optimization[0m
[94m--------------------------------------------------------------------------------------------------------------------------------------[0m
 Step |   Time |      Value |   n_neighbors |        th |    w_hour |   w_log10acc |   w_month |   w_weekday |       w_x |    w_year | 
   12 | 15m01s |    0.52204 |        9.8405 |    2.5816 |    6.1073 |      18.8761 |    2.5734 |      9.8900 |  621.8862 |   18.5286 | 
[31mBayesian Optimization[0m
[94m--------------------------------------------------------------------------------------------------------------------------------------[0m
 Step |   Time |      Value |   n_neighbors |        th |    w_hour |   w_log10acc |   w_month |   w_weekday |       w_x |    w_year | 
   13 | 16m47s |    0.41647 |        1.9567 |    0.6152 |    2.4212 |      22.2162 |    7.3297 |      5.6847 |  205.5353 |    8.0495 | 
[31mBayesian Optimization[0m
[94m--------------------------------------------------------------------------------------------------------------------------------------[0m
 Step |   Time |      Value |   n_neighbors |        th |    w_hour |   w_log10acc |   w_month |   w_weekday |       w_x |    w_year | 
   14 | 16m52s |    0.54175 |       22.9838 |    0.3888 |    9.7825 |      26.1773 |    3.0763 |      5.1505 |  673.5127 |   14.0927 | 
[31mBayesian Optimization[0m
[94m--------------------------------------------------------------------------------------------------------------------------------------[0m
 Step |   Time |      Value |   n_neighbors |        th |    w_hour |   w_log10acc |   w_month |   w_weekday |       w_x |    w_year | 
   15 | 17m30s |    0.51392 |       10.6489 |    0.3594 |    1.2019 |      24.2608 |    6.0326 |      9.9225 |  391.9449 |   13.7415 | 
[31mBayesian Optimization[0m
[94m--------------------------------------------------------------------------------------------------------------------------------------[0m
 Step |   Time |      Value |   n_neighbors |        th |    w_hour |   w_log10acc |   w_month |   w_weekday |       w_x |    w_year | 
   16 | 13m17s |    0.53471 |       12.9062 |    1.9020 |    8.8256 |      15.6438 |    7.7432 |      2.3662 |  604.5704 |   15.4884 | 
[31mBayesian Optimization[0m
[94m--------------------------------------------------------------------------------------------------------------------------------------[0m
 Step |   Time |      Value |   n_neighbors |        th |    w_hour |   w_log10acc |   w_month |   w_weekday |       w_x |    w_year | 
   17 | 13m50s |    0.50828 |        6.5456 |    0.8686 |    5.5781 |      19.2940 |    2.1977 |      6.8515 |  914.4504 |   18.8124 | 
[31mBayesian Optimization[0m
[94m--------------------------------------------------------------------------------------------------------------------------------------[0m
 Step |   Time |      Value |   n_neighbors |        th |    w_hour |   w_log10acc |   w_month |   w_weekday |       w_x |    w_year | 
   18 | 16m40s |    0.48269 |        9.2206 |    2.2970 |    9.2712 |      28.9876 |    9.5297 |      8.9737 |  162.0837 |   19.7956 | 
[31mBayesian Optimization[0m
[94m--------------------------------------------------------------------------------------------------------------------------------------[0m
 Step |   Time |      Value |   n_neighbors |        th |    w_hour |   w_log10acc |   w_month |   w_weekday |       w_x |    w_year | 
   19 | 14m35s |    0.51896 |       15.1888 |    3.3656 |    9.7667 |      19.3962 |    5.0526 |      8.1134 |  210.7798 |    5.4632 | 
[31mBayesian Optimization[0m
[94m--------------------------------------------------------------------------------------------------------------------------------------[0m
 Step |   Time |      Value |   n_neighbors |        th |    w_hour |   w_log10acc |   w_month |   w_weekday |       w_x |    w_year | 
   20 | 14m41s |    0.53669 |       23.0643 |    1.5945 |    4.2268 |       7.0592 |    3.0533 |      8.1564 |  264.5842 |   10.4650 | 
[31mBayesian Optimization[0m
[94m--------------------------------------------------------------------------------------------------------------------------------------[0m
 Step |   Time |      Value |   n_neighbors |        th |    w_hour |   w_log10acc |   w_month |   w_weekday |       w_x |    w_year | 
   21 | 13m13s |    0.54050 |       29.3300 |    2.4857 |    4.9995 |      14.2920 |    2.0579 |      9.1121 |  487.3312 |    5.2370 | 
[31mBayesian Optimization[0m
[94m--------------------------------------------------------------------------------------------------------------------------------------[0m
 Step |   Time |      Value |   n_neighbors |        th |    w_hour |   w_log10acc |   w_month |   w_weekday |       w_x |    w_year | 
   22 | 14m39s |    0.53424 |       28.2115 |    3.9680 |    6.7178 |      12.9063 |    9.3619 |      7.6859 |  447.5395 |    5.8655 | 
[31mBayesian Optimization[0m
[94m--------------------------------------------------------------------------------------------------------------------------------------[0m
 Step |   Time |      Value |   n_neighbors |        th |    w_hour |   w_log10acc |   w_month |   w_weekday |       w_x |    w_year | 
   23 | 12m26s |    0.52866 |       12.6453 |    4.0587 |    1.9527 |      20.8958 |    4.3665 |      4.2752 |  831.2011 |    3.0870 | 
[31mBayesian Optimization[0m
[94m--------------------------------------------------------------------------------------------------------------------------------------[0m
 Step |   Time |      Value |   n_neighbors |        th |    w_hour |   w_log10acc |   w_month |   w_weekday |       w_x |    w_year | 
   24 | 11m18s |    0.48923 |        3.5859 |    2.4601 |    7.1437 |      16.8114 |    5.8881 |      2.5557 |  662.9497 |   15.1148 | 
[31mBayesian Optimization[0m
[94m--------------------------------------------------------------------------------------------------------------------------------------[0m
 Step |   Time |      Value |   n_neighbors |        th |    w_hour |   w_log10acc |   w_month |   w_weekday |       w_x |    w_year | 
   25 | 11m10s |    0.49385 |        6.0493 |    2.8503 |    1.8241 |      22.0115 |    1.2332 |      9.8669 |  976.2924 |    4.4858 | 
[31mBayesian Optimization[0m
[94m--------------------------------------------------------------------------------------------------------------------------------------[0m
 Step |   Time |      Value |   n_neighbors |        th |    w_hour |   w_log10acc |   w_month |   w_weekday |       w_x |    w_year | 
   26 | 15m24s |    0.54502 |       24.0885 |    3.7383 |    5.4499 |      19.7098 |    7.5456 |      5.3311 |  438.8531 |    8.7776 | 
[31mBayesian Optimization[0m
[94m--------------------------------------------------------------------------------------------------------------------------------------[0m
 Step |   Time |      Value |   n_neighbors |        th |    w_hour |   w_log10acc |   w_month |   w_weekday |       w_x |    w_year | 
   27 | 15m56s |    0.54075 |       25.2801 |    1.6117 |    5.1629 |      24.8546 |    6.4430 |      3.4772 |  394.1525 |    3.0045 | 
[31mBayesian Optimization[0m
[94m--------------------------------------------------------------------------------------------------------------------------------------[0m
 Step |   Time |      Value |   n_neighbors |        th |    w_hour |   w_log10acc |   w_month |   w_weekday |       w_x |    w_year | 
   28 | 15m11s |    0.53007 |       14.7942 |    3.1435 |    4.2367 |      17.2184 |    9.4508 |      3.8214 |  242.1573 |   17.6318 | 
[31mBayesian Optimization[0m
[94m--------------------------------------------------------------------------------------------------------------------------------------[0m
 Step |   Time |      Value |   n_neighbors |        th |    w_hour |   w_log10acc |   w_month |   w_weekday |       w_x |    w_year | 
   29 | 14m27s |    0.49503 |        9.9872 |    0.6764 |    7.9177 |       3.7549 |    9.1527 |      2.8722 |  175.3668 |   18.0949 | 
[31mBayesian Optimization[0m
[94m--------------------------------------------------------------------------------------------------------------------------------------[0m
 Step |   Time |      Value |   n_neighbors |        th |    w_hour |   w_log10acc |   w_month |   w_weekday |       w_x |    w_year | 
   30 | 16m47s | [35m   0.54571[0m | [32m      15.8993[0m | [32m   0.3993[0m | [32m   2.7613[0m | [32m     23.6475[0m | [32m   5.2547[0m | [32m     2.3018[0m | [32m 560.4030[0m | [32m  10.6362[0m | 
[31mBayesian Optimization[0m
[94m--------------------------------------------------------------------------------------------------------------------------------------[0m
 Step |   Time |      Value |   n_neighbors |        th |    w_hour |   w_log10acc |   w_month |   w_weekday |       w_x |    w_year | 
   31 | 17m14s |    0.54280 |       28.3183 |    3.6046 |    7.5932 |      27.8563 |    8.7420 |      6.9226 |  491.8649 |   16.0934 | 
[31mBayesian Optimization[0m
[94m--------------------------------------------------------------------------------------------------------------------------------------[0m
 Step |   Time |      Value |   n_neighbors |        th |    w_hour |   w_log10acc |   w_month |   w_weekday |       w_x |    w_year | 
   32 | 13m53s |    0.53992 |       21.5763 |    2.1858 |    8.6705 |      24.8151 |    9.4692 |      3.6017 |  969.3760 |   16.3048 | 
[31mBayesian Optimization[0m
[94m--------------------------------------------------------------------------------------------------------------------------------------[0m
 Step |   Time |      Value |   n_neighbors |        th |    w_hour |   w_log10acc |   w_month |   w_weekday |       w_x |    w_year | 
   33 | 13m15s |    0.50004 |        8.6405 |    1.2826 |    6.2598 |       7.4513 |    9.6418 |      9.7349 |  294.9300 |    4.4430 | 
[31mBayesian Optimization[0m
[94m--------------------------------------------------------------------------------------------------------------------------------------[0m
 Step |   Time |      Value |   n_neighbors |        th |    w_hour |   w_log10acc |   w_month |   w_weekday |       w_x |    w_year | 
   34 | 16m15s | [35m   0.54596[0m | [32m      25.4122[0m | [32m   3.4550[0m | [32m   6.1501[0m | [32m     24.3568[0m | [32m   8.0080[0m | [32m     5.3081[0m | [32m 474.6525[0m | [32m  11.5621[0m | 
[31mBayesian Optimization[0m
[94m--------------------------------------------------------------------------------------------------------------------------------------[0m
 Step |   Time |      Value |   n_neighbors |        th |    w_hour |   w_log10acc |   w_month |   w_weekday |       w_x |    w_year | 
   35 | 12m37s |    0.46984 |        3.9529 |    0.8008 |    8.8064 |       7.4904 |    1.2865 |      3.2364 |  433.1485 |   16.1135 | 
[31mBayesian Optimization[0m
[94m--------------------------------------------------------------------------------------------------------------------------------------[0m
 Step |   Time |      Value |   n_neighbors |        th |    w_hour |   w_log10acc |   w_month |   w_weekday |       w_x |    w_year | 
   36 | 13m48s |    0.53785 |       15.8456 |    1.1824 |    2.9836 |      12.6140 |    2.8023 |      3.0895 |  649.4935 |   14.8346 | 
[31mBayesian Optimization[0m
[94m--------------------------------------------------------------------------------------------------------------------------------------[0m
 Step |   Time |      Value |   n_neighbors |        th |    w_hour |   w_log10acc |   w_month |   w_weekday |       w_x |    w_year | 
   37 | 12m11s |    0.52774 |       19.1590 |    3.5874 |    9.1905 |       3.7496 |    9.3724 |      6.6884 |  720.7968 |    5.0309 | 
[31mBayesian Optimization[0m
[94m--------------------------------------------------------------------------------------------------------------------------------------[0m
 Step |   Time |      Value |   n_neighbors |        th |    w_hour |   w_log10acc |   w_month |   w_weekday |       w_x |    w_year | 
   38 | 15m21s |    0.53060 |       17.2133 |    0.7554 |    9.9780 |       5.5001 |    6.2169 |      9.9764 |  459.2971 |    8.7095 | 
[31mBayesian Optimization[0m
[94m--------------------------------------------------------------------------------------------------------------------------------------[0m
 Step |   Time |      Value |   n_neighbors |        th |    w_hour |   w_log10acc |   w_month |   w_weekday |       w_x |    w_year | 
   39 | 11m39s |    0.51239 |        7.1244 |    2.8409 |    2.0306 |      24.2704 |    1.4835 |      3.4360 |  916.0087 |    7.6241 | 
[31mBayesian Optimization[0m
[94m--------------------------------------------------------------------------------------------------------------------------------------[0m
 Step |   Time |      Value |   n_neighbors |        th |    w_hour |   w_log10acc |   w_month |   w_weekday |       w_x |    w_year | 
   40 | 16m09s | [35m   0.54643[0m | [32m      24.1869[0m | [32m   2.8898[0m | [32m   5.2845[0m | [32m     23.1352[0m | [32m   7.1357[0m | [32m     4.3700[0m | [32m 443.0859[0m | [32m   8.1825[0m | 
[31mBayesian Optimization[0m
[94m--------------------------------------------------------------------------------------------------------------------------------------[0m
 Step |   Time |      Value |   n_neighbors |        th |    w_hour |   w_log10acc |   w_month |   w_weekday |       w_x |    w_year | 
   41 | 15m09s |    0.53451 |       13.7950 |    0.8485 |    9.4684 |      21.8918 |    3.5045 |      8.7266 |  715.2847 |   12.8957 | 
[31mBayesian Optimization[0m
[94m--------------------------------------------------------------------------------------------------------------------------------------[0m
 Step |   Time |      Value |   n_neighbors |        th |    w_hour |   w_log10acc |   w_month |   w_weekday |       w_x |    w_year | 
   42 | 15m35s | [35m   0.54761[0m | [32m      22.1817[0m | [32m   3.3320[0m | [32m   5.4229[0m | [32m     22.0327[0m | [32m   7.4395[0m | [32m     4.3588[0m | [32m 475.7929[0m | [32m  11.4762[0m | 
[31mBayesian Optimization[0m
[94m--------------------------------------------------------------------------------------------------------------------------------------[0m
 Step |   Time |      Value |   n_neighbors |        th |    w_hour |   w_log10acc |   w_month |   w_weekday |       w_x |    w_year | 
   43 | 13m42s |    0.54267 |       23.7191 |    3.0115 |    7.4884 |      27.6308 |    2.5000 |      7.3801 |  477.8928 |    8.2230 | 
[31mBayesian Optimization[0m
[94m--------------------------------------------------------------------------------------------------------------------------------------[0m
 Step |   Time |      Value |   n_neighbors |        th |    w_hour |   w_log10acc |   w_month |   w_weekday |       w_x |    w_year | 
   44 | 15m16s |    0.54043 |       22.8438 |    2.7708 |    6.8479 |      26.2448 |    7.3661 |      7.0731 |  811.6121 |    6.2743 | 
[31mBayesian Optimization[0m
[94m--------------------------------------------------------------------------------------------------------------------------------------[0m
 Step |   Time |      Value |   n_neighbors |        th |    w_hour |   w_log10acc |   w_month |   w_weekday |       w_x |    w_year | 
   45 | 13m22s |    0.50325 |        6.3630 |    3.2113 |    2.4264 |      27.6780 |    8.5320 |      9.7987 |  787.2865 |   13.4834 | 
[31mBayesian Optimization[0m
[94m--------------------------------------------------------------------------------------------------------------------------------------[0m
 Step |   Time |      Value |   n_neighbors |        th |    w_hour |   w_log10acc |   w_month |   w_weekday |       w_x |    w_year | 
   46 | 19m00s |    0.53698 |       25.0581 |    1.2162 |    2.1484 |      29.8602 |    7.8330 |      7.7956 |  431.8145 |   18.9501 | 
[31mBayesian Optimization[0m
[94m--------------------------------------------------------------------------------------------------------------------------------------[0m
 Step |   Time |      Value |   n_neighbors |        th |    w_hour |   w_log10acc |   w_month |   w_weekday |       w_x |    w_year | 
   47 | 15m41s |    0.53064 |       14.2670 |    0.0288 |    7.2645 |      16.1449 |    8.6977 |      9.4414 |  826.2161 |    7.5807 | 
[31mBayesian Optimization[0m
[94m--------------------------------------------------------------------------------------------------------------------------------------[0m
 Step |   Time |      Value |   n_neighbors |        th |    w_hour |   w_log10acc |   w_month |   w_weekday |       w_x |    w_year | 
   48 | 15m40s |    0.54708 |       23.2277 |    2.8922 |    6.5353 |      23.6695 |    5.8935 |      6.0873 |  560.6790 |   10.0156 | 
[31mBayesian Optimization[0m
[94m--------------------------------------------------------------------------------------------------------------------------------------[0m
 Step |   Time |      Value |   n_neighbors |        th |    w_hour |   w_log10acc |   w_month |   w_weekday |       w_x |    w_year | 
   49 | 13m10s |    0.53892 |       16.7409 |    3.3480 |    3.4497 |      15.0154 |    8.5318 |      3.9767 |  912.3878 |   15.8152 | 
[31mBayesian Optimization[0m
[94m--------------------------------------------------------------------------------------------------------------------------------------[0m
 Step |   Time |      Value |   n_neighbors |        th |    w_hour |   w_log10acc |   w_month |   w_weekday |       w_x |    w_year | 
   50 | 15m15s |    0.54555 |       22.8581 |    3.2717 |    5.8008 |      23.1811 |    7.6605 |      5.1878 |  621.4104 |    9.0432 | 
[31mBayesian Optimization[0m
[94m--------------------------------------------------------------------------------------------------------------------------------------[0m
 Step |   Time |      Value |   n_neighbors |        th |    w_hour |   w_log10acc |   w_month |   w_weekday |       w_x |    w_year | 
   51 | 14m46s |    0.52513 |       23.3892 |    1.3049 |    1.1328 |      16.4971 |    5.9209 |      4.8328 |  549.7005 |    3.4321 | 
[31mBayesian Optimization[0m
[94m--------------------------------------------------------------------------------------------------------------------------------------[0m
 Step |   Time |      Value |   n_neighbors |        th |    w_hour |   w_log10acc |   w_month |   w_weekday |       w_x |    w_year | 
   52 | 13m58s |    0.53431 |       28.4139 |    3.4443 |    7.5504 |      10.6332 |    3.2476 |      7.5426 |  272.0577 |   12.2337 | 
[31mBayesian Optimization[0m
[94m--------------------------------------------------------------------------------------------------------------------------------------[0m
 Step |   Time |      Value |   n_neighbors |        th |    w_hour |   w_log10acc |   w_month |   w_weekday |       w_x |    w_year | 
   53 | 13m38s |    0.54491 |       24.6445 |    2.2071 |    7.1921 |      12.1628 |    5.5698 |      5.1672 |  704.4763 |   14.7682 | 
[31mBayesian Optimization[0m
[94m--------------------------------------------------------------------------------------------------------------------------------------[0m
 Step |   Time |      Value |   n_neighbors |        th |    w_hour |   w_log10acc |   w_month |   w_weekday |       w_x |    w_year | 
   54 | 11m25s |    0.47985 |        4.8553 |    2.2022 |    2.5164 |       7.3159 |    7.8928 |      6.6787 |  625.5819 |    2.4414 | 
[31mBayesian Optimization[0m
[94m--------------------------------------------------------------------------------------------------------------------------------------[0m
 Step |   Time |      Value |   n_neighbors |        th |    w_hour |   w_log10acc |   w_month |   w_weekday |       w_x |    w_year | 
   55 | 12m33s |    0.42858 |        1.6438 |    0.6496 |    8.2083 |      18.2909 |    2.2913 |      2.5120 |  838.1184 |    5.9731 | 
[31mBayesian Optimization[0m
[94m--------------------------------------------------------------------------------------------------------------------------------------[0m
 Step |   Time |      Value |   n_neighbors |        th |    w_hour |   w_log10acc |   w_month |   w_weekday |       w_x |    w_year | 
   56 | 14m58s |    0.54668 |       22.5682 |    2.5839 |    6.7680 |      18.0046 |    6.5207 |      5.3808 |  622.6756 |   13.1017 | 
[31mBayesian Optimization[0m
[94m--------------------------------------------------------------------------------------------------------------------------------------[0m
 Step |   Time |      Value |   n_neighbors |        th |    w_hour |   w_log10acc |   w_month |   w_weekday |       w_x |    w_year | 
   57 | 10m44s |    0.51846 |        8.2095 |    2.1756 |    8.9868 |       8.6710 |    3.1450 |      4.1235 |  634.3868 |    4.6979 | 
[31mBayesian Optimization[0m
[94m--------------------------------------------------------------------------------------------------------------------------------------[0m
 Step |   Time |      Value |   n_neighbors |        th |    w_hour |   w_log10acc |   w_month |   w_weekday |       w_x |    w_year | 
   58 | 14m16s |    0.50832 |        7.2136 |    0.9003 |    3.4340 |       4.8593 |    6.1223 |      3.8847 |  298.8136 |    5.3745 | 
[31mBayesian Optimization[0m
[94m--------------------------------------------------------------------------------------------------------------------------------------[0m
 Step |   Time |      Value |   n_neighbors |        th |    w_hour |   w_log10acc |   w_month |   w_weekday |       w_x |    w_year | 
   59 | 14m01s |    0.54034 |       24.9209 |    3.7641 |    6.5367 |      25.8685 |    6.0292 |      1.5807 |  394.7636 |    4.0947 | 
[31mBayesian Optimization[0m
[94m--------------------------------------------------------------------------------------------------------------------------------------[0m
 Step |   Time |      Value |   n_neighbors |        th |    w_hour |   w_log10acc |   w_month |   w_weekday |       w_x |    w_year | 
   60 | 15m05s |    0.52081 |       11.2504 |    3.9445 |    3.3862 |      28.3810 |    6.2423 |      2.4869 |  172.8086 |    5.7942 | 
[31mBayesian Optimization[0m
[94m--------------------------------------------------------------------------------------------------------------------------------------[0m
 Step |   Time |      Value |   n_neighbors |        th |    w_hour |   w_log10acc |   w_month |   w_weekday |       w_x |    w_year | 
   61 | 14m06s |    0.54399 |       21.1234 |    2.1413 |    5.7593 |      25.3627 |    2.9959 |      6.9543 |  669.0761 |   14.7069 | 
[31mBayesian Optimization[0m
[94m--------------------------------------------------------------------------------------------------------------------------------------[0m
 Step |   Time |      Value |   n_neighbors |        th |    w_hour |   w_log10acc |   w_month |   w_weekday |       w_x |    w_year | 
   62 | 14m02s |    0.53829 |       25.5234 |    2.7757 |    5.0225 |       6.9597 |    9.8579 |      5.7458 |  979.6910 |   14.3267 | 
[31mBayesian Optimization[0m
[94m--------------------------------------------------------------------------------------------------------------------------------------[0m
 Step |   Time |      Value |   n_neighbors |        th |    w_hour |   w_log10acc |   w_month |   w_weekday |       w_x |    w_year | 
   63 | 13m24s |    0.54103 |       17.0787 |    2.0514 |    3.6251 |       6.9587 |    7.3287 |      5.0653 |  543.6805 |   11.3034 | 
[31mBayesian Optimization[0m
[94m--------------------------------------------------------------------------------------------------------------------------------------[0m
 Step |   Time |      Value |   n_neighbors |        th |    w_hour |   w_log10acc |   w_month |   w_weekday |       w_x |    w_year | 
   64 | 14m34s |    0.54656 |       22.8533 |    2.2503 |    6.3682 |      19.4270 |    4.0472 |      6.3398 |  564.5522 |   12.5855 | 
[31mBayesian Optimization[0m
[94m--------------------------------------------------------------------------------------------------------------------------------------[0m
 Step |   Time |      Value |   n_neighbors |        th |    w_hour |   w_log10acc |   w_month |   w_weekday |       w_x |    w_year | 
   65 | 16m46s |    0.54754 |       21.6987 |    0.8281 |    4.5112 |      25.1353 |    2.7522 |      5.2074 |  525.5177 |   13.0308 | 
[31mBayesian Optimization[0m
[94m--------------------------------------------------------------------------------------------------------------------------------------[0m
 Step |   Time |      Value |   n_neighbors |        th |    w_hour |   w_log10acc |   w_month |   w_weekday |       w_x |    w_year | 
   66 | 13m42s |    0.53475 |       13.4038 |    1.5810 |    5.4588 |      15.3557 |    4.3028 |      2.1845 |  469.8362 |   18.4461 | 
[31mBayesian Optimization[0m
[94m--------------------------------------------------------------------------------------------------------------------------------------[0m
 Step |   Time |      Value |   n_neighbors |        th |    w_hour |   w_log10acc |   w_month |   w_weekday |       w_x |    w_year | 
   67 | 14m28s |    0.54094 |       19.9647 |    1.3234 |    7.4631 |      21.1014 |    6.4631 |      8.0231 |  916.8038 |   11.7251 | 
[31mBayesian Optimization[0m
[94m--------------------------------------------------------------------------------------------------------------------------------------[0m
 Step |   Time |      Value |   n_neighbors |        th |    w_hour |   w_log10acc |   w_month |   w_weekday |       w_x |    w_year | 
   68 | 13m02s |    0.52780 |        9.9304 |    1.0941 |    9.4854 |      22.6440 |    8.8859 |      2.5752 |  710.3807 |   15.1547 | 
[31mBayesian Optimization[0m
[94m--------------------------------------------------------------------------------------------------------------------------------------[0m
 Step |   Time |      Value |   n_neighbors |        th |    w_hour |   w_log10acc |   w_month |   w_weekday |       w_x |    w_year | 
   69 | 13m02s |    0.51542 |       19.7845 |    2.7130 |    1.2894 |      23.7078 |    8.0964 |      2.3588 |  986.7202 |    3.9309 | 
[31mBayesian Optimization[0m
[94m--------------------------------------------------------------------------------------------------------------------------------------[0m
 Step |   Time |      Value |   n_neighbors |        th |    w_hour |   w_log10acc |   w_month |   w_weekday |       w_x |    w_year | 
   70 | 13m38s |    0.53737 |       20.8543 |    4.0108 |    7.1358 |      17.3839 |    7.1116 |      2.1328 |  325.5290 |    5.9792 | 
[31mBayesian Optimization[0m
[94m--------------------------------------------------------------------------------------------------------------------------------------[0m
 Step |   Time |      Value |   n_neighbors |        th |    w_hour |   w_log10acc |   w_month |   w_weekday |       w_x |    w_year | 
   71 | 12m14s |    0.53212 |        9.5455 |    1.3515 |    6.8544 |      16.1924 |    3.5927 |      2.1842 |  627.4758 |    9.7630 | 
[31mBayesian Optimization[0m
[94m--------------------------------------------------------------------------------------------------------------------------------------[0m
 Step |   Time |      Value |   n_neighbors |        th |    w_hour |   w_log10acc |   w_month |   w_weekday |       w_x |    w_year | 
   72 | 13m56s | [35m   0.54874[0m | [32m      27.7454[0m | [32m   2.1691[0m | [32m   3.4494[0m | [32m     11.1237[0m | [32m   5.5284[0m | [32m     1.9994[0m | [32m 451.2869[0m | [32m   9.7578[0m | 
[31mBayesian Optimization[0m
[94m--------------------------------------------------------------------------------------------------------------------------------------[0m
 Step |   Time |      Value |   n_neighbors |        th |    w_hour |   w_log10acc |   w_month |   w_weekday |       w_x |    w_year | 
   73 | 13m20s |    0.54471 |       22.2620 |    2.9313 |    4.5245 |      20.1457 |    3.3203 |      3.3257 |  840.8313 |   14.0709 | 
[31mBayesian Optimization[0m
[94m--------------------------------------------------------------------------------------------------------------------------------------[0m
 Step |   Time |      Value |   n_neighbors |        th |    w_hour |   w_log10acc |   w_month |   w_weekday |       w_x |    w_year | 
   74 | 13m26s |    0.52861 |       18.3138 |    1.2396 |    4.8311 |       6.2477 |    8.6768 |      4.9057 |  441.8798 |    3.2653 | 
[31mBayesian Optimization[0m
[94m--------------------------------------------------------------------------------------------------------------------------------------[0m
 Step |   Time |      Value |   n_neighbors |        th |    w_hour |   w_log10acc |   w_month |   w_weekday |       w_x |    w_year | 
   75 | 15m26s |    0.54656 |       26.1914 |    1.3543 |    2.7374 |      19.2829 |    5.7875 |      3.1987 |  705.0046 |   12.8387 | 
[31mBayesian Optimization[0m
[94m--------------------------------------------------------------------------------------------------------------------------------------[0m
 Step |   Time |      Value |   n_neighbors |        th |    w_hour |   w_log10acc |   w_month |   w_weekday |       w_x |    w_year | 
   76 | 17m36s |    0.53074 |       25.5726 |    1.7033 |    4.0062 |      12.7670 |    6.0659 |      8.7117 |  267.4646 |   19.6308 | 
[31mBayesian Optimization[0m
[94m--------------------------------------------------------------------------------------------------------------------------------------[0m
 Step |   Time |      Value |   n_neighbors |        th |    w_hour |   w_log10acc |   w_month |   w_weekday |       w_x |    w_year | 
