Loading data ...
Bayesian Optimization mode. Taking last 10% of training as test set.
[31mInitialization[0m
[94m--------------------------------------------------------------------------------------------------------------------------------------[0m
 Step |   Time |      Value |   n_neighbors |        th |    w_hour |   w_log10acc |   w_month |   w_weekday |       w_x |    w_year | 
    1 | 13m04s | [35m   0.53599[0m | [32m      20.6678[0m | [32m   3.2238[0m | [32m   3.5772[0m | [32m      3.7979[0m | [32m   2.1106[0m | [32m     6.2392[0m | [32m 744.0691[0m | [32m  13.1292[0m | 
    2 | 16m28s | [35m   0.54315[0m | [32m      25.5887[0m | [32m   0.2307[0m | [32m   4.9654[0m | [32m      9.1662[0m | [32m   5.7840[0m | [32m     1.0086[0m | [32m 369.6952[0m | [32m  13.6765[0m | 
[31mBayesian Optimization[0m
[94m--------------------------------------------------------------------------------------------------------------------------------------[0m
 Step |   Time |      Value |   n_neighbors |        th |    w_hour |   w_log10acc |   w_month |   w_weekday |       w_x |    w_year | 
    3 | 13m28s |    0.53650 |       13.9385 |    2.7723 |    8.8952 |      29.2322 |    2.3142 |      3.1436 |  368.2136 |    4.6878 | 
[31mBayesian Optimization[0m
[94m--------------------------------------------------------------------------------------------------------------------------------------[0m
 Step |   Time |      Value |   n_neighbors |        th |    w_hour |   w_log10acc |   w_month |   w_weekday |       w_x |    w_year | 
    4 | 13m19s |    0.48857 |        5.8124 |    0.3513 |    7.8919 |       3.5473 |    4.1443 |      9.7466 |  247.3674 |   10.4346 | 
[31mBayesian Optimization[0m
[94m--------------------------------------------------------------------------------------------------------------------------------------[0m
 Step |   Time |      Value |   n_neighbors |        th |    w_hour |   w_log10acc |   w_month |   w_weekday |       w_x |    w_year | 
    5 | 13m33s |    0.47016 |        3.3764 |    0.6069 |    8.0708 |      25.6374 |    5.7437 |      4.6487 |  562.1755 |   17.5577 | 
[31mBayesian Optimization[0m
[94m--------------------------------------------------------------------------------------------------------------------------------------[0m
 Step |   Time |      Value |   n_neighbors |        th |    w_hour |   w_log10acc |   w_month |   w_weekday |       w_x |    w_year | 
    6 | 12m58s |    0.51810 |        8.4222 |    1.1273 |    5.4724 |      24.5861 |    9.0398 |      1.3489 |  618.3546 |    7.8564 | 
[31mBayesian Optimization[0m
[94m--------------------------------------------------------------------------------------------------------------------------------------[0m
 Step |   Time |      Value |   n_neighbors |        th |    w_hour |   w_log10acc |   w_month |   w_weekday |       w_x |    w_year | 
    7 | 14m55s |    0.52929 |       11.8192 |    0.4171 |    5.8385 |       6.6123 |    7.5712 |      6.6679 |  682.6375 |   19.5426 | 
[31mBayesian Optimization[0m
[94m--------------------------------------------------------------------------------------------------------------------------------------[0m
 Step |   Time |      Value |   n_neighbors |        th |    w_hour |   w_log10acc |   w_month |   w_weekday |       w_x |    w_year | 
    8 | 13m37s |    0.48615 |        4.3242 |    0.3689 |    5.8650 |      12.8996 |    8.9745 |      4.4679 |  572.5909 |   15.2064 | 
[31mBayesian Optimization[0m
[94m--------------------------------------------------------------------------------------------------------------------------------------[0m
 Step |   Time |      Value |   n_neighbors |        th |    w_hour |   w_log10acc |   w_month |   w_weekday |       w_x |    w_year | 
    9 | 17m54s |    0.49334 |       18.6034 |    2.7000 |    3.4363 |      22.5134 |    9.8243 |      8.6669 |  132.1358 |    5.2309 | 
[31mBayesian Optimization[0m
[94m--------------------------------------------------------------------------------------------------------------------------------------[0m
 Step |   Time |      Value |   n_neighbors |        th |    w_hour |   w_log10acc |   w_month |   w_weekday |       w_x |    w_year | 
   10 | 10m58s |    0.48719 |        4.3434 |    1.2515 |    4.9358 |      11.1344 |    3.0706 |      2.7752 |  845.1404 |    4.3635 | 
[31mBayesian Optimization[0m
[94m--------------------------------------------------------------------------------------------------------------------------------------[0m
 Step |   Time |      Value |   n_neighbors |        th |    w_hour |   w_log10acc |   w_month |   w_weekday |       w_x |    w_year | 
   11 | 18m07s |    0.54087 |       14.6844 |    1.5886 |    5.4641 |      28.7859 |    4.8813 |      5.5377 |  307.7366 |   12.8512 | 
[31mBayesian Optimization[0m
[94m--------------------------------------------------------------------------------------------------------------------------------------[0m
 Step |   Time |      Value |   n_neighbors |        th |    w_hour |   w_log10acc |   w_month |   w_weekday |       w_x |    w_year | 
   12 | 18m06s |    0.48137 |        4.2714 |    0.0664 |    1.6311 |      23.4860 |    4.3272 |      8.7983 |  386.7030 |    8.9602 | 
[31mBayesian Optimization[0m
[94m--------------------------------------------------------------------------------------------------------------------------------------[0m
 Step |   Time |      Value |   n_neighbors |        th |    w_hour |   w_log10acc |   w_month |   w_weekday |       w_x |    w_year | 
   13 | 19m36s |    0.53582 |       26.5584 |    0.4762 |    8.8691 |      21.9957 |    8.5209 |      9.7195 |  794.8001 |    7.4004 | 
[31mBayesian Optimization[0m
[94m--------------------------------------------------------------------------------------------------------------------------------------[0m
 Step |   Time |      Value |   n_neighbors |        th |    w_hour |   w_log10acc |   w_month |   w_weekday |       w_x |    w_year | 
   14 | 17m00s |    0.54094 |       14.4228 |    1.9433 |    6.5542 |      28.8986 |    4.0692 |      4.7915 |  329.1735 |   10.4013 | 
[31mBayesian Optimization[0m
[94m--------------------------------------------------------------------------------------------------------------------------------------[0m
 Step |   Time |      Value |   n_neighbors |        th |    w_hour |   w_log10acc |   w_month |   w_weekday |       w_x |    w_year | 
   15 | 13m39s |    0.53288 |       15.2476 |    3.0477 |    8.1514 |      22.6621 |    7.4733 |      1.8261 |  416.3139 |    5.2465 | 
[31mBayesian Optimization[0m
[94m--------------------------------------------------------------------------------------------------------------------------------------[0m
 Step |   Time |      Value |   n_neighbors |        th |    w_hour |   w_log10acc |   w_month |   w_weekday |       w_x |    w_year | 
   16 | 12m23s |    0.51962 |       10.9537 |    1.1127 |    6.3120 |       3.1340 |    1.7974 |      6.6137 |  250.0556 |    7.1478 | 
[31mBayesian Optimization[0m
[94m--------------------------------------------------------------------------------------------------------------------------------------[0m
 Step |   Time |      Value |   n_neighbors |        th |    w_hour |   w_log10acc |   w_month |   w_weekday |       w_x |    w_year | 
   17 | 12m55s | [35m   0.54418[0m | [32m      21.9130[0m | [32m   2.9503[0m | [32m   3.3023[0m | [32m     11.6640[0m | [32m   3.7106[0m | [32m     3.2128[0m | [32m 774.5466[0m | [32m   6.1208[0m | 
[31mBayesian Optimization[0m
[94m--------------------------------------------------------------------------------------------------------------------------------------[0m
 Step |   Time |      Value |   n_neighbors |        th |    w_hour |   w_log10acc |   w_month |   w_weekday |       w_x |    w_year | 
   18 | 14m18s |    0.50978 |       12.0934 |    2.0638 |    6.2086 |      11.8930 |    7.0243 |      5.1514 |  152.7001 |   12.7951 | 
[31mBayesian Optimization[0m
[94m--------------------------------------------------------------------------------------------------------------------------------------[0m
 Step |   Time |      Value |   n_neighbors |        th |    w_hour |   w_log10acc |   w_month |   w_weekday |       w_x |    w_year | 
   19 | 15m34s |    0.53818 |       25.1922 |    0.2855 |    9.9880 |      21.4778 |    7.3707 |      1.4727 |  910.0333 |   16.9865 | 
[31mBayesian Optimization[0m
[94m--------------------------------------------------------------------------------------------------------------------------------------[0m
 Step |   Time |      Value |   n_neighbors |        th |    w_hour |   w_log10acc |   w_month |   w_weekday |       w_x |    w_year | 
   20 | 12m57s |    0.49143 |        4.1954 |    2.3871 |    4.6471 |      28.2787 |    7.7656 |      3.7877 |  707.9833 |   19.4074 | 
[31mBayesian Optimization[0m
[94m--------------------------------------------------------------------------------------------------------------------------------------[0m
 Step |   Time |      Value |   n_neighbors |        th |    w_hour |   w_log10acc |   w_month |   w_weekday |       w_x |    w_year | 
   21 | 11m39s |    0.35367 |        1.4992 |    2.8279 |    3.7196 |      20.6342 |    8.9365 |      5.2969 |  182.2233 |    8.6729 | 
[31mBayesian Optimization[0m
[94m--------------------------------------------------------------------------------------------------------------------------------------[0m
 Step |   Time |      Value |   n_neighbors |        th |    w_hour |   w_log10acc |   w_month |   w_weekday |       w_x |    w_year | 
   22 | 14m15s |    0.53471 |       26.6299 |    1.1128 |    9.9727 |       8.2504 |    4.4603 |      8.6713 |  372.9329 |   13.4340 | 
[31mBayesian Optimization[0m
[94m--------------------------------------------------------------------------------------------------------------------------------------[0m
 Step |   Time |      Value |   n_neighbors |        th |    w_hour |   w_log10acc |   w_month |   w_weekday |       w_x |    w_year | 
   23 | 13m43s |    0.52474 |       29.5697 |    2.2137 |    1.6283 |      20.0020 |    1.4570 |      6.4757 |  920.9679 |   16.5028 | 
[31mBayesian Optimization[0m
[94m--------------------------------------------------------------------------------------------------------------------------------------[0m
 Step |   Time |      Value |   n_neighbors |        th |    w_hour |   w_log10acc |   w_month |   w_weekday |       w_x |    w_year | 
   24 | 12m44s |    0.53821 |       24.2782 |    3.5677 |    8.8192 |      10.0480 |    9.2490 |      3.0594 |  678.0391 |   10.3555 | 
[31mBayesian Optimization[0m
[94m--------------------------------------------------------------------------------------------------------------------------------------[0m
 Step |   Time |      Value |   n_neighbors |        th |    w_hour |   w_log10acc |   w_month |   w_weekday |       w_x |    w_year | 
   25 | 16m03s |    0.54138 |       19.8849 |    2.7292 |    4.2711 |      18.6174 |    8.8653 |      5.4503 |  392.7896 |   19.2800 | 
[31mBayesian Optimization[0m
[94m--------------------------------------------------------------------------------------------------------------------------------------[0m
 Step |   Time |      Value |   n_neighbors |        th |    w_hour |   w_log10acc |   w_month |   w_weekday |       w_x |    w_year | 
   26 | 14m37s |    0.51733 |       18.1303 |    1.3735 |    9.8535 |      14.8958 |    8.2449 |      9.2404 |  275.6959 |    4.0316 | 
[31mBayesian Optimization[0m
[94m--------------------------------------------------------------------------------------------------------------------------------------[0m
 Step |   Time |      Value |   n_neighbors |        th |    w_hour |   w_log10acc |   w_month |   w_weekday |       w_x |    w_year | 
   27 | 14m09s |    0.54194 |       20.2556 |    2.3796 |    4.7020 |       8.0556 |    5.6004 |      3.9695 |  375.4042 |   16.4917 | 
[31mBayesian Optimization[0m
[94m--------------------------------------------------------------------------------------------------------------------------------------[0m
 Step |   Time |      Value |   n_neighbors |        th |    w_hour |   w_log10acc |   w_month |   w_weekday |       w_x |    w_year | 
   28 | 14m42s |    0.52168 |       11.4560 |    0.2601 |    1.3189 |      28.6590 |    1.5485 |      5.1865 |  594.1785 |    3.8253 | 
[31mBayesian Optimization[0m
[94m--------------------------------------------------------------------------------------------------------------------------------------[0m
 Step |   Time |      Value |   n_neighbors |        th |    w_hour |   w_log10acc |   w_month |   w_weekday |       w_x |    w_year | 
   29 | 16m14s |    0.53144 |       20.5949 |    2.0125 |    3.1475 |      27.0485 |    9.4113 |      7.7553 |  688.6590 |    4.5492 | 
[31mBayesian Optimization[0m
[94m--------------------------------------------------------------------------------------------------------------------------------------[0m
 Step |   Time |      Value |   n_neighbors |        th |    w_hour |   w_log10acc |   w_month |   w_weekday |       w_x |    w_year | 
   30 | 13m14s | [35m   0.54419[0m | [32m      26.9213[0m | [32m   3.6210[0m | [32m   8.4772[0m | [32m     10.4079[0m | [32m   4.9301[0m | [32m     4.2088[0m | [32m 448.9711[0m | [32m  10.0372[0m | 
[31mBayesian Optimization[0m
[94m--------------------------------------------------------------------------------------------------------------------------------------[0m
 Step |   Time |      Value |   n_neighbors |        th |    w_hour |   w_log10acc |   w_month |   w_weekday |       w_x |    w_year | 
   31 | 16m23s |    0.49456 |       17.4124 |    1.6210 |    9.4181 |      19.4163 |    4.5856 |      7.4756 |  109.3781 |    5.2865 | 
[31mBayesian Optimization[0m
[94m--------------------------------------------------------------------------------------------------------------------------------------[0m
 Step |   Time |      Value |   n_neighbors |        th |    w_hour |   w_log10acc |   w_month |   w_weekday |       w_x |    w_year | 
   32 | 13m30s | [35m   0.54690[0m | [32m      23.5907[0m | [32m   3.0313[0m | [32m   6.4821[0m | [32m     10.7146[0m | [32m   5.6011[0m | [32m     3.9611[0m | [32m 538.8175[0m | [32m  11.3404[0m | 
[31mBayesian Optimization[0m
[94m--------------------------------------------------------------------------------------------------------------------------------------[0m
 Step |   Time |      Value |   n_neighbors |        th |    w_hour |   w_log10acc |   w_month |   w_weekday |       w_x |    w_year | 
   33 | 16m02s |    0.51386 |       10.5901 |    0.0311 |    3.9948 |      20.6176 |    9.0757 |      1.2846 |  220.6487 |    6.0806 | 
[31mBayesian Optimization[0m
[94m--------------------------------------------------------------------------------------------------------------------------------------[0m
 Step |   Time |      Value |   n_neighbors |        th |    w_hour |   w_log10acc |   w_month |   w_weekday |       w_x |    w_year | 
   34 | 14m21s |    0.54437 |       24.1537 |    1.5392 |    7.3287 |      15.1106 |    4.6292 |      6.2840 |  743.4309 |   12.2842 | 
[31mBayesian Optimization[0m
[94m--------------------------------------------------------------------------------------------------------------------------------------[0m
 Step |   Time |      Value |   n_neighbors |        th |    w_hour |   w_log10acc |   w_month |   w_weekday |       w_x |    w_year | 
   35 | 12m38s |    0.51735 |       11.4928 |    1.1259 |    1.4489 |       4.0327 |    2.8435 |      6.7187 |  468.9862 |    2.9816 | 
[31mBayesian Optimization[0m
[94m--------------------------------------------------------------------------------------------------------------------------------------[0m
 Step |   Time |      Value |   n_neighbors |        th |    w_hour |   w_log10acc |   w_month |   w_weekday |       w_x |    w_year | 
   36 | 14m35s |    0.53398 |       14.1832 |    0.1373 |    9.7421 |      21.0064 |    3.7311 |      4.6897 |  570.0322 |    2.6427 | 
[31mBayesian Optimization[0m
[94m--------------------------------------------------------------------------------------------------------------------------------------[0m
 Step |   Time |      Value |   n_neighbors |        th |    w_hour |   w_log10acc |   w_month |   w_weekday |       w_x |    w_year | 
   37 | 11m15s |    0.51064 |        5.8880 |    3.5272 |    7.8797 |      23.1986 |    4.8935 |      2.3422 |  983.2486 |   13.7146 | 
[31mBayesian Optimization[0m
[94m--------------------------------------------------------------------------------------------------------------------------------------[0m
 Step |   Time |      Value |   n_neighbors |        th |    w_hour |   w_log10acc |   w_month |   w_weekday |       w_x |    w_year | 
   38 | 12m31s |    0.53490 |       29.0697 |    3.5449 |    8.7261 |      17.6509 |    5.7738 |      3.4490 |  984.0367 |    2.3609 | 
[31mBayesian Optimization[0m
[94m--------------------------------------------------------------------------------------------------------------------------------------[0m
 Step |   Time |      Value |   n_neighbors |        th |    w_hour |   w_log10acc |   w_month |   w_weekday |       w_x |    w_year | 
   39 | 11m51s |    0.52577 |       10.2039 |    2.8772 |    2.8831 |      20.5994 |    1.7193 |      2.4435 |  892.8586 |   12.0562 | 
[31mBayesian Optimization[0m
[94m--------------------------------------------------------------------------------------------------------------------------------------[0m
 Step |   Time |      Value |   n_neighbors |        th |    w_hour |   w_log10acc |   w_month |   w_weekday |       w_x |    w_year | 
   40 | 14m27s |    0.52220 |       14.0335 |    0.7339 |    9.0641 |       8.2017 |    2.1291 |      6.5221 |  433.5248 |   19.1210 | 
[31mBayesian Optimization[0m
[94m--------------------------------------------------------------------------------------------------------------------------------------[0m
 Step |   Time |      Value |   n_neighbors |        th |    w_hour |   w_log10acc |   w_month |   w_weekday |       w_x |    w_year | 
   41 | 10m58s |    0.51610 |        8.4210 |    2.1450 |    6.5034 |       5.6987 |    2.7004 |      6.0908 |  834.0281 |    5.5240 | 
[31mBayesian Optimization[0m
[94m--------------------------------------------------------------------------------------------------------------------------------------[0m
 Step |   Time |      Value |   n_neighbors |        th |    w_hour |   w_log10acc |   w_month |   w_weekday |       w_x |    w_year | 
   42 | 13m14s |    0.38981 |        1.6628 |    0.4623 |    1.1015 |       3.8780 |    5.5717 |      6.3348 |  867.6279 |   18.8301 | 
[31mBayesian Optimization[0m
[94m--------------------------------------------------------------------------------------------------------------------------------------[0m
 Step |   Time |      Value |   n_neighbors |        th |    w_hour |   w_log10acc |   w_month |   w_weekday |       w_x |    w_year | 
   43 | 13m09s |    0.53351 |       24.0246 |    1.9540 |    8.9375 |      27.0293 |    1.1368 |      2.2204 |  667.0100 |   19.2889 | 
[31mBayesian Optimization[0m
[94m--------------------------------------------------------------------------------------------------------------------------------------[0m
 Step |   Time |      Value |   n_neighbors |        th |    w_hour |   w_log10acc |   w_month |   w_weekday |       w_x |    w_year | 
   44 | 14m16s | [35m   0.54745[0m | [32m      22.0132[0m | [32m   2.0975[0m | [32m   5.8272[0m | [32m     14.0028[0m | [32m   5.0400[0m | [32m     4.7300[0m | [32m 580.5695[0m | [32m  13.0394[0m | 
[31mBayesian Optimization[0m
[94m--------------------------------------------------------------------------------------------------------------------------------------[0m
 Step |   Time |      Value |   n_neighbors |        th |    w_hour |   w_log10acc |   w_month |   w_weekday |       w_x |    w_year | 
   45 | 16m09s |    0.51154 |       18.8248 |    0.0018 |    8.7125 |       6.5013 |    9.3736 |      6.7142 |  224.8838 |    4.8276 | 
[31mBayesian Optimization[0m
[94m--------------------------------------------------------------------------------------------------------------------------------------[0m
 Step |   Time |      Value |   n_neighbors |        th |    w_hour |   w_log10acc |   w_month |   w_weekday |       w_x |    w_year | 
   46 | 13m27s |    0.54647 |       22.9686 |    2.6760 |    5.4055 |      11.8179 |    4.0427 |      4.5815 |  708.1544 |    9.6195 | 
[31mBayesian Optimization[0m
[94m--------------------------------------------------------------------------------------------------------------------------------------[0m
 Step |   Time |      Value |   n_neighbors |        th |    w_hour |   w_log10acc |   w_month |   w_weekday |       w_x |    w_year | 
   47 | 11m48s |    0.51352 |        7.2642 |    1.9450 |    2.3191 |       6.8524 |    2.6585 |      3.3030 |  554.2613 |    2.9693 | 
[31mBayesian Optimization[0m
[94m--------------------------------------------------------------------------------------------------------------------------------------[0m
 Step |   Time |      Value |   n_neighbors |        th |    w_hour |   w_log10acc |   w_month |   w_weekday |       w_x |    w_year | 
   48 | 14m01s |    0.54555 |       24.8962 |    2.4979 |    7.8682 |      13.6649 |    5.2440 |      4.8617 |  622.3637 |   10.9486 | 
[31mBayesian Optimization[0m
[94m--------------------------------------------------------------------------------------------------------------------------------------[0m
 Step |   Time |      Value |   n_neighbors |        th |    w_hour |   w_log10acc |   w_month |   w_weekday |       w_x |    w_year | 
   49 | 15m24s |    0.54167 |       22.0016 |    1.9822 |    6.6856 |      16.1583 |    7.8884 |      8.2076 |  783.8566 |   17.3624 | 
[31mBayesian Optimization[0m
[94m--------------------------------------------------------------------------------------------------------------------------------------[0m
 Step |   Time |      Value |   n_neighbors |        th |    w_hour |   w_log10acc |   w_month |   w_weekday |       w_x |    w_year | 
   50 | 14m57s |    0.54535 |       22.6115 |    2.3371 |    6.4168 |      13.7077 |    6.6551 |      6.1534 |  637.2943 |   14.7051 | 
[31mBayesian Optimization[0m
[94m--------------------------------------------------------------------------------------------------------------------------------------[0m
 Step |   Time |      Value |   n_neighbors |        th |    w_hour |   w_log10acc |   w_month |   w_weekday |       w_x |    w_year | 
   51 | 13m28s |    0.46691 |        4.8280 |    1.7995 |    6.5122 |       8.6805 |    5.6758 |      8.1665 |  176.2481 |   17.3941 | 
[31mBayesian Optimization[0m
[94m--------------------------------------------------------------------------------------------------------------------------------------[0m
 Step |   Time |      Value |   n_neighbors |        th |    w_hour |   w_log10acc |   w_month |   w_weekday |       w_x |    w_year | 
   52 | 16m30s |    0.51480 |       11.0924 |    0.5488 |    1.0271 |      17.0442 |    5.1752 |      7.8228 |  393.8543 |    6.2755 | 
[31mBayesian Optimization[0m
[94m--------------------------------------------------------------------------------------------------------------------------------------[0m
 Step |   Time |      Value |   n_neighbors |        th |    w_hour |   w_log10acc |   w_month |   w_weekday |       w_x |    w_year | 
   53 | 13m29s |    0.53654 |       14.5523 |    3.0696 |    5.9360 |      27.5966 |    9.2755 |      2.2345 |  874.0487 |    9.7649 | 
[31mBayesian Optimization[0m
[94m--------------------------------------------------------------------------------------------------------------------------------------[0m
 Step |   Time |      Value |   n_neighbors |        th |    w_hour |   w_log10acc |   w_month |   w_weekday |       w_x |    w_year | 
   54 | 14m04s |    0.49990 |        5.0460 |    0.7700 |    5.7145 |      20.3873 |    1.7985 |      4.5714 |  535.6816 |   13.2756 | 
[31mBayesian Optimization[0m
[94m--------------------------------------------------------------------------------------------------------------------------------------[0m
 Step |   Time |      Value |   n_neighbors |        th |    w_hour |   w_log10acc |   w_month |   w_weekday |       w_x |    w_year | 
   55 | 14m09s |    0.53308 |       11.7213 |    1.4774 |    7.0768 |      29.1650 |    3.1392 |      7.3094 |  660.1843 |   17.9917 | 
[31mBayesian Optimization[0m
[94m--------------------------------------------------------------------------------------------------------------------------------------[0m
 Step |   Time |      Value |   n_neighbors |        th |    w_hour |   w_log10acc |   w_month |   w_weekday |       w_x |    w_year | 
   56 | 12m06s |    0.41658 |        1.9819 |    1.2372 |    5.9017 |       6.8304 |    8.5818 |      9.5729 |  877.7816 |   19.8503 | 
[31mBayesian Optimization[0m
[94m--------------------------------------------------------------------------------------------------------------------------------------[0m
 Step |   Time |      Value |   n_neighbors |        th |    w_hour |   w_log10acc |   w_month |   w_weekday |       w_x |    w_year | 
   57 | 17m17s |    0.51393 |       28.9987 |    1.5693 |    8.9787 |      14.4088 |    7.8500 |      7.3853 |  169.8640 |   13.5285 | 
[31mBayesian Optimization[0m
[94m--------------------------------------------------------------------------------------------------------------------------------------[0m
 Step |   Time |      Value |   n_neighbors |        th |    w_hour |   w_log10acc |   w_month |   w_weekday |       w_x |    w_year | 
   58 | 12m46s |    0.52766 |       12.4275 |    1.6709 |    3.1617 |      20.4601 |    1.0175 |      7.9930 |  756.5181 |    5.2441 | 
[31mBayesian Optimization[0m
[94m--------------------------------------------------------------------------------------------------------------------------------------[0m
 Step |   Time |      Value |   n_neighbors |        th |    w_hour |   w_log10acc |   w_month |   w_weekday |       w_x |    w_year | 
   59 | 12m48s |    0.44536 |        3.1780 |    2.4039 |    9.0557 |      23.0132 |    9.7746 |      3.9696 |  196.2567 |   16.5652 | 
[31mBayesian Optimization[0m
[94m--------------------------------------------------------------------------------------------------------------------------------------[0m
 Step |   Time |      Value |   n_neighbors |        th |    w_hour |   w_log10acc |   w_month |   w_weekday |       w_x |    w_year | 
   60 | 10m39s |    0.52290 |        8.6168 |    3.6789 |    8.2083 |      11.2967 |    2.4445 |      3.9317 |  373.0378 |    2.5084 | 
[31mBayesian Optimization[0m
[94m--------------------------------------------------------------------------------------------------------------------------------------[0m
 Step |   Time |      Value |   n_neighbors |        th |    w_hour |   w_log10acc |   w_month |   w_weekday |       w_x |    w_year | 
   61 | 14m10s |    0.54591 |       19.2945 |    2.6900 |    4.6470 |      16.9560 |    7.3354 |      4.5085 |  563.6153 |   10.0102 | 
[31mBayesian Optimization[0m
[94m--------------------------------------------------------------------------------------------------------------------------------------[0m
 Step |   Time |      Value |   n_neighbors |        th |    w_hour |   w_log10acc |   w_month |   w_weekday |       w_x |    w_year | 
   62 | 15m56s |    0.53924 |       25.5301 |    2.1182 |    8.0203 |      19.6744 |    8.9114 |      5.9485 |  370.1875 |   13.6036 | 
[31mBayesian Optimization[0m
[94m--------------------------------------------------------------------------------------------------------------------------------------[0m
 Step |   Time |      Value |   n_neighbors |        th |    w_hour |   w_log10acc |   w_month |   w_weekday |       w_x |    w_year | 
   63 | 12m40s |    0.53325 |       11.7904 |    1.4196 |    6.2952 |       8.9734 |    5.9570 |      1.4285 |  546.6254 |   10.1273 | 
[31mBayesian Optimization[0m
[94m--------------------------------------------------------------------------------------------------------------------------------------[0m
 Step |   Time |      Value |   n_neighbors |        th |    w_hour |   w_log10acc |   w_month |   w_weekday |       w_x |    w_year | 
   64 | 15m05s |    0.54619 |       21.3408 |    2.4560 |    6.1298 |      16.9958 |    7.2858 |      4.5766 |  473.2950 |   13.8018 | 
[31mBayesian Optimization[0m
[94m--------------------------------------------------------------------------------------------------------------------------------------[0m
 Step |   Time |      Value |   n_neighbors |        th |    w_hour |   w_log10acc |   w_month |   w_weekday |       w_x |    w_year | 
   65 | 11m50s |    0.51891 |        6.6835 |    3.2602 |    7.3735 |      19.2065 |    6.1235 |      5.6330 |  840.0787 |    8.7129 | 
[31mBayesian Optimization[0m
[94m--------------------------------------------------------------------------------------------------------------------------------------[0m
 Step |   Time |      Value |   n_neighbors |        th |    w_hour |   w_log10acc |   w_month |   w_weekday |       w_x |    w_year | 
   66 | 14m05s |    0.54614 |       21.0033 |    2.5890 |    6.3690 |      15.5872 |    6.1735 |      4.2497 |  661.7058 |    9.9037 | 
[31mBayesian Optimization[0m
[94m--------------------------------------------------------------------------------------------------------------------------------------[0m
 Step |   Time |      Value |   n_neighbors |        th |    w_hour |   w_log10acc |   w_month |   w_weekday |       w_x |    w_year | 
   67 | 12m55s |    0.41605 |        2.2300 |    0.6005 |    9.0927 |       6.9253 |    2.9917 |      9.4179 |  992.3442 |   13.2761 | 
[31mBayesian Optimization[0m
[94m--------------------------------------------------------------------------------------------------------------------------------------[0m
 Step |   Time |      Value |   n_neighbors |        th |    w_hour |   w_log10acc |   w_month |   w_weekday |       w_x |    w_year | 
   68 | 14m43s |    0.51220 |       13.3660 |    2.4735 |    8.7729 |      26.4360 |    5.2758 |      1.4367 |  180.8382 |   18.5956 | 
[31mBayesian Optimization[0m
[94m--------------------------------------------------------------------------------------------------------------------------------------[0m
 Step |   Time |      Value |   n_neighbors |        th |    w_hour |   w_log10acc |   w_month |   w_weekday |       w_x |    w_year | 
   69 | 15m55s |    0.49546 |       19.8559 |    2.0786 |    4.7651 |      13.6481 |    5.2139 |      9.9509 |  110.5118 |    2.3305 | 
[31mBayesian Optimization[0m
[94m--------------------------------------------------------------------------------------------------------------------------------------[0m
 Step |   Time |      Value |   n_neighbors |        th |    w_hour |   w_log10acc |   w_month |   w_weekday |       w_x |    w_year | 
   70 | 14m49s |    0.53162 |       11.4951 |    0.7775 |    9.9346 |      25.6801 |    4.8023 |      4.9028 |  856.3325 |    8.5007 | 
[31mBayesian Optimization[0m
[94m--------------------------------------------------------------------------------------------------------------------------------------[0m
 Step |   Time |      Value |   n_neighbors |        th |    w_hour |   w_log10acc |   w_month |   w_weekday |       w_x |    w_year | 
   71 | 12m57s |    0.46274 |        2.5950 |    1.8131 |    1.7104 |       8.6138 |    2.8121 |      3.6085 |  158.2975 |    2.8498 | 
[31mBayesian Optimization[0m
[94m--------------------------------------------------------------------------------------------------------------------------------------[0m
 Step |   Time |      Value |   n_neighbors |        th |    w_hour |   w_log10acc |   w_month |   w_weekday |       w_x |    w_year | 
   72 | 15m44s |    0.53887 |       16.2789 |    0.7816 |    8.1683 |      16.4908 |    6.0045 |      6.6710 |  773.9653 |    8.7183 | 
[31mBayesian Optimization[0m
[94m--------------------------------------------------------------------------------------------------------------------------------------[0m
 Step |   Time |      Value |   n_neighbors |        th |    w_hour |   w_log10acc |   w_month |   w_weekday |       w_x |    w_year | 
   73 | 14m41s | [35m   0.54786[0m | [32m      23.8264[0m | [32m   2.3595[0m | [32m   5.8140[0m | [32m     23.3608[0m | [32m   5.9838[0m | [32m     1.8059[0m | [32m 522.0087[0m | [32m   9.7366[0m | 
[31mBayesian Optimization[0m
[94m--------------------------------------------------------------------------------------------------------------------------------------[0m
 Step |   Time |      Value |   n_neighbors |        th |    w_hour |   w_log10acc |   w_month |   w_weekday |       w_x |    w_year | 
   74 | 18m00s |    0.52639 |       13.0889 |    0.2550 |    4.3716 |      28.5027 |    9.5601 |      7.0258 |  571.6867 |    3.8312 | 
[31mBayesian Optimization[0m
[94m--------------------------------------------------------------------------------------------------------------------------------------[0m
 Step |   Time |      Value |   n_neighbors |        th |    w_hour |   w_log10acc |   w_month |   w_weekday |       w_x |    w_year | 
   75 | 11m36s |    0.54262 |       17.3179 |    3.8099 |    4.8530 |       9.9232 |    2.8545 |      1.3557 |  343.8969 |    5.2335 | 
[31mBayesian Optimization[0m
[94m--------------------------------------------------------------------------------------------------------------------------------------[0m
 Step |   Time |      Value |   n_neighbors |        th |    w_hour |   w_log10acc |   w_month |   w_weekday |       w_x |    w_year | 
   76 | 14m01s |    0.52426 |       27.8717 |    3.6051 |    1.5621 |      22.2894 |    9.8387 |      2.7894 |  727.4012 |    6.2539 | 
[31mBayesian Optimization[0m
[94m--------------------------------------------------------------------------------------------------------------------------------------[0m
 Step |   Time |      Value |   n_neighbors |        th |    w_hour |   w_log10acc |   w_month |   w_weekday |       w_x |    w_year | 
   77 | 11m47s |    0.52333 |        8.9771 |    3.5484 |    7.1822 |      19.5494 |    9.1020 |      1.8106 |  761.3745 |   10.2351 | 
[31mBayesian Optimization[0m
[94m--------------------------------------------------------------------------------------------------------------------------------------[0m
 Step |   Time |      Value |   n_neighbors |        th |    w_hour |   w_log10acc |   w_month |   w_weekday |       w_x |    w_year | 
   78 | 13m32s |    0.53016 |       16.7172 |    1.2824 |    4.6279 |       6.0169 |    6.6338 |      2.0161 |  734.8229 |    2.9716 | 
[31mBayesian Optimization[0m
[94m--------------------------------------------------------------------------------------------------------------------------------------[0m
 Step |   Time |      Value |   n_neighbors |        th |    w_hour |   w_log10acc |   w_month |   w_weekday |       w_x |    w_year | 
