Loading data ...
Bayesian Optimization mode. Taking last 10% of training as test set.
[31mInitialization[0m
[94m--------------------------------------------------------------------------------------------------------------------------------------[0m
 Step |   Time |      Value |   n_neighbors |        th |    w_hour |   w_log10acc |   w_month |   w_weekday |       w_x |    w_year | 
    1 | 14m26s | [35m   0.53170[0m | [32m      24.1909[0m | [32m   3.4546[0m | [32m   6.2922[0m | [32m     18.4141[0m | [32m   3.5140[0m | [32m     1.3580[0m | [32m 196.0643[0m | [32m   2.0226[0m | 
    2 | 12m06s | [35m   0.53404[0m | [32m      14.2191[0m | [32m   1.9449[0m | [32m   7.6183[0m | [32m     10.4984[0m | [32m   2.6228[0m | [32m     4.1342[0m | [32m 840.7440[0m | [32m   6.1431[0m | 
[31mBayesian Optimization[0m
[94m--------------------------------------------------------------------------------------------------------------------------------------[0m
 Step |   Time |      Value |   n_neighbors |        th |    w_hour |   w_log10acc |   w_month |   w_weekday |       w_x |    w_year | 
    3 | 14m53s | [35m   0.54464[0m | [32m      19.2155[0m | [32m   2.6809[0m | [32m   2.9739[0m | [32m     18.0398[0m | [32m   3.6036[0m | [32m     1.9449[0m | [32m 494.0988[0m | [32m  14.7439[0m | 
[31mBayesian Optimization[0m
[94m--------------------------------------------------------------------------------------------------------------------------------------[0m
 Step |   Time |      Value |   n_neighbors |        th |    w_hour |   w_log10acc |   w_month |   w_weekday |       w_x |    w_year | 
    4 | 14m22s |    0.52759 |       17.4267 |    0.6988 |    3.2686 |       7.5142 |    7.5755 |      4.2305 |  675.8929 |    2.2937 | 
[31mBayesian Optimization[0m
[94m--------------------------------------------------------------------------------------------------------------------------------------[0m
 Step |   Time |      Value |   n_neighbors |        th |    w_hour |   w_log10acc |   w_month |   w_weekday |       w_x |    w_year | 
    5 | 13m35s |    0.51069 |        7.3798 |    2.8748 |    1.7311 |      25.4789 |    6.2697 |      7.2315 |  671.1375 |   12.7623 | 
[31mBayesian Optimization[0m
[94m--------------------------------------------------------------------------------------------------------------------------------------[0m
 Step |   Time |      Value |   n_neighbors |        th |    w_hour |   w_log10acc |   w_month |   w_weekday |       w_x |    w_year | 
    6 | 14m16s |    0.51828 |        9.4833 |    2.7748 |    1.1501 |      12.8407 |    3.4637 |      5.1609 |  253.7514 |    7.5992 | 
[31mBayesian Optimization[0m
[94m--------------------------------------------------------------------------------------------------------------------------------------[0m
 Step |   Time |      Value |   n_neighbors |        th |    w_hour |   w_log10acc |   w_month |   w_weekday |       w_x |    w_year | 
    7 | 12m48s |    0.51783 |        6.6791 |    2.3511 |    8.9764 |      22.3615 |    8.1840 |      5.0908 |  563.9836 |   13.8105 | 
[31mBayesian Optimization[0m
[94m--------------------------------------------------------------------------------------------------------------------------------------[0m
 Step |   Time |      Value |   n_neighbors |        th |    w_hour |   w_log10acc |   w_month |   w_weekday |       w_x |    w_year | 
    8 | 12m28s |    0.52308 |        9.2592 |    3.6303 |    5.9353 |      24.6048 |    2.1978 |      6.3917 |  574.6103 |   18.3246 | 
[31mBayesian Optimization[0m
[94m--------------------------------------------------------------------------------------------------------------------------------------[0m
 Step |   Time |      Value |   n_neighbors |        th |    w_hour |   w_log10acc |   w_month |   w_weekday |       w_x |    w_year | 
    9 | 09m52s |    0.41159 |        1.6677 |    2.5019 |    9.4866 |       6.9446 |    1.7508 |      2.2144 |  315.0333 |   16.8635 | 
[31mBayesian Optimization[0m
[94m--------------------------------------------------------------------------------------------------------------------------------------[0m
 Step |   Time |      Value |   n_neighbors |        th |    w_hour |   w_log10acc |   w_month |   w_weekday |       w_x |    w_year | 
   10 | 15m53s |    0.54227 |       16.6145 |    0.8091 |    6.4412 |      28.9189 |    2.8161 |      7.6594 |  608.6540 |   10.0447 | 
[31mBayesian Optimization[0m
[94m--------------------------------------------------------------------------------------------------------------------------------------[0m
 Step |   Time |      Value |   n_neighbors |        th |    w_hour |   w_log10acc |   w_month |   w_weekday |       w_x |    w_year | 
   11 | 16m45s |    0.50703 |       20.3494 |    2.6091 |    3.4572 |       7.5156 |    4.9285 |      7.9935 |  131.3952 |   16.1025 | 
[31mBayesian Optimization[0m
[94m--------------------------------------------------------------------------------------------------------------------------------------[0m
 Step |   Time |      Value |   n_neighbors |        th |    w_hour |   w_log10acc |   w_month |   w_weekday |       w_x |    w_year | 
   12 | 19m29s |    0.53268 |       27.7354 |    0.8746 |    1.9905 |       8.8991 |    5.9556 |      9.0146 |  650.8662 |    6.6015 | 
[31mBayesian Optimization[0m
[94m--------------------------------------------------------------------------------------------------------------------------------------[0m
 Step |   Time |      Value |   n_neighbors |        th |    w_hour |   w_log10acc |   w_month |   w_weekday |       w_x |    w_year | 
   13 | 14m30s |    0.51444 |        7.4220 |    1.6399 |    2.7812 |      13.2284 |    5.9700 |      1.0720 |  682.2663 |   11.2422 | 
[31mBayesian Optimization[0m
[94m--------------------------------------------------------------------------------------------------------------------------------------[0m
 Step |   Time |      Value |   n_neighbors |        th |    w_hour |   w_log10acc |   w_month |   w_weekday |       w_x |    w_year | 
   14 | 14m39s |    0.53914 |       22.9877 |    3.8442 |    7.8962 |       8.5611 |    4.4277 |      7.2226 |  757.3562 |   17.5550 | 
[31mBayesian Optimization[0m
[94m--------------------------------------------------------------------------------------------------------------------------------------[0m
 Step |   Time |      Value |   n_neighbors |        th |    w_hour |   w_log10acc |   w_month |   w_weekday |       w_x |    w_year | 
   15 | 17m16s |    0.53925 |       28.5096 |    0.1680 |    4.0797 |       8.7371 |    7.4425 |      6.2868 |  635.8107 |    5.2485 | 
[31mBayesian Optimization[0m
[94m--------------------------------------------------------------------------------------------------------------------------------------[0m
 Step |   Time |      Value |   n_neighbors |        th |    w_hour |   w_log10acc |   w_month |   w_weekday |       w_x |    w_year | 
   16 | 14m46s |    0.53259 |       26.8794 |    1.3720 |    5.5683 |       4.0888 |    5.9207 |      3.8515 |  194.5158 |    8.7815 | 
[31mBayesian Optimization[0m
[94m--------------------------------------------------------------------------------------------------------------------------------------[0m
 Step |   Time |      Value |   n_neighbors |        th |    w_hour |   w_log10acc |   w_month |   w_weekday |       w_x |    w_year | 
   17 | 12m40s |    0.52997 |       10.7240 |    3.5018 |    4.7409 |      22.1070 |    3.8772 |      9.9764 |  681.1701 |    3.5568 | 
[31mBayesian Optimization[0m
[94m--------------------------------------------------------------------------------------------------------------------------------------[0m
 Step |   Time |      Value |   n_neighbors |        th |    w_hour |   w_log10acc |   w_month |   w_weekday |       w_x |    w_year | 
   18 | 10m57s |    0.44804 |        3.4960 |    1.5069 |    8.9678 |       4.0920 |    2.0890 |      9.4991 |  581.6202 |   17.4649 | 
[31mBayesian Optimization[0m
[94m--------------------------------------------------------------------------------------------------------------------------------------[0m
 Step |   Time |      Value |   n_neighbors |        th |    w_hour |   w_log10acc |   w_month |   w_weekday |       w_x |    w_year | 
   19 | 15m16s |    0.54156 |       19.9650 |    1.9447 |    6.5221 |      29.3113 |    8.3446 |      3.5973 |  722.9236 |    7.5964 | 
[31mBayesian Optimization[0m
[94m--------------------------------------------------------------------------------------------------------------------------------------[0m
 Step |   Time |      Value |   n_neighbors |        th |    w_hour |   w_log10acc |   w_month |   w_weekday |       w_x |    w_year | 
   20 | 16m08s |    0.51035 |        7.3846 |    0.8397 |    4.9009 |      25.1160 |    6.5248 |      2.3831 |  208.0757 |    8.7234 | 
[31mBayesian Optimization[0m
[94m--------------------------------------------------------------------------------------------------------------------------------------[0m
 Step |   Time |      Value |   n_neighbors |        th |    w_hour |   w_log10acc |   w_month |   w_weekday |       w_x |    w_year | 
   21 | 13m36s |    0.54363 |       17.2529 |    1.7344 |    6.5477 |      29.2988 |    3.5211 |      4.8391 |  823.8854 |    9.3667 | 
[31mBayesian Optimization[0m
[94m--------------------------------------------------------------------------------------------------------------------------------------[0m
 Step |   Time |      Value |   n_neighbors |        th |    w_hour |   w_log10acc |   w_month |   w_weekday |       w_x |    w_year | 
   22 | 14m44s |    0.51434 |       19.0060 |    3.3195 |    7.4464 |      19.9586 |    8.9084 |      5.4751 |  228.3286 |    2.0097 | 
[31mBayesian Optimization[0m
[94m--------------------------------------------------------------------------------------------------------------------------------------[0m
 Step |   Time |      Value |   n_neighbors |        th |    w_hour |   w_log10acc |   w_month |   w_weekday |       w_x |    w_year | 
   23 | 17m25s |    0.53020 |       24.5440 |    2.5850 |    6.0620 |      16.4863 |    5.3281 |      9.2001 |  254.1033 |   17.3386 | 
[31mBayesian Optimization[0m
[94m--------------------------------------------------------------------------------------------------------------------------------------[0m
 Step |   Time |      Value |   n_neighbors |        th |    w_hour |   w_log10acc |   w_month |   w_weekday |       w_x |    w_year | 
   24 | 17m43s |    0.53522 |       21.9257 |    2.0808 |    3.5259 |      28.0071 |    5.9792 |      2.1741 |  185.8699 |   15.1045 | 
[31mBayesian Optimization[0m
[94m--------------------------------------------------------------------------------------------------------------------------------------[0m
 Step |   Time |      Value |   n_neighbors |        th |    w_hour |   w_log10acc |   w_month |   w_weekday |       w_x |    w_year | 
   25 | 11m23s |    0.51514 |        6.6160 |    3.8223 |    7.0080 |      10.7745 |    6.1282 |      2.3425 |  701.0768 |   14.6180 | 
[31mBayesian Optimization[0m
[94m--------------------------------------------------------------------------------------------------------------------------------------[0m
 Step |   Time |      Value |   n_neighbors |        th |    w_hour |   w_log10acc |   w_month |   w_weekday |       w_x |    w_year | 
   26 | 15m17s |    0.51350 |       10.1300 |    2.6871 |    3.9382 |      16.3442 |    9.7662 |      9.1841 |  280.2393 |   19.7778 | 
[31mBayesian Optimization[0m
[94m--------------------------------------------------------------------------------------------------------------------------------------[0m
 Step |   Time |      Value |   n_neighbors |        th |    w_hour |   w_log10acc |   w_month |   w_weekday |       w_x |    w_year | 
   27 | 17m28s |    0.54086 |       24.2035 |    0.6448 |    5.0025 |      17.2509 |    7.8494 |      3.5763 |  330.0233 |    6.8973 | 
[31mBayesian Optimization[0m
[94m--------------------------------------------------------------------------------------------------------------------------------------[0m
 Step |   Time |      Value |   n_neighbors |        th |    w_hour |   w_log10acc |   w_month |   w_weekday |       w_x |    w_year | 
   28 | 12m43s |    0.53858 |       16.3515 |    2.1585 |    4.0186 |      15.1595 |    1.4722 |      2.6827 |  231.1995 |    2.3974 | 
[31mBayesian Optimization[0m
[94m--------------------------------------------------------------------------------------------------------------------------------------[0m
 Step |   Time |      Value |   n_neighbors |        th |    w_hour |   w_log10acc |   w_month |   w_weekday |       w_x |    w_year | 
   29 | 14m20s |    0.50564 |        6.8191 |    0.1709 |    6.1727 |       5.5728 |    5.0158 |      7.8299 |  944.9939 |   18.5098 | 
[31mBayesian Optimization[0m
[94m--------------------------------------------------------------------------------------------------------------------------------------[0m
 Step |   Time |      Value |   n_neighbors |        th |    w_hour |   w_log10acc |   w_month |   w_weekday |       w_x |    w_year | 
   30 | 13m14s |    0.53613 |       15.9814 |    3.6794 |    1.3329 |      15.9940 |    3.1250 |      3.4187 |  594.6795 |    8.0123 | 
[31mBayesian Optimization[0m
[94m--------------------------------------------------------------------------------------------------------------------------------------[0m
 Step |   Time |      Value |   n_neighbors |        th |    w_hour |   w_log10acc |   w_month |   w_weekday |       w_x |    w_year | 
   31 | 12m01s |    0.54270 |       21.8197 |    2.0589 |    4.0670 |       9.5320 |    1.3891 |      1.7966 |  263.5480 |    3.8700 | 
[31mBayesian Optimization[0m
[94m--------------------------------------------------------------------------------------------------------------------------------------[0m
 Step |   Time |      Value |   n_neighbors |        th |    w_hour |   w_log10acc |   w_month |   w_weekday |       w_x |    w_year | 
   32 | 14m47s | [35m   0.54662[0m | [32m      18.8850[0m | [32m   1.4639[0m | [32m   6.1265[0m | [32m     26.3359[0m | [32m   4.2141[0m | [32m     5.6402[0m | [32m 655.4717[0m | [32m   9.1151[0m | 
[31mBayesian Optimization[0m
[94m--------------------------------------------------------------------------------------------------------------------------------------[0m
 Step |   Time |      Value |   n_neighbors |        th |    w_hour |   w_log10acc |   w_month |   w_weekday |       w_x |    w_year | 
   33 | 11m49s |    0.41306 |        2.0806 |    1.2129 |    1.8164 |      20.6810 |    1.5997 |      9.5002 |  569.8519 |   19.1324 | 
[31mBayesian Optimization[0m
[94m--------------------------------------------------------------------------------------------------------------------------------------[0m
 Step |   Time |      Value |   n_neighbors |        th |    w_hour |   w_log10acc |   w_month |   w_weekday |       w_x |    w_year | 
   34 | 13m54s |    0.52720 |       21.7500 |    2.4268 |    1.1312 |      25.7701 |    3.5294 |      6.7205 |  843.7463 |    7.8910 | 
[31mBayesian Optimization[0m
[94m--------------------------------------------------------------------------------------------------------------------------------------[0m
 Step |   Time |      Value |   n_neighbors |        th |    w_hour |   w_log10acc |   w_month |   w_weekday |       w_x |    w_year | 
   35 | 14m02s |    0.48123 |        4.4017 |    0.6769 |    8.6755 |      18.5575 |    9.6893 |      5.4931 |  665.6627 |    7.1988 | 
[31mBayesian Optimization[0m
[94m--------------------------------------------------------------------------------------------------------------------------------------[0m
 Step |   Time |      Value |   n_neighbors |        th |    w_hour |   w_log10acc |   w_month |   w_weekday |       w_x |    w_year | 
   36 | 11m11s |    0.48430 |        6.1930 |    3.5919 |    2.0312 |       8.5738 |    1.1256 |      9.6256 |  436.3149 |   17.8125 | 
[31mBayesian Optimization[0m
[94m--------------------------------------------------------------------------------------------------------------------------------------[0m
 Step |   Time |      Value |   n_neighbors |        th |    w_hour |   w_log10acc |   w_month |   w_weekday |       w_x |    w_year | 
   37 | 10m54s |    0.41845 |        2.4937 |    2.8323 |    3.2431 |       4.8182 |    3.5869 |      2.6977 |  582.7429 |   15.1996 | 
[31mBayesian Optimization[0m
[94m--------------------------------------------------------------------------------------------------------------------------------------[0m
 Step |   Time |      Value |   n_neighbors |        th |    w_hour |   w_log10acc |   w_month |   w_weekday |       w_x |    w_year | 
   38 | 11m31s |    0.51805 |        8.1134 |    3.0218 |    8.8670 |      17.9041 |    7.6860 |      4.1917 |  945.1552 |    7.1481 | 
[31mBayesian Optimization[0m
[94m--------------------------------------------------------------------------------------------------------------------------------------[0m
 Step |   Time |      Value |   n_neighbors |        th |    w_hour |   w_log10acc |   w_month |   w_weekday |       w_x |    w_year | 
   39 | 13m55s |    0.54387 |       20.4708 |    3.9432 |    3.2920 |      14.0897 |    8.3184 |      3.2651 |  608.4094 |   15.1275 | 
[31mBayesian Optimization[0m
[94m--------------------------------------------------------------------------------------------------------------------------------------[0m
 Step |   Time |      Value |   n_neighbors |        th |    w_hour |   w_log10acc |   w_month |   w_weekday |       w_x |    w_year | 
   40 | 20m18s |    0.49635 |       26.7534 |    3.8972 |    6.9835 |      27.4875 |    5.5377 |      5.8687 |  106.2707 |   18.6328 | 
[31mBayesian Optimization[0m
[94m--------------------------------------------------------------------------------------------------------------------------------------[0m
 Step |   Time |      Value |   n_neighbors |        th |    w_hour |   w_log10acc |   w_month |   w_weekday |       w_x |    w_year | 
   41 | 18m34s |    0.50776 |       19.6965 |    3.4002 |    1.2286 |      25.9597 |    3.1351 |      8.7228 |  150.9642 |   14.2427 | 
[31mBayesian Optimization[0m
[94m--------------------------------------------------------------------------------------------------------------------------------------[0m
 Step |   Time |      Value |   n_neighbors |        th |    w_hour |   w_log10acc |   w_month |   w_weekday |       w_x |    w_year | 
   42 | 11m56s |    0.53614 |       17.4788 |    3.4547 |    5.8529 |      10.4715 |    4.7279 |      3.9754 |  754.3279 |    2.1143 | 
[31mBayesian Optimization[0m
[94m--------------------------------------------------------------------------------------------------------------------------------------[0m
 Step |   Time |      Value |   n_neighbors |        th |    w_hour |   w_log10acc |   w_month |   w_weekday |       w_x |    w_year | 
   43 | 16m17s |    0.54072 |       24.8636 |    3.4383 |    2.3580 |      29.7975 |    5.7103 |      7.6381 |  729.2425 |    9.9204 | 
[31mBayesian Optimization[0m
[94m--------------------------------------------------------------------------------------------------------------------------------------[0m
 Step |   Time |      Value |   n_neighbors |        th |    w_hour |   w_log10acc |   w_month |   w_weekday |       w_x |    w_year | 
   44 | 11m22s |    0.42434 |        3.2303 |    2.9132 |    4.9346 |       4.7580 |    9.2597 |      5.5554 |  133.8103 |    7.2598 | 
[31mBayesian Optimization[0m
[94m--------------------------------------------------------------------------------------------------------------------------------------[0m
 Step |   Time |      Value |   n_neighbors |        th |    w_hour |   w_log10acc |   w_month |   w_weekday |       w_x |    w_year | 
   45 | 11m33s |    0.49049 |        8.1320 |    1.8449 |    8.6077 |       3.3969 |    9.9996 |      1.2851 |  446.0457 |    2.8515 | 
[31mBayesian Optimization[0m
[94m--------------------------------------------------------------------------------------------------------------------------------------[0m
 Step |   Time |      Value |   n_neighbors |        th |    w_hour |   w_log10acc |   w_month |   w_weekday |       w_x |    w_year | 
   46 | 15m23s |    0.52089 |       18.1942 |    1.1340 |    8.5226 |      27.3573 |    8.0015 |      1.3385 |  191.5430 |   11.1174 | 
[31mBayesian Optimization[0m
[94m--------------------------------------------------------------------------------------------------------------------------------------[0m
 Step |   Time |      Value |   n_neighbors |        th |    w_hour |   w_log10acc |   w_month |   w_weekday |       w_x |    w_year | 
   47 | 13m13s |    0.52060 |       11.1150 |    3.7493 |    2.5291 |      17.2543 |    8.5036 |      9.0825 |  703.2036 |    6.1929 | 
[31mBayesian Optimization[0m
[94m--------------------------------------------------------------------------------------------------------------------------------------[0m
 Step |   Time |      Value |   n_neighbors |        th |    w_hour |   w_log10acc |   w_month |   w_weekday |       w_x |    w_year | 
   48 | 16m40s |    0.54486 |       19.1131 |    1.3182 |    6.4127 |      28.1032 |    8.5997 |      5.1283 |  556.8157 |   17.5973 | 
[31mBayesian Optimization[0m
[94m--------------------------------------------------------------------------------------------------------------------------------------[0m
 Step |   Time |      Value |   n_neighbors |        th |    w_hour |   w_log10acc |   w_month |   w_weekday |       w_x |    w_year | 
   49 | 15m38s |    0.54242 |       18.7102 |    2.7943 |    3.6370 |      20.0684 |    8.2915 |      3.4681 |  346.7211 |    9.2786 | 
[31mBayesian Optimization[0m
[94m--------------------------------------------------------------------------------------------------------------------------------------[0m
 Step |   Time |      Value |   n_neighbors |        th |    w_hour |   w_log10acc |   w_month |   w_weekday |       w_x |    w_year | 
   50 | 15m11s |    0.53385 |       26.6882 |    3.8032 |    1.8069 |      20.7321 |    2.2046 |      2.7296 |  338.3547 |   19.7642 | 
[31mBayesian Optimization[0m
[94m--------------------------------------------------------------------------------------------------------------------------------------[0m
 Step |   Time |      Value |   n_neighbors |        th |    w_hour |   w_log10acc |   w_month |   w_weekday |       w_x |    w_year | 
   51 | 11m22s |    0.49507 |        5.2434 |    3.0136 |    5.3767 |       3.6668 |    5.4977 |      7.6547 |  767.6375 |   11.6612 | 
[31mBayesian Optimization[0m
[94m--------------------------------------------------------------------------------------------------------------------------------------[0m
 Step |   Time |      Value |   n_neighbors |        th |    w_hour |   w_log10acc |   w_month |   w_weekday |       w_x |    w_year | 
   52 | 15m51s | [35m   0.54963[0m | [32m      20.3355[0m | [32m   2.5700[0m | [32m   4.1394[0m | [32m     20.5741[0m | [32m   5.9006[0m | [32m     3.7020[0m | [32m 526.1924[0m | [32m  11.0642[0m | 
[31mBayesian Optimization[0m
[94m--------------------------------------------------------------------------------------------------------------------------------------[0m
 Step |   Time |      Value |   n_neighbors |        th |    w_hour |   w_log10acc |   w_month |   w_weekday |       w_x |    w_year | 
   53 | 14m54s |    0.54447 |       27.2577 |    2.3528 |    5.7402 |      24.1167 |    5.2360 |      6.6880 |  882.9307 |    9.4537 | 
[31mBayesian Optimization[0m
[94m--------------------------------------------------------------------------------------------------------------------------------------[0m
 Step |   Time |      Value |   n_neighbors |        th |    w_hour |   w_log10acc |   w_month |   w_weekday |       w_x |    w_year | 
   54 | 15m58s |    0.54764 |       21.5318 |    2.2850 |    5.3449 |      24.8258 |    5.9772 |      5.2792 |  709.6608 |   10.1452 | 
[31mBayesian Optimization[0m
[94m--------------------------------------------------------------------------------------------------------------------------------------[0m
 Step |   Time |      Value |   n_neighbors |        th |    w_hour |   w_log10acc |   w_month |   w_weekday |       w_x |    w_year | 
   55 | 13m59s |    0.54517 |       27.4858 |    3.5022 |    3.2464 |      22.8663 |    2.7702 |      5.1804 |  493.7251 |    3.0048 | 
[31mBayesian Optimization[0m
[94m--------------------------------------------------------------------------------------------------------------------------------------[0m
 Step |   Time |      Value |   n_neighbors |        th |    w_hour |   w_log10acc |   w_month |   w_weekday |       w_x |    w_year | 
   56 | 21m22s |    0.51308 |       18.5385 |    0.2394 |    4.6951 |      23.7400 |    3.9252 |      7.5296 |  143.1724 |   16.7338 | 
[31mBayesian Optimization[0m
[94m--------------------------------------------------------------------------------------------------------------------------------------[0m
 Step |   Time |      Value |   n_neighbors |        th |    w_hour |   w_log10acc |   w_month |   w_weekday |       w_x |    w_year | 
   57 | 17m37s |    0.51980 |       15.1786 |    1.9957 |    4.7207 |      22.6148 |    4.2905 |      4.3716 |  124.9665 |    7.9281 | 
[31mBayesian Optimization[0m
[94m--------------------------------------------------------------------------------------------------------------------------------------[0m
 Step |   Time |      Value |   n_neighbors |        th |    w_hour |   w_log10acc |   w_month |   w_weekday |       w_x |    w_year | 
   58 | 12m55s |    0.46023 |        2.8865 |    0.6137 |    8.8724 |      16.7383 |    1.4285 |      9.9808 |  758.0235 |    2.4103 | 
[31mBayesian Optimization[0m
[94m--------------------------------------------------------------------------------------------------------------------------------------[0m
 Step |   Time |      Value |   n_neighbors |        th |    w_hour |   w_log10acc |   w_month |   w_weekday |       w_x |    w_year | 
   59 | 15m34s |    0.54075 |       25.6714 |    2.1586 |    6.8298 |      26.7040 |    8.0133 |      7.7893 |  990.9473 |   11.5390 | 
[31mBayesian Optimization[0m
[94m--------------------------------------------------------------------------------------------------------------------------------------[0m
 Step |   Time |      Value |   n_neighbors |        th |    w_hour |   w_log10acc |   w_month |   w_weekday |       w_x |    w_year | 
   60 | 13m19s |    0.53805 |       20.8684 |    3.0385 |    7.9744 |      29.7398 |    2.5896 |      7.8849 |  920.4116 |   16.3495 | 
[31mBayesian Optimization[0m
[94m--------------------------------------------------------------------------------------------------------------------------------------[0m
 Step |   Time |      Value |   n_neighbors |        th |    w_hour |   w_log10acc |   w_month |   w_weekday |       w_x |    w_year | 
   61 | 12m54s |    0.51776 |       17.2696 |    3.3146 |    1.5684 |       9.8255 |    8.6750 |      5.1294 |  421.4999 |    3.6344 | 
[31mBayesian Optimization[0m
[94m--------------------------------------------------------------------------------------------------------------------------------------[0m
 Step |   Time |      Value |   n_neighbors |        th |    w_hour |   w_log10acc |   w_month |   w_weekday |       w_x |    w_year | 
   62 | 15m42s |    0.51204 |        6.8805 |    0.4182 |    3.5676 |      19.8981 |    8.7680 |      7.6004 |  963.9773 |   17.0104 | 
[31mBayesian Optimization[0m
[94m--------------------------------------------------------------------------------------------------------------------------------------[0m
 Step |   Time |      Value |   n_neighbors |        th |    w_hour |   w_log10acc |   w_month |   w_weekday |       w_x |    w_year | 
   63 | 17m50s |    0.52884 |       21.4662 |    2.4219 |    1.2950 |      27.9075 |    4.2768 |      2.1321 |  139.4278 |    9.0992 | 
[31mBayesian Optimization[0m
[94m--------------------------------------------------------------------------------------------------------------------------------------[0m
 Step |   Time |      Value |   n_neighbors |        th |    w_hour |   w_log10acc |   w_month |   w_weekday |       w_x |    w_year | 
   64 | 14m00s |    0.53094 |       28.6168 |    4.0185 |    3.6123 |       6.6301 |    5.3846 |      1.8012 |  147.7118 |    7.0054 | 
[31mBayesian Optimization[0m
[94m--------------------------------------------------------------------------------------------------------------------------------------[0m
 Step |   Time |      Value |   n_neighbors |        th |    w_hour |   w_log10acc |   w_month |   w_weekday |       w_x |    w_year | 
   65 | 15m05s |    0.53524 |       13.9280 |    4.0240 |    4.9909 |      18.5971 |    4.6530 |      6.6081 |  365.1279 |   18.5121 | 
[31mBayesian Optimization[0m
[94m--------------------------------------------------------------------------------------------------------------------------------------[0m
 Step |   Time |      Value |   n_neighbors |        th |    w_hour |   w_log10acc |   w_month |   w_weekday |       w_x |    w_year | 
   66 | 15m05s | [35m   0.55030[0m | [32m      22.3786[0m | [32m   3.0229[0m | [32m   3.6116[0m | [32m     18.9203[0m | [32m   3.9873[0m | [32m     3.9013[0m | [32m 501.5578[0m | [32m   7.4421[0m | 
[31mBayesian Optimization[0m
[94m--------------------------------------------------------------------------------------------------------------------------------------[0m
 Step |   Time |      Value |   n_neighbors |        th |    w_hour |   w_log10acc |   w_month |   w_weekday |       w_x |    w_year | 
   67 | 14m11s |    0.54310 |       25.9307 |    2.1725 |    2.4416 |      14.0908 |    6.2931 |      3.3819 |  628.0539 |    6.9842 | 
[31mBayesian Optimization[0m
[94m--------------------------------------------------------------------------------------------------------------------------------------[0m
 Step |   Time |      Value |   n_neighbors |        th |    w_hour |   w_log10acc |   w_month |   w_weekday |       w_x |    w_year | 
   68 | 16m02s |    0.53901 |       22.5311 |    2.4463 |    6.2955 |      21.3748 |    4.2598 |      9.9391 |  347.2238 |   12.2187 | 
[31mBayesian Optimization[0m
[94m--------------------------------------------------------------------------------------------------------------------------------------[0m
 Step |   Time |      Value |   n_neighbors |        th |    w_hour |   w_log10acc |   w_month |   w_weekday |       w_x |    w_year | 
   69 | 13m19s |    0.54096 |       19.4304 |    1.7181 |    4.6656 |      12.6156 |    2.5602 |      7.4429 |  680.6106 |   11.5686 | 
[31mBayesian Optimization[0m
[94m--------------------------------------------------------------------------------------------------------------------------------------[0m
 Step |   Time |      Value |   n_neighbors |        th |    w_hour |   w_log10acc |   w_month |   w_weekday |       w_x |    w_year | 
   70 | 11m49s |    0.36088 |        1.3525 |    1.3759 |    6.8110 |      13.7637 |    5.1207 |      5.7166 |  200.4299 |    7.8153 | 
[31mBayesian Optimization[0m
[94m--------------------------------------------------------------------------------------------------------------------------------------[0m
 Step |   Time |      Value |   n_neighbors |        th |    w_hour |   w_log10acc |   w_month |   w_weekday |       w_x |    w_year | 
   71 | 18m03s |    0.53972 |       20.9010 |    0.2463 |    8.8041 |      29.8338 |    9.8234 |      6.8928 |  914.0574 |   16.6581 | 
[31mBayesian Optimization[0m
[94m--------------------------------------------------------------------------------------------------------------------------------------[0m
 Step |   Time |      Value |   n_neighbors |        th |    w_hour |   w_log10acc |   w_month |   w_weekday |       w_x |    w_year | 
   72 | 15m08s |    0.54766 |       22.2547 |    2.4355 |    4.6949 |      18.6753 |    4.1535 |      6.1762 |  633.0624 |    9.5430 | 
[31mBayesian Optimization[0m
[94m--------------------------------------------------------------------------------------------------------------------------------------[0m
 Step |   Time |      Value |   n_neighbors |        th |    w_hour |   w_log10acc |   w_month |   w_weekday |       w_x |    w_year | 
   73 | 14m16s |    0.53442 |       11.9349 |    1.2151 |    8.7626 |      25.6425 |    6.4928 |      3.8367 |  752.0613 |   19.4595 | 
[31mBayesian Optimization[0m
[94m--------------------------------------------------------------------------------------------------------------------------------------[0m
 Step |   Time |      Value |   n_neighbors |        th |    w_hour |   w_log10acc |   w_month |   w_weekday |       w_x |    w_year | 
   74 | 11m51s |    0.49429 |        5.0175 |    1.1480 |    4.5775 |      12.7385 |    6.1594 |      1.0988 |  967.4979 |   15.2575 | 
[31mBayesian Optimization[0m
[94m--------------------------------------------------------------------------------------------------------------------------------------[0m
 Step |   Time |      Value |   n_neighbors |        th |    w_hour |   w_log10acc |   w_month |   w_weekday |       w_x |    w_year | 
   75 | 15m19s |    0.53650 |       17.7405 |    1.2021 |    7.9968 |      21.6692 |    8.6452 |      2.6679 |  323.2928 |   14.5889 | 
[31mBayesian Optimization[0m
[94m--------------------------------------------------------------------------------------------------------------------------------------[0m
 Step |   Time |      Value |   n_neighbors |        th |    w_hour |   w_log10acc |   w_month |   w_weekday |       w_x |    w_year | 
