Loading data ...
Traceback (most recent call last):
  File "grid_knn_demo.py", line 214, in <module>
    VALIDATION = ('validation' == sys.argv[1])
IndexError: list index out of range
Loading data ...
Bayesian Optimization mode. Taking last 10% of training as test set.
[31mInitialization[0m
[94m--------------------------------------------------------------------------------------------------------------------------------------[0m
 Step |   Time |      Value |   n_neighbors |        th |    w_hour |   w_log10acc |   w_weekday |       w_x |       w_y |    w_year | 
    1 | 15m16s | [35m   0.54776[0m | [32m      25.0000[0m | [32m   5.0000[0m | [32m   4.0000[0m | [32m     15.0000[0m | [32m     3.0000[0m | [32m 500.0000[0m | [32m1000.0000[0m | [32m  10.0000[0m | 
    2 | 14m38s |    0.50317 |        8.7859 |    8.4710 |    1.4235 |      23.4186 |      8.2375 |  289.9665 | 1357.0283 |   17.1903 | 
    3 | 11m25s |    0.51449 |        7.0906 |    6.6164 |    4.4450 |      10.2922 |      8.1447 |  631.7299 | 1730.2180 |    6.2342 | 
    4 | 12m46s |    0.53533 |       38.7602 |   11.1544 |    4.2282 |       7.1847 |      3.0581 |  505.8871 | 1769.0168 |   19.6141 | 
    5 | 12m56s |    0.53365 |       32.4737 |   14.2984 |    1.7619 |      16.2912 |      1.0692 |  568.0147 |  983.4304 |   14.4993 | 
[31mBayesian Optimization[0m
[94m--------------------------------------------------------------------------------------------------------------------------------------[0m
 Step |   Time |      Value |   n_neighbors |        th |    w_hour |   w_log10acc |   w_weekday |       w_x |       w_y |    w_year | 
    6 | 13m20s |    0.53602 |       17.4567 |    6.1838 |    8.5727 |      21.2169 |      8.2019 |  639.8832 | 1308.8026 |   19.4288 | 
    7 | 12m37s |    0.54346 |       20.8023 |   10.3723 |    4.7421 |      18.1605 |      7.3913 |  689.4325 | 1419.5614 |   10.9045 | 
    8 | 14m09s |    0.54214 |       33.9258 |    6.9976 |    3.8406 |      23.4334 |      7.9687 |  646.1513 | 1780.7692 |    7.9200 | 
    9 | 14m29s |    0.53824 |       26.2697 |    3.0778 |    2.8091 |      13.0086 |      4.0999 |  782.2074 |  782.1189 |   12.5521 | 
   10 | 17m25s |    0.53362 |       39.5181 |    7.8488 |    6.4446 |      25.5548 |      9.1006 |  347.4277 | 1239.7405 |   17.3525 | 
   11 | 12m23s |    0.53600 |       30.2255 |    8.9435 |    2.9575 |      25.3777 |      4.4784 |  938.9577 | 1738.1383 |    2.7314 | 
   12 | 13m06s |    0.53912 |       20.5883 |    2.7533 |    6.1162 |      16.1409 |      9.5317 |  913.9806 | 1451.7977 |    6.6109 | 
   13 | 11m03s |    0.54058 |       30.0049 |   14.7766 |    6.1187 |      16.4512 |      1.4330 |  666.5561 | 1911.0934 |    7.5530 | 
   14 | 16m25s |    0.53547 |       34.7802 |    2.3519 |    4.5604 |      19.5437 |      7.4246 |  818.7658 |  753.0189 |   10.4842 | 
   15 | 12m13s |    0.51396 |        6.8205 |    3.8892 |    3.4041 |      27.9148 |      1.3394 |  690.6337 | 1553.1884 |   14.7320 | 
   16 | 17m34s |    0.53930 |       33.3561 |    2.8219 |    4.0078 |      15.7262 |      3.6694 |  335.6441 |  952.5339 |   16.9666 | 
   17 | 13m04s |    0.54240 |       35.5859 |    5.7546 |    4.0181 |      16.2131 |      1.2047 |  512.2921 | 1137.7061 |    2.7319 | 
   18 | 14m44s |    0.52949 |       25.2927 |    3.2168 |    8.9374 |      11.7359 |      9.5381 |  363.3377 | 1730.0860 |   18.4795 | 
   19 | 12m54s |    0.54259 |       33.4328 |    5.7909 |    5.2268 |      23.8320 |      4.8634 |  941.8349 | 1985.5489 |    6.9675 | 
   20 | 11m36s |    0.52263 |       28.5885 |    9.7027 |    1.1685 |      22.2847 |      1.8211 |  700.6569 | 1722.6430 |    2.1435 | 
   21 | 13m02s |    0.53407 |       25.6108 |    6.3738 |    9.4088 |      10.4169 |      9.4703 |  682.5926 |  976.0857 |   13.4993 | 
   22 | 12m32s |    0.54131 |       27.0174 |    6.3079 |    5.8648 |      12.3770 |      8.4732 |  924.9643 | 1429.0232 |   12.9643 | 
   23 | 13m25s |    0.53979 |       19.1170 |    4.0341 |    3.7318 |      18.9086 |      8.5463 |  805.8814 | 1337.2722 |    9.7954 | 
   24 | 13m38s |    0.51879 |       12.6357 |    2.0942 |    1.6247 |      11.7545 |      7.0427 |  915.0265 |  685.1143 |    3.0935 | 
   25 | 12m43s |    0.53967 |       37.0124 |   13.6238 |    4.8417 |      15.8340 |      9.3242 |  888.6477 | 1602.3437 |    8.2020 | 
   26 | 12m16s |    0.52807 |        9.3087 |    3.8329 |    7.5664 |      21.4455 |      5.5451 |  594.4096 | 1494.2588 |    6.5184 | 
   27 | 12m09s |    0.53589 |       25.7730 |   14.1860 |    6.0030 |       8.3909 |      5.1141 |  787.5185 |  786.8550 |   12.2679 | 
   28 | 11m23s |    0.51711 |        8.4310 |    8.6851 |    3.6806 |      10.9248 |      5.5978 |  658.4382 |  932.0426 |   14.3143 | 
   29 | 11m01s |    0.51189 |        6.2584 |   11.9458 |    4.4885 |      25.3293 |      7.1629 |  925.5852 | 1743.5643 |   13.9271 | 
   30 | 13m57s |    0.53902 |       39.8154 |    5.5614 |    2.3955 |      28.2919 |      3.8794 |  657.8963 | 1764.9159 |    6.9631 | 
   31 | 15m34s |    0.53308 |       20.1495 |    1.8999 |    7.5330 |      18.7112 |      2.7894 |  451.0452 |  690.3044 |   15.8619 | 
   32 | 12m52s |    0.54179 |       13.8499 |   12.2343 |    5.4852 |      26.5528 |      3.3225 |  325.7056 |  908.8319 |    5.6801 | 
[31mBayesian Optimization[0m
[94m--------------------------------------------------------------------------------------------------------------------------------------[0m
 Step |   Time |      Value |   n_neighbors |        th |    w_hour |   w_log10acc |   w_weekday |       w_x |       w_y |    w_year | 
   33 | 13m41s |    0.54116 |       19.0240 |    4.7185 |    9.5289 |      27.4459 |      6.7777 |  624.6175 | 1291.7320 |   14.0569 | 
   34 | 12m23s |    0.52019 |       11.2371 |   11.5113 |    2.9149 |      12.4097 |      1.6980 |  510.0726 |  504.1399 |   17.2670 | 
   35 | 15m55s |    0.53764 |       34.0160 |   11.6350 |    4.1515 |      25.5681 |      8.7399 |  345.7947 | 1583.0753 |   12.9991 | 
   36 | 14m23s |    0.53505 |       28.5105 |   13.1969 |    6.1512 |      22.0323 |      2.0276 |  323.5840 |  770.4081 |   16.6628 | 
   37 | 12m08s |    0.51769 |       21.0349 |    4.4540 |    9.2270 |       9.4692 |      1.3213 |  266.5553 | 1632.7404 |   18.9879 | 
   38 | 15m03s |    0.53364 |       32.7884 |   12.4631 |    3.4403 |      12.6842 |      4.7347 |  515.3469 |  641.1251 |   16.1578 | 
   39 | 12m31s |    0.52745 |       21.8353 |   11.6896 |    7.2594 |      27.6258 |      1.3584 |  789.6864 |  530.0688 |    7.4562 | 
   40 | 12m47s |    0.53066 |       16.1529 |    7.8344 |    9.2913 |      22.2335 |      7.8275 |  859.6619 |  918.5053 |   16.2824 | 
   41 | 12m43s |    0.53621 |       29.5326 |    5.0476 |    3.5615 |       5.9145 |      9.6717 |  705.0607 | 1772.0108 |    6.6506 | 
   42 | 14m20s | [35m   0.54803[0m | [32m      32.0373[0m | [32m   3.1295[0m | [32m   4.1529[0m | [32m     15.5539[0m | [32m     2.3081[0m | [32m 414.9065[0m | [32m 968.3364[0m | [32m   5.0498[0m | 
   43 | 11m46s |    0.53664 |       16.0779 |    4.8251 |    3.8718 |       8.0653 |      5.0712 |  658.9459 | 1818.9941 |    7.5976 | 
   44 | 13m47s |    0.50833 |       18.1822 |   13.1814 |    8.0004 |      20.2971 |      9.5134 |  865.4597 |  544.9049 |   19.9304 | 
   45 | 13m43s |    0.52936 |       15.4512 |    8.2516 |    2.4428 |      18.3580 |      8.0325 |  679.0884 |  856.8768 |   14.6718 | 
   46 | 11m47s |    0.51260 |       19.9367 |    7.9850 |    1.2027 |       8.6406 |      4.5344 |  879.3644 | 1286.4503 |   19.5938 | 
   47 | 13m46s |    0.53720 |       36.8782 |   14.0895 |    8.9640 |      17.6228 |      7.8799 |  564.5743 | 1381.3582 |   19.9684 | 
   48 | 16m05s |    0.52822 |       36.4968 |    6.6848 |    1.4663 |      22.9022 |      9.9937 |  378.2216 |  829.2131 |    4.1096 | 
   49 | 12m39s |    0.54120 |       33.1778 |    5.7856 |    6.7783 |      19.5494 |      1.0424 |  790.1110 | 1240.9276 |   12.8944 | 
   50 | 11m45s |    0.52860 |       11.2277 |   14.6298 |    9.8540 |      16.5988 |      7.6735 |  715.1713 | 1237.0839 |    5.0318 | 
   51 | 26m19s |    0.54251 |       37.3970 |   10.5306 |    6.0410 |      24.0274 |      9.0841 |  949.4659 | 1896.9365 |   12.7756 | 
   52 | 18m28s |    0.54106 |       23.2829 |    5.7785 |    6.0529 |      20.1947 |      3.9741 |  667.6524 | 1923.5043 |    3.1700 | 
   53 | 21m24s |    0.53903 |       33.1087 |    9.4533 |    2.2092 |      17.1089 |      4.5045 |  372.3191 |  624.1732 |   13.1817 | 
   54 | 14m42s |    0.53326 |       38.4826 |   14.6886 |    5.0919 |       5.0065 |      8.8193 |  334.7686 | 1768.1516 |   10.0402 | 
   55 | 10m07s |    0.51810 |        8.1405 |   11.4540 |    9.5798 |      11.3440 |      6.8729 |  436.4123 | 1619.2924 |    7.3056 | 
   56 | 12m10s |    0.52665 |       11.7696 |    3.1312 |    4.2326 |      27.5022 |      1.0119 |  952.3091 | 1595.5088 |   19.3478 | 
   57 | 12m47s |    0.52086 |       20.1420 |   13.7069 |    1.4612 |      21.9832 |      8.2035 |  899.8692 | 1165.3520 |   17.5115 | 
   58 | 13m28s |    0.50431 |        9.8595 |    6.6558 |    7.6659 |      15.5586 |      6.7898 |  714.2068 |  508.6757 |   16.4995 | 
   59 | 14m02s |    0.53653 |       22.2892 |   14.6870 |    5.1948 |      23.8920 |      8.4656 |  814.5382 |  982.7444 |   17.1930 | 
   60 | 15m36s |    0.54755 |       29.5116 |    4.8158 |    4.4229 |      16.3009 |      3.2235 |  545.8019 | 1257.7986 |    8.1345 | 
   61 | 13m22s |    0.52237 |       16.7715 |   11.5676 |    3.6479 |      13.2791 |      4.4125 |  934.6755 |  691.9626 |   19.9612 | 
   62 | 13m33s | [35m   0.54869[0m | [32m      29.9949[0m | [32m   4.5078[0m | [32m   4.1269[0m | [32m     15.6884[0m | [32m     2.7628[0m | [32m 479.7589[0m | [32m 989.7980[0m | [32m   7.9225[0m | 
   63 | 12m17s |    0.53570 |       33.5506 |   13.7234 |    2.2217 |      28.1399 |      3.7939 |  855.0691 | 1842.8826 |   13.2378 | 
   64 | 10m59s |    0.52382 |       10.7114 |   10.0537 |    8.5826 |      14.2507 |      9.0186 |  350.9449 | 1729.1670 |    7.9529 | 
   65 | 11m56s |    0.52291 |       10.3097 |    7.8392 |    2.6166 |      24.8969 |      5.2546 |  930.7514 | 1131.4087 |   16.9205 | 
   66 | 10m41s |    0.53835 |       22.0778 |    7.6494 |    9.2316 |       6.5339 |      4.9197 |  999.6773 | 1582.0164 |   11.5583 | 
   67 | 13m33s |    0.52785 |       30.2909 |    5.8566 |    1.4176 |      25.5607 |      5.1244 |  948.6168 |  750.4251 |    6.2296 | 
   68 | 14m30s |    0.54702 |       28.0430 |    5.6754 |    4.5921 |      16.3469 |      4.3016 |  588.9372 | 1116.0767 |   10.4654 | 
   69 | 13m20s |    0.50905 |        6.7511 |    8.7231 |    2.7030 |      13.6445 |      3.2226 |  544.4965 |  506.0121 |   14.0871 | 
   70 | 14m15s |    0.54574 |       27.4689 |    7.5984 |    5.1202 |      18.6088 |      6.3039 |  643.0807 | 1385.1103 |    9.5690 | 
   71 | 13m38s |    0.54460 |       28.9015 |   10.5783 |    3.6481 |      24.4607 |      3.7603 |  330.8190 | 1100.5849 |    2.7421 | 
   72 | 14m15s |    0.54242 |       24.8456 |    2.4900 |    3.9594 |      19.9550 |      5.9989 |  839.1124 | 1149.4216 |   13.6908 | 
   73 | 10m43s |    0.53714 |       26.8763 |   12.0516 |    2.5509 |       9.1534 |      2.2078 |  713.8750 | 1721.8964 |    6.8919 | 
   74 | 11m07s |    0.49406 |        5.4667 |    4.7991 |    9.5156 |      26.8001 |      1.7397 |  384.5442 | 1575.1641 |   15.8021 | 
   75 | 10m53s |    0.52822 |       28.3532 |   13.3824 |    8.6872 |       5.7679 |      4.1960 |  799.8497 |  647.4581 |    6.2352 | 
   76 | 13m55s |    0.53483 |       20.3559 |    2.7156 |    4.0880 |      15.0223 |      5.2283 |  853.9059 |  749.1719 |   13.7198 | 
   77 | 11m46s |    0.54121 |       25.3536 |    7.9741 |    9.0205 |      25.4770 |      1.7993 |  517.5656 | 1421.5342 |    6.1407 | 
   78 | 13m20s |    0.54830 |       28.5628 |    6.2070 |    4.4801 |      18.3859 |      3.1114 |  436.2513 | 1125.1303 |    6.4818 | 
   79 | 11m45s |    0.51298 |        9.7714 |    6.2886 |    2.5870 |       8.5248 |      9.4363 |  776.0741 |  528.7221 |    6.3439 | 
   80 | 13m35s |    0.53387 |       36.7514 |    8.2116 |    6.1693 |      21.4819 |      4.6098 |  725.2030 |  736.9689 |    2.0510 | 
   81 | 16m36s |    0.53467 |       29.4900 |   11.5743 |    5.2727 |      26.5072 |      2.2554 |  311.7245 |  540.1981 |   14.2736 | 
   82 | 11m10s |    0.51227 |        8.4523 |   14.2665 |    6.1670 |      12.6671 |      6.8545 |  369.5714 | 1797.2160 |   16.6730 | 
   83 | 13m06s |    0.50240 |       14.9225 |   12.8970 |    1.0499 |      13.5627 |      6.8060 |  271.7331 | 1615.4410 |   19.3150 | 
   84 | 13m21s |    0.52940 |       24.1932 |   13.1229 |    1.9020 |      29.7067 |      3.9246 |  890.2023 |  581.3947 |    4.0776 | 
   85 | 12m48s |    0.53222 |       32.2173 |   10.7558 |    4.1414 |       9.9200 |      7.4804 |  703.2025 |  614.9278 |    6.4227 | 
   86 | 13m30s |    0.54724 |       28.6706 |    4.3866 |    4.6716 |      16.7147 |      2.5278 |  488.6547 | 1090.6707 |    5.3869 | 
   87 | 10m36s |    0.53435 |       13.6013 |   12.7068 |    4.9188 |       6.9449 |      3.4549 |  682.7002 |  924.5958 |   11.3323 | 
   88 | 11m48s |    0.52072 |        8.9230 |    3.0826 |    4.0128 |       9.6930 |      5.9723 |  753.0417 | 1361.8922 |   14.2361 | 
   89 | 11m03s |    0.53029 |       11.1708 |   12.8362 |    5.6913 |      24.3467 |      1.4154 |  740.2865 |  699.0926 |    8.1110 | 
   90 | 12m29s |    0.54327 |       18.3716 |   14.1254 |    4.6193 |      28.7766 |      5.7326 |  424.2637 | 1490.5522 |    6.4803 | 
   91 | 12m27s |    0.53215 |       15.5607 |    5.8341 |    1.7588 |      28.0116 |      5.0441 |  531.1183 | 1754.2832 |    4.4306 | 
   92 | 11m34s |    0.50635 |        5.0886 |    5.6682 |    6.9354 |      27.2776 |      7.0136 |  523.2946 | 1209.9158 |    8.5904 | 
   93 | 11m15s |    0.53101 |       15.2249 |   11.8128 |    8.1790 |      18.0086 |      2.8356 |  279.0449 | 1800.3458 |    8.0169 | 
   94 | 16m30s |    0.52411 |       11.3488 |    1.9956 |    4.2360 |      28.0920 |      7.9360 |  256.1154 | 1684.2376 |    7.8310 | 
   95 | 11m13s |    0.52587 |       10.6587 |   10.7591 |    6.2123 |      14.7064 |      3.8481 |  742.2448 |  628.2082 |   10.5280 | 
   96 | 15m56s |    0.53378 |       31.5407 |    5.3468 |    7.7180 |      18.9063 |      9.6630 |  480.5048 |  874.5615 |   14.4506 | 
   97 | 12m25s |    0.54682 |       28.0644 |    8.0763 |    5.4419 |      20.6594 |      3.6408 |  570.9059 | 1403.3391 |    7.5080 | 
   98 | 14m01s |    0.53744 |       38.0554 |    7.3129 |    2.2266 |      18.5917 |      4.7929 |  818.6461 |  858.8311 |    7.7468 | 
   99 | 11m40s |    0.53463 |       11.5565 |   12.9902 |    9.7503 |      28.1830 |      5.1080 |  707.8504 | 1127.9549 |    8.0725 | 
  100 | 13m17s |    0.53222 |       36.2781 |    5.7809 |    9.9684 |      17.4338 |      6.0344 |  966.9248 |  960.8800 |   17.9800 | 
  101 | 10m40s |    0.51879 |       11.0500 |   10.2039 |    4.5347 |       8.5557 |      1.6252 |  805.2190 |  690.8087 |   14.9512 | 
  102 | 11m24s |    0.53221 |       22.2236 |    7.6626 |    8.7094 |       9.2313 |      7.1795 |  999.8373 |  964.7970 |    5.5852 | 
  103 | 12m44s |    0.54770 |       28.5803 |    7.5204 |    4.2388 |      17.2303 |      3.1248 |  571.0994 | 1201.6705 |    8.3490 | 
  104 | 13m35s |    0.53811 |       15.1102 |    2.9835 |    6.9251 |      21.8080 |      7.2261 |  688.0777 | 1251.1174 |   15.1372 | 
  105 | 13m09s |    0.54810 |       28.4091 |    5.7676 |    4.8092 |      19.3201 |      2.8710 |  532.8377 | 1145.2918 |    9.4608 | 
  106 | 10m38s |    0.53778 |       22.4577 |   11.7613 |    4.9454 |      14.2863 |      1.5580 |  898.2317 |  959.7902 |    4.2208 | 
  107 | 13m52s | [35m   0.54889[0m | [32m      28.3746[0m | [32m   5.8236[0m | [32m   3.7124[0m | [32m     17.8245[0m | [32m     3.6437[0m | [32m 471.3685[0m | [32m 994.6456[0m | [32m   8.9847[0m | 
  108 | 13m05s |    0.54812 |       27.4137 |    9.2859 |    4.4951 |      21.8756 |      4.1562 |  470.8638 | 1153.8346 |    6.8571 | 
  109 | 10m48s |    0.52531 |       19.0342 |   14.3734 |    9.5228 |       6.8094 |      3.2397 |  378.2592 | 1900.9559 |   19.2982 | 
  110 | 13m11s |    0.54772 |       30.5408 |    6.4749 |    4.3601 |      19.8258 |      4.0001 |  565.0104 | 1112.0002 |    6.9821 | 
  111 | 15m24s |    0.53530 |       38.1443 |    3.7155 |    6.0904 |      29.7891 |      8.0389 |  754.7901 |  826.7168 |    7.1385 | 
  112 | 12m32s |    0.53646 |       38.6105 |   10.8178 |    5.7517 |      15.5654 |      4.3639 |  924.6958 |  820.0036 |    8.7016 | 
  113 | 13m12s |    0.54812 |       28.7222 |    6.6657 |    4.8351 |      16.7042 |      3.4615 |  469.8137 | 1019.4022 |    8.7980 | 
  114 | 13m35s |    0.54833 |       30.9022 |    7.5182 |    4.1770 |      19.7815 |      3.9243 |  466.0805 | 1195.9334 |    8.9447 | 
  115 | 12m32s |    0.54432 |       30.2721 |    7.6764 |    5.1727 |      20.3538 |      6.5403 |  841.7272 | 1597.9763 |    9.4311 | 
  116 | 13m03s |    0.54800 |       26.0853 |    7.1339 |    4.4051 |      19.5312 |      4.1996 |  548.2722 | 1135.7670 |    8.5718 | 
  117 | 13m03s |    0.54702 |       30.2708 |    9.1763 |    4.8848 |      20.5040 |      4.4752 |  613.6615 | 1129.5867 |    9.6349 | 
  118 | 12m54s |    0.54636 |       28.7102 |    9.9891 |    4.5760 |      22.3780 |      5.6251 |  607.4991 | 1481.4073 |    8.3977 | 
  119 | 13m30s | [35m   0.54917[0m | [32m      29.9758[0m | [32m   7.9126[0m | [32m   4.0538[0m | [32m     20.0040[0m | [32m     3.0118[0m | [32m 462.8410[0m | [32m 969.2217[0m | [32m   7.5946[0m | 
  120 | 12m59s |    0.54811 |       29.7034 |    8.3705 |    4.5616 |      21.8202 |      3.0281 |  557.2415 | 1123.8892 |    7.8988 | 
  121 | 13m06s |    0.54837 |       31.5308 |    6.0776 |    3.8464 |      18.1827 |      2.5451 |  516.3259 | 1078.4859 |    7.5839 | 
  122 | 12m48s |    0.54678 |       30.1073 |    6.2701 |    4.7540 |      20.8683 |      4.3331 |  704.8931 | 1322.9709 |    9.7651 | 
  123 | 13m22s |    0.54841 |       30.1888 |    8.6409 |    3.8629 |      18.9021 |      3.8314 |  492.0346 | 1041.2364 |    7.0195 | 
  124 | 13m15s |    0.54862 |       29.3561 |    7.4386 |    4.1516 |      19.3162 |      3.3990 |  518.8546 | 1052.7116 |    8.9694 | 
  125 | 13m17s |    0.54776 |       31.5510 |    8.4980 |    4.6412 |      20.9618 |      3.1378 |  444.4828 | 1099.1051 |    5.9884 | 
  126 | 12m59s |    0.54581 |       32.5531 |    7.0605 |    4.4123 |      21.3766 |      4.9893 |  628.4935 | 1548.5552 |    7.5533 | 
  127 | 13m31s |    0.54912 |       28.1728 |    8.3024 |    3.5292 |      21.3995 |      3.2930 |  395.0739 | 1092.0120 |    6.6512 | 
  128 | 12m18s |    0.54574 |       28.0760 |    8.9048 |    4.7502 |      18.7575 |      4.7816 |  735.0701 | 1283.2648 |    7.9543 | 
  129 | 13m02s |    0.54762 |       29.4275 |    8.2759 |    3.7390 |      21.9735 |      3.9124 |  525.2863 | 1329.2810 |    7.2773 | 
  130 | 13m25s |    0.54916 |       28.6055 |    5.9142 |    3.4587 |      16.2951 |      2.6480 |  436.1709 | 1036.4292 |    6.7944 | 
  131 | 13m19s |    0.54851 |       28.1045 |    5.6400 |    3.8990 |      16.7508 |      2.8168 |  443.1288 | 1157.6930 |    9.1429 | 
  132 | 13m07s |    0.54868 |       27.0377 |    5.7028 |    3.9640 |      16.8986 |      3.1195 |  495.2618 | 1087.1582 |    7.8986 | 
  133 | 13m31s |    0.54835 |       32.0066 |    5.2164 |    3.8176 |      17.2060 |      2.7779 |  465.3408 |  927.8520 |    5.3449 | 
  134 | 14m04s | [35m   0.54927[0m | [32m      31.0210[0m | [32m   5.4347[0m | [32m   3.8498[0m | [32m     17.9295[0m | [32m     2.5881[0m | [32m 341.2033[0m | [32m 978.2039[0m | [32m   6.9500[0m | 
  135 | 13m34s |    0.54649 |       30.4448 |    7.5373 |    3.6178 |      20.5171 |      5.2724 |  604.3933 | 1110.4256 |    9.4434 | 
  136 | 12m52s |    0.54671 |       28.5681 |    8.4453 |    4.2480 |      19.8835 |      4.5587 |  639.0681 | 1414.9658 |   10.0374 | 
  137 | 12m24s |    0.54448 |       29.7904 |    7.4006 |    5.1685 |      22.4660 |      5.3223 |  706.4025 | 1914.5605 |    7.4515 | 
  138 | 13m28s |    0.54792 |       32.4741 |    4.5111 |    3.6855 |      17.2279 |      2.6999 |  453.7000 | 1200.7059 |    6.1054 | 
  139 | 13m46s | [35m   0.54950[0m | [32m      30.9110[0m | [32m   6.4726[0m | [32m   3.6540[0m | [32m     18.4415[0m | [32m     3.0457[0m | [32m 426.8492[0m | [32m 973.0061[0m | [32m   7.2880[0m | 
  140 | 13m22s |    0.54868 |       31.3255 |    5.0336 |    4.1325 |      16.1974 |      2.1074 |  382.9884 |  963.9437 |    6.2073 | 
  141 | 13m31s |    0.54921 |       29.6832 |    4.4738 |    3.6867 |      18.1998 |      2.4569 |  422.4306 | 1061.7266 |    6.8148 | 
  142 | 14m22s |    0.54920 |       29.3875 |    4.4467 |    3.7611 |      16.0389 |      3.3365 |  332.7722 |  925.3470 |    7.0629 | 
  143 | 12m34s |    0.54395 |       29.7960 |   10.4549 |    5.1414 |      18.9809 |      7.6095 |  773.1272 | 1575.7929 |   10.5381 | 
  144 | 14m01s |    0.54938 |       27.7839 |    5.3962 |    3.9438 |      17.2065 |      2.9818 |  361.8302 |  932.4339 |    8.2646 | 
  145 | 13m56s |    0.54902 |       30.2322 |    4.7980 |    3.8673 |      16.6019 |      3.1486 |  379.2199 | 1037.5858 |    6.9381 | 
  146 | 14m26s |    0.54823 |       28.4996 |    7.4192 |    3.7677 |      18.9268 |      3.4287 |  275.8558 |  888.6774 |    6.6136 | 
  147 | 12m36s |    0.54564 |       30.2278 |    7.9164 |    5.3724 |      23.6069 |      4.8072 |  763.4824 | 1501.4897 |    7.5388 | 
  148 | 14m30s | [35m   0.54995[0m | [32m      28.9321[0m | [32m   5.6808[0m | [32m   3.5279[0m | [32m     17.8758[0m | [32m     3.0313[0m | [32m 335.1611[0m | [32m 783.4149[0m | [32m   6.2099[0m | 
  149 | 13m44s |    0.54962 |       28.0267 |    6.2642 |    3.5777 |      18.6985 |      3.0249 |  357.6204 |  935.6137 |    5.7587 | 
  150 | 14m55s |    0.54861 |       28.9166 |    5.7743 |    2.8669 |      17.2858 |      2.9597 |  252.0081 |  936.4878 |    6.9689 | 
  151 | 14m08s | [35m   0.55014[0m | [32m      29.4037[0m | [32m   5.2986[0m | [32m   3.0598[0m | [32m     17.0448[0m | [32m     2.8768[0m | [32m 367.2802[0m | [32m 900.9599[0m | [32m   7.0594[0m | 
  152 | 12m59s |    0.54803 |       27.8567 |    9.0936 |    4.1455 |      19.3752 |      2.9066 |  389.0952 | 1237.8833 |    7.3842 | 
  153 | 14m32s |    0.54903 |       28.1630 |    6.2863 |    3.3430 |      19.7656 |      2.2285 |  252.1129 |  886.0757 |    6.9818 | 
  154 | 13m20s |    0.54978 |       27.3680 |    7.2251 |    3.3556 |      18.5479 |      2.3086 |  431.4865 |  903.5090 |    7.7092 | 
  155 | 13m02s |    0.54916 |       28.3233 |    8.3629 |    3.6773 |      19.0541 |      2.3447 |  434.1869 |  958.5482 |    5.8128 | 
  156 | 13m53s | [35m   0.55045[0m | [32m      29.4350[0m | [32m   6.9608[0m | [32m   3.2912[0m | [32m     18.5425[0m | [32m     2.4899[0m | [32m 372.5296[0m | [32m 828.5044[0m | [32m   7.0357[0m | 
  157 | 13m04s |    0.54872 |       29.2589 |    7.4264 |    3.5669 |      19.6949 |      2.0864 |  417.9671 | 1139.2963 |    7.1016 | 
  158 | 13m19s |    0.54773 |       26.4090 |    8.7969 |    4.2246 |      21.6451 |      2.4077 |  307.0127 | 1067.9819 |    6.2268 | 
  159 | 12m42s |    0.54394 |       26.0195 |    4.6256 |    5.1717 |      17.9703 |      6.8612 |  846.8621 | 1483.0776 |   10.3622 | 
  160 | 13m05s |    0.54601 |       28.2444 |    7.2465 |    4.4801 |      23.4424 |      6.2302 |  662.5925 | 1486.7070 |    9.1543 | 
  161 | 12m30s |    0.54745 |       25.6329 |   10.6357 |    4.5891 |      23.4806 |      3.0235 |  476.8728 | 1274.9114 |    6.0335 | 
  162 | 12m32s |    0.54781 |       25.2882 |    9.0231 |    4.4108 |      20.7037 |      2.7563 |  519.7473 | 1069.4501 |    6.0500 | 
  163 | 14m36s |    0.54814 |       28.8896 |    3.6238 |    3.9982 |      17.3610 |      3.5084 |  496.6093 | 1069.9610 |   10.5394 | 
  164 | 13m35s |    0.54024 |       39.9344 |    8.0246 |    4.5933 |      22.8955 |      7.1892 |  860.1327 | 1976.2565 |    5.9690 | 
  165 | 15m27s |    0.54795 |       28.2312 |    7.6497 |    3.2924 |      18.5371 |      2.4069 |  275.3020 | 1080.9539 |    7.3180 | 
  166 | 14m42s |    0.54776 |       26.4755 |    8.1542 |    4.5946 |      22.5341 |      2.8342 |  436.7458 | 1260.3964 |    6.4838 | 
  167 | 14m17s |    0.54833 |       26.8336 |    5.1164 |    3.4547 |      17.3249 |      2.0106 |  291.5252 | 1068.0710 |    6.1059 | 
  168 | 12m34s |    0.54558 |       25.4046 |    7.8307 |    4.6236 |      21.2256 |      5.0986 |  619.4716 | 1521.3212 |    6.3002 | 
  169 | 14m28s |    0.55014 |       27.8430 |    6.5726 |    3.5009 |      17.9488 |      2.2577 |  356.7884 |  919.9659 |    6.9526 | 
  170 | 14m16s |    0.54726 |       28.1179 |    4.7751 |    3.7907 |      19.4291 |      4.4943 |  599.2903 | 1267.7662 |    9.3761 | 
  171 | 15m05s |    0.55032 |       28.3676 |    6.3425 |    3.2045 |      19.5989 |      2.9774 |  360.5393 |  834.4042 |    7.8715 | 
  172 | 13m02s |    0.54800 |       27.9641 |   10.1011 |    4.4395 |      20.7424 |      3.2387 |  503.2724 | 1270.4679 |    8.3011 | 
  173 | 14m03s |    0.54952 |       28.4889 |    5.2804 |    3.5488 |      18.4896 |      2.4647 |  459.5862 |  836.7472 |    7.7370 | 
  174 | 14m44s |    0.54866 |       30.3404 |    8.4313 |    3.2040 |      18.7367 |      3.0567 |  394.1207 | 1105.8406 |    8.9027 | 
  175 | 14m05s |    0.54766 |       28.7258 |    6.9295 |    3.1525 |      18.1823 |      3.6163 |  424.8448 | 1287.8999 |    7.1943 | 
  176 | 12m54s |    0.54311 |       33.2363 |    8.2042 |    4.5021 |      24.2213 |      5.9127 |  916.3757 | 1773.8103 |    8.8360 | 
  177 | 14m24s |    0.54837 |       28.8494 |    5.7633 |    3.5259 |      20.6957 |      3.1187 |  375.8686 | 1249.3081 |    8.5231 | 
  178 | 13m30s |    0.54569 |       31.7460 |    8.3228 |    4.1394 |      13.2668 |      3.7893 |  414.6028 | 1279.9636 |   11.3996 | 
  179 | 12m47s |    0.54657 |       28.8693 |    6.6019 |    4.4036 |      17.0518 |      4.1290 |  535.1364 | 1537.6235 |    8.9135 | 
  180 | 15m31s |    0.54808 |       30.3580 |    6.7702 |    3.5241 |      16.0485 |      2.9539 |  475.3702 |  840.2437 |    9.8147 | 
  181 | 15m02s |    0.54712 |       31.3584 |    6.1280 |    3.7705 |      16.0961 |      3.6114 |  482.5299 | 1093.4758 |   11.6857 | 
  182 | 14m30s |    0.54869 |       27.1810 |    6.8582 |    3.7054 |      19.9496 |      3.0097 |  332.0170 | 1106.1111 |    8.2939 | 
  183 | 14m15s |    0.54763 |       28.5061 |    8.3150 |    3.9296 |      16.1383 |      4.1187 |  440.1241 | 1191.1946 |    9.4407 | 
  184 | 13m43s |    0.54800 |       32.8343 |    7.7182 |    3.9460 |      15.6384 |      3.1128 |  427.4876 | 1186.7226 |    8.3088 | 
  185 | 15m26s |    0.54711 |       28.2898 |    4.7095 |    3.9958 |      17.7770 |      3.1776 |  607.5458 |  917.9997 |    9.7859 | 
  186 | 14m22s |    0.54686 |       32.8095 |    5.0882 |    4.4800 |      19.4294 |      4.1304 |  621.7746 | 1071.2419 |   10.5909 | 
  187 | 13m38s |    0.54699 |       32.9232 |    7.6734 |    4.3988 |      16.7682 |      4.5021 |  572.3377 | 1248.8554 |    9.2457 | 
  188 | 13m47s |    0.54798 |       30.6830 |    5.7563 |    3.9003 |      20.5555 |      3.2319 |  555.0929 | 1289.3784 |    8.6380 | 
  189 | 14m05s |    0.54547 |       27.4803 |    4.9874 |    4.6649 |      19.7030 |      5.9814 |  685.3962 | 1139.0092 |   11.3643 | 
  190 | 12m50s |    0.54635 |       29.1910 |    9.3583 |    4.8548 |      23.1759 |      3.7490 |  596.0676 | 1611.9989 |    7.5972 | 
  191 | 14m00s |    0.54720 |       31.3421 |    8.4471 |    4.6901 |      16.9703 |      2.9650 |  491.0702 | 1212.5562 |   10.6679 | 
  192 | 12m31s |    0.54664 |       25.4161 |    9.0800 |    4.8854 |      22.9079 |      4.5090 |  698.0418 | 1314.1279 |    8.5952 | 
