Loading data ...
Traceback (most recent call last):
  File "grid_knn_demo.py", line 214, in <module>
    VALIDATION = ('validation' == sys.argv[1])
IndexError: list index out of range
Loading data ...
Bayesian Optimization mode. Taking last 10% of training as test set.
[31mInitialization[0m
[94m--------------------------------------------------------------------------------------------------------------------------------------[0m
 Step |   Time |      Value |   n_neighbors |        th |    w_hour |   w_log10acc |   w_weekday |       w_x |       w_y |    w_year | 
    1 | 15m05s | [35m   0.54776[0m | [32m      25.0000[0m | [32m   5.0000[0m | [32m   4.0000[0m | [32m     15.0000[0m | [32m     3.0000[0m | [32m 500.0000[0m | [32m1000.0000[0m | [32m  10.0000[0m | 
    2 | 11m35s |    0.52795 |       10.2060 |    9.5877 |    4.4126 |       8.6790 |      3.9949 |  490.0248 | 1654.3462 |   10.7381 | 
    3 | 12m58s |    0.53444 |       35.2736 |   11.3422 |    4.4275 |       6.0128 |      2.6921 |  711.0329 | 1041.0347 |   19.4548 | 
    4 | 14m17s |    0.54082 |       33.6959 |    5.3296 |    6.9065 |      14.6654 |      5.3070 |  365.9082 | 1560.2628 |    7.1779 | 
    5 | 12m29s |    0.51361 |       10.5587 |    9.4866 |    8.9388 |      29.3256 |      2.8792 |  989.0894 |  519.0226 |    9.4775 | 
[31mBayesian Optimization[0m
[94m--------------------------------------------------------------------------------------------------------------------------------------[0m
 Step |   Time |      Value |   n_neighbors |        th |    w_hour |   w_log10acc |   w_weekday |       w_x |       w_y |    w_year | 
    6 | 16m37s |    0.54601 |       30.5746 |    1.9159 |    4.7137 |      24.9901 |      2.0629 |  385.1818 | 1466.6803 |    8.8896 | 
    7 | 15m02s |    0.54010 |       23.8602 |   12.8905 |    2.5577 |      23.5307 |      7.8818 |  404.0342 | 1227.9371 |   11.6269 | 
    8 | 13m34s |    0.54256 |       28.7805 |    9.2865 |    4.9918 |      25.3174 |      9.1291 |  915.6944 | 1955.5630 |   14.6213 | 
    9 | 10m43s |    0.51052 |        5.8743 |   10.0814 |    3.3207 |      12.3821 |      5.2551 |  469.0999 | 1547.0400 |    2.5696 | 
   10 | 14m38s |    0.52634 |       29.6514 |   10.3018 |    2.6574 |      14.1621 |      4.4776 |  776.5274 |  663.9352 |   18.9593 | 
   11 | 12m36s |    0.50020 |        5.3332 |    1.3617 |    6.3628 |      13.3029 |      2.3805 |  694.9646 | 1030.0526 |    5.1481 | 
   12 | 12m10s |    0.53455 |       12.3998 |   11.7486 |    2.9688 |      21.5291 |      3.6355 |  331.6132 | 1880.1935 |    5.6501 | 
   13 | 12m51s |    0.54223 |       30.2539 |   10.2291 |    3.3175 |      19.2912 |      2.4897 |  654.4551 | 1604.1007 |   14.1380 | 
   14 | 14m38s |    0.54235 |       24.7080 |    8.3533 |    4.3626 |      22.8064 |      6.2989 |  641.3429 |  947.8275 |   14.6837 | 
   15 | 15m04s |    0.53560 |       37.6624 |    5.1748 |    5.5060 |       8.8012 |      8.2030 |  397.5857 |  835.3131 |   13.1407 | 
   16 | 11m55s |    0.54244 |       23.1150 |   13.1948 |    4.0608 |      26.0691 |      1.7372 |  629.0132 | 1730.5352 |    5.9703 | 
   17 | 13m12s |    0.53155 |       16.0416 |    9.8946 |    2.2923 |      17.0945 |      3.8622 |  376.7662 | 1835.8198 |   14.6422 | 
   18 | 15m03s |    0.52725 |       16.7447 |    1.7783 |    6.6167 |       7.4706 |      5.2232 |  897.1269 |  786.9371 |   15.8774 | 
   19 | 12m45s |    0.52833 |       21.3728 |   10.8548 |    1.7634 |       9.9221 |      6.0779 |  407.3641 | 1829.3381 |   12.8022 | 
   20 | 13m26s |    0.53717 |       28.4210 |   12.6141 |    8.8580 |      22.4225 |      8.2228 |  711.0258 |  958.0135 |   10.1284 | 
   21 | 15m28s |    0.52599 |       11.5281 |    1.5417 |    2.6109 |      26.0448 |      9.2706 |  991.4633 | 1627.3710 |   11.5647 | 
   22 | 11m37s |    0.53640 |       26.2579 |    7.2811 |    9.8065 |      13.2677 |      1.0864 |  375.9096 | 1291.5952 |    9.0811 | 
   23 | 13m38s |    0.53715 |       22.7048 |    3.0959 |    6.2658 |       8.2762 |      7.7691 |  387.7370 |  827.2255 |    4.8945 | 
   24 | 11m45s |    0.53372 |       25.2089 |    6.8703 |    1.9169 |       5.9898 |      3.2173 |  898.8832 | 1172.9142 |    7.2839 | 
   25 | 13m59s |    0.53588 |       23.7413 |   14.8026 |    2.5712 |      26.0763 |      6.2860 |  881.0094 |  906.1519 |   13.3436 | 
   26 | 12m56s |    0.54307 |       27.1330 |   10.3909 |    9.3061 |      26.4185 |      7.5871 |  689.4821 | 1974.4149 |   17.0610 | 
   27 | 16m11s |    0.54302 |       18.4882 |    1.9820 |    5.9274 |      27.8023 |      5.3534 |  729.5843 | 1012.9297 |   10.1370 | 
   28 | 12m35s |    0.52064 |       31.4380 |   14.5436 |    1.0738 |       7.1609 |      5.9412 |  277.6416 | 1845.9249 |    6.6244 | 
   29 | 16m17s |    0.54152 |       34.7142 |    1.0630 |    7.1371 |      20.4583 |      3.0715 |  404.2066 |  724.9107 |    6.1798 | 
   30 | 12m33s |    0.53094 |       23.3217 |    4.4871 |    6.9600 |      14.2182 |      1.3313 |  719.1841 |  909.0909 |   19.7659 | 
   31 | 14m09s |    0.54025 |       29.0163 |    4.2957 |    2.6553 |      21.8477 |      2.5865 |  890.1997 |  832.5200 |    9.8961 | 
   32 | 11m24s |    0.52537 |        9.8770 |    7.9773 |    7.9940 |      23.1031 |      1.5048 |  298.4675 | 1077.2263 |    2.5372 | 
[31mBayesian Optimization[0m
[94m--------------------------------------------------------------------------------------------------------------------------------------[0m
 Step |   Time |      Value |   n_neighbors |        th |    w_hour |   w_log10acc |   w_weekday |       w_x |       w_y |    w_year | 
   33 | 15m33s |    0.52446 |       37.4604 |   10.9156 |    3.4677 |      25.7744 |      7.5052 |  697.3103 |  543.5428 |    2.2049 | 
   34 | 12m10s |    0.50520 |        7.1129 |   11.8285 |    4.1679 |      10.9348 |      8.0866 |  335.0065 |  641.4041 |   13.5193 | 
   35 | 12m11s |    0.54109 |       37.2710 |   12.3627 |    8.9008 |      22.3192 |      5.1590 |  859.1772 | 1616.0423 |    5.6111 | 
   36 | 11m28s |    0.53224 |       26.3612 |   14.9851 |    6.8807 |      12.7044 |      2.0493 |  273.2556 | 1934.4798 |    4.7697 | 
   37 | 10m40s |    0.52000 |        7.6585 |   13.3909 |    5.2063 |      10.9952 |      8.7109 |  520.5244 | 1778.8817 |    7.9849 | 
   38 | 10m18s |    0.50023 |        8.1522 |   12.4230 |    8.4130 |      11.3270 |      5.6768 |  980.0038 |  504.8093 |    2.3887 | 
   39 | 14m00s |    0.53681 |       27.4692 |    5.0529 |    2.9489 |      18.2061 |      5.8176 |  608.4406 | 1954.9347 |   18.3555 | 
   40 | 13m55s | [35m   0.54791[0m | [32m      27.9464[0m | [32m   4.8598[0m | [32m   4.5657[0m | [32m     19.9067[0m | [32m     3.2233[0m | [32m 518.7033[0m | [32m1327.2593[0m | [32m   9.9418[0m | 
   41 | 13m03s |    0.52432 |       12.8046 |    2.1467 |    2.7930 |      20.3575 |      9.5823 |  851.8246 | 1785.6355 |    2.1563 | 
   42 | 12m14s |    0.53588 |       14.2996 |    6.6392 |    5.5116 |       8.0416 |      6.7867 |  439.5955 | 1019.4391 |    9.0948 | 
   43 | 15m08s |    0.53259 |       26.1104 |   13.3032 |    3.3164 |      25.0662 |      9.0216 |  346.2214 | 1902.1983 |   15.4824 | 
   44 | 13m17s |    0.54499 |       30.1432 |   14.6454 |    7.3932 |      29.3628 |      6.3504 |  644.1613 | 1771.4924 |   11.4536 | 
   45 | 13m37s |    0.48659 |        6.0008 |    3.9497 |    1.0302 |      26.3863 |      5.7059 |  557.5835 |  796.3853 |   19.7184 | 
   46 | 11m49s |    0.53982 |       19.6505 |    4.9577 |    5.6788 |       8.7823 |      5.0017 |  858.8492 | 1669.9069 |    7.3682 | 
   47 | 13m48s |    0.52214 |       15.0354 |    4.8359 |    2.0837 |       9.3101 |      8.5108 |  456.6679 |  938.1178 |   16.5628 | 
   48 | 12m01s |    0.53668 |       15.9030 |   14.6751 |    8.5514 |      27.0192 |      3.3389 |  504.0237 | 1939.5406 |   16.9163 | 
   49 | 11m15s |    0.50242 |        9.3791 |    5.9602 |    7.4591 |       8.1378 |      1.0390 |  632.5065 |  502.4218 |   14.7103 | 
   50 | 13m57s |    0.54722 |       26.0763 |    5.7686 |    4.5949 |      18.4805 |      4.1669 |  591.4051 | 1074.2688 |   10.3866 | 
   51 | 30m21s | [35m   0.54822[0m | [32m      28.4871[0m | [32m   3.7400[0m | [32m   4.9787[0m | [32m     18.7432[0m | [32m     3.1849[0m | [32m 488.4464[0m | [32m 982.9204[0m | [32m   9.0790[0m | 
   52 | 20m11s |    0.53475 |       14.5831 |    7.5215 |    7.8962 |      16.6507 |      3.0905 |  257.7639 |  699.8936 |    3.5451 | 
   53 | 17m32s |    0.54734 |       27.4892 |    5.1397 |    5.2007 |      15.8708 |      3.7726 |  459.3284 | 1214.3815 |    9.2440 | 
   54 | 14m50s |    0.52093 |       35.0446 |    3.9323 |    7.8174 |      17.5304 |      1.9438 |  936.1019 |  550.5189 |    2.7772 | 
   55 | 14m18s | [35m   0.54851[0m | [32m      27.9209[0m | [32m   6.0264[0m | [32m   4.2256[0m | [32m     18.6741[0m | [32m     3.0850[0m | [32m 472.1524[0m | [32m1025.5469[0m | [32m  10.2162[0m | 
   56 | 12m59s |    0.54711 |       27.3627 |    8.9897 |    4.8340 |      22.4880 |      4.6558 |  627.7030 | 1368.3229 |   11.5913 | 
   57 | 13m41s |    0.54027 |       33.8003 |    4.4925 |    7.9116 |      25.3336 |      1.2613 |  351.5456 | 1204.4239 |    8.0489 | 
   58 | 14m20s |    0.54767 |       29.1796 |    5.1162 |    5.8405 |      22.8880 |      3.4120 |  505.4993 | 1183.4308 |    9.4441 | 
   59 | 14m56s |    0.54551 |       30.6663 |    3.9534 |    5.6162 |      21.2635 |      2.8683 |  372.4107 | 1419.3433 |    8.7278 | 
   60 | 14m40s |    0.54716 |       29.1175 |    7.2809 |    4.9906 |      18.7216 |      2.8429 |  588.5875 | 1232.8496 |   10.1581 | 
   61 | 16m19s |    0.53989 |       29.3986 |    4.3954 |    6.7278 |      26.6284 |      3.9914 |  310.7233 |  668.3174 |    5.5337 | 
   62 | 13m19s |    0.54821 |       25.4141 |    5.5478 |    4.9297 |      19.4674 |      2.9140 |  487.1833 | 1109.9725 |    8.6420 | 
   63 | 12m18s |    0.54023 |       23.8665 |    8.8078 |    3.7630 |      25.2257 |      2.5336 |  459.9753 | 1833.9515 |    2.3496 | 
   64 | 13m28s |    0.54833 |       28.6242 |    7.1927 |    4.4229 |      22.0835 |      3.9667 |  539.6017 | 1223.3652 |    8.7599 | 
   65 | 13m14s |    0.54755 |       27.4110 |    7.1734 |    5.0777 |      20.7961 |      4.1666 |  489.8797 | 1189.3889 |   11.1172 | 
   66 | 11m31s |    0.54167 |       38.6258 |   10.2285 |    7.1070 |      16.8450 |      5.4408 |  933.3634 | 1822.1591 |    6.9792 | 
   67 | 13m44s |    0.53055 |       31.6903 |    7.8778 |    1.6540 |      28.3417 |      2.3405 |  557.0373 | 1772.5137 |   17.8043 | 
   68 | 12m44s |    0.53429 |       23.2349 |   14.5995 |    9.7125 |      16.4866 |      4.4578 |  898.2035 |  892.0757 |   12.2275 | 
   69 | 14m32s |    0.54220 |       20.0333 |    3.3110 |    3.5080 |      28.5043 |      4.5214 |  934.3769 | 1160.6335 |    8.4257 | 
   70 | 11m29s |    0.52260 |       10.3400 |   10.2329 |    9.9824 |      14.8949 |      4.6294 |  455.3631 | 1382.7334 |   16.7668 | 
   71 | 13m45s |    0.54790 |       26.2139 |    5.8152 |    4.5229 |      24.4798 |      3.9320 |  638.4004 | 1194.0577 |   10.4667 | 
   72 | 14m33s | [35m   0.54863[0m | [32m      29.3076[0m | [32m   3.6512[0m | [32m   4.7071[0m | [32m     23.5492[0m | [32m     2.9420[0m | [32m 397.6747[0m | [32m1156.9506[0m | [32m   8.3813[0m | 
   73 | 12m33s |    0.54715 |       26.5202 |    8.1558 |    4.3681 |      23.2107 |      3.0875 |  599.2270 | 1490.7339 |    9.5043 | 
   74 | 13m09s |    0.53024 |       35.5494 |   12.0797 |    6.6405 |      11.3777 |      9.7257 |  269.9719 | 1304.9029 |    8.5752 | 
   75 | 13m56s | [35m   0.54887[0m | [32m      27.1854[0m | [32m   4.4698[0m | [32m   4.4599[0m | [32m     22.2931[0m | [32m     3.8907[0m | [32m 490.8520[0m | [32m1059.3248[0m | [32m   9.2241[0m | 
   76 | 09m57s |    0.50634 |        5.4485 |   13.6596 |    6.2501 |      17.7454 |      2.0489 |  581.9295 | 1069.2347 |    8.0359 | 
   77 | 13m40s |    0.54788 |       27.8469 |    4.9843 |    4.5987 |      25.2065 |      2.9982 |  453.7961 | 1422.6097 |    8.3923 | 
   78 | 16m29s |    0.53287 |       24.6196 |    2.7216 |    2.1801 |      26.4593 |      8.5273 |  485.8376 | 1500.4398 |   17.7180 | 
   79 | 14m03s |    0.54777 |       30.7439 |    4.6418 |    4.5825 |      23.4105 |      2.1933 |  466.4810 | 1303.6784 |    8.8571 | 
   80 | 14m16s |    0.54802 |       28.8190 |    6.7143 |    4.1876 |      23.6975 |      3.5222 |  518.4262 | 1342.8569 |   11.1681 | 
   81 | 12m35s |    0.53774 |       28.9967 |    4.8853 |    4.3072 |       5.4964 |      8.1589 |  462.7787 | 1475.8445 |    3.5094 | 
   82 | 10m21s |    0.51418 |        7.4076 |    8.5435 |    9.1129 |      13.9503 |      7.5423 |  834.0671 | 1542.5529 |   14.3434 | 
   83 | 13m30s |    0.54744 |       28.9984 |    6.3792 |    4.9926 |      22.2317 |      4.4158 |  613.0890 | 1444.4467 |    9.9478 | 
   84 | 14m03s |    0.54864 |       28.2066 |    4.9854 |    4.0436 |      17.8576 |      3.4571 |  503.3342 | 1113.8400 |    8.3941 | 
   85 | 14m50s |    0.53367 |       29.6551 |   12.3455 |    4.6530 |      14.7942 |      4.7779 |  307.8886 | 1217.4581 |   18.9649 | 
   86 | 11m40s |    0.53230 |       19.2644 |   14.7875 |    2.0809 |      12.7045 |      9.1421 |  538.8507 | 1436.5656 |    9.2035 | 
   87 | 13m09s |    0.54651 |       27.6937 |    7.4961 |    3.7302 |      20.1762 |      3.9107 |  624.7686 | 1399.8930 |   11.2026 | 
   88 | 15m07s |    0.54827 |       29.4742 |    2.9727 |    4.8556 |      24.0917 |      3.3651 |  493.3582 | 1342.1116 |    8.5183 | 
   89 | 14m10s |    0.54790 |       29.7482 |    4.9032 |    5.2187 |      20.2483 |      3.8485 |  413.1022 | 1052.6145 |    7.9095 | 
   90 | 11m26s |    0.53853 |       26.0581 |   12.4797 |    3.5426 |      15.6289 |      6.9725 |  951.2868 | 1932.9890 |   11.9009 | 
   91 | 12m39s |    0.53681 |       12.4082 |    3.8429 |    3.3831 |      22.0821 |      4.3514 |  488.1796 | 1453.2550 |    4.1834 | 
   92 | 11m11s |    0.53086 |       16.9867 |    9.9544 |    1.6203 |      15.2692 |      1.3289 |  764.1425 | 1299.2573 |    9.4243 | 
   93 | 13m53s |    0.54872 |       28.4503 |    4.7926 |    4.6798 |      21.9617 |      3.4299 |  452.6086 | 1209.1383 |    8.8796 | 
   94 | 14m29s |    0.54727 |       28.2412 |    3.2338 |    5.5086 |      23.9399 |      2.5327 |  436.8881 | 1238.5331 |    7.1514 | 
   95 | 13m12s |    0.54219 |       38.0171 |   14.2818 |    7.8000 |      19.7929 |      6.6842 |  589.7800 | 1912.5939 |   14.1760 | 
   96 | 10m24s |    0.50734 |        6.0682 |   10.8273 |    5.0579 |      11.0505 |      7.7631 |  732.0834 | 1647.1006 |   13.4732 | 
   97 | 12m25s |    0.54503 |       31.1413 |   12.0923 |    7.1374 |      24.3791 |      6.4888 |  729.4347 | 1772.6169 |   12.5796 | 
   98 | 11m12s |    0.53314 |       22.4559 |   12.6576 |    4.1006 |       7.4372 |      9.3588 |  925.9192 | 1835.4642 |    3.6773 | 
   99 | 14m59s |    0.54743 |       32.3377 |    2.8343 |    5.7063 |      23.3173 |      3.1916 |  420.3438 | 1066.5181 |    8.5659 | 
  100 | 16m50s |    0.53673 |       36.2004 |    1.5083 |    7.9182 |      22.1880 |      9.7012 |  431.5476 | 1091.9272 |    7.0934 | 
  101 | 13m30s |    0.54842 |       28.4948 |    5.0297 |    4.2679 |      21.7080 |      2.9446 |  571.0196 | 1043.2988 |    9.3989 | 
  102 | 13m25s |    0.54796 |       27.1825 |    5.6681 |    4.6709 |      16.8339 |      3.7522 |  493.3471 |  959.4242 |    8.9234 | 
  103 | 14m08s |    0.54249 |       29.0175 |    1.6133 |    5.7493 |      27.3447 |      4.0213 |  940.7166 | 1467.8195 |    4.5381 | 
  104 | 10m34s |    0.53165 |       15.9402 |   14.2393 |    7.1499 |       6.0965 |      4.5937 |  596.5224 |  645.3554 |    6.5365 | 
  105 | 13m23s |    0.54698 |       25.6006 |    3.4114 |    4.8160 |      25.1288 |      4.1955 |  696.3010 | 1203.2442 |    7.9086 | 
  106 | 15m33s |    0.53797 |       39.2106 |    3.1422 |    6.0986 |      29.3521 |      5.9975 |  756.9800 |  816.5170 |   11.3879 | 
  107 | 13m56s |    0.54747 |       30.5322 |    4.5224 |    4.9895 |      23.4058 |      4.5470 |  590.1075 | 1066.6698 |    9.4694 | 
  108 | 14m01s |    0.54838 |       28.9184 |    4.2718 |    5.1619 |      25.5053 |      3.6363 |  451.7444 | 1045.6194 |    7.7509 | 
  109 | 13m10s |    0.52820 |       36.6045 |    4.1272 |    4.8472 |       6.4290 |      2.3137 |  586.5454 |  680.8511 |   19.3629 | 
  110 | 12m26s |    0.52584 |       36.2631 |    7.1931 |    1.1351 |       8.2673 |      7.5194 |  502.4009 | 1249.2221 |    6.4176 | 
  111 | 13m33s |    0.54870 |       27.9577 |    4.9228 |    4.5759 |      25.0551 |      3.3881 |  540.1702 | 1260.5650 |    8.4575 | 
  112 | 14m01s |    0.54766 |       27.8035 |    3.3384 |    5.4616 |      22.3953 |      4.3867 |  479.6069 | 1162.2056 |    7.5505 | 
  113 | 12m55s |    0.54705 |       30.5833 |    8.6899 |    4.8843 |      20.9908 |      3.6964 |  535.1637 | 1482.3899 |   10.4956 | 
  114 | 13m49s |    0.54860 |       27.7078 |    3.4044 |    4.9683 |      25.6228 |      2.8816 |  481.7800 | 1230.3602 |    9.9262 | 
  115 | 13m40s |    0.54794 |       25.3776 |    4.5345 |    5.1899 |      25.6682 |      4.7566 |  560.4060 | 1235.0799 |    9.5654 | 
  116 | 12m49s |    0.54736 |       27.1446 |    5.3864 |    4.8104 |      21.3124 |      3.7136 |  652.3632 | 1233.6321 |    8.1929 | 
  117 | 13m58s |    0.54868 |       28.2832 |    3.3735 |    4.9693 |      23.6333 |      3.2452 |  500.3873 | 1141.2765 |    8.6011 | 
  118 | 13m12s |    0.54798 |       26.1169 |    5.6158 |    5.1195 |      23.5537 |      4.2507 |  572.1598 | 1127.4316 |    8.6340 | 
  119 | 12m47s |    0.54769 |       26.1787 |    7.0597 |    4.8352 |      21.9210 |      3.6563 |  560.4993 | 1364.6411 |   10.2904 | 
  120 | 13m55s |    0.54753 |       28.8340 |    6.8586 |    4.5078 |      23.8754 |      5.2405 |  567.2467 | 1207.9503 |   11.2012 | 
  121 | 12m50s |    0.54712 |       31.3619 |    8.0047 |    4.5943 |      23.6044 |      3.4323 |  651.6614 | 1422.4390 |   10.6641 | 
  122 | 14m30s |    0.54713 |       27.4080 |    3.8182 |    5.7491 |      22.9276 |      3.5599 |  404.9873 |  904.8647 |    8.8955 | 
  123 | 14m12s |    0.54849 |       29.7842 |    4.7448 |    4.9302 |      25.3116 |      3.9955 |  481.6471 | 1163.3952 |   10.0303 | 
  124 | 14m20s |    0.54770 |       28.7370 |    3.6587 |    5.4977 |      25.1845 |      3.4520 |  405.6601 | 1198.2742 |    8.8518 | 
  125 | 13m39s |    0.54802 |       31.1229 |    5.8069 |    4.7665 |      19.4730 |      3.8470 |  496.7679 | 1194.4250 |    9.9878 | 
  126 | 13m28s |    0.54827 |       26.5309 |    4.8408 |    4.3302 |      18.0527 |      3.1878 |  527.1661 | 1021.7957 |    9.7982 | 
  127 | 13m39s |    0.54666 |       25.9623 |    4.8109 |    5.1678 |      24.3891 |      5.4166 |  688.8656 | 1197.5497 |   10.4295 | 
  128 | 13m12s |    0.54808 |       29.9588 |    6.3250 |    4.4970 |      22.2416 |      3.5487 |  588.9262 | 1255.7343 |   10.2807 | 
  129 | 13m08s |    0.54819 |       26.5350 |    6.3047 |    4.2359 |      16.5507 |      3.3787 |  475.8376 | 1141.6404 |    9.6179 | 
  130 | 14m12s |    0.54721 |       25.7346 |    3.5976 |    4.9965 |      25.7831 |      4.3130 |  600.3569 |  973.3381 |   10.0736 | 
  131 | 13m34s |    0.54753 |       26.2615 |    4.2920 |    3.9845 |      23.5753 |      4.6195 |  625.3403 | 1252.6327 |    9.2733 | 
  132 | 13m33s |    0.54764 |       27.1442 |    5.0139 |    4.9446 |      20.0051 |      4.9396 |  493.5114 | 1162.9565 |    9.4507 | 
  133 | 13m52s |    0.54837 |       29.7999 |    5.0385 |    4.9929 |      22.5842 |      2.8951 |  454.7352 |  940.1628 |    8.8466 | 
  134 | 13m08s |    0.54793 |       29.3512 |    5.0459 |    4.7730 |      17.9189 |      2.5026 |  449.9393 | 1165.5011 |    8.9118 | 
  135 | 13m10s |    0.54858 |       27.2300 |    6.3855 |    3.8907 |      21.5565 |      2.7039 |  501.6024 | 1218.4757 |    9.2729 | 
  136 | 13m47s |    0.54842 |       25.8656 |    3.9670 |    3.9392 |      24.0039 |      2.9473 |  525.0517 | 1309.6973 |    9.4070 | 
  137 | 13m32s |    0.54841 |       25.8735 |    4.3806 |    4.3758 |      17.3684 |      3.5480 |  465.1145 | 1087.5023 |    9.3026 | 
  138 | 13m43s | [35m   0.54938[0m | [32m      27.4939[0m | [32m   4.5908[0m | [32m   4.2476[0m | [32m     20.4148[0m | [32m     2.8909[0m | [32m 455.7805[0m | [32m 950.3243[0m | [32m   7.8949[0m | 
  139 | 13m05s |    0.54717 |       29.8657 |    6.3226 |    5.6276 |      18.9363 |      4.1147 |  519.2197 | 1252.9876 |    7.9056 | 
  140 | 12m55s |    0.54736 |       29.0695 |    6.3300 |    4.1757 |      21.2841 |      3.0929 |  559.0884 | 1437.0200 |    7.7924 | 
  141 | 13m25s |    0.54779 |       30.1685 |    7.5247 |    5.3511 |      24.8717 |      4.3203 |  516.5015 | 1332.9369 |    9.7273 | 
  142 | 13m19s |    0.54855 |       26.5301 |    4.4874 |    3.9417 |      21.8342 |      2.8859 |  529.5921 | 1190.2699 |    7.2763 | 
  143 | 13m57s |    0.54923 |       28.8266 |    4.2480 |    3.7148 |      24.1668 |      2.9652 |  482.3831 | 1170.7194 |    8.8171 | 
  144 | 13m45s |    0.54894 |       29.4174 |    4.7804 |    4.4212 |      21.6755 |      3.1274 |  495.5541 | 1029.7650 |    7.5134 | 
  145 | 13m31s |    0.54869 |       27.7291 |    4.0426 |    3.8474 |      21.2027 |      2.4403 |  519.6173 | 1127.7782 |    8.9993 | 
  146 | 14m00s |    0.54819 |       26.5821 |    3.3827 |    4.1222 |      22.9962 |      2.4483 |  392.2930 | 1294.7969 |    8.8445 | 
  147 | 13m13s |    0.54776 |       28.0169 |    7.4412 |    4.3723 |      25.4454 |      4.5074 |  620.9336 | 1325.8076 |    9.1775 | 
  148 | 13m05s |    0.54735 |       30.2159 |    8.1836 |    5.0787 |      20.8809 |      4.6929 |  581.5734 | 1301.4705 |    9.8866 | 
  149 | 14m13s |    0.54653 |       27.4405 |    3.9731 |    4.7361 |      22.5181 |      3.6977 |  568.8557 |  804.7039 |    7.9057 | 
  150 | 13m50s |    0.54926 |       26.0527 |    4.8066 |    4.1845 |      23.7736 |      2.6083 |  417.5018 | 1126.9712 |    8.6516 | 
  151 | 14m26s |    0.54738 |       29.6587 |    3.2912 |    5.3589 |      21.6538 |      3.1305 |  409.7979 |  847.7765 |    6.7420 | 
  152 | 12m38s |    0.54725 |       29.4901 |    8.2081 |    5.2513 |      23.3694 |      3.5437 |  600.7250 | 1409.1021 |    8.2826 | 
  153 | 13m52s |    0.54740 |       26.5657 |    5.6994 |    3.7964 |      23.6488 |      4.1226 |  592.2176 |  902.1057 |    9.4324 | 
  154 | 13m48s |    0.54916 |       25.8149 |    4.5745 |    3.9967 |      24.2846 |      3.0663 |  531.2470 | 1011.9706 |    8.5709 | 
  155 | 13m55s |    0.54834 |       28.4761 |    4.0048 |    4.2761 |      24.6668 |      2.9204 |  422.1199 | 1304.9754 |   10.0713 | 
  156 | 13m48s |    0.54617 |       30.6411 |    4.1298 |    6.2482 |      19.8574 |      4.2866 |  423.2466 | 1198.7271 |    9.0249 | 
  157 | 13m59s |    0.54905 |       26.6841 |    3.7207 |    4.5473 |      21.6115 |      2.6075 |  422.8438 | 1064.8776 |    8.2327 | 
  158 | 13m41s |    0.54613 |       26.7729 |    6.6245 |    4.9217 |      23.3261 |      4.8723 |  603.9252 |  947.6273 |   11.0854 | 
  159 | 13m10s |    0.54713 |       30.1061 |    6.1631 |    4.9080 |      24.4035 |      3.4823 |  516.7888 | 1582.3012 |    9.6542 | 
  160 | 14m14s |    0.54752 |       28.7964 |    6.9991 |    5.0492 |      21.6030 |      2.9839 |  396.5167 | 1266.9146 |    9.1913 | 
  161 | 14m55s |    0.54686 |       28.9063 |    5.1831 |    5.9503 |      24.1158 |      5.2092 |  549.8479 | 1137.9657 |    9.4363 | 
  162 | 17m21s |    0.54920 |       28.2453 |    3.5727 |    4.2715 |      23.4528 |      3.2568 |  458.9169 |  893.0232 |    8.4748 | 
  163 | 14m55s |    0.54787 |       27.1351 |    3.9406 |    3.9261 |      23.8530 |      3.7569 |  629.5484 | 1043.0336 |    8.5731 | 
  164 | 13m26s |    0.54694 |       28.2412 |    8.1391 |    4.3665 |      23.6739 |      4.2811 |  524.6571 | 1591.0937 |    8.7238 | 
  165 | 13m42s |    0.54751 |       28.0385 |    5.7465 |    4.9640 |      23.5805 |      4.3618 |  539.1828 | 1445.3804 |    7.9023 | 
  166 | 16m35s |    0.54917 |       27.0108 |    4.8819 |    4.3937 |      22.9639 |      3.3937 |  373.0239 |  941.0307 |    8.0702 | 
  167 | 13m17s |    0.54785 |       29.6501 |    7.4281 |    4.4596 |      23.8008 |      3.5904 |  524.5589 | 1422.7208 |    9.1920 | 
  168 | 12m58s |    0.54663 |       28.5581 |    6.5437 |    5.2314 |      20.5848 |      3.8924 |  463.2943 | 1527.1077 |    8.8681 | 
  169 | 13m14s |    0.54851 |       28.4220 |    6.5595 |    4.5782 |      19.4820 |      3.2985 |  523.2739 | 1094.2364 |    8.7986 | 
  170 | 14m24s |    0.54822 |       29.1868 |    4.4397 |    5.0253 |      26.7517 |      4.2362 |  605.0941 | 1237.1277 |    9.6189 | 
  171 | 14m30s |    0.54861 |       26.5984 |    4.9552 |    4.5152 |      22.8853 |      3.5689 |  458.7534 |  862.9304 |    8.0343 | 
  172 | 13m26s |    0.54799 |       25.8365 |    5.8687 |    3.6919 |      22.7273 |      3.9664 |  526.7142 | 1359.6568 |    8.8700 | 
  173 | 13m52s |    0.54786 |       27.7188 |    8.7460 |    4.0736 |      22.8748 |      4.2486 |  547.5487 | 1305.1952 |   10.6959 | 
  174 | 14m30s |    0.54791 |       27.0698 |    3.8044 |    5.2126 |      24.4647 |      3.7153 |  600.2605 | 1368.6358 |    9.5180 | 
  175 | 13m13s |    0.54687 |       27.9224 |    8.1852 |    4.3372 |      21.9234 |      3.9917 |  692.4339 | 1295.6863 |    9.5429 | 
  176 | 15m49s |    0.54693 |       30.0733 |    3.5142 |    5.8079 |      22.2330 |      3.7245 |  509.5539 |  957.2906 |    7.6962 | 
  177 | 14m41s |    0.54617 |       26.5316 |    4.7886 |    4.2756 |      25.4078 |      4.3327 |  773.8607 | 1123.6954 |    9.5771 | 
  178 | 14m23s |    0.54915 |       26.3614 |    4.9502 |    3.6875 |      22.2599 |      3.2453 |  491.3484 | 1146.0615 |    8.7226 | 
  179 | 14m26s |    0.54621 |       22.5562 |    3.4283 |    4.8910 |      27.6168 |      4.6812 |  768.1908 | 1209.9130 |    9.5461 | 
  180 | 13m37s |    0.54769 |       27.5381 |    6.6282 |    5.4147 |      26.1240 |      4.1117 |  639.6806 | 1411.1798 |    9.9508 | 
  181 | 15m30s | [35m   0.54949[0m | [32m      27.6051[0m | [32m   4.5626[0m | [32m   4.1620[0m | [32m     23.2861[0m | [32m     2.9583[0m | [32m 472.1811[0m | [32m1038.9044[0m | [32m   8.4856[0m | 
  182 | 15m59s |    0.54880 |       28.3588 |    4.1050 |    4.5042 |      20.8122 |      3.2329 |  376.5861 |  911.1475 |    8.9714 | 
  183 | 15m11s |    0.54845 |       28.2545 |    4.0603 |    4.8567 |      23.6359 |      2.6348 |  348.6355 |  885.5155 |    7.9950 | 
  184 | 14m34s |    0.54888 |       26.9032 |    4.6403 |    4.0205 |      25.8283 |      3.8784 |  545.1478 | 1145.4727 |    9.7546 | 
  185 | 13m07s |    0.54617 |       29.5623 |    9.2059 |    5.1037 |      23.5487 |      4.3518 |  690.8143 | 1703.8110 |   10.0038 | 
  186 | 12m56s |    0.54590 |       30.9004 |   11.7357 |    6.4207 |      25.4273 |      5.4161 |  688.7599 | 1717.9425 |   10.6308 | 
  187 | 13m40s |    0.54337 |       27.9497 |    3.9041 |    6.8819 |      16.8440 |      4.9322 |  622.9060 | 1739.0243 |    5.4374 | 
  188 | 14m56s |    0.54912 |       26.8530 |    4.9539 |    4.2096 |      24.7098 |      3.2873 |  465.7602 |  975.0017 |   10.1938 | 
