420b689d-4fd8-4b07-8fb4-1baf0ac3ee81
[31mInitialization[0m
[94m-------------------------------------------------------------------------------------------------------------------------------------------------------------[0m
 Step |   Time |      Value |     kNN_k |        nx |        ny |   threshold |     w_acc |   w_day_of_yr |     w_min |   w_weekday |       w_x |    w_year | 
    1 | 08m42s | [35m   0.50933[0m | [32m  31.0000[0m | [32m  20.0000[0m | [32m  20.0000[0m | [32m     5.0000[0m | [32m   0.6000[0m | [32m       0.3293[0m | [32m   0.5652[0m | [32m     0.2670[0m | [32m  22.0000[0m | [32m   0.5179[0m | 
    2 | 13m00s |    0.46566 |   37.2324 |   24.4398 |   30.6954 |      2.2459 |    0.7302 |        0.5581 |    3.3895 |      1.0116 |   15.1286 |    2.8983 | 
    3 | 06m47s |    0.48358 |   22.6828 |   21.7562 |   23.1387 |      7.7190 |    0.8547 |        0.2153 |    0.7612 |      2.8721 |   16.1594 |    0.1028 | 
    4 | 10m01s |    0.48955 |   33.5025 |   23.6872 |   43.7209 |      4.3185 |    0.3983 |        0.7102 |    0.8940 |      0.9878 |   47.2205 |    2.2237 | 
[31mBayesian Optimization[0m
[94m-------------------------------------------------------------------------------------------------------------------------------------------------------------[0m
 Step |   Time |      Value |     kNN_k |        nx |        ny |   threshold |     w_acc |   w_day_of_yr |     w_min |   w_weekday |       w_x |    w_year | 
    5 | 08m14s |    0.46675 |   24.7979 |   33.3546 |   25.0432 |      6.5394 |    0.2850 |        1.3569 |    0.7224 |      0.3491 |   49.5363 |    0.7504 | 
[31mBayesian Optimization[0m
[94m-------------------------------------------------------------------------------------------------------------------------------------------------------------[0m
 Step |   Time |      Value |     kNN_k |        nx |        ny |   threshold |     w_acc |   w_day_of_yr |     w_min |   w_weekday |       w_x |    w_year | 
    6 | 14m16s |    0.47194 |   36.5069 |   23.3014 |   15.8655 |      6.3812 |    1.2681 |        0.8985 |    2.0875 |      0.5270 |   16.9342 |    2.4682 | 
    7 | 11m07s |    0.46078 |   20.0786 |   18.7569 |   41.3959 |      5.3152 |    1.2130 |        0.3497 |    0.8947 |      1.6009 |    8.9620 |    1.9222 | 
    8 | 13m17s |    0.46863 |   29.7771 |   18.7877 |   21.1237 |      7.9727 |    1.9217 |        1.0387 |    1.9193 |      1.8990 |   43.4720 |    1.9233 | 
[31mBayesian Optimization[0m
[94m-------------------------------------------------------------------------------------------------------------------------------------------------------------[0m
 Step |   Time |      Value |     kNN_k |        nx |        ny |   threshold |     w_acc |   w_day_of_yr |     w_min |   w_weekday |       w_x |    w_year | 
    9 | 14m38s |    0.45068 |   38.3039 |   45.4286 |   38.2581 |      8.3499 |    1.5596 |        1.6244 |    3.2285 |      0.3063 |   36.5943 |    2.6510 | 
   10 | 16m04s |    0.46710 |   38.1151 |   23.5215 |   45.9686 |      9.0549 |    1.0153 |        0.9071 |    3.4271 |      1.1624 |   23.9648 |    0.3235 | 
   11 | 16m20s |    0.44832 |   35.5104 |   16.0245 |   19.1773 |      4.4023 |    1.8691 |        1.4967 |    0.8154 |      2.2656 |   39.9901 |    2.0940 | 
[31mBayesian Optimization[0m
[94m-------------------------------------------------------------------------------------------------------------------------------------------------------------[0m
 Step |   Time |      Value |     kNN_k |        nx |        ny |   threshold |     w_acc |   w_day_of_yr |     w_min |   w_weekday |       w_x |    w_year | 
   12 | 13m33s |    0.44341 |   31.1913 |   27.1492 |   43.5376 |      7.5564 |    0.1188 |        1.6567 |    1.1859 |      1.5034 |   23.6835 |    1.6269 | 
   13 | 16m19s |    0.42956 |   28.1232 |   33.8036 |   45.0548 |      7.4457 |    1.4797 |        1.4553 |    3.4047 |      2.3341 |   20.3101 |    1.7218 | 
   14 | 11m23s |    0.49104 |   24.6399 |   12.8370 |   17.0230 |      8.8209 |    0.4689 |        0.3310 |    2.8851 |      1.0774 |   40.6702 |    0.7848 | 
[31mBayesian Optimization[0m
[94m-------------------------------------------------------------------------------------------------------------------------------------------------------------[0m
 Step |   Time |      Value |     kNN_k |        nx |        ny |   threshold |     w_acc |   w_day_of_yr |     w_min |   w_weekday |       w_x |    w_year | 
   15 | 18m51s |    0.40006 |   39.8637 |   21.9954 |   17.6788 |      3.3798 |    1.7280 |        1.1418 |    0.5052 |      1.6579 |    6.3194 |    0.9175 | 
   16 | 16m57s |    0.43486 |   39.8002 |   44.2647 |   15.6210 |      2.6794 |    1.7698 |        1.5551 |    1.2315 |      1.7808 |   18.2333 |    1.5989 | 
   17 | 15m18s |    0.49782 |   36.1460 |   47.7051 |   34.0413 |      6.2668 |    1.7288 |        0.3024 |    1.8443 |      0.2024 |   23.9718 |    0.1012 | 
[31mBayesian Optimization[0m
[94m-------------------------------------------------------------------------------------------------------------------------------------------------------------[0m
 Step |   Time |      Value |     kNN_k |        nx |        ny |   threshold |     w_acc |   w_day_of_yr |     w_min |   w_weekday |       w_x |    w_year | 
   18 | 17m12s |    0.46060 |   38.4489 |   33.9964 |   34.5382 |      4.0794 |    1.5591 |        1.2252 |    1.3451 |      0.5407 |   17.1641 |    2.0564 | 
   19 | 14m00s |    0.46239 |   31.3098 |   37.3681 |   15.7097 |      9.3295 |    1.8591 |        0.9116 |    3.1975 |      1.8104 |   35.4015 |    2.4802 | 
   20 | 11m15s |    0.47258 |   37.8406 |   30.6072 |   33.9894 |      8.0064 |    1.5600 |        0.1851 |    1.6509 |      2.5466 |   42.9134 |    0.5847 | 
[31mBayesian Optimization[0m
[94m-------------------------------------------------------------------------------------------------------------------------------------------------------------[0m
 Step |   Time |      Value |     kNN_k |        nx |        ny |   threshold |     w_acc |   w_day_of_yr |     w_min |   w_weekday |       w_x |    w_year | 
   21 | 10m03s |    0.45226 |   31.3943 |   17.5499 |   24.6709 |      4.9465 |    0.2922 |        0.9407 |    0.7729 |      2.7779 |   19.4750 |    0.7158 | 
   22 | 16m34s |    0.44990 |   28.8556 |   47.8317 |   37.8519 |      5.5512 |    1.9108 |        0.6386 |    0.4876 |      1.9470 |   11.9616 |    0.5955 | 
   23 | 15m38s |    0.44878 |   32.4509 |   35.9514 |   28.8674 |      9.0089 |    1.5591 |        1.5639 |    1.8504 |      2.4550 |   49.1107 |    2.9206 | 
[31mBayesian Optimization[0m
[94m-------------------------------------------------------------------------------------------------------------------------------------------------------------[0m
 Step |   Time |      Value |     kNN_k |        nx |        ny |   threshold |     w_acc |   w_day_of_yr |     w_min |   w_weekday |       w_x |    w_year | 
   24 | 11m16s |    0.42380 |   26.2588 |   45.4235 |   10.0005 |      3.7109 |    1.7599 |        0.6593 |    3.4172 |      2.9828 |   10.4511 |    0.6288 | 
   25 | 13m29s |    0.47638 |   39.1328 |   17.6761 |   16.4283 |      5.0691 |    1.3934 |        0.9393 |    3.2706 |      0.2403 |   45.3040 |    2.5943 | 
   26 | 11m21s |    0.47704 |   30.6610 |   10.5028 |   31.6962 |      2.9477 |    1.7689 |        0.2904 |    0.4210 |      2.7419 |   28.5702 |    0.2470 | 
[31mBayesian Optimization[0m
[94m-------------------------------------------------------------------------------------------------------------------------------------------------------------[0m
 Step |   Time |      Value |     kNN_k |        nx |        ny |   threshold |     w_acc |   w_day_of_yr |     w_min |   w_weekday |       w_x |    w_year | 
   27 | 12m26s |    0.46815 |   37.2378 |   35.7650 |   36.9883 |      9.1963 |    0.5707 |        0.2497 |    2.6095 |      2.3720 |   49.0347 |    1.2434 | 
   28 | 18m57s |    0.44489 |   33.2325 |   49.2801 |   43.3373 |      2.0979 |    1.7881 |        1.1585 |    2.3051 |      2.9532 |   28.6909 |    0.8004 | 
   29 | 17m15s |    0.46571 |   20.7755 |   13.5540 |   12.8408 |      2.8486 |    1.1007 |        1.3175 |    2.7759 |      0.5672 |   28.4959 |    2.8688 | 
[31mBayesian Optimization[0m
[94m-------------------------------------------------------------------------------------------------------------------------------------------------------------[0m
 Step |   Time |      Value |     kNN_k |        nx |        ny |   threshold |     w_acc |   w_day_of_yr |     w_min |   w_weekday |       w_x |    w_year | 
   30 | 23m32s |    0.41259 |   35.0907 |   13.6401 |   26.0307 |      8.0471 |    1.7654 |        1.4644 |    2.4570 |      1.3174 |    9.4939 |    2.0397 | 
   31 | 15m08s |    0.44715 |   37.8265 |   41.3262 |   40.0290 |      8.8936 |    1.2308 |        1.0677 |    0.9525 |      2.9436 |   27.3901 |    0.8236 | 
   32 | 11m30s |    0.44938 |   27.4036 |   28.0949 |   16.0959 |      7.9177 |    1.3812 |        0.8766 |    0.7013 |      2.4157 |   15.4030 |    0.4659 | 
[31mBayesian Optimization[0m
[94m-------------------------------------------------------------------------------------------------------------------------------------------------------------[0m
 Step |   Time |      Value |     kNN_k |        nx |        ny |   threshold |     w_acc |   w_day_of_yr |     w_min |   w_weekday |       w_x |    w_year | 
   33 | 19m40s |    0.45727 |   38.4507 |   45.9517 |   49.2298 |      7.8592 |    0.7607 |        1.4518 |    2.3208 |      0.9988 |   24.5369 |    0.7941 | 
   34 | 15m11s |    0.45121 |   21.2918 |   16.0607 |   42.2652 |      4.7998 |    1.5417 |        1.6678 |    1.8991 |      1.2696 |   25.8779 |    1.1030 | 
   35 | 17m11s |    0.41211 |   30.7932 |   25.9728 |   10.1915 |      2.0078 |    1.5237 |        1.9304 |    0.5091 |      2.2342 |   18.3172 |    1.5148 | 
[31mBayesian Optimization[0m
[94m-------------------------------------------------------------------------------------------------------------------------------------------------------------[0m
 Step |   Time |      Value |     kNN_k |        nx |        ny |   threshold |     w_acc |   w_day_of_yr |     w_min |   w_weekday |       w_x |    w_year | 
   36 | 15m25s |    0.43841 |   25.1189 |   22.7734 |   21.9288 |      4.7540 |    0.8255 |        1.9077 |    3.2156 |      1.5285 |   26.8995 |    2.5652 | 
   37 | 12m49s |    0.43640 |   34.0167 |   38.5623 |   18.1927 |      4.8179 |    1.2192 |        0.4818 |    3.3177 |      2.6563 |   15.1805 |    1.5907 | 
   38 | 12m54s |    0.46559 |   20.8723 |   21.7598 |   27.1124 |      3.5042 |    1.2148 |        1.5301 |    1.4013 |      1.0744 |   41.1537 |    1.9231 | 
[31mBayesian Optimization[0m
[94m-------------------------------------------------------------------------------------------------------------------------------------------------------------[0m
 Step |   Time |      Value |     kNN_k |        nx |        ny |   threshold |     w_acc |   w_day_of_yr |     w_min |   w_weekday |       w_x |    w_year | 
   39 | 11m43s |    0.47331 |   39.6353 |   10.8026 |   30.9876 |      5.7985 |    0.2590 |        0.9001 |    0.7787 |      0.2744 |   15.8988 |    1.5224 | 
   40 | 11m57s |    0.48953 |   32.4518 |   34.2852 |   33.6014 |      6.9335 |    1.0379 |        0.2618 |    3.1571 |      0.5621 |   20.3455 |    2.4702 | 
   41 | 13m00s |    0.44500 |   27.9040 |   29.9986 |   47.2033 |      5.9315 |    0.5098 |        0.7885 |    0.2285 |      2.7477 |   12.9698 |    0.0739 | 
[31mBayesian Optimization[0m
[94m-------------------------------------------------------------------------------------------------------------------------------------------------------------[0m
 Step |   Time |      Value |     kNN_k |        nx |        ny |   threshold |     w_acc |   w_day_of_yr |     w_min |   w_weekday |       w_x |    w_year | 
   42 | 09m33s |    0.48135 |   21.7707 |   19.0412 |   10.7123 |      3.9749 |    0.3762 |        0.0607 |    0.5930 |      2.5284 |   47.3361 |    2.0817 | 
   43 | 12m51s |    0.47526 |   38.0625 |   31.8306 |   33.9021 |      9.3107 |    0.5265 |        1.2019 |    1.2287 |      0.5689 |   49.9205 |    1.1482 | 
   44 | 11m39s |    0.46030 |   24.9196 |   45.2739 |   26.6832 |      7.0823 |    1.3047 |        1.0835 |    1.4055 |      2.5597 |   44.3075 |    0.5766 | 
[31mBayesian Optimization[0m
[94m-------------------------------------------------------------------------------------------------------------------------------------------------------------[0m
 Step |   Time |      Value |     kNN_k |        nx |        ny |   threshold |     w_acc |   w_day_of_yr |     w_min |   w_weekday |       w_x |    w_year | 
   45 | 13m43s |    0.46709 |   31.5607 |   29.9622 |   48.7149 |      5.9131 |    0.4230 |        1.2690 |    1.1216 |      1.5325 |   45.0758 |    1.2216 | 
   46 | 12m45s |    0.43585 |   20.4286 |   23.9460 |   27.3141 |      4.4967 |    0.3449 |        1.9903 |    0.9260 |      1.3354 |   21.4511 |    0.4478 | 
   47 | 14m29s |    0.45680 |   35.4487 |   47.6972 |   21.9854 |      9.8945 |    1.3556 |        0.9737 |    1.9523 |      1.5572 |   18.8115 |    0.9273 | 
[31mBayesian Optimization[0m
[94m-------------------------------------------------------------------------------------------------------------------------------------------------------------[0m
 Step |   Time |      Value |     kNN_k |        nx |        ny |   threshold |     w_acc |   w_day_of_yr |     w_min |   w_weekday |       w_x |    w_year | 
   48 | 12m32s |    0.47018 |   24.5001 |   27.9572 |   40.2166 |      5.6973 |    0.9068 |        0.2475 |    2.4534 |      1.7298 |   19.2073 |    1.2667 | 
   49 | 15m45s |    0.44570 |   25.2113 |   36.5002 |   47.7742 |      5.3337 |    0.2919 |        1.6731 |    2.7059 |      2.1614 |   39.0956 |    2.0696 | 
   50 | 13m06s |    0.47677 |   29.7548 |   15.6142 |   46.2393 |      2.5449 |    1.4852 |        0.9430 |    0.6224 |      1.2668 |   37.6767 |    2.6017 | 
[31mBayesian Optimization[0m
[94m-------------------------------------------------------------------------------------------------------------------------------------------------------------[0m
 Step |   Time |      Value |     kNN_k |        nx |        ny |   threshold |     w_acc |   w_day_of_yr |     w_min |   w_weekday |       w_x |    w_year | 
   51 | 10m43s |    0.48868 |   26.6400 |   46.7297 |   12.0205 |      9.6507 |    1.6247 |        0.4895 |    2.2711 |      0.2884 |   20.2809 |    0.9598 | 
   52 | 11m51s |    0.48184 |   38.8958 |   34.2025 |   23.3272 |      2.5667 |    0.1737 |        0.2154 |    2.4065 |      1.6742 |   47.9672 |    0.2235 | 
   53 | 14m06s |    0.45306 |   29.4547 |   16.7261 |   45.5030 |      9.4748 |    1.4603 |        1.0134 |    1.5886 |      2.3899 |   23.3691 |    1.3156 | 
[31mBayesian Optimization[0m
[94m-------------------------------------------------------------------------------------------------------------------------------------------------------------[0m
 Step |   Time |      Value |     kNN_k |        nx |        ny |   threshold |     w_acc |   w_day_of_yr |     w_min |   w_weekday |       w_x |    w_year | 
   54 | 15m19s |    0.46324 |   39.6629 |   29.7945 |   49.8770 |      6.0496 |    1.7543 |        1.6788 |    1.2488 |      0.8900 |   48.6734 |    0.7266 | 
   55 | 16m24s |    0.45506 |   29.1222 |   16.3914 |   12.7434 |      4.7162 |    0.6177 |        1.2683 |    1.9804 |      2.4508 |   39.2273 |    2.4521 | 
   56 | 16m08s |    0.40743 |   24.6944 |   18.5648 |   45.1190 |      9.7913 |    1.4734 |        1.6272 |    3.1132 |      2.2735 |   13.1834 |    0.9351 | 
[31mBayesian Optimization[0m
[94m-------------------------------------------------------------------------------------------------------------------------------------------------------------[0m
 Step |   Time |      Value |     kNN_k |        nx |        ny |   threshold |     w_acc |   w_day_of_yr |     w_min |   w_weekday |       w_x |    w_year | 
   57 | 10m04s |    0.46857 |   28.4888 |   48.5491 |   22.1438 |      8.6867 |    0.8871 |        0.9402 |    0.1475 |      0.4301 |   24.9376 |    1.6109 | 
   58 | 12m09s |    0.46011 |   29.5733 |   25.4538 |   20.0227 |      7.1889 |    0.2721 |        1.1314 |    1.0184 |      1.5446 |   25.5264 |    2.9090 | 
   59 | 13m28s |    0.47527 |   34.8174 |   13.0248 |   24.3691 |      9.8591 |    0.6939 |        0.9629 |    0.9139 |      1.1160 |   25.9410 |    2.0568 | 
[31mBayesian Optimization[0m
[94m-------------------------------------------------------------------------------------------------------------------------------------------------------------[0m
 Step |   Time |      Value |     kNN_k |        nx |        ny |   threshold |     w_acc |   w_day_of_yr |     w_min |   w_weekday |       w_x |    w_year | 
   60 | 12m53s |    0.47903 |   24.6763 |   10.9961 |   31.5284 |      7.3901 |    1.5870 |        1.1454 |    1.8419 |      0.9931 |   44.5068 |    0.3470 | 
   61 | 11m39s |    0.45788 |   21.0253 |   35.9860 |   31.2962 |      7.6910 |    1.0279 |        0.0877 |    3.1544 |      1.4032 |   12.2690 |    1.7946 | 
   62 | 11m08s |    0.47263 |   24.8183 |   15.2115 |   16.3027 |      3.3650 |    1.0446 |        0.3408 |    0.4077 |      2.7703 |   49.8562 |    2.8653 | 
[31mBayesian Optimization[0m
[94m-------------------------------------------------------------------------------------------------------------------------------------------------------------[0m
 Step |   Time |      Value |     kNN_k |        nx |        ny |   threshold |     w_acc |   w_day_of_yr |     w_min |   w_weekday |       w_x |    w_year | 
   63 | 14m25s |    0.44286 |   32.4917 |   26.3029 |   44.0915 |      8.6670 |    1.9028 |        1.2050 |    0.3508 |      1.9456 |   21.7734 |    0.4911 | 
   64 | 18m22s |    0.37139 |   35.9449 |   18.2116 |   37.7044 |      6.2059 |    1.6164 |        1.3721 |    3.1859 |      1.8548 |    5.2886 |    1.1478 | 
   65 | 14m12s |    0.44642 |   34.2530 |   24.6293 |   13.1695 |      3.2775 |    0.8229 |        1.5919 |    0.8847 |      2.2111 |   39.3961 |    1.7261 | 
[31mBayesian Optimization[0m
[94m-------------------------------------------------------------------------------------------------------------------------------------------------------------[0m
 Step |   Time |      Value |     kNN_k |        nx |        ny |   threshold |     w_acc |   w_day_of_yr |     w_min |   w_weekday |       w_x |    w_year | 
   66 | 09m08s |    0.46568 |   32.7217 |   14.1261 |   47.5873 |      7.8362 |    1.5288 |        0.2725 |    0.1900 |      2.6798 |   19.0768 |    1.0816 | 
   67 | 17m20s |    0.43997 |   31.9728 |   35.6531 |   47.5091 |      2.3141 |    1.8475 |        1.1836 |    2.0256 |      2.3926 |   18.5368 |    0.3580 | 
   68 | 13m40s |    0.45830 |   29.8482 |   38.5038 |   13.8299 |      9.5674 |    1.3424 |        1.3414 |    3.4045 |      0.4078 |   26.5442 |    0.3750 | 
[31mBayesian Optimization[0m
[94m-------------------------------------------------------------------------------------------------------------------------------------------------------------[0m
 Step |   Time |      Value |     kNN_k |        nx |        ny |   threshold |     w_acc |   w_day_of_yr |     w_min |   w_weekday |       w_x |    w_year | 
   69 | 13m22s |    0.44745 |   25.6265 |   41.8772 |   21.0142 |      6.2058 |    1.5005 |        0.7553 |    1.7510 |      2.2585 |   13.7186 |    0.8802 | 
   70 | 13m19s |    0.46257 |   22.4279 |   39.7809 |   32.9717 |      9.1202 |    1.9182 |        1.3685 |    1.1986 |      1.3794 |   38.4614 |    1.8798 | 
   71 | 15m47s |    0.49599 |   23.9164 |   46.6968 |   31.9684 |      7.1631 |    0.8162 |        0.3189 |    1.9491 |      0.6886 |   21.2221 |    2.1315 | 
[31mBayesian Optimization[0m
[94m-------------------------------------------------------------------------------------------------------------------------------------------------------------[0m
 Step |   Time |      Value |     kNN_k |        nx |        ny |   threshold |     w_acc |   w_day_of_yr |     w_min |   w_weekday |       w_x |    w_year | 
   72 | 18m13s |    0.47504 |   21.6871 |   15.6044 |   10.7529 |      4.6120 |    1.5013 |        1.0993 |    1.4753 |      0.3751 |   25.4445 |    1.4938 | 
