3a01cecb-053b-4c40-9e4e-3d886863126d
[31mInitialization[0m
[94m--------------------------------------------------------------------------------------------------------------------------------------------------------------------------------------------------------------[0m
 Step |   Time |      Value |   four_hour_prob |   hour_prob |     kNN_k |        nx |        ny |   threshold |   w_accuracy |    w_hour |   w_month |   w_weekday |       w_x |    w_year |   weekday_prob | 
    1 | 08m44s | [35m   0.56654[0m | [32m          0.1000[0m | [32m     0.1000[0m | [32m  36.0000[0m | [32m  20.0000[0m | [32m  40.0000[0m | [32m     8.0000[0m | [32m     10.0000[0m | [32m   4.0000[0m | [32m   2.1000[0m | [32m     3.1000[0m | [32m 490.0000[0m | [32m  10.0000[0m | [32m        0.4000[0m | 
    2 | 12m56s | [35m   0.57283[0m | [32m          0.0955[0m | [32m     0.1533[0m | [32m  36.1236[0m | [32m  47.2473[0m | [32m  15.8601[0m | [32m     5.3273[0m | [32m     28.5456[0m | [32m   1.9571[0m | [32m   3.5885[0m | [32m     2.8481[0m | [32m 335.7439[0m | [32m  13.1483[0m | [32m        0.3337[0m | 
    3 | 13m00s |    0.55922 |           0.1880 |      0.0216 |   28.3972 |   21.6446 |   38.4276 |      3.9343 |      25.9412 |    2.9988 |    6.8207 |      9.2223 |  913.3427 |   17.8040 |         0.1472 | 
    4 | 12m28s |    0.55187 |           0.0084 |      0.2664 |   22.1591 |   54.5235 |   47.9454 |      4.8639 |       8.2020 |    6.8646 |    8.1971 |      3.1381 |  798.7599 |    8.1420 |         0.4851 | 
[31mBayesian Optimization[0m
[94m--------------------------------------------------------------------------------------------------------------------------------------------------------------------------------------------------------------[0m
 Step |   Time |      Value |   four_hour_prob |   hour_prob |     kNN_k |        nx |        ny |   threshold |   w_accuracy |    w_hour |   w_month |   w_weekday |       w_x |    w_year |   weekday_prob | 
    5 | 10m15s |    0.56428 |           0.0901 |      0.2517 |   20.6149 |   36.1417 |   32.6046 |      5.6565 |      26.7831 |    4.1401 |    1.2982 |      4.2886 |  672.9249 |   12.3137 |         0.3325 | 
[31mBayesian Optimization[0m
[94m--------------------------------------------------------------------------------------------------------------------------------------------------------------------------------------------------------------[0m
 Step |   Time |      Value |   four_hour_prob |   hour_prob |     kNN_k |        nx |        ny |   threshold |   w_accuracy |    w_hour |   w_month |   w_weekday |       w_x |    w_year |   weekday_prob | 
    6 | 10m39s |    0.54862 |           0.0818 |      0.2484 |   22.8927 |   32.9942 |   52.7872 |      6.3597 |      24.7315 |    6.7847 |    4.6467 |      9.0659 |  947.1412 |    5.3536 |         0.4854 | 
    7 | 08m45s |    0.54880 |           0.0023 |      0.1441 |   36.7578 |   15.2925 |   52.1031 |      4.6956 |      14.4052 |    6.3727 |    1.4881 |      6.1195 |  262.0095 |    4.3257 |         0.2043 | 
    8 | 08m48s |    0.54939 |           0.0056 |      0.2464 |   40.6016 |   21.1494 |   58.0101 |      4.6320 |      11.9231 |    7.3493 |    6.0685 |      4.9865 |  696.0797 |    2.7274 |         0.1749 | 
[31mBayesian Optimization[0m
[94m--------------------------------------------------------------------------------------------------------------------------------------------------------------------------------------------------------------[0m
 Step |   Time |      Value |   four_hour_prob |   hour_prob |     kNN_k |        nx |        ny |   threshold |   w_accuracy |    w_hour |   w_month |   w_weekday |       w_x |    w_year |   weekday_prob | 
    9 | 09m32s |    0.54740 |           0.0023 |      0.1740 |   26.8744 |   20.2873 |   44.1832 |      2.8966 |      16.9688 |    9.7568 |    7.4309 |      8.1520 |  566.5491 |    7.9646 |         0.1567 | 
   10 | 12m33s |    0.53381 |           0.2341 |      0.0835 |   26.0255 |   16.1479 |   16.8011 |      6.3754 |      29.9520 |    9.4275 |    3.2502 |      9.0587 |  392.1236 |    2.9754 |         0.4837 | 
   11 | 11m58s |    0.55267 |           0.1605 |      0.2662 |   26.3280 |   42.8514 |   56.1689 |      2.5828 |      10.3755 |    2.2161 |    7.7259 |      9.9107 |  809.3145 |   14.2633 |         0.4787 | 
[31mBayesian Optimization[0m
[94m--------------------------------------------------------------------------------------------------------------------------------------------------------------------------------------------------------------[0m
 Step |   Time |      Value |   four_hour_prob |   hour_prob |     kNN_k |        nx |        ny |   threshold |   w_accuracy |    w_hour |   w_month |   w_weekday |       w_x |    w_year |   weekday_prob | 
   12 | 10m45s |    0.56190 |           0.0906 |      0.1760 |   23.3038 |   55.7968 |   41.0412 |      3.3731 |      10.2819 |    1.4964 |    2.7881 |      4.0740 |  704.2335 |    6.7493 |         0.3964 | 
   13 | 11m03s |    0.54388 |           0.2656 |      0.0886 |   20.8075 |   20.7042 |   15.3180 |      4.5719 |       5.1589 |    5.6247 |    8.0623 |      6.4562 |  926.4489 |    6.6267 |         0.5955 | 
   14 | 12m29s |    0.55099 |           0.1184 |      0.0825 |   38.7603 |   53.9570 |   57.8244 |     10.9897 |      16.2562 |    3.7276 |    7.2878 |      4.5870 |  545.5427 |    3.1132 |         0.5129 | 
[31mBayesian Optimization[0m
[94m--------------------------------------------------------------------------------------------------------------------------------------------------------------------------------------------------------------[0m
 Step |   Time |      Value |   four_hour_prob |   hour_prob |     kNN_k |        nx |        ny |   threshold |   w_accuracy |    w_hour |   w_month |   w_weekday |       w_x |    w_year |   weekday_prob | 
   15 | 08m21s |    0.54966 |           0.0048 |      0.2253 |   28.9811 |   31.8080 |   21.0035 |     10.9831 |      28.0820 |    8.3154 |    1.9673 |      8.7884 |  947.4261 |   12.4526 |         0.1655 | 
   16 | 13m38s |    0.56600 |           0.2808 |      0.1591 |   35.0125 |   59.7580 |   44.2752 |      4.3424 |      15.4357 |    1.5266 |    4.8370 |      3.2268 |  270.0544 |    9.3398 |         0.3295 | 
   17 | 10m24s |    0.53777 |           0.2311 |      0.2882 |   29.3852 |   17.2502 |   33.2968 |      8.9756 |      10.3887 |    9.7053 |    9.7022 |      2.3958 |  361.7913 |   19.5242 |         0.2155 | 
[31mBayesian Optimization[0m
[94m--------------------------------------------------------------------------------------------------------------------------------------------------------------------------------------------------------------[0m
 Step |   Time |      Value |   four_hour_prob |   hour_prob |     kNN_k |        nx |        ny |   threshold |   w_accuracy |    w_hour |   w_month |   w_weekday |       w_x |    w_year |   weekday_prob | 
   18 | 11m09s |    0.55122 |           0.2622 |      0.0303 |   24.6122 |   35.9031 |   24.5894 |      2.3474 |      14.5560 |    8.6295 |    8.1583 |      2.2643 |  463.0486 |    7.3645 |         0.4386 | 
   19 | 09m56s |    0.54552 |           0.0303 |      0.0669 |   31.3634 |   34.7935 |   42.0982 |      9.6554 |      13.9907 |    9.3048 |    8.1068 |      2.1155 |  512.2049 |    4.6544 |         0.1015 | 
   20 | 12m59s |    0.53486 |           0.1268 |      0.0953 |   21.7607 |   59.2986 |   30.7096 |      7.9692 |      26.6285 |    1.2403 |    7.3738 |      8.3580 |  263.9910 |    3.9065 |         0.5336 | 
[31mBayesian Optimization[0m
[94m--------------------------------------------------------------------------------------------------------------------------------------------------------------------------------------------------------------[0m
 Step |   Time |      Value |   four_hour_prob |   hour_prob |     kNN_k |        nx |        ny |   threshold |   w_accuracy |    w_hour |   w_month |   w_weekday |       w_x |    w_year |   weekday_prob | 
   21 | 10m23s |    0.55746 |           0.1021 |      0.2336 |   21.7941 |   27.5226 |   51.6891 |      8.4493 |       4.1333 |    5.2363 |    6.2088 |      5.1578 |  681.4909 |   11.8992 |         0.2853 | 
   22 | 09m49s |    0.55320 |           0.0565 |      0.2262 |   25.6212 |   16.2689 |   53.6632 |      5.9869 |       3.6391 |    4.8401 |    4.7319 |      9.5641 |  821.6504 |   12.0207 |         0.2495 | 
   23 | 12m00s |    0.54067 |           0.0616 |      0.2575 |   36.5279 |   24.4656 |   43.6283 |      2.5190 |       3.6663 |    4.0110 |    4.6341 |      7.0045 |  211.5518 |   19.4657 |         0.2877 | 
[31mBayesian Optimization[0m
[94m--------------------------------------------------------------------------------------------------------------------------------------------------------------------------------------------------------------[0m
 Step |   Time |      Value |   four_hour_prob |   hour_prob |     kNN_k |        nx |        ny |   threshold |   w_accuracy |    w_hour |   w_month |   w_weekday |       w_x |    w_year |   weekday_prob | 
   24 | 11m14s |    0.56308 |           0.1818 |      0.2796 |   26.6121 |   31.2404 |   19.2393 |      5.5826 |      19.4911 |    2.5062 |    3.8166 |      7.9837 |  840.2752 |   16.4040 |         0.1579 | 
   25 | 11m38s |    0.55121 |           0.1450 |      0.2088 |   32.0168 |   43.0432 |   26.9075 |      2.7583 |       8.4848 |    5.3522 |    8.8972 |      1.7194 |  455.1394 |    7.3245 |         0.3111 | 
   26 | 12m05s |    0.54773 |           0.2292 |      0.2076 |   35.0285 |   59.3811 |   18.7269 |      2.3860 |      11.0346 |    8.0513 |    2.5390 |      4.4321 |  295.2442 |    6.7976 |         0.4277 | 
[31mBayesian Optimization[0m
[94m--------------------------------------------------------------------------------------------------------------------------------------------------------------------------------------------------------------[0m
 Step |   Time |      Value |   four_hour_prob |   hour_prob |     kNN_k |        nx |        ny |   threshold |   w_accuracy |    w_hour |   w_month |   w_weekday |       w_x |    w_year |   weekday_prob | 
   27 | 13m51s |    0.55027 |           0.0906 |      0.0333 |   24.3122 |   10.4775 |   59.5305 |      6.4840 |      15.3216 |    5.4070 |    7.5099 |      4.0429 |  502.7639 |    2.9379 |         0.1370 | 
   28 | 12m05s |    0.55057 |           0.1301 |      0.2780 |   37.3110 |   23.9662 |   32.0177 |      2.5458 |      10.4958 |    4.4628 |    8.0477 |      1.7423 |  370.9820 |    7.1692 |         0.1592 | 
   29 | 14m10s |    0.55901 |           0.0438 |      0.2355 |   40.0557 |   38.0907 |   59.5312 |      4.7053 |      13.7442 |    4.1541 |    4.4582 |      7.8737 |  487.2717 |   17.3114 |         0.3288 | 
[31mBayesian Optimization[0m
[94m--------------------------------------------------------------------------------------------------------------------------------------------------------------------------------------------------------------[0m
 Step |   Time |      Value |   four_hour_prob |   hour_prob |     kNN_k |        nx |        ny |   threshold |   w_accuracy |    w_hour |   w_month |   w_weekday |       w_x |    w_year |   weekday_prob | 
   30 | 15m37s |    0.54737 |           0.2577 |      0.0034 |   24.7326 |   34.8110 |   34.6577 |      5.4047 |       9.0363 |    1.9216 |    9.9910 |      9.5418 |  295.4025 |   18.2271 |         0.1004 | 
   31 | 12m39s |    0.55118 |           0.2210 |      0.2962 |   33.3942 |   50.7700 |   32.5087 |      7.9896 |      12.9291 |    8.7951 |    4.5441 |      4.9384 |  640.3162 |   19.6400 |         0.5182 | 
   32 | 15m10s |    0.54487 |           0.2047 |      0.2141 |   33.6119 |   59.2493 |   36.9515 |      5.4876 |      27.5421 |    4.2163 |    7.9818 |      3.5132 |  344.2713 |    2.1968 |         0.2929 | 
[31mBayesian Optimization[0m
[94m--------------------------------------------------------------------------------------------------------------------------------------------------------------------------------------------------------------[0m
 Step |   Time |      Value |   four_hour_prob |   hour_prob |     kNN_k |        nx |        ny |   threshold |   w_accuracy |    w_hour |   w_month |   w_weekday |       w_x |    w_year |   weekday_prob | 
   33 | 14m14s |    0.54939 |           0.1984 |      0.2233 |   40.3995 |   47.7828 |   56.1658 |      8.9764 |       5.6199 |    7.7352 |    3.8219 |      7.8551 |  514.3187 |   11.3831 |         0.1576 | 
   34 | 16m03s |    0.57280 |           0.0984 |      0.2723 |   28.8738 |   51.6222 |   52.2397 |      3.7229 |      28.0063 |    1.3922 |    5.5683 |      2.2665 |  488.1946 |   14.6727 |         0.3314 | 
   35 | 12m58s |    0.53902 |           0.0922 |      0.2465 |   29.0323 |   15.1489 |   28.2800 |      8.0057 |       7.5314 |    9.3845 |    4.0846 |      5.4930 |  283.5845 |    6.5203 |         0.4634 | 
[31mBayesian Optimization[0m
[94m--------------------------------------------------------------------------------------------------------------------------------------------------------------------------------------------------------------[0m
 Step |   Time |      Value |   four_hour_prob |   hour_prob |     kNN_k |        nx |        ny |   threshold |   w_accuracy |    w_hour |   w_month |   w_weekday |       w_x |    w_year |   weekday_prob | 
   36 | 12m44s |    0.56075 |           0.0732 |      0.1513 |   34.8550 |   27.3534 |   53.3413 |      8.3673 |      25.5626 |    2.0522 |    4.7278 |      8.8382 |  981.9053 |   15.5154 |         0.1965 | 
   37 | 14m29s |    0.54133 |           0.2290 |      0.2387 |   36.1528 |   50.4300 |   43.8333 |      3.3322 |      16.8984 |    4.5521 |    6.7936 |      8.8772 |  263.8660 |   13.0987 |         0.4867 | 
   38 | 14m49s |    0.55691 |           0.0300 |      0.0494 |   31.6392 |   28.8712 |   19.8231 |     10.2119 |      10.9673 |    1.9706 |    6.2026 |      5.0985 |  303.3966 |   13.7255 |         0.3700 | 
[31mBayesian Optimization[0m
[94m--------------------------------------------------------------------------------------------------------------------------------------------------------------------------------------------------------------[0m
 Step |   Time |      Value |   four_hour_prob |   hour_prob |     kNN_k |        nx |        ny |   threshold |   w_accuracy |    w_hour |   w_month |   w_weekday |       w_x |    w_year |   weekday_prob | 
   39 | 11m38s |    0.53839 |           0.2302 |      0.1048 |   21.2499 |   18.6125 |   50.6691 |     10.3381 |       4.4907 |    8.3549 |    6.9233 |      8.9607 |  434.6627 |    9.1096 |         0.5588 | 
   40 | 11m37s |    0.55708 |           0.0101 |      0.0191 |   30.5632 |   19.0278 |   48.5817 |      3.3550 |       8.3892 |    5.0530 |    5.9275 |      3.1104 |  864.7313 |    6.5221 |         0.5395 | 
   41 | 14m00s |    0.55280 |           0.0474 |      0.1089 |   38.2422 |   37.4037 |   21.6515 |      5.1519 |       7.6790 |    1.3216 |    4.4707 |      5.0272 |  222.7372 |    5.9715 |         0.3510 | 
[31mBayesian Optimization[0m
[94m--------------------------------------------------------------------------------------------------------------------------------------------------------------------------------------------------------------[0m
 Step |   Time |      Value |   four_hour_prob |   hour_prob |     kNN_k |        nx |        ny |   threshold |   w_accuracy |    w_hour |   w_month |   w_weekday |       w_x |    w_year |   weekday_prob | 
   42 | 12m51s |    0.55804 |           0.0441 |      0.2367 |   36.6544 |   34.0603 |   55.7635 |      6.2589 |      19.6008 |    7.1075 |    3.9695 |      1.2791 |  958.8529 |   14.9667 |         0.1952 | 
   43 | 11m52s |    0.55331 |           0.1628 |      0.1037 |   21.3383 |   43.0113 |   38.0559 |      9.5716 |      22.4056 |    4.2780 |    1.3922 |      8.4099 |  541.6323 |    2.0295 |         0.1660 | 
   44 | 15m33s |    0.55339 |           0.0565 |      0.1042 |   38.8024 |   13.1571 |   27.5484 |      6.1102 |      16.0361 |    6.2449 |    2.8143 |      3.1669 |  251.5374 |   18.1927 |         0.3875 | 
[31mBayesian Optimization[0m
[94m--------------------------------------------------------------------------------------------------------------------------------------------------------------------------------------------------------------[0m
 Step |   Time |      Value |   four_hour_prob |   hour_prob |     kNN_k |        nx |        ny |   threshold |   w_accuracy |    w_hour |   w_month |   w_weekday |       w_x |    w_year |   weekday_prob | 
   45 | 11m33s |    0.54993 |           0.0442 |      0.0174 |   39.1437 |   27.8694 |   33.3943 |      5.2246 |      18.0701 |    1.5718 |    3.1057 |      7.9163 |  898.0302 |   14.9757 |         0.3332 | 
   46 | 17m25s |    0.56123 |           0.0592 |      0.1149 |   28.8360 |   20.1103 |   47.3998 |      2.7626 |      28.5800 |    3.5754 |    8.6664 |      7.6722 |  719.1198 |   17.9601 |         0.3064 | 
   47 | 14m17s |    0.56063 |           0.1385 |      0.1090 |   21.8784 |   29.5330 |   36.5960 |      3.0618 |       8.9046 |    3.7763 |    6.8754 |      3.7326 |  322.6633 |   11.3677 |         0.2795 | 
[31mBayesian Optimization[0m
[94m--------------------------------------------------------------------------------------------------------------------------------------------------------------------------------------------------------------[0m
 Step |   Time |      Value |   four_hour_prob |   hour_prob |     kNN_k |        nx |        ny |   threshold |   w_accuracy |    w_hour |   w_month |   w_weekday |       w_x |    w_year |   weekday_prob | 
   48 | 14m56s |    0.54438 |           0.0869 |      0.2230 |   26.4078 |   17.5728 |   27.4787 |      5.8973 |       8.9806 |    5.5621 |    8.4148 |      6.2939 |  338.1597 |    7.8487 |         0.2846 | 
   49 | 11m58s |    0.54918 |           0.0129 |      0.1659 |   20.3009 |   52.7527 |   42.9280 |      4.9357 |       5.3212 |    8.7381 |    5.4453 |      1.9478 |  925.5823 |    4.8969 |         0.3386 | 
   50 | 13m49s |    0.56097 |           0.2273 |      0.0684 |   37.3481 |   25.3233 |   32.1464 |      2.6835 |       9.9702 |    3.9021 |    3.8095 |      4.7935 |  313.6983 |   14.6510 |         0.2375 | 
[31mBayesian Optimization[0m
[94m--------------------------------------------------------------------------------------------------------------------------------------------------------------------------------------------------------------[0m
 Step |   Time |      Value |   four_hour_prob |   hour_prob |     kNN_k |        nx |        ny |   threshold |   w_accuracy |    w_hour |   w_month |   w_weekday |       w_x |    w_year |   weekday_prob | 
   51 | 12m11s |    0.54680 |           0.0456 |      0.2181 |   40.4386 |   45.6281 |   12.2894 |      5.7247 |       3.9702 |    6.9456 |    7.8062 |      5.6999 |  651.7232 |    6.0641 |         0.1897 | 
   52 | 14m19s |    0.55467 |           0.1139 |      0.2476 |   20.5047 |   14.7492 |   50.4000 |      8.6928 |      29.3139 |    7.0235 |    9.1557 |      4.5968 |  474.1714 |   17.6478 |         0.4934 | 
   53 | 13m04s |    0.55848 |           0.1126 |      0.1295 |   20.8694 |   36.2130 |   10.5977 |      6.1682 |       4.6776 |    2.9337 |    3.8052 |      1.8582 |  831.8592 |    3.4214 |         0.4578 | 
[31mBayesian Optimization[0m
[94m--------------------------------------------------------------------------------------------------------------------------------------------------------------------------------------------------------------[0m
 Step |   Time |      Value |   four_hour_prob |   hour_prob |     kNN_k |        nx |        ny |   threshold |   w_accuracy |    w_hour |   w_month |   w_weekday |       w_x |    w_year |   weekday_prob | 
   54 | 11m51s |    0.55239 |           0.2993 |      0.0469 |   33.0782 |   36.8285 |   22.0653 |      8.0023 |      10.9728 |    6.7299 |    5.8820 |      5.1739 |  544.1299 |    4.9449 |         0.2834 | 
   55 | 11m58s |    0.55441 |           0.0469 |      0.2661 |   24.2953 |   17.7081 |   25.1215 |      8.8491 |      10.9003 |    8.4131 |    4.4126 |      3.3052 |  886.5556 |   15.0262 |         0.2636 | 
   56 | 12m45s |    0.55108 |           0.2706 |      0.2924 |   21.7102 |   38.6416 |   59.3239 |     10.4084 |      16.2067 |    4.2067 |    1.0294 |      6.9973 |  631.5593 |    8.5004 |         0.5579 | 
[31mBayesian Optimization[0m
[94m--------------------------------------------------------------------------------------------------------------------------------------------------------------------------------------------------------------[0m
 Step |   Time |      Value |   four_hour_prob |   hour_prob |     kNN_k |        nx |        ny |   threshold |   w_accuracy |    w_hour |   w_month |   w_weekday |       w_x |    w_year |   weekday_prob | 
   57 | 12m12s |    0.55297 |           0.1632 |      0.1589 |   36.3495 |   57.9204 |   18.9500 |      4.1440 |      23.3473 |    5.4888 |    3.8235 |      8.7828 |  675.2603 |    3.3780 |         0.2125 | 
   58 | 17m40s |    0.55218 |           0.0273 |      0.0579 |   39.5924 |   31.7658 |   19.3999 |      2.4906 |       9.6261 |    1.5015 |    2.0055 |      4.2465 |  205.4021 |   12.9222 |         0.4634 | 
   59 | 13m12s |    0.55529 |           0.0211 |      0.1459 |   29.1718 |   32.8208 |   10.6630 |     10.4739 |       7.1654 |    9.4037 |    5.1185 |      3.5844 |  644.6530 |   17.9149 |         0.3480 | 
[31mBayesian Optimization[0m
[94m--------------------------------------------------------------------------------------------------------------------------------------------------------------------------------------------------------------[0m
 Step |   Time |      Value |   four_hour_prob |   hour_prob |     kNN_k |        nx |        ny |   threshold |   w_accuracy |    w_hour |   w_month |   w_weekday |       w_x |    w_year |   weekday_prob | 
   60 | 12m58s |    0.55861 |           0.2236 |      0.2573 |   36.0254 |   48.9564 |   29.2756 |      4.8169 |      19.6935 |    3.9784 |    4.3156 |      6.4788 |  673.9124 |    5.6068 |         0.2214 | 
   61 | 13m58s |    0.55800 |           0.0843 |      0.0879 |   33.8770 |   55.4879 |   11.2176 |      7.6006 |      28.7426 |    3.3251 |    5.9588 |      1.0509 |  671.5976 |    5.8169 |         0.1053 | 
   62 | 13m13s |    0.55882 |           0.2527 |      0.2059 |   28.9613 |   59.1136 |   44.1461 |      6.8989 |      17.6593 |    2.9074 |    1.6353 |      3.7072 |  953.0919 |   17.9410 |         0.1158 | 
[31mBayesian Optimization[0m
[94m--------------------------------------------------------------------------------------------------------------------------------------------------------------------------------------------------------------[0m
 Step |   Time |      Value |   four_hour_prob |   hour_prob |     kNN_k |        nx |        ny |   threshold |   w_accuracy |    w_hour |   w_month |   w_weekday |       w_x |    w_year |   weekday_prob | 
   63 | 11m29s |    0.54851 |           0.0090 |      0.1113 |   39.5934 |   25.1401 |   22.4989 |      4.7923 |      14.7761 |    8.0211 |    6.4929 |      3.9409 |  657.4533 |    2.4641 |         0.1171 | 
   64 | 12m55s |    0.55992 |           0.1876 |      0.2261 |   39.8653 |   29.7462 |   59.5332 |      8.7764 |      28.9288 |    6.2721 |    7.9684 |      1.8219 |  650.9935 |   14.3447 |         0.2604 | 
   65 | 14m33s |    0.55120 |           0.1442 |      0.1966 |   22.0013 |   29.3185 |   17.5473 |     10.7685 |      22.3726 |    3.8962 |    9.7809 |      6.9953 |  893.1799 |    8.9429 |         0.5228 | 
[31mBayesian Optimization[0m
[94m--------------------------------------------------------------------------------------------------------------------------------------------------------------------------------------------------------------[0m
 Step |   Time |      Value |   four_hour_prob |   hour_prob |     kNN_k |        nx |        ny |   threshold |   w_accuracy |    w_hour |   w_month |   w_weekday |       w_x |    w_year |   weekday_prob | 
   66 | 12m11s |    0.55606 |           0.2137 |      0.0116 |   23.2420 |   46.9269 |   39.2690 |      4.4876 |      17.8905 |    5.5756 |    1.0512 |      4.8774 |  776.5980 |   19.9037 |         0.1573 | 
   67 | 11m33s |    0.56615 |           0.2110 |      0.0158 |   24.2201 |   34.3524 |   43.6793 |      7.8059 |      27.8615 |    4.1914 |    3.9146 |      4.0685 |  741.7579 |    9.2748 |         0.2550 | 
   68 | 14m50s |    0.54963 |           0.0928 |      0.0328 |   31.5160 |   28.9675 |   13.1235 |     10.6313 |      11.0404 |    6.3381 |    7.0954 |      2.9047 |  233.6997 |   16.6580 |         0.4351 | 
[31mBayesian Optimization[0m
[94m--------------------------------------------------------------------------------------------------------------------------------------------------------------------------------------------------------------[0m
 Step |   Time |      Value |   four_hour_prob |   hour_prob |     kNN_k |        nx |        ny |   threshold |   w_accuracy |    w_hour |   w_month |   w_weekday |       w_x |    w_year |   weekday_prob | 
   69 | 12m56s |    0.55677 |           0.1969 |      0.0564 |   36.5578 |   49.2337 |   44.7500 |      6.4331 |       4.6037 |    2.1662 |    8.7565 |      1.5766 |  289.8210 |   14.0076 |         0.2556 | 
   70 | 12m29s |    0.55098 |           0.0749 |      0.0448 |   22.5223 |   26.6312 |   28.8817 |      5.9254 |      16.9258 |    1.8024 |    3.8996 |      9.2592 |  817.6935 |    7.5325 |         0.4036 | 
   71 | 16m44s |    0.53590 |           0.1870 |      0.1138 |   35.0635 |   16.7275 |   26.7442 |      6.6427 |       8.1844 |    5.4030 |    8.0484 |      7.0448 |  252.9520 |    6.3532 |         0.2405 | 
[31mBayesian Optimization[0m
[94m--------------------------------------------------------------------------------------------------------------------------------------------------------------------------------------------------------------[0m
 Step |   Time |      Value |   four_hour_prob |   hour_prob |     kNN_k |        nx |        ny |   threshold |   w_accuracy |    w_hour |   w_month |   w_weekday |       w_x |    w_year |   weekday_prob | 
   72 | 12m38s |    0.53140 |           0.1109 |      0.1237 |   32.9163 |   14.8307 |   54.0441 |      7.7199 |      10.2263 |    5.3237 |    6.1040 |      9.2556 |  262.2249 |    2.2006 |         0.4906 | 
   73 | 12m06s |    0.53915 |           0.2979 |      0.2318 |   21.8301 |   43.6643 |   32.2449 |      4.4584 |       7.0727 |    8.8005 |    8.9547 |      1.7812 |  302.4673 |   15.9904 |         0.2181 | 
   74 | 14m44s |    0.53884 |           0.0002 |      0.1074 |   29.4174 |   49.4875 |   55.6429 |     10.7289 |       9.3485 |    5.5416 |    6.2632 |      9.4434 |  273.2226 |    8.9781 |         0.5431 | 
[31mBayesian Optimization[0m
[94m--------------------------------------------------------------------------------------------------------------------------------------------------------------------------------------------------------------[0m
 Step |   Time |      Value |   four_hour_prob |   hour_prob |     kNN_k |        nx |        ny |   threshold |   w_accuracy |    w_hour |   w_month |   w_weekday |       w_x |    w_year |   weekday_prob | 
   75 | 24m43s |    0.56511 |           0.2567 |      0.2115 |   23.5189 |   28.8277 |   10.3778 |      4.9207 |      29.1313 |    1.0351 |    8.3061 |      6.6485 |  377.1493 |   16.8084 |         0.2410 | 
   76 | 14m05s |    0.56150 |           0.2593 |      0.1824 |   30.9073 |   13.6062 |   39.7762 |      4.5901 |      10.9692 |    3.5616 |    3.2515 |      5.4084 |  841.1892 |   15.4377 |         0.2996 | 
   77 | 25m04s |    0.56076 |           0.1057 |      0.0534 |   38.3787 |   12.9346 |   12.5982 |      3.4608 |      23.2521 |    2.0649 |    3.8489 |      2.1645 |  820.0939 |   18.6035 |         0.1769 | 
[31mBayesian Optimization[0m
[94m--------------------------------------------------------------------------------------------------------------------------------------------------------------------------------------------------------------[0m
 Step |   Time |      Value |   four_hour_prob |   hour_prob |     kNN_k |        nx |        ny |   threshold |   w_accuracy |    w_hour |   w_month |   w_weekday |       w_x |    w_year |   weekday_prob | 
   78 | 15m39s |    0.56170 |           0.0113 |      0.1932 |   40.2145 |   23.5471 |   59.9998 |      2.0189 |      25.3554 |    3.8527 |    4.9393 |      6.7084 |  781.0186 |    8.1306 |         0.1307 | 
   79 | 11m19s |    0.55958 |           0.0277 |      0.2771 |   33.3677 |   19.1731 |   25.3153 |      4.0763 |       7.3315 |    2.0253 |    1.3799 |      4.7040 |  604.9749 |    4.2497 |         0.4104 | 
   80 | 13m14s |    0.54790 |           0.2241 |      0.2289 |   40.7305 |   15.7417 |   37.0067 |      9.3297 |      15.4664 |    6.6638 |    5.9503 |      4.4140 |  324.0067 |    7.7331 |         0.5185 | 
[31mBayesian Optimization[0m
[94m--------------------------------------------------------------------------------------------------------------------------------------------------------------------------------------------------------------[0m
 Step |   Time |      Value |   four_hour_prob |   hour_prob |     kNN_k |        nx |        ny |   threshold |   w_accuracy |    w_hour |   w_month |   w_weekday |       w_x |    w_year |   weekday_prob | 
   81 | 11m09s |    0.55165 |           0.1502 |      0.0080 |   24.3443 |   21.4600 |   54.7154 |      9.3229 |      12.0476 |    8.1601 |    5.9030 |      7.3168 |  966.2951 |   17.0113 |         0.5983 | 
   82 | 14m58s |    0.56310 |           0.1790 |      0.0126 |   25.7328 |   36.2416 |   39.0706 |      8.5991 |      20.4760 |    1.8321 |    6.0027 |      6.4131 |  430.2028 |   17.4910 |         0.1820 | 
   83 | 12m41s |    0.55272 |           0.1259 |      0.1629 |   24.8794 |   17.7448 |   56.7621 |      2.3550 |      25.2850 |    9.8425 |    7.5715 |      2.2778 |  493.4032 |    8.2256 |         0.4653 | 
[31mBayesian Optimization[0m
[94m--------------------------------------------------------------------------------------------------------------------------------------------------------------------------------------------------------------[0m
 Step |   Time |      Value |   four_hour_prob |   hour_prob |     kNN_k |        nx |        ny |   threshold |   w_accuracy |    w_hour |   w_month |   w_weekday |       w_x |    w_year |   weekday_prob | 
   84 | 14m18s |    0.54308 |           0.0228 |      0.2039 |   22.0647 |   25.6562 |   37.9098 |      8.7599 |      27.8622 |    8.1450 |    8.3631 |      4.3315 |  338.9634 |    5.1265 |         0.5106 | 
   85 | 17m40s |    0.54708 |           0.1301 |      0.2336 |   38.2972 |   57.4400 |   12.1034 |      2.2876 |      10.6141 |    7.9249 |    7.5512 |      9.6281 |  614.2603 |   19.3546 |         0.2944 | 
   86 | 10m56s |    0.54275 |           0.2835 |      0.1420 |   36.8118 |   38.7865 |   33.5170 |     10.5538 |       5.8253 |    7.6464 |    2.0194 |      8.8188 |  381.7702 |   12.7138 |         0.4032 | 
[31mBayesian Optimization[0m
[94m--------------------------------------------------------------------------------------------------------------------------------------------------------------------------------------------------------------[0m
 Step |   Time |      Value |   four_hour_prob |   hour_prob |     kNN_k |        nx |        ny |   threshold |   w_accuracy |    w_hour |   w_month |   w_weekday |       w_x |    w_year |   weekday_prob | 
   87 | 10m12s |    0.55079 |           0.2838 |      0.0555 |   21.1089 |   43.7114 |   33.8675 |      9.5455 |      23.0006 |    8.7617 |    1.3796 |      4.1333 |  803.9002 |    4.6031 |         0.1468 | 
   88 | 12m24s |    0.55289 |           0.2713 |      0.2120 |   33.1470 |   45.8550 |   32.1327 |     10.6090 |       9.0577 |    8.0936 |    8.4931 |      1.2186 |  784.6350 |   19.7996 |         0.4092 | 
   89 | 14m19s |    0.54937 |           0.0163 |      0.0688 |   38.0489 |   54.4074 |   42.3835 |      8.9119 |      21.4667 |    9.1206 |    2.4681 |      8.4672 |  629.3095 |    5.4707 |         0.4493 | 
[31mBayesian Optimization[0m
[94m--------------------------------------------------------------------------------------------------------------------------------------------------------------------------------------------------------------[0m
 Step |   Time |      Value |   four_hour_prob |   hour_prob |     kNN_k |        nx |        ny |   threshold |   w_accuracy |    w_hour |   w_month |   w_weekday |       w_x |    w_year |   weekday_prob | 
   90 | 12m57s |    0.55894 |           0.0750 |      0.1506 |   35.9327 |   35.8645 |   30.1587 |      5.1128 |      18.7567 |    6.9168 |    5.8174 |      6.6263 |  707.5804 |   12.6536 |         0.2175 | 
