65bc2c94-35f5-4f00-92e9-08097655f684
[31mInitialization[0m
[94m-------------------------------------------------------------------------------------------------------------------------------------------------------------[0m
 Step |   Time |      Value |     kNN_k |        nx |        ny |   threshold |     w_acc |   w_day_of_yr |     w_min |   w_weekday |       w_x |    w_year | 
    1 | 09m50s | [35m   0.50933[0m | [32m  31.0000[0m | [32m  20.0000[0m | [32m  20.0000[0m | [32m     5.0000[0m | [32m   0.6000[0m | [32m       0.3293[0m | [32m   0.5652[0m | [32m     0.2670[0m | [32m  22.0000[0m | [32m   0.5179[0m | 
    2 | 12m13s |    0.43886 |   20.9695 |   28.7769 |   11.3817 |      6.3416 |    0.4920 |        1.7263 |    0.4378 |      1.7431 |   32.7309 |    1.1063 | 
    3 | 13m14s |    0.48809 |   24.7594 |   31.2746 |   43.6099 |      9.7932 |    0.7816 |        0.6040 |    1.2658 |      1.1525 |   37.1995 |    2.8647 | 
    4 | 15m33s |    0.44566 |   30.4607 |   44.3784 |   36.6637 |      2.5238 |    0.3059 |        1.3349 |    2.2495 |      1.3443 |   16.8077 |    1.2563 | 
[31mBayesian Optimization[0m
[94m-------------------------------------------------------------------------------------------------------------------------------------------------------------[0m
 Step |   Time |      Value |     kNN_k |        nx |        ny |   threshold |     w_acc |   w_day_of_yr |     w_min |   w_weekday |       w_x |    w_year | 
    5 | 13m02s |    0.46037 |   32.5933 |   34.0191 |   17.9396 |      9.0770 |    0.7695 |        1.6005 |    1.3176 |      1.1385 |   39.3646 |    2.4176 | 
[31mBayesian Optimization[0m
[94m-------------------------------------------------------------------------------------------------------------------------------------------------------------[0m
 Step |   Time |      Value |     kNN_k |        nx |        ny |   threshold |     w_acc |   w_day_of_yr |     w_min |   w_weekday |       w_x |    w_year | 
    6 | 12m37s |    0.47202 |   21.7771 |   14.1603 |   28.0965 |      2.8775 |    0.3808 |        0.9339 |    0.5243 |      1.1543 |   28.5624 |    0.8269 | 
    7 | 16m00s |    0.45906 |   36.7280 |   12.8613 |   43.7891 |      6.5223 |    0.4812 |        1.7805 |    3.0432 |      1.0101 |   46.2847 |    0.2637 | 
    8 | 12m45s |    0.45139 |   22.3020 |   31.2303 |   26.7071 |      9.1188 |    0.8208 |        1.2468 |    0.2696 |      1.2066 |   23.1607 |    0.3278 | 
[31mBayesian Optimization[0m
[94m-------------------------------------------------------------------------------------------------------------------------------------------------------------[0m
 Step |   Time |      Value |     kNN_k |        nx |        ny |   threshold |     w_acc |   w_day_of_yr |     w_min |   w_weekday |       w_x |    w_year | 
    9 | 21m09s |    0.46330 |   23.2219 |   16.3295 |   10.0198 |      8.6459 |    1.8144 |        1.3394 |    3.2130 |      1.6045 |   47.5519 |    1.4136 | 
   10 | 13m54s |    0.43094 |   33.9141 |   24.4478 |   28.1578 |      2.8243 |    0.9257 |        0.5653 |    2.1110 |      1.6807 |    7.7258 |    2.7772 | 
   11 | 18m01s |    0.44381 |   28.7478 |   31.1944 |   35.2053 |      2.1900 |    1.9079 |        1.5192 |    2.4838 |      2.9588 |   42.1082 |    2.7647 | 
[31mBayesian Optimization[0m
[94m-------------------------------------------------------------------------------------------------------------------------------------------------------------[0m
 Step |   Time |      Value |     kNN_k |        nx |        ny |   threshold |     w_acc |   w_day_of_yr |     w_min |   w_weekday |       w_x |    w_year | 
   12 | 14m55s |    0.44314 |   27.0296 |   49.0105 |   34.4508 |      6.4812 |    0.1770 |        0.9001 |    1.2032 |      2.7648 |   13.1702 |    0.3054 | 
   13 | 16m14s |    0.45060 |   38.6502 |   46.3194 |   29.5439 |      6.2922 |    1.4419 |        1.4683 |    3.0065 |      1.5153 |   27.4905 |    1.5680 | 
   14 | 11m52s |    0.48387 |   32.5108 |   36.8907 |   15.0160 |      5.8825 |    1.6474 |        0.7198 |    0.5808 |      1.1273 |   34.4140 |    1.0364 | 
[31mBayesian Optimization[0m
[94m-------------------------------------------------------------------------------------------------------------------------------------------------------------[0m
 Step |   Time |      Value |     kNN_k |        nx |        ny |   threshold |     w_acc |   w_day_of_yr |     w_min |   w_weekday |       w_x |    w_year | 
   15 | 14m13s |    0.42336 |   36.1505 |   32.2962 |   16.2472 |      2.8354 |    1.9394 |        1.3638 |    0.4573 |      2.6162 |   18.3898 |    1.7883 | 
   16 | 14m41s |    0.44801 |   26.3107 |   47.2562 |   27.6952 |      3.3573 |    0.6823 |        1.3202 |    2.1573 |      2.2153 |   28.2965 |    2.6032 | 
   17 | 16m51s |    0.46386 |   39.1788 |   48.1052 |   13.8711 |      2.1542 |    1.7508 |        0.9404 |    2.8206 |      1.1781 |   21.4565 |    2.5968 | 
[31mBayesian Optimization[0m
[94m-------------------------------------------------------------------------------------------------------------------------------------------------------------[0m
 Step |   Time |      Value |     kNN_k |        nx |        ny |   threshold |     w_acc |   w_day_of_yr |     w_min |   w_weekday |       w_x |    w_year | 
   18 | 11m58s |    0.48773 |   30.7867 |   41.5028 |   30.3235 |      2.8284 |    0.1789 |        0.5157 |    0.6779 |      1.2016 |   39.2790 |    1.7476 | 
   19 | 13m12s |    0.46534 |   34.9047 |   27.7105 |   23.8453 |      7.4254 |    1.1948 |        0.9393 |    0.6693 |      0.5351 |   12.8830 |    2.4120 | 
   20 | 18m17s |    0.45199 |   31.0445 |   17.4562 |   44.5579 |      7.7153 |    1.6277 |        1.0635 |    0.9470 |      0.8207 |   11.4615 |    1.3558 | 
[31mBayesian Optimization[0m
[94m-------------------------------------------------------------------------------------------------------------------------------------------------------------[0m
 Step |   Time |      Value |     kNN_k |        nx |        ny |   threshold |     w_acc |   w_day_of_yr |     w_min |   w_weekday |       w_x |    w_year | 
   21 | 14m17s |    0.49263 |   37.5354 |   17.9164 |   15.9020 |      5.2781 |    1.0121 |        0.4789 |    0.5327 |      1.0345 |   37.2514 |    2.1204 | 
   22 | 20m20s |    0.44183 |   34.0759 |   35.0258 |   41.5726 |      4.1485 |    1.7475 |        1.8295 |    2.9535 |      1.4962 |   27.0625 |    2.7532 | 
   23 | 14m46s |    0.43987 |   28.0284 |   17.5527 |   30.9662 |      4.2137 |    0.3175 |        1.9142 |    2.9657 |      2.5659 |   47.8282 |    0.3126 | 
[31mBayesian Optimization[0m
[94m-------------------------------------------------------------------------------------------------------------------------------------------------------------[0m
 Step |   Time |      Value |     kNN_k |        nx |        ny |   threshold |     w_acc |   w_day_of_yr |     w_min |   w_weekday |       w_x |    w_year | 
   24 | 16m39s |    0.41424 |   34.3384 |   35.7690 |   29.4800 |      3.6739 |    0.4326 |        1.9800 |    2.8184 |      2.8076 |   21.0827 |    1.0309 | 
   25 | 13m38s |    0.45884 |   28.6350 |   37.7575 |   32.7542 |      9.7292 |    0.1823 |        1.2874 |    2.1745 |      0.9166 |   21.4936 |    1.4303 | 
   26 | 16m24s |    0.40342 |   37.8219 |   39.0649 |   18.7370 |      3.9316 |    1.3632 |        1.2867 |    2.0095 |      1.9469 |    6.5757 |    1.8212 | 
[31mBayesian Optimization[0m
[94m-------------------------------------------------------------------------------------------------------------------------------------------------------------[0m
 Step |   Time |      Value |     kNN_k |        nx |        ny |   threshold |     w_acc |   w_day_of_yr |     w_min |   w_weekday |       w_x |    w_year | 
   27 | 17m09s |    0.44371 |   20.3310 |   48.2655 |   26.3911 |      6.4652 |    1.8812 |        1.7636 |    2.6882 |      1.7947 |   33.2671 |    2.7919 | 
   28 | 12m37s |    0.48143 |   28.0634 |   31.6698 |   21.2742 |      2.0434 |    0.4889 |        0.3086 |    3.2371 |      1.2862 |   31.2176 |    2.6678 | 
   29 | 15m56s |    0.42855 |   37.9442 |   34.1243 |   49.1800 |      4.4289 |    0.9073 |        1.0332 |    0.3479 |      0.6037 |    5.8249 |    1.0334 | 
[31mBayesian Optimization[0m
[94m-------------------------------------------------------------------------------------------------------------------------------------------------------------[0m
 Step |   Time |      Value |     kNN_k |        nx |        ny |   threshold |     w_acc |   w_day_of_yr |     w_min |   w_weekday |       w_x |    w_year | 
   30 | 12m35s |    0.44163 |   31.9536 |   29.6459 |   17.6091 |      9.2259 |    0.5320 |        1.6652 |    0.2652 |      0.9890 |   19.8355 |    0.3227 | 
   31 | 08m55s |    0.47038 |   30.2083 |   14.4027 |   34.0333 |      4.0369 |    0.1878 |        1.0072 |    0.4336 |      0.1506 |   49.1398 |    0.4840 | 
   32 | 10m36s |    0.49164 |   23.4863 |   15.5181 |   40.3844 |      9.5586 |    1.3033 |        0.6246 |    2.8506 |      0.5334 |   41.2751 |    0.5268 | 
[31mBayesian Optimization[0m
[94m-------------------------------------------------------------------------------------------------------------------------------------------------------------[0m
 Step |   Time |      Value |     kNN_k |        nx |        ny |   threshold |     w_acc |   w_day_of_yr |     w_min |   w_weekday |       w_x |    w_year | 
   33 | 17m37s |    0.41874 |   32.2198 |   13.8341 |   43.3368 |      2.1596 |    0.6671 |        1.6008 |    1.5755 |      0.9731 |    8.5061 |    0.5408 | 
   34 | 15m43s |    0.43185 |   34.9159 |   11.1627 |   49.6982 |      8.1155 |    1.9819 |        1.7890 |    1.2693 |      2.8638 |   31.1685 |    1.6026 | 
   35 | 15m09s |    0.46216 |   24.2906 |   45.3883 |   37.8930 |      5.7868 |    1.1597 |        0.1359 |    2.5997 |      0.1634 |    5.2952 |    2.2548 | 
[31mBayesian Optimization[0m
[94m-------------------------------------------------------------------------------------------------------------------------------------------------------------[0m
 Step |   Time |      Value |     kNN_k |        nx |        ny |   threshold |     w_acc |   w_day_of_yr |     w_min |   w_weekday |       w_x |    w_year | 
   36 | 15m06s |    0.42865 |   35.4596 |   36.9181 |   35.3520 |      8.3936 |    1.2179 |        1.6128 |    2.2421 |      2.8925 |   24.6796 |    1.6606 | 
   37 | 16m02s |    0.48165 |   23.6131 |   39.7948 |   43.6626 |      8.5710 |    1.9280 |        0.9132 |    2.3980 |      0.7939 |   42.0256 |    2.8847 | 
   38 | 13m24s |    0.43998 |   30.5341 |   19.7652 |   19.6197 |      7.5358 |    1.9219 |        1.6017 |    0.5304 |      2.8537 |   48.6678 |    1.3748 | 
[31mBayesian Optimization[0m
[94m-------------------------------------------------------------------------------------------------------------------------------------------------------------[0m
 Step |   Time |      Value |     kNN_k |        nx |        ny |   threshold |     w_acc |   w_day_of_yr |     w_min |   w_weekday |       w_x |    w_year | 
   39 | 17m52s |    0.44321 |   34.3934 |   44.5199 |   45.2838 |      9.9172 |    1.3180 |        0.9084 |    2.2893 |      1.8668 |   14.5696 |    1.5250 | 
   40 | 20m34s |    0.44764 |   31.8101 |   48.7942 |   48.0971 |      5.5999 |    1.7025 |        1.5355 |    3.1134 |      2.3668 |   41.0462 |    1.3314 | 
   41 | 10m09s |    0.47015 |   30.8968 |   20.9190 |   42.5348 |      6.8241 |    0.4758 |        0.4880 |    1.0463 |      2.8126 |   46.0246 |    1.8864 | 
[31mBayesian Optimization[0m
[94m-------------------------------------------------------------------------------------------------------------------------------------------------------------[0m
 Step |   Time |      Value |     kNN_k |        nx |        ny |   threshold |     w_acc |   w_day_of_yr |     w_min |   w_weekday |       w_x |    w_year | 
   42 | 09m42s |    0.50242 |   25.4336 |   29.7933 |   25.5420 |      5.7866 |    1.7174 |        0.2633 |    0.3081 |      0.5592 |   33.6290 |    2.4455 | 
   43 | 10m22s |    0.44553 |   24.8579 |   17.8530 |   12.4164 |      3.3009 |    0.4650 |        1.9615 |    0.1592 |      0.4790 |   25.5320 |    1.1365 | 
   44 | 11m32s |    0.41043 |   38.6715 |   38.6794 |   26.1924 |      5.8746 |    0.7242 |        1.5470 |    0.0736 |      2.3012 |   16.7071 |    1.7594 | 
[31mBayesian Optimization[0m
[94m-------------------------------------------------------------------------------------------------------------------------------------------------------------[0m
 Step |   Time |      Value |     kNN_k |        nx |        ny |   threshold |     w_acc |   w_day_of_yr |     w_min |   w_weekday |       w_x |    w_year | 
   45 | 17m10s |    0.46166 |   28.6214 |   32.6360 |   44.8509 |      2.0911 |    1.2511 |        1.5281 |    1.1252 |      0.9732 |   28.2543 |    1.2939 | 
   46 | 14m50s |    0.46519 |   34.8940 |   42.5029 |   36.9548 |      6.7683 |    1.1455 |        0.2969 |    0.3960 |      1.2854 |    9.0629 |    0.5231 | 
   47 | 15m53s |    0.45722 |   36.8964 |   36.9691 |   47.0856 |      2.1365 |    0.2327 |        1.6586 |    2.4491 |      1.4124 |   40.7600 |    0.6716 | 
[31mBayesian Optimization[0m
[94m-------------------------------------------------------------------------------------------------------------------------------------------------------------[0m
 Step |   Time |      Value |     kNN_k |        nx |        ny |   threshold |     w_acc |   w_day_of_yr |     w_min |   w_weekday |       w_x |    w_year | 
   48 | 11m37s |    0.46286 |   31.6745 |   18.4307 |   27.2688 |      8.7654 |    1.1030 |        0.0688 |    3.4375 |      2.5653 |   42.1711 |    2.2021 | 
   49 | 16m13s |    0.46452 |   39.1170 |   18.1062 |   21.6024 |      7.5068 |    1.7811 |        0.8443 |    1.6042 |      1.9588 |   30.0522 |    2.8939 | 
   50 | 14m52s |    0.45695 |   28.1538 |   20.6694 |   20.6445 |      2.2965 |    1.1862 |        0.8899 |    2.6507 |      0.5341 |   11.2482 |    1.4925 | 
[31mBayesian Optimization[0m
[94m-------------------------------------------------------------------------------------------------------------------------------------------------------------[0m
 Step |   Time |      Value |     kNN_k |        nx |        ny |   threshold |     w_acc |   w_day_of_yr |     w_min |   w_weekday |       w_x |    w_year | 
   51 | 21m48s |    0.41949 |   38.3423 |   10.8494 |   13.2045 |      4.3439 |    0.8465 |        1.4542 |    0.0528 |      1.0193 |   11.3069 |    2.0442 | 
   52 | 14m01s |    0.43648 |   20.5390 |   33.5184 |   42.6356 |      9.2447 |    0.2545 |        1.8602 |    1.8000 |      1.9598 |   28.7561 |    0.1252 | 
   53 | 12m56s |    0.46874 |   23.3785 |   23.5633 |   20.5825 |      7.0388 |    0.4440 |        1.0684 |    2.4915 |      1.6221 |   43.1392 |    2.8105 | 
[31mBayesian Optimization[0m
[94m-------------------------------------------------------------------------------------------------------------------------------------------------------------[0m
 Step |   Time |      Value |     kNN_k |        nx |        ny |   threshold |     w_acc |   w_day_of_yr |     w_min |   w_weekday |       w_x |    w_year | 
   54 | 17m23s |    0.44392 |   21.4022 |   37.5541 |   42.1603 |      7.9012 |    1.9319 |        1.5204 |    3.1988 |      2.1282 |   31.6931 |    2.4036 | 
   55 | 12m30s |    0.45207 |   20.6857 |   37.2193 |   36.5449 |      7.8200 |    1.7713 |        0.9748 |    0.0825 |      2.3738 |   42.0646 |    1.0437 | 
   56 | 12m34s |    0.38682 |   28.9219 |   20.2330 |   24.3692 |      3.0578 |    0.4290 |        1.1267 |    1.8638 |      2.5375 |    5.8418 |    2.6855 | 
[31mBayesian Optimization[0m
[94m-------------------------------------------------------------------------------------------------------------------------------------------------------------[0m
 Step |   Time |      Value |     kNN_k |        nx |        ny |   threshold |     w_acc |   w_day_of_yr |     w_min |   w_weekday |       w_x |    w_year | 
   57 | 13m31s |    0.44845 |   30.7547 |   10.5362 |   19.9154 |      4.4959 |    0.1089 |        1.6527 |    2.4807 |      0.0890 |   27.7387 |    1.8038 | 
   58 | 12m46s |    0.49746 |   32.5978 |   15.5086 |   34.8508 |      7.8690 |    1.6110 |        0.3701 |    0.6537 |      0.6591 |   17.6391 |    1.5757 | 
   59 | 19m54s |    0.42442 |   32.1744 |   45.5496 |   48.6958 |      6.1521 |    0.8804 |        0.7111 |    1.0483 |      2.0518 |    5.4763 |    1.7839 | 
[31mBayesian Optimization[0m
[94m-------------------------------------------------------------------------------------------------------------------------------------------------------------[0m
 Step |   Time |      Value |     kNN_k |        nx |        ny |   threshold |     w_acc |   w_day_of_yr |     w_min |   w_weekday |       w_x |    w_year | 
   60 | 14m00s |    0.45299 |   29.7526 |   15.7376 |   26.1614 |      6.9495 |    0.1962 |        1.2869 |    0.8701 |      2.0976 |   31.2129 |    0.5636 | 
   61 | 13m26s |    0.41661 |   34.8339 |   40.3619 |   28.7220 |      8.8744 |    1.6570 |        0.7174 |    1.5717 |      2.9975 |    7.1569 |    2.2340 | 
